2025-04-03 16:56:23,744 - __main__ - INFO - === 開始調試評估腳本 ===
2025-04-03 16:56:23,746 - __main__ - INFO - 命令行參數: Namespace(model_path='outputs/models/best_model.pt', config='configs/model_config.yaml', model_type='hybrid')
2025-04-03 16:56:23,747 - __main__ - INFO - 檢查模型文件: outputs/models/best_model.pt
2025-04-03 16:56:23,747 - __main__ - INFO - 嘗試載入模型檢查點
2025-04-03 16:56:23,771 - __main__ - INFO - 成功載入模型檢查點
2025-04-03 16:56:23,772 - __main__ - INFO - 檢查點包含model_state_dict
2025-04-03 16:56:23,772 - __main__ - INFO - 模型狀態字典包含 71 個鍵
2025-04-03 16:56:23,772 - __main__ - INFO - 部分鍵名: ['pinn_branch.feature_extractor.0.weight', 'pinn_branch.feature_extractor.0.bias', 'pinn_branch.feature_extractor.1.weight', 'pinn_branch.feature_extractor.1.bias', 'pinn_branch.feature_extractor.1.running_mean']
2025-04-03 16:56:23,773 - __main__ - INFO - 嘗試載入配置文件: configs/model_config.yaml
2025-04-03 16:56:23,784 - __main__ - INFO - 成功載入配置文件
2025-04-03 16:56:23,784 - __main__ - INFO - 嘗試導入必要模組
2025-04-03 16:56:23,784 - __main__ - INFO - 導入數據處理模組
2025-04-03 16:56:25,105 - __main__ - INFO - 成功導入數據處理模組
2025-04-03 16:56:25,105 - __main__ - INFO - 導入模型模組
2025-04-03 16:56:25,112 - __main__ - INFO - 成功導入模型模組
2025-04-03 16:56:25,112 - __main__ - INFO - 導入工具模組
2025-04-03 16:56:25,236 - matplotlib - DEBUG - matplotlib data path: C:\Users\a\anaconda3\envs\solder_fatigue\lib\site-packages\matplotlib\mpl-data
2025-04-03 16:56:25,244 - matplotlib - DEBUG - CONFIGDIR=C:\Users\a\.matplotlib
2025-04-03 16:56:25,247 - matplotlib - DEBUG - interactive is False
2025-04-03 16:56:25,247 - matplotlib - DEBUG - platform is win32
2025-04-03 16:56:25,316 - matplotlib - DEBUG - CACHEDIR=C:\Users\a\.matplotlib
2025-04-03 16:56:25,320 - matplotlib.font_manager - DEBUG - Using fontManager instance from C:\Users\a\.matplotlib\fontlist-v390.json
2025-04-03 16:56:25,659 - __main__ - INFO - 成功導入工具模組
2025-04-03 16:56:25,660 - __main__ - INFO - 使用計算設備: cpu
2025-04-03 16:56:25,660 - __main__ - INFO - Python搜索路徑:
2025-04-03 16:56:25,660 - __main__ - INFO -   C:\Users\a\Desktop\畢業論文\CAE\code\pinnlstm_code_sacq_5
2025-04-03 16:56:25,660 - __main__ - INFO -   C:\Users\a\Desktop\畢業論文\CAE\code\pinnlstm_code_sacq_5\scripts
2025-04-03 16:56:25,660 - __main__ - INFO -   C:\Users\a\anaconda3\envs\solder_fatigue\python39.zip
2025-04-03 16:56:25,661 - __main__ - INFO -   C:\Users\a\anaconda3\envs\solder_fatigue\DLLs
2025-04-03 16:56:25,661 - __main__ - INFO -   C:\Users\a\anaconda3\envs\solder_fatigue\lib
2025-04-03 16:56:25,661 - __main__ - INFO -   C:\Users\a\anaconda3\envs\solder_fatigue
2025-04-03 16:56:25,662 - __main__ - INFO -   C:\Users\a\anaconda3\envs\solder_fatigue\lib\site-packages
2025-04-03 16:56:25,662 - __main__ - INFO -   c:\users\a\desktop\畢業論文\cae\code\pinnlstm_code_sacq_5
2025-04-03 16:56:25,662 - __main__ - INFO - 調試評估腳本執行成功!
2025-04-03 16:56:25,662 - __main__ - INFO - === 調試完成，耗時: 1.92秒 ===
