2025-04-06 22:29:40,772 - __main__ - DEBUG - 除錯模式已啟用
2025-04-06 22:29:40,785 - __main__ - INFO - 成功載入配置文件: configs/model_config.yaml
2025-04-06 22:29:40,805 - __main__ - INFO - 成功載入配置文件: configs/train_config.yaml
2025-04-06 22:29:40,808 - __main__ - INFO - 已設定隨機種子: 42
2025-04-06 22:29:40,808 - __main__ - INFO - 使用計算設備: cpu
2025-04-06 22:29:40,810 - __main__ - INFO - 輸出目錄: outputs\hybrid_20250406_222940
2025-04-06 22:29:40,810 - __main__ - INFO - 載入資料: data/raw/Training_data_warpage_final_20250321_v1.2.csv
2025-04-06 22:29:40,815 - src.data.preprocess - INFO - 成功載入資料檔案: data/raw/Training_data_warpage_final_20250321_v1.2.csv，共 81 筆資料，18 個欄位
2025-04-06 22:29:40,820 - src.data.preprocess - INFO - 標準化完成，特徵數量: 5
2025-04-06 22:29:40,822 - src.data.preprocess - INFO - 時間序列資料準備完成，形狀: (81, 4, 2)
2025-04-06 22:29:40,823 - src.data.preprocess - INFO - 資料分割完成 - 訓練集: 56 樣本, 驗證集: 12 樣本, 測試集: 13 樣本
2025-04-06 22:29:40,823 - src.data.preprocess - INFO - 完整資料處理流程完成
2025-04-06 22:29:40,823 - __main__ - INFO - 資料分割完成, 訓練集: 56 樣本, 驗證集: 12 樣本, 測試集: 13 樣本
2025-04-06 22:29:40,825 - __main__ - INFO - 應用資料增強...
2025-04-06 22:29:40,825 - src.data.dataset - INFO - 進行資料增強，原始訓練集大小: 56 樣本
2025-04-06 22:29:40,971 - src.data.dataset - INFO - 資料增強完成，增強後的訓練集大小: 626 樣本
2025-04-06 22:29:40,971 - __main__ - INFO - 資料增強完成，增強後的訓練集大小: 626 樣本
2025-04-06 22:29:40,982 - __main__ - INFO - 創建混合PINN-LSTM模型，使用物理約束: True，融合方法: weighted
2025-04-06 22:29:40,984 - src.data.dataset - INFO - 已創建資料載入器 - 訓練: 626 樣本, 驗證: 12 樣本, 測試: 13 樣本, 批次大小: 8
2025-04-06 22:29:42,786 - src.training.trainer - INFO - 創建adam優化器，學習率: 0.001，權重衰減: 0.0001
2025-04-06 22:29:42,787 - src.training.losses - INFO - 初始化HybridLoss: lambda_physics=0.01, lambda_consistency=0.01, a=55.83, b=-2.259, log_space=True, l1_reg=0.0, l2_reg=0.001
2025-04-06 22:29:42,787 - src.training.losses - INFO - 初始化AdaptiveHybridLoss: physics權重從0.01增加到0.5, consistency權重從0.01增加到0.3, 在50個輪次內達到最大值, 預熱輪次: 5, 調整方案: linear
2025-04-06 22:29:42,787 - src.training.trainer - INFO - 創建餘弦退火學習率調度器，週期: 100，最小學習率: 1e-05
2025-04-06 22:29:42,790 - src.training.callbacks - INFO - 初始化ModelCheckpoint: 保存目錄=outputs\hybrid_20250406_222940\HybridPINNLSTMModel_20250406_222942\checkpoints, 保存頻率=5, 只保存最佳=False, 監控指標=val_loss, 模式=min
2025-04-06 22:29:42,790 - src.training.callbacks - INFO - 初始化LossHistory: 保存路徑=outputs\hybrid_20250406_222940\HybridPINNLSTMModel_20250406_222942\history.json, 保存頻率=1
2025-04-06 22:29:42,794 - src.training.trainer - INFO - 初始化訓練器完成，模型: HybridPINNLSTMModel, 優化器: Adam, 設備: cpu
2025-04-06 22:29:42,795 - __main__ - INFO - 開始訓練，總輪數: 200
2025-04-06 22:29:42,795 - src.training.trainer - INFO - 開始訓練，總輪數: 200
2025-04-06 22:29:44,756 - src.training.trainer - WARNING - 合併輸出 l2_penalty 時出錯: zero-dimensional arrays cannot be concatenated
2025-04-06 22:29:44,776 - src.training.trainer - INFO - 輪次 1/200 - 訓練損失: 13.983747 - 驗證損失: 16.597233 - rmse: 1378.511516 - r2: -2.441646 - mae: 1155.661743 - 學習率: 0.001000 - 時間: 1.98秒
2025-04-06 22:29:44,797 - src.training.callbacks - INFO - 模型檢查點已保存至 outputs\hybrid_20250406_222940\HybridPINNLSTMModel_20250406_222942\checkpoints\HybridPINNLSTMModel_epoch_001.pt
2025-04-06 22:29:44,804 - src.training.trainer - INFO - 監控指標改善，模型已保存至 outputs\hybrid_20250406_222940\models\best_model.pt
2025-04-06 22:29:46,643 - src.training.trainer - WARNING - 合併輸出 l2_penalty 時出錯: zero-dimensional arrays cannot be concatenated
2025-04-06 22:29:46,670 - src.training.trainer - INFO - 監控指標改善，模型已保存至 outputs\hybrid_20250406_222940\models\best_model.pt
2025-04-06 22:29:48,806 - src.training.trainer - WARNING - 合併輸出 l2_penalty 時出錯: zero-dimensional arrays cannot be concatenated
2025-04-06 22:29:48,826 - src.training.trainer - INFO - 監控指標改善，模型已保存至 outputs\hybrid_20250406_222940\models\best_model.pt
2025-04-06 22:29:50,767 - src.training.trainer - WARNING - 合併輸出 l2_penalty 時出錯: zero-dimensional arrays cannot be concatenated
2025-04-06 22:29:50,789 - src.training.trainer - INFO - 監控指標改善，模型已保存至 outputs\hybrid_20250406_222940\models\best_model.pt
2025-04-06 22:29:52,776 - src.training.trainer - WARNING - 合併輸出 l2_penalty 時出錯: zero-dimensional arrays cannot be concatenated
2025-04-06 22:29:52,800 - src.training.trainer - INFO - 監控指標改善，模型已保存至 outputs\hybrid_20250406_222940\models\best_model.pt
2025-04-06 22:29:54,764 - src.training.trainer - WARNING - 合併輸出 l2_penalty 時出錯: zero-dimensional arrays cannot be concatenated
2025-04-06 22:29:54,798 - src.training.callbacks - INFO - 模型檢查點已保存至 outputs\hybrid_20250406_222940\HybridPINNLSTMModel_20250406_222942\checkpoints\HybridPINNLSTMModel_epoch_006.pt
2025-04-06 22:29:54,809 - src.training.trainer - INFO - 監控指標改善，模型已保存至 outputs\hybrid_20250406_222940\models\best_model.pt
2025-04-06 22:29:56,679 - src.training.trainer - WARNING - 合併輸出 l2_penalty 時出錯: zero-dimensional arrays cannot be concatenated
2025-04-06 22:29:56,703 - src.training.trainer - INFO - 監控指標改善，模型已保存至 outputs\hybrid_20250406_222940\models\best_model.pt
2025-04-06 22:29:58,591 - src.training.trainer - WARNING - 合併輸出 l2_penalty 時出錯: zero-dimensional arrays cannot be concatenated
2025-04-06 22:29:58,624 - src.training.trainer - INFO - 監控指標改善，模型已保存至 outputs\hybrid_20250406_222940\models\best_model.pt
2025-04-06 22:30:00,569 - src.training.trainer - WARNING - 合併輸出 l2_penalty 時出錯: zero-dimensional arrays cannot be concatenated
2025-04-06 22:30:00,595 - src.training.trainer - INFO - 監控指標改善，模型已保存至 outputs\hybrid_20250406_222940\models\best_model.pt
2025-04-06 22:30:02,457 - src.training.trainer - WARNING - 合併輸出 l2_penalty 時出錯: zero-dimensional arrays cannot be concatenated
2025-04-06 22:30:02,479 - src.training.trainer - INFO - 監控指標改善，模型已保存至 outputs\hybrid_20250406_222940\models\best_model.pt
2025-04-06 22:30:04,382 - src.training.trainer - WARNING - 合併輸出 l2_penalty 時出錯: zero-dimensional arrays cannot be concatenated
2025-04-06 22:30:04,401 - src.training.trainer - INFO - 輪次 11/200 - 訓練損失: 1.263768 - 驗證損失: 5.530506 - rmse: 1322.869561 - r2: -2.169417 - mae: 1084.616333 - 學習率: 0.000976 - 時間: 1.92秒
2025-04-06 22:30:04,419 - src.training.callbacks - INFO - 模型檢查點已保存至 outputs\hybrid_20250406_222940\HybridPINNLSTMModel_20250406_222942\checkpoints\HybridPINNLSTMModel_epoch_011.pt
2025-04-06 22:30:04,426 - src.training.trainer - INFO - 監控指標改善，模型已保存至 outputs\hybrid_20250406_222940\models\best_model.pt
2025-04-06 22:30:06,315 - src.training.trainer - WARNING - 合併輸出 l2_penalty 時出錯: zero-dimensional arrays cannot be concatenated
2025-04-06 22:30:06,345 - src.training.trainer - INFO - 監控指標改善，模型已保存至 outputs\hybrid_20250406_222940\models\best_model.pt
2025-04-06 22:30:08,230 - src.training.trainer - WARNING - 合併輸出 l2_penalty 時出錯: zero-dimensional arrays cannot be concatenated
2025-04-06 22:30:08,259 - src.training.trainer - INFO - 監控指標改善，模型已保存至 outputs\hybrid_20250406_222940\models\best_model.pt
2025-04-06 22:30:10,201 - src.training.trainer - WARNING - 合併輸出 l2_penalty 時出錯: zero-dimensional arrays cannot be concatenated
2025-04-06 22:30:10,221 - src.training.trainer - INFO - 監控指標改善，模型已保存至 outputs\hybrid_20250406_222940\models\best_model.pt
2025-04-06 22:30:12,157 - src.training.trainer - WARNING - 合併輸出 l2_penalty 時出錯: zero-dimensional arrays cannot be concatenated
2025-04-06 22:30:12,187 - src.training.trainer - INFO - 監控指標改善，模型已保存至 outputs\hybrid_20250406_222940\models\best_model.pt
2025-04-06 22:30:14,138 - src.training.trainer - WARNING - 合併輸出 l2_penalty 時出錯: zero-dimensional arrays cannot be concatenated
2025-04-06 22:30:14,166 - src.training.callbacks - INFO - 模型檢查點已保存至 outputs\hybrid_20250406_222940\HybridPINNLSTMModel_20250406_222942\checkpoints\HybridPINNLSTMModel_epoch_016.pt
2025-04-06 22:30:14,174 - src.training.trainer - INFO - 監控指標改善，模型已保存至 outputs\hybrid_20250406_222940\models\best_model.pt
2025-04-06 22:30:16,126 - src.training.trainer - WARNING - 合併輸出 l2_penalty 時出錯: zero-dimensional arrays cannot be concatenated
2025-04-06 22:30:16,148 - src.training.trainer - INFO - 監控指標改善，模型已保存至 outputs\hybrid_20250406_222940\models\best_model.pt
2025-04-06 22:30:18,038 - src.training.trainer - WARNING - 合併輸出 l2_penalty 時出錯: zero-dimensional arrays cannot be concatenated
2025-04-06 22:30:18,064 - src.training.trainer - INFO - 監控指標改善，模型已保存至 outputs\hybrid_20250406_222940\models\best_model.pt
2025-04-06 22:30:19,987 - src.training.trainer - WARNING - 合併輸出 l2_penalty 時出錯: zero-dimensional arrays cannot be concatenated
2025-04-06 22:30:20,015 - src.training.trainer - INFO - 監控指標改善，模型已保存至 outputs\hybrid_20250406_222940\models\best_model.pt
2025-04-06 22:30:21,835 - src.training.trainer - WARNING - 合併輸出 l2_penalty 時出錯: zero-dimensional arrays cannot be concatenated
2025-04-06 22:30:21,858 - src.training.trainer - INFO - 監控指標改善，模型已保存至 outputs\hybrid_20250406_222940\models\best_model.pt
2025-04-06 22:30:23,679 - src.training.trainer - WARNING - 合併輸出 l2_penalty 時出錯: zero-dimensional arrays cannot be concatenated
2025-04-06 22:30:23,699 - src.training.trainer - INFO - 輪次 21/200 - 訓練損失: 1.085351 - 驗證損失: 5.277408 - rmse: 1324.503492 - r2: -2.177251 - mae: 1086.448364 - 學習率: 0.000905 - 時間: 1.84秒
2025-04-06 22:30:23,719 - src.training.callbacks - INFO - 模型檢查點已保存至 outputs\hybrid_20250406_222940\HybridPINNLSTMModel_20250406_222942\checkpoints\HybridPINNLSTMModel_epoch_021.pt
2025-04-06 22:30:23,728 - src.training.trainer - INFO - 監控指標改善，模型已保存至 outputs\hybrid_20250406_222940\models\best_model.pt
2025-04-06 22:30:25,632 - src.training.trainer - WARNING - 合併輸出 l2_penalty 時出錯: zero-dimensional arrays cannot be concatenated
2025-04-06 22:30:25,652 - src.training.trainer - INFO - 監控指標改善，模型已保存至 outputs\hybrid_20250406_222940\models\best_model.pt
2025-04-06 22:30:27,564 - src.training.trainer - WARNING - 合併輸出 l2_penalty 時出錯: zero-dimensional arrays cannot be concatenated
2025-04-06 22:30:27,593 - src.training.trainer - INFO - 監控指標改善，模型已保存至 outputs\hybrid_20250406_222940\models\best_model.pt
2025-04-06 22:30:29,449 - src.training.trainer - WARNING - 合併輸出 l2_penalty 時出錯: zero-dimensional arrays cannot be concatenated
2025-04-06 22:30:29,473 - src.training.trainer - INFO - 監控指標改善，模型已保存至 outputs\hybrid_20250406_222940\models\best_model.pt
2025-04-06 22:30:31,508 - src.training.trainer - WARNING - 合併輸出 l2_penalty 時出錯: zero-dimensional arrays cannot be concatenated
2025-04-06 22:30:31,533 - src.training.trainer - INFO - 監控指標改善，模型已保存至 outputs\hybrid_20250406_222940\models\best_model.pt
2025-04-06 22:30:33,383 - src.training.trainer - WARNING - 合併輸出 l2_penalty 時出錯: zero-dimensional arrays cannot be concatenated
2025-04-06 22:30:33,420 - src.training.callbacks - INFO - 模型檢查點已保存至 outputs\hybrid_20250406_222940\HybridPINNLSTMModel_20250406_222942\checkpoints\HybridPINNLSTMModel_epoch_026.pt
2025-04-06 22:30:33,429 - src.training.trainer - INFO - 監控指標改善，模型已保存至 outputs\hybrid_20250406_222940\models\best_model.pt
2025-04-06 22:30:35,362 - src.training.trainer - WARNING - 合併輸出 l2_penalty 時出錯: zero-dimensional arrays cannot be concatenated
2025-04-06 22:30:35,393 - src.training.trainer - INFO - 監控指標改善，模型已保存至 outputs\hybrid_20250406_222940\models\best_model.pt
2025-04-06 22:30:37,393 - src.training.trainer - WARNING - 合併輸出 l2_penalty 時出錯: zero-dimensional arrays cannot be concatenated
2025-04-06 22:30:37,413 - src.training.trainer - INFO - 監控指標改善，模型已保存至 outputs\hybrid_20250406_222940\models\best_model.pt
2025-04-06 22:30:39,351 - src.training.trainer - WARNING - 合併輸出 l2_penalty 時出錯: zero-dimensional arrays cannot be concatenated
2025-04-06 22:30:39,374 - src.training.trainer - INFO - 監控指標改善，模型已保存至 outputs\hybrid_20250406_222940\models\best_model.pt
2025-04-06 22:30:41,271 - src.training.trainer - WARNING - 合併輸出 l2_penalty 時出錯: zero-dimensional arrays cannot be concatenated
2025-04-06 22:30:41,303 - src.training.trainer - INFO - 監控指標改善，模型已保存至 outputs\hybrid_20250406_222940\models\best_model.pt
2025-04-06 22:30:43,142 - src.training.trainer - WARNING - 合併輸出 l2_penalty 時出錯: zero-dimensional arrays cannot be concatenated
2025-04-06 22:30:43,163 - src.training.trainer - INFO - 輪次 31/200 - 訓練損失: 0.890902 - 驗證損失: 2.713515 - rmse: 1238.669902 - r2: -1.778795 - mae: 977.564453 - 學習率: 0.000796 - 時間: 1.86秒
2025-04-06 22:30:43,180 - src.training.callbacks - INFO - 模型檢查點已保存至 outputs\hybrid_20250406_222940\HybridPINNLSTMModel_20250406_222942\checkpoints\HybridPINNLSTMModel_epoch_031.pt
2025-04-06 22:30:43,191 - src.training.trainer - INFO - 監控指標改善，模型已保存至 outputs\hybrid_20250406_222940\models\best_model.pt
2025-04-06 22:30:45,007 - src.training.trainer - WARNING - 合併輸出 l2_penalty 時出錯: zero-dimensional arrays cannot be concatenated
2025-04-06 22:30:45,028 - src.training.trainer - INFO - 監控指標改善，模型已保存至 outputs\hybrid_20250406_222940\models\best_model.pt
2025-04-06 22:30:47,037 - src.training.trainer - WARNING - 合併輸出 l2_penalty 時出錯: zero-dimensional arrays cannot be concatenated
2025-04-06 22:30:47,067 - src.training.trainer - INFO - 監控指標改善，模型已保存至 outputs\hybrid_20250406_222940\models\best_model.pt
2025-04-06 22:30:48,916 - src.training.trainer - WARNING - 合併輸出 l2_penalty 時出錯: zero-dimensional arrays cannot be concatenated
2025-04-06 22:30:48,937 - src.training.trainer - INFO - 監控指標改善，模型已保存至 outputs\hybrid_20250406_222940\models\best_model.pt
2025-04-06 22:30:50,820 - src.training.trainer - WARNING - 合併輸出 l2_penalty 時出錯: zero-dimensional arrays cannot be concatenated
2025-04-06 22:30:50,840 - src.training.trainer - INFO - 監控指標改善，模型已保存至 outputs\hybrid_20250406_222940\models\best_model.pt
2025-04-06 22:30:52,774 - src.training.trainer - WARNING - 合併輸出 l2_penalty 時出錯: zero-dimensional arrays cannot be concatenated
2025-04-06 22:30:52,800 - src.training.callbacks - INFO - 模型檢查點已保存至 outputs\hybrid_20250406_222940\HybridPINNLSTMModel_20250406_222942\checkpoints\HybridPINNLSTMModel_epoch_036.pt
2025-04-06 22:30:52,808 - src.training.trainer - INFO - 監控指標改善，模型已保存至 outputs\hybrid_20250406_222940\models\best_model.pt
2025-04-06 22:30:54,635 - src.training.trainer - WARNING - 合併輸出 l2_penalty 時出錯: zero-dimensional arrays cannot be concatenated
2025-04-06 22:30:54,666 - src.training.trainer - INFO - 監控指標改善，模型已保存至 outputs\hybrid_20250406_222940\models\best_model.pt
2025-04-06 22:30:56,473 - src.training.trainer - WARNING - 合併輸出 l2_penalty 時出錯: zero-dimensional arrays cannot be concatenated
2025-04-06 22:30:56,505 - src.training.trainer - INFO - 監控指標改善，模型已保存至 outputs\hybrid_20250406_222940\models\best_model.pt
2025-04-06 22:30:58,337 - src.training.trainer - WARNING - 合併輸出 l2_penalty 時出錯: zero-dimensional arrays cannot be concatenated
2025-04-06 22:30:58,364 - src.training.trainer - INFO - 監控指標改善，模型已保存至 outputs\hybrid_20250406_222940\models\best_model.pt
2025-04-06 22:31:00,330 - src.training.trainer - WARNING - 合併輸出 l2_penalty 時出錯: zero-dimensional arrays cannot be concatenated
2025-04-06 22:31:00,357 - src.training.trainer - INFO - 監控指標改善，模型已保存至 outputs\hybrid_20250406_222940\models\best_model.pt
2025-04-06 22:31:02,204 - src.training.trainer - WARNING - 合併輸出 l2_penalty 時出錯: zero-dimensional arrays cannot be concatenated
2025-04-06 22:31:02,219 - src.training.trainer - INFO - 輪次 41/200 - 訓練損失: 0.797500 - 驗證損失: 4.994486 - rmse: 1320.384934 - r2: -2.157522 - mae: 1079.822876 - 學習率: 0.000658 - 時間: 1.86秒
2025-04-06 22:31:02,241 - src.training.callbacks - INFO - 模型檢查點已保存至 outputs\hybrid_20250406_222940\HybridPINNLSTMModel_20250406_222942\checkpoints\HybridPINNLSTMModel_epoch_041.pt
2025-04-06 22:31:02,253 - src.training.trainer - INFO - 監控指標改善，模型已保存至 outputs\hybrid_20250406_222940\models\best_model.pt
2025-04-06 22:31:04,194 - src.training.trainer - WARNING - 合併輸出 l2_penalty 時出錯: zero-dimensional arrays cannot be concatenated
2025-04-06 22:31:04,215 - src.training.trainer - INFO - 監控指標改善，模型已保存至 outputs\hybrid_20250406_222940\models\best_model.pt
2025-04-06 22:31:06,102 - src.training.trainer - WARNING - 合併輸出 l2_penalty 時出錯: zero-dimensional arrays cannot be concatenated
2025-04-06 22:31:06,134 - src.training.trainer - INFO - 監控指標改善，模型已保存至 outputs\hybrid_20250406_222940\models\best_model.pt
2025-04-06 22:31:08,136 - src.training.trainer - WARNING - 合併輸出 l2_penalty 時出錯: zero-dimensional arrays cannot be concatenated
2025-04-06 22:31:08,160 - src.training.trainer - INFO - 監控指標改善，模型已保存至 outputs\hybrid_20250406_222940\models\best_model.pt
2025-04-06 22:31:10,096 - src.training.trainer - WARNING - 合併輸出 l2_penalty 時出錯: zero-dimensional arrays cannot be concatenated
2025-04-06 22:31:10,121 - src.training.trainer - INFO - 監控指標改善，模型已保存至 outputs\hybrid_20250406_222940\models\best_model.pt
2025-04-06 22:31:11,852 - src.training.trainer - WARNING - 合併輸出 l2_penalty 時出錯: zero-dimensional arrays cannot be concatenated
2025-04-06 22:31:11,878 - src.training.callbacks - INFO - 模型檢查點已保存至 outputs\hybrid_20250406_222940\HybridPINNLSTMModel_20250406_222942\checkpoints\HybridPINNLSTMModel_epoch_046.pt
2025-04-06 22:31:11,889 - src.training.trainer - INFO - 監控指標改善，模型已保存至 outputs\hybrid_20250406_222940\models\best_model.pt
2025-04-06 22:31:13,841 - src.training.trainer - WARNING - 合併輸出 l2_penalty 時出錯: zero-dimensional arrays cannot be concatenated
2025-04-06 22:31:13,865 - src.training.trainer - INFO - 監控指標改善，模型已保存至 outputs\hybrid_20250406_222940\models\best_model.pt
2025-04-06 22:31:15,686 - src.training.trainer - WARNING - 合併輸出 l2_penalty 時出錯: zero-dimensional arrays cannot be concatenated
2025-04-06 22:31:15,706 - src.training.trainer - INFO - 監控指標改善，模型已保存至 outputs\hybrid_20250406_222940\models\best_model.pt
2025-04-06 22:31:17,528 - src.training.trainer - WARNING - 合併輸出 l2_penalty 時出錯: zero-dimensional arrays cannot be concatenated
2025-04-06 22:31:17,548 - src.training.trainer - INFO - 監控指標改善，模型已保存至 outputs\hybrid_20250406_222940\models\best_model.pt
2025-04-06 22:31:19,570 - src.training.trainer - WARNING - 合併輸出 l2_penalty 時出錯: zero-dimensional arrays cannot be concatenated
2025-04-06 22:31:19,602 - src.training.trainer - INFO - 監控指標改善，模型已保存至 outputs\hybrid_20250406_222940\models\best_model.pt
2025-04-06 22:31:21,399 - src.training.trainer - WARNING - 合併輸出 l2_penalty 時出錯: zero-dimensional arrays cannot be concatenated
2025-04-06 22:31:21,412 - src.training.trainer - INFO - 輪次 51/200 - 訓練損失: 0.744222 - 驗證損失: 4.983957 - rmse: 1319.384752 - r2: -2.152741 - mae: 1076.359863 - 學習率: 0.000505 - 時間: 1.81秒
2025-04-06 22:31:21,434 - src.training.callbacks - INFO - 模型檢查點已保存至 outputs\hybrid_20250406_222940\HybridPINNLSTMModel_20250406_222942\checkpoints\HybridPINNLSTMModel_epoch_051.pt
2025-04-06 22:31:21,443 - src.training.trainer - INFO - 監控指標改善，模型已保存至 outputs\hybrid_20250406_222940\models\best_model.pt
2025-04-06 22:31:23,307 - src.training.trainer - WARNING - 合併輸出 l2_penalty 時出錯: zero-dimensional arrays cannot be concatenated
2025-04-06 22:31:23,328 - src.training.trainer - INFO - 監控指標改善，模型已保存至 outputs\hybrid_20250406_222940\models\best_model.pt
2025-04-06 22:31:25,176 - src.training.trainer - WARNING - 合併輸出 l2_penalty 時出錯: zero-dimensional arrays cannot be concatenated
2025-04-06 22:31:25,197 - src.training.trainer - INFO - 監控指標改善，模型已保存至 outputs\hybrid_20250406_222940\models\best_model.pt
2025-04-06 22:31:27,047 - src.training.trainer - WARNING - 合併輸出 l2_penalty 時出錯: zero-dimensional arrays cannot be concatenated
2025-04-06 22:31:27,069 - src.training.trainer - INFO - 監控指標改善，模型已保存至 outputs\hybrid_20250406_222940\models\best_model.pt
2025-04-06 22:31:28,971 - src.training.trainer - WARNING - 合併輸出 l2_penalty 時出錯: zero-dimensional arrays cannot be concatenated
2025-04-06 22:31:28,995 - src.training.trainer - INFO - 監控指標改善，模型已保存至 outputs\hybrid_20250406_222940\models\best_model.pt
2025-04-06 22:31:30,961 - src.training.trainer - WARNING - 合併輸出 l2_penalty 時出錯: zero-dimensional arrays cannot be concatenated
2025-04-06 22:31:31,000 - src.training.callbacks - INFO - 模型檢查點已保存至 outputs\hybrid_20250406_222940\HybridPINNLSTMModel_20250406_222942\checkpoints\HybridPINNLSTMModel_epoch_056.pt
2025-04-06 22:31:31,009 - src.training.trainer - INFO - 監控指標改善，模型已保存至 outputs\hybrid_20250406_222940\models\best_model.pt
2025-04-06 22:31:32,824 - src.training.trainer - WARNING - 合併輸出 l2_penalty 時出錯: zero-dimensional arrays cannot be concatenated
2025-04-06 22:31:32,843 - src.training.trainer - INFO - 監控指標改善，模型已保存至 outputs\hybrid_20250406_222940\models\best_model.pt
2025-04-06 22:31:34,803 - src.training.trainer - WARNING - 合併輸出 l2_penalty 時出錯: zero-dimensional arrays cannot be concatenated
2025-04-06 22:31:34,832 - src.training.trainer - INFO - 監控指標改善，模型已保存至 outputs\hybrid_20250406_222940\models\best_model.pt
2025-04-06 22:31:36,833 - src.training.trainer - WARNING - 合併輸出 l2_penalty 時出錯: zero-dimensional arrays cannot be concatenated
2025-04-06 22:31:36,857 - src.training.trainer - INFO - 監控指標改善，模型已保存至 outputs\hybrid_20250406_222940\models\best_model.pt
2025-04-06 22:31:38,832 - src.training.trainer - WARNING - 合併輸出 l2_penalty 時出錯: zero-dimensional arrays cannot be concatenated
2025-04-06 22:31:38,857 - src.training.trainer - INFO - 監控指標改善，模型已保存至 outputs\hybrid_20250406_222940\models\best_model.pt
2025-04-06 22:31:40,840 - src.training.trainer - WARNING - 合併輸出 l2_penalty 時出錯: zero-dimensional arrays cannot be concatenated
2025-04-06 22:31:40,854 - src.training.trainer - INFO - 輪次 61/200 - 訓練損失: 0.706393 - 驗證損失: 4.588671 - rmse: 1312.578236 - r2: -2.120296 - mae: 1070.076660 - 學習率: 0.000352 - 時間: 2.00秒
2025-04-06 22:31:40,874 - src.training.callbacks - INFO - 模型檢查點已保存至 outputs\hybrid_20250406_222940\HybridPINNLSTMModel_20250406_222942\checkpoints\HybridPINNLSTMModel_epoch_061.pt
2025-04-06 22:31:40,886 - src.training.trainer - INFO - 監控指標改善，模型已保存至 outputs\hybrid_20250406_222940\models\best_model.pt
2025-04-06 22:31:42,777 - src.training.trainer - WARNING - 合併輸出 l2_penalty 時出錯: zero-dimensional arrays cannot be concatenated
2025-04-06 22:31:42,799 - src.training.trainer - INFO - 監控指標改善，模型已保存至 outputs\hybrid_20250406_222940\models\best_model.pt
2025-04-06 22:31:44,650 - src.training.trainer - WARNING - 合併輸出 l2_penalty 時出錯: zero-dimensional arrays cannot be concatenated
2025-04-06 22:31:44,682 - src.training.trainer - INFO - 監控指標改善，模型已保存至 outputs\hybrid_20250406_222940\models\best_model.pt
2025-04-06 22:31:46,586 - src.training.trainer - WARNING - 合併輸出 l2_penalty 時出錯: zero-dimensional arrays cannot be concatenated
2025-04-06 22:31:46,607 - src.training.trainer - INFO - 監控指標改善，模型已保存至 outputs\hybrid_20250406_222940\models\best_model.pt
2025-04-06 22:31:48,485 - src.training.trainer - WARNING - 合併輸出 l2_penalty 時出錯: zero-dimensional arrays cannot be concatenated
2025-04-06 22:31:48,514 - src.training.trainer - INFO - 監控指標改善，模型已保存至 outputs\hybrid_20250406_222940\models\best_model.pt
2025-04-06 22:31:50,480 - src.training.trainer - WARNING - 合併輸出 l2_penalty 時出錯: zero-dimensional arrays cannot be concatenated
2025-04-06 22:31:50,521 - src.training.callbacks - INFO - 模型檢查點已保存至 outputs\hybrid_20250406_222940\HybridPINNLSTMModel_20250406_222942\checkpoints\HybridPINNLSTMModel_epoch_066.pt
2025-04-06 22:31:50,534 - src.training.trainer - INFO - 監控指標改善，模型已保存至 outputs\hybrid_20250406_222940\models\best_model.pt
2025-04-06 22:31:52,576 - src.training.trainer - WARNING - 合併輸出 l2_penalty 時出錯: zero-dimensional arrays cannot be concatenated
2025-04-06 22:31:52,596 - src.training.trainer - INFO - 監控指標改善，模型已保存至 outputs\hybrid_20250406_222940\models\best_model.pt
2025-04-06 22:31:54,578 - src.training.trainer - WARNING - 合併輸出 l2_penalty 時出錯: zero-dimensional arrays cannot be concatenated
2025-04-06 22:31:54,599 - src.training.trainer - INFO - 監控指標改善，模型已保存至 outputs\hybrid_20250406_222940\models\best_model.pt
2025-04-06 22:31:56,645 - src.training.trainer - WARNING - 合併輸出 l2_penalty 時出錯: zero-dimensional arrays cannot be concatenated
2025-04-06 22:31:56,677 - src.training.trainer - INFO - 監控指標改善，模型已保存至 outputs\hybrid_20250406_222940\models\best_model.pt
2025-04-06 22:31:58,639 - src.training.trainer - WARNING - 合併輸出 l2_penalty 時出錯: zero-dimensional arrays cannot be concatenated
2025-04-06 22:31:58,670 - src.training.trainer - INFO - 監控指標改善，模型已保存至 outputs\hybrid_20250406_222940\models\best_model.pt
2025-04-06 22:32:00,603 - src.training.trainer - WARNING - 合併輸出 l2_penalty 時出錯: zero-dimensional arrays cannot be concatenated
2025-04-06 22:32:00,623 - src.training.trainer - INFO - 輪次 71/200 - 訓練損失: 0.685055 - 驗證損失: 4.519617 - rmse: 1307.802881 - r2: -2.097633 - mae: 1060.171265 - 學習率: 0.000214 - 時間: 1.95秒
2025-04-06 22:32:00,635 - src.training.callbacks - INFO - 模型檢查點已保存至 outputs\hybrid_20250406_222940\HybridPINNLSTMModel_20250406_222942\checkpoints\HybridPINNLSTMModel_epoch_071.pt
2025-04-06 22:32:00,645 - src.training.trainer - INFO - 監控指標改善，模型已保存至 outputs\hybrid_20250406_222940\models\best_model.pt
2025-04-06 22:32:02,573 - src.training.trainer - WARNING - 合併輸出 l2_penalty 時出錯: zero-dimensional arrays cannot be concatenated
2025-04-06 22:32:02,594 - src.training.trainer - INFO - 監控指標改善，模型已保存至 outputs\hybrid_20250406_222940\models\best_model.pt
2025-04-06 22:32:04,457 - src.training.trainer - WARNING - 合併輸出 l2_penalty 時出錯: zero-dimensional arrays cannot be concatenated
2025-04-06 22:32:04,490 - src.training.trainer - INFO - 監控指標改善，模型已保存至 outputs\hybrid_20250406_222940\models\best_model.pt
2025-04-06 22:32:06,434 - src.training.trainer - WARNING - 合併輸出 l2_penalty 時出錯: zero-dimensional arrays cannot be concatenated
2025-04-06 22:32:06,464 - src.training.trainer - INFO - 監控指標改善，模型已保存至 outputs\hybrid_20250406_222940\models\best_model.pt
2025-04-06 22:32:08,391 - src.training.trainer - WARNING - 合併輸出 l2_penalty 時出錯: zero-dimensional arrays cannot be concatenated
2025-04-06 22:32:08,413 - src.training.trainer - INFO - 監控指標改善，模型已保存至 outputs\hybrid_20250406_222940\models\best_model.pt
2025-04-06 22:32:10,181 - src.training.trainer - WARNING - 合併輸出 l2_penalty 時出錯: zero-dimensional arrays cannot be concatenated
2025-04-06 22:32:10,208 - src.training.callbacks - INFO - 模型檢查點已保存至 outputs\hybrid_20250406_222940\HybridPINNLSTMModel_20250406_222942\checkpoints\HybridPINNLSTMModel_epoch_076.pt
2025-04-06 22:32:10,220 - src.training.trainer - INFO - 監控指標改善，模型已保存至 outputs\hybrid_20250406_222940\models\best_model.pt
2025-04-06 22:32:12,142 - src.training.trainer - WARNING - 合併輸出 l2_penalty 時出錯: zero-dimensional arrays cannot be concatenated
2025-04-06 22:32:12,163 - src.training.trainer - INFO - 監控指標改善，模型已保存至 outputs\hybrid_20250406_222940\models\best_model.pt
2025-04-06 22:32:14,091 - src.training.trainer - WARNING - 合併輸出 l2_penalty 時出錯: zero-dimensional arrays cannot be concatenated
2025-04-06 22:32:14,112 - src.training.trainer - INFO - 監控指標改善，模型已保存至 outputs\hybrid_20250406_222940\models\best_model.pt
2025-04-06 22:32:15,984 - src.training.trainer - WARNING - 合併輸出 l2_penalty 時出錯: zero-dimensional arrays cannot be concatenated
2025-04-06 22:32:16,005 - src.training.trainer - INFO - 監控指標改善，模型已保存至 outputs\hybrid_20250406_222940\models\best_model.pt
2025-04-06 22:32:17,976 - src.training.trainer - WARNING - 合併輸出 l2_penalty 時出錯: zero-dimensional arrays cannot be concatenated
2025-04-06 22:32:17,997 - src.training.trainer - INFO - 監控指標改善，模型已保存至 outputs\hybrid_20250406_222940\models\best_model.pt
2025-04-06 22:32:19,785 - src.training.trainer - WARNING - 合併輸出 l2_penalty 時出錯: zero-dimensional arrays cannot be concatenated
2025-04-06 22:32:19,804 - src.training.trainer - INFO - 輪次 81/200 - 訓練損失: 0.679567 - 驗證損失: 4.714979 - rmse: 1311.486561 - r2: -2.115108 - mae: 1064.333130 - 學習率: 0.000105 - 時間: 1.81秒
2025-04-06 22:32:19,818 - src.training.callbacks - INFO - 模型檢查點已保存至 outputs\hybrid_20250406_222940\HybridPINNLSTMModel_20250406_222942\checkpoints\HybridPINNLSTMModel_epoch_081.pt
2025-04-06 22:32:19,826 - src.training.trainer - INFO - 監控指標改善，模型已保存至 outputs\hybrid_20250406_222940\models\best_model.pt
2025-04-06 22:32:21,695 - src.training.trainer - WARNING - 合併輸出 l2_penalty 時出錯: zero-dimensional arrays cannot be concatenated
2025-04-06 22:32:21,722 - src.training.trainer - INFO - 監控指標改善，模型已保存至 outputs\hybrid_20250406_222940\models\best_model.pt
2025-04-06 22:32:23,644 - src.training.trainer - WARNING - 合併輸出 l2_penalty 時出錯: zero-dimensional arrays cannot be concatenated
2025-04-06 22:32:23,670 - src.training.trainer - INFO - 監控指標改善，模型已保存至 outputs\hybrid_20250406_222940\models\best_model.pt
2025-04-06 22:32:25,535 - src.training.trainer - WARNING - 合併輸出 l2_penalty 時出錯: zero-dimensional arrays cannot be concatenated
2025-04-06 22:32:25,557 - src.training.trainer - INFO - 監控指標改善，模型已保存至 outputs\hybrid_20250406_222940\models\best_model.pt
2025-04-06 22:32:27,418 - src.training.trainer - WARNING - 合併輸出 l2_penalty 時出錯: zero-dimensional arrays cannot be concatenated
2025-04-06 22:32:27,440 - src.training.trainer - INFO - 監控指標改善，模型已保存至 outputs\hybrid_20250406_222940\models\best_model.pt
2025-04-06 22:32:29,347 - src.training.trainer - WARNING - 合併輸出 l2_penalty 時出錯: zero-dimensional arrays cannot be concatenated
2025-04-06 22:32:29,384 - src.training.callbacks - INFO - 模型檢查點已保存至 outputs\hybrid_20250406_222940\HybridPINNLSTMModel_20250406_222942\checkpoints\HybridPINNLSTMModel_epoch_086.pt
2025-04-06 22:32:29,395 - src.training.trainer - INFO - 監控指標改善，模型已保存至 outputs\hybrid_20250406_222940\models\best_model.pt
2025-04-06 22:32:31,257 - src.training.trainer - WARNING - 合併輸出 l2_penalty 時出錯: zero-dimensional arrays cannot be concatenated
2025-04-06 22:32:31,288 - src.training.trainer - INFO - 監控指標改善，模型已保存至 outputs\hybrid_20250406_222940\models\best_model.pt
2025-04-06 22:32:33,264 - src.training.trainer - WARNING - 合併輸出 l2_penalty 時出錯: zero-dimensional arrays cannot be concatenated
2025-04-06 22:32:33,294 - src.training.trainer - INFO - 監控指標改善，模型已保存至 outputs\hybrid_20250406_222940\models\best_model.pt
2025-04-06 22:32:35,250 - src.training.trainer - WARNING - 合併輸出 l2_penalty 時出錯: zero-dimensional arrays cannot be concatenated
2025-04-06 22:32:35,270 - src.training.trainer - INFO - 監控指標改善，模型已保存至 outputs\hybrid_20250406_222940\models\best_model.pt
2025-04-06 22:32:37,161 - src.training.trainer - WARNING - 合併輸出 l2_penalty 時出錯: zero-dimensional arrays cannot be concatenated
2025-04-06 22:32:37,187 - src.training.trainer - INFO - 監控指標改善，模型已保存至 outputs\hybrid_20250406_222940\models\best_model.pt
2025-04-06 22:32:39,104 - src.training.trainer - WARNING - 合併輸出 l2_penalty 時出錯: zero-dimensional arrays cannot be concatenated
2025-04-06 22:32:39,123 - src.training.trainer - INFO - 輪次 91/200 - 訓練損失: 0.680221 - 驗證損失: 4.249758 - rmse: 1299.795946 - r2: -2.059819 - mae: 1047.691406 - 學習率: 0.000034 - 時間: 1.93秒
2025-04-06 22:32:39,141 - src.training.callbacks - INFO - 模型檢查點已保存至 outputs\hybrid_20250406_222940\HybridPINNLSTMModel_20250406_222942\checkpoints\HybridPINNLSTMModel_epoch_091.pt
2025-04-06 22:32:39,152 - src.training.trainer - INFO - 監控指標改善，模型已保存至 outputs\hybrid_20250406_222940\models\best_model.pt
2025-04-06 22:32:41,013 - src.training.trainer - WARNING - 合併輸出 l2_penalty 時出錯: zero-dimensional arrays cannot be concatenated
2025-04-06 22:32:41,041 - src.training.trainer - INFO - 監控指標改善，模型已保存至 outputs\hybrid_20250406_222940\models\best_model.pt
2025-04-06 22:32:42,953 - src.training.trainer - WARNING - 合併輸出 l2_penalty 時出錯: zero-dimensional arrays cannot be concatenated
2025-04-06 22:32:42,985 - src.training.trainer - INFO - 監控指標改善，模型已保存至 outputs\hybrid_20250406_222940\models\best_model.pt
2025-04-06 22:32:44,957 - src.training.trainer - WARNING - 合併輸出 l2_penalty 時出錯: zero-dimensional arrays cannot be concatenated
2025-04-06 22:32:44,989 - src.training.trainer - INFO - 監控指標改善，模型已保存至 outputs\hybrid_20250406_222940\models\best_model.pt
2025-04-06 22:32:46,837 - src.training.trainer - WARNING - 合併輸出 l2_penalty 時出錯: zero-dimensional arrays cannot be concatenated
2025-04-06 22:32:46,861 - src.training.trainer - INFO - 監控指標改善，模型已保存至 outputs\hybrid_20250406_222940\models\best_model.pt
2025-04-06 22:32:48,682 - src.training.trainer - WARNING - 合併輸出 l2_penalty 時出錯: zero-dimensional arrays cannot be concatenated
2025-04-06 22:32:48,722 - src.training.callbacks - INFO - 模型檢查點已保存至 outputs\hybrid_20250406_222940\HybridPINNLSTMModel_20250406_222942\checkpoints\HybridPINNLSTMModel_epoch_096.pt
2025-04-06 22:32:48,736 - src.training.trainer - INFO - 監控指標改善，模型已保存至 outputs\hybrid_20250406_222940\models\best_model.pt
2025-04-06 22:32:50,715 - src.training.trainer - WARNING - 合併輸出 l2_penalty 時出錯: zero-dimensional arrays cannot be concatenated
2025-04-06 22:32:50,746 - src.training.trainer - INFO - 監控指標改善，模型已保存至 outputs\hybrid_20250406_222940\models\best_model.pt
2025-04-06 22:32:52,546 - src.training.trainer - WARNING - 合併輸出 l2_penalty 時出錯: zero-dimensional arrays cannot be concatenated
2025-04-06 22:32:52,568 - src.training.trainer - INFO - 監控指標改善，模型已保存至 outputs\hybrid_20250406_222940\models\best_model.pt
2025-04-06 22:32:54,480 - src.training.trainer - WARNING - 合併輸出 l2_penalty 時出錯: zero-dimensional arrays cannot be concatenated
2025-04-06 22:32:54,516 - src.training.trainer - INFO - 監控指標改善，模型已保存至 outputs\hybrid_20250406_222940\models\best_model.pt
2025-04-06 22:32:56,396 - src.training.trainer - WARNING - 合併輸出 l2_penalty 時出錯: zero-dimensional arrays cannot be concatenated
2025-04-06 22:32:56,418 - src.training.trainer - INFO - 監控指標改善，模型已保存至 outputs\hybrid_20250406_222940\models\best_model.pt
2025-04-06 22:32:58,274 - src.training.trainer - WARNING - 合併輸出 l2_penalty 時出錯: zero-dimensional arrays cannot be concatenated
2025-04-06 22:32:58,287 - src.training.trainer - INFO - 輪次 101/200 - 訓練損失: 0.670412 - 驗證損失: 4.386134 - rmse: 1305.189258 - r2: -2.085264 - mae: 1056.785156 - 學習率: 0.000010 - 時間: 1.87秒
2025-04-06 22:32:58,300 - src.training.callbacks - INFO - 模型檢查點已保存至 outputs\hybrid_20250406_222940\HybridPINNLSTMModel_20250406_222942\checkpoints\HybridPINNLSTMModel_epoch_101.pt
2025-04-06 22:32:58,309 - src.training.trainer - INFO - 監控指標改善，模型已保存至 outputs\hybrid_20250406_222940\models\best_model.pt
2025-04-06 22:33:00,311 - src.training.trainer - WARNING - 合併輸出 l2_penalty 時出錯: zero-dimensional arrays cannot be concatenated
2025-04-06 22:33:00,340 - src.training.trainer - INFO - 監控指標改善，模型已保存至 outputs\hybrid_20250406_222940\models\best_model.pt
2025-04-06 22:33:02,315 - src.training.trainer - WARNING - 合併輸出 l2_penalty 時出錯: zero-dimensional arrays cannot be concatenated
2025-04-06 22:33:02,337 - src.training.trainer - INFO - 監控指標改善，模型已保存至 outputs\hybrid_20250406_222940\models\best_model.pt
2025-04-06 22:33:04,201 - src.training.trainer - WARNING - 合併輸出 l2_penalty 時出錯: zero-dimensional arrays cannot be concatenated
2025-04-06 22:33:04,228 - src.training.trainer - INFO - 監控指標改善，模型已保存至 outputs\hybrid_20250406_222940\models\best_model.pt
2025-04-06 22:33:06,103 - src.training.trainer - WARNING - 合併輸出 l2_penalty 時出錯: zero-dimensional arrays cannot be concatenated
2025-04-06 22:33:06,124 - src.training.trainer - INFO - 監控指標改善，模型已保存至 outputs\hybrid_20250406_222940\models\best_model.pt
2025-04-06 22:33:08,079 - src.training.trainer - WARNING - 合併輸出 l2_penalty 時出錯: zero-dimensional arrays cannot be concatenated
2025-04-06 22:33:08,109 - src.training.callbacks - INFO - 模型檢查點已保存至 outputs\hybrid_20250406_222940\HybridPINNLSTMModel_20250406_222942\checkpoints\HybridPINNLSTMModel_epoch_106.pt
2025-04-06 22:33:08,122 - src.training.trainer - INFO - 監控指標改善，模型已保存至 outputs\hybrid_20250406_222940\models\best_model.pt
2025-04-06 22:33:09,960 - src.training.trainer - WARNING - 合併輸出 l2_penalty 時出錯: zero-dimensional arrays cannot be concatenated
2025-04-06 22:33:09,983 - src.training.trainer - INFO - 監控指標改善，模型已保存至 outputs\hybrid_20250406_222940\models\best_model.pt
2025-04-06 22:33:11,962 - src.training.trainer - WARNING - 合併輸出 l2_penalty 時出錯: zero-dimensional arrays cannot be concatenated
2025-04-06 22:33:11,992 - src.training.trainer - INFO - 監控指標改善，模型已保存至 outputs\hybrid_20250406_222940\models\best_model.pt
2025-04-06 22:33:13,882 - src.training.trainer - WARNING - 合併輸出 l2_penalty 時出錯: zero-dimensional arrays cannot be concatenated
2025-04-06 22:33:13,910 - src.training.trainer - INFO - 監控指標改善，模型已保存至 outputs\hybrid_20250406_222940\models\best_model.pt
2025-04-06 22:33:15,875 - src.training.trainer - WARNING - 合併輸出 l2_penalty 時出錯: zero-dimensional arrays cannot be concatenated
2025-04-06 22:33:15,905 - src.training.trainer - INFO - 監控指標改善，模型已保存至 outputs\hybrid_20250406_222940\models\best_model.pt
2025-04-06 22:33:17,847 - src.training.trainer - WARNING - 合併輸出 l2_penalty 時出錯: zero-dimensional arrays cannot be concatenated
2025-04-06 22:33:17,863 - src.training.trainer - INFO - 輪次 111/200 - 訓練損失: 0.658861 - 驗證損失: 4.202169 - rmse: 1299.906199 - r2: -2.060338 - mae: 1049.685547 - 學習率: 0.000034 - 時間: 1.96秒
2025-04-06 22:33:17,884 - src.training.callbacks - INFO - 模型檢查點已保存至 outputs\hybrid_20250406_222940\HybridPINNLSTMModel_20250406_222942\checkpoints\HybridPINNLSTMModel_epoch_111.pt
2025-04-06 22:33:17,897 - src.training.trainer - INFO - 監控指標改善，模型已保存至 outputs\hybrid_20250406_222940\models\best_model.pt
2025-04-06 22:33:19,767 - src.training.trainer - WARNING - 合併輸出 l2_penalty 時出錯: zero-dimensional arrays cannot be concatenated
2025-04-06 22:33:19,789 - src.training.trainer - INFO - 監控指標改善，模型已保存至 outputs\hybrid_20250406_222940\models\best_model.pt
2025-04-06 22:33:21,751 - src.training.trainer - WARNING - 合併輸出 l2_penalty 時出錯: zero-dimensional arrays cannot be concatenated
2025-04-06 22:33:21,775 - src.training.trainer - INFO - 監控指標改善，模型已保存至 outputs\hybrid_20250406_222940\models\best_model.pt
2025-04-06 22:33:23,697 - src.training.trainer - WARNING - 合併輸出 l2_penalty 時出錯: zero-dimensional arrays cannot be concatenated
2025-04-06 22:33:23,720 - src.training.trainer - INFO - 監控指標改善，模型已保存至 outputs\hybrid_20250406_222940\models\best_model.pt
2025-04-06 22:33:25,525 - src.training.trainer - WARNING - 合併輸出 l2_penalty 時出錯: zero-dimensional arrays cannot be concatenated
2025-04-06 22:33:25,559 - src.training.trainer - INFO - 監控指標改善，模型已保存至 outputs\hybrid_20250406_222940\models\best_model.pt
2025-04-06 22:33:27,478 - src.training.trainer - WARNING - 合併輸出 l2_penalty 時出錯: zero-dimensional arrays cannot be concatenated
2025-04-06 22:33:27,505 - src.training.callbacks - INFO - 模型檢查點已保存至 outputs\hybrid_20250406_222940\HybridPINNLSTMModel_20250406_222942\checkpoints\HybridPINNLSTMModel_epoch_116.pt
2025-04-06 22:33:27,518 - src.training.trainer - INFO - 監控指標改善，模型已保存至 outputs\hybrid_20250406_222940\models\best_model.pt
2025-04-06 22:33:29,362 - src.training.trainer - WARNING - 合併輸出 l2_penalty 時出錯: zero-dimensional arrays cannot be concatenated
2025-04-06 22:33:29,386 - src.training.trainer - INFO - 監控指標改善，模型已保存至 outputs\hybrid_20250406_222940\models\best_model.pt
2025-04-06 22:33:31,315 - src.training.trainer - WARNING - 合併輸出 l2_penalty 時出錯: zero-dimensional arrays cannot be concatenated
2025-04-06 22:33:31,337 - src.training.trainer - INFO - 監控指標改善，模型已保存至 outputs\hybrid_20250406_222940\models\best_model.pt
2025-04-06 22:33:33,344 - src.training.trainer - WARNING - 合併輸出 l2_penalty 時出錯: zero-dimensional arrays cannot be concatenated
2025-04-06 22:33:33,377 - src.training.trainer - INFO - 監控指標改善，模型已保存至 outputs\hybrid_20250406_222940\models\best_model.pt
2025-04-06 22:33:35,255 - src.training.trainer - WARNING - 合併輸出 l2_penalty 時出錯: zero-dimensional arrays cannot be concatenated
2025-04-06 22:33:35,276 - src.training.trainer - INFO - 監控指標改善，模型已保存至 outputs\hybrid_20250406_222940\models\best_model.pt
2025-04-06 22:33:37,231 - src.training.trainer - WARNING - 合併輸出 l2_penalty 時出錯: zero-dimensional arrays cannot be concatenated
2025-04-06 22:33:37,252 - src.training.trainer - INFO - 輪次 121/200 - 訓練損失: 0.681269 - 驗證損失: 4.696549 - rmse: 1314.275228 - r2: -2.128369 - mae: 1071.145752 - 學習率: 0.000105 - 時間: 1.98秒
2025-04-06 22:33:37,267 - src.training.callbacks - INFO - 模型檢查點已保存至 outputs\hybrid_20250406_222940\HybridPINNLSTMModel_20250406_222942\checkpoints\HybridPINNLSTMModel_epoch_121.pt
2025-04-06 22:33:37,275 - src.training.trainer - INFO - 監控指標改善，模型已保存至 outputs\hybrid_20250406_222940\models\best_model.pt
2025-04-06 22:33:39,177 - src.training.trainer - WARNING - 合併輸出 l2_penalty 時出錯: zero-dimensional arrays cannot be concatenated
2025-04-06 22:33:39,199 - src.training.trainer - INFO - 監控指標改善，模型已保存至 outputs\hybrid_20250406_222940\models\best_model.pt
2025-04-06 22:33:41,133 - src.training.trainer - WARNING - 合併輸出 l2_penalty 時出錯: zero-dimensional arrays cannot be concatenated
2025-04-06 22:33:41,153 - src.training.trainer - INFO - 監控指標改善，模型已保存至 outputs\hybrid_20250406_222940\models\best_model.pt
2025-04-06 22:33:43,084 - src.training.trainer - WARNING - 合併輸出 l2_penalty 時出錯: zero-dimensional arrays cannot be concatenated
2025-04-06 22:33:43,106 - src.training.trainer - INFO - 監控指標改善，模型已保存至 outputs\hybrid_20250406_222940\models\best_model.pt
2025-04-06 22:33:45,012 - src.training.trainer - WARNING - 合併輸出 l2_penalty 時出錯: zero-dimensional arrays cannot be concatenated
2025-04-06 22:33:45,036 - src.training.trainer - INFO - 監控指標改善，模型已保存至 outputs\hybrid_20250406_222940\models\best_model.pt
2025-04-06 22:33:46,845 - src.training.trainer - WARNING - 合併輸出 l2_penalty 時出錯: zero-dimensional arrays cannot be concatenated
2025-04-06 22:33:46,882 - src.training.callbacks - INFO - 模型檢查點已保存至 outputs\hybrid_20250406_222940\HybridPINNLSTMModel_20250406_222942\checkpoints\HybridPINNLSTMModel_epoch_126.pt
2025-04-06 22:33:46,893 - src.training.trainer - INFO - 監控指標改善，模型已保存至 outputs\hybrid_20250406_222940\models\best_model.pt
2025-04-06 22:33:48,778 - src.training.trainer - WARNING - 合併輸出 l2_penalty 時出錯: zero-dimensional arrays cannot be concatenated
2025-04-06 22:33:48,799 - src.training.trainer - INFO - 監控指標改善，模型已保存至 outputs\hybrid_20250406_222940\models\best_model.pt
2025-04-06 22:33:50,501 - src.training.trainer - WARNING - 合併輸出 l2_penalty 時出錯: zero-dimensional arrays cannot be concatenated
2025-04-06 22:33:50,527 - src.training.trainer - INFO - 監控指標改善，模型已保存至 outputs\hybrid_20250406_222940\models\best_model.pt
2025-04-06 22:33:52,458 - src.training.trainer - WARNING - 合併輸出 l2_penalty 時出錯: zero-dimensional arrays cannot be concatenated
2025-04-06 22:33:52,491 - src.training.trainer - INFO - 監控指標改善，模型已保存至 outputs\hybrid_20250406_222940\models\best_model.pt
2025-04-06 22:33:54,440 - src.training.trainer - WARNING - 合併輸出 l2_penalty 時出錯: zero-dimensional arrays cannot be concatenated
2025-04-06 22:33:54,474 - src.training.trainer - INFO - 監控指標改善，模型已保存至 outputs\hybrid_20250406_222940\models\best_model.pt
2025-04-06 22:33:56,459 - src.training.trainer - WARNING - 合併輸出 l2_penalty 時出錯: zero-dimensional arrays cannot be concatenated
2025-04-06 22:33:56,475 - src.training.trainer - INFO - 輪次 131/200 - 訓練損失: 0.643638 - 驗證損失: 4.265199 - rmse: 1299.550836 - r2: -2.058665 - mae: 1047.358154 - 學習率: 0.000214 - 時間: 2.00秒
2025-04-06 22:33:56,489 - src.training.callbacks - INFO - 模型檢查點已保存至 outputs\hybrid_20250406_222940\HybridPINNLSTMModel_20250406_222942\checkpoints\HybridPINNLSTMModel_epoch_131.pt
2025-04-06 22:33:56,497 - src.training.trainer - INFO - 監控指標改善，模型已保存至 outputs\hybrid_20250406_222940\models\best_model.pt
2025-04-06 22:33:58,508 - src.training.trainer - WARNING - 合併輸出 l2_penalty 時出錯: zero-dimensional arrays cannot be concatenated
2025-04-06 22:33:58,536 - src.training.trainer - INFO - 監控指標改善，模型已保存至 outputs\hybrid_20250406_222940\models\best_model.pt
2025-04-06 22:34:00,429 - src.training.trainer - WARNING - 合併輸出 l2_penalty 時出錯: zero-dimensional arrays cannot be concatenated
2025-04-06 22:34:00,459 - src.training.trainer - INFO - 監控指標改善，模型已保存至 outputs\hybrid_20250406_222940\models\best_model.pt
2025-04-06 22:34:02,278 - src.training.trainer - WARNING - 合併輸出 l2_penalty 時出錯: zero-dimensional arrays cannot be concatenated
2025-04-06 22:34:02,304 - src.training.trainer - INFO - 監控指標改善，模型已保存至 outputs\hybrid_20250406_222940\models\best_model.pt
2025-04-06 22:34:04,271 - src.training.trainer - WARNING - 合併輸出 l2_penalty 時出錯: zero-dimensional arrays cannot be concatenated
2025-04-06 22:34:04,293 - src.training.trainer - INFO - 監控指標改善，模型已保存至 outputs\hybrid_20250406_222940\models\best_model.pt
2025-04-06 22:34:06,159 - src.training.trainer - WARNING - 合併輸出 l2_penalty 時出錯: zero-dimensional arrays cannot be concatenated
2025-04-06 22:34:06,186 - src.training.callbacks - INFO - 模型檢查點已保存至 outputs\hybrid_20250406_222940\HybridPINNLSTMModel_20250406_222942\checkpoints\HybridPINNLSTMModel_epoch_136.pt
2025-04-06 22:34:06,199 - src.training.trainer - INFO - 監控指標改善，模型已保存至 outputs\hybrid_20250406_222940\models\best_model.pt
2025-04-06 22:34:08,026 - src.training.trainer - WARNING - 合併輸出 l2_penalty 時出錯: zero-dimensional arrays cannot be concatenated
2025-04-06 22:34:08,061 - src.training.trainer - INFO - 監控指標改善，模型已保存至 outputs\hybrid_20250406_222940\models\best_model.pt
2025-04-06 22:34:10,130 - src.training.trainer - WARNING - 合併輸出 l2_penalty 時出錯: zero-dimensional arrays cannot be concatenated
2025-04-06 22:34:10,159 - src.training.trainer - INFO - 監控指標改善，模型已保存至 outputs\hybrid_20250406_222940\models\best_model.pt
2025-04-06 22:34:12,421 - src.training.trainer - WARNING - 合併輸出 l2_penalty 時出錯: zero-dimensional arrays cannot be concatenated
2025-04-06 22:34:12,462 - src.training.trainer - INFO - 監控指標改善，模型已保存至 outputs\hybrid_20250406_222940\models\best_model.pt
2025-04-06 22:34:15,480 - src.training.trainer - WARNING - 合併輸出 l2_penalty 時出錯: zero-dimensional arrays cannot be concatenated
2025-04-06 22:34:15,506 - src.training.trainer - INFO - 監控指標改善，模型已保存至 outputs\hybrid_20250406_222940\models\best_model.pt
2025-04-06 22:34:17,409 - src.training.trainer - WARNING - 合併輸出 l2_penalty 時出錯: zero-dimensional arrays cannot be concatenated
2025-04-06 22:34:17,420 - src.training.trainer - INFO - 輪次 141/200 - 訓練損失: 0.645976 - 驗證損失: 4.482078 - rmse: 1309.422010 - r2: -2.105308 - mae: 1064.445190 - 學習率: 0.000352 - 時間: 1.91秒
2025-04-06 22:34:17,434 - src.training.callbacks - INFO - 模型檢查點已保存至 outputs\hybrid_20250406_222940\HybridPINNLSTMModel_20250406_222942\checkpoints\HybridPINNLSTMModel_epoch_141.pt
2025-04-06 22:34:17,444 - src.training.trainer - INFO - 監控指標改善，模型已保存至 outputs\hybrid_20250406_222940\models\best_model.pt
2025-04-06 22:34:19,280 - src.training.trainer - WARNING - 合併輸出 l2_penalty 時出錯: zero-dimensional arrays cannot be concatenated
2025-04-06 22:34:19,305 - src.training.trainer - INFO - 監控指標改善，模型已保存至 outputs\hybrid_20250406_222940\models\best_model.pt
2025-04-06 22:34:21,752 - src.training.trainer - WARNING - 合併輸出 l2_penalty 時出錯: zero-dimensional arrays cannot be concatenated
2025-04-06 22:34:21,790 - src.training.trainer - INFO - 監控指標改善，模型已保存至 outputs\hybrid_20250406_222940\models\best_model.pt
2025-04-06 22:34:24,165 - src.training.trainer - WARNING - 合併輸出 l2_penalty 時出錯: zero-dimensional arrays cannot be concatenated
2025-04-06 22:34:24,203 - src.training.trainer - INFO - 監控指標改善，模型已保存至 outputs\hybrid_20250406_222940\models\best_model.pt
2025-04-06 22:34:26,088 - src.training.trainer - WARNING - 合併輸出 l2_penalty 時出錯: zero-dimensional arrays cannot be concatenated
2025-04-06 22:34:26,112 - src.training.trainer - INFO - 監控指標改善，模型已保存至 outputs\hybrid_20250406_222940\models\best_model.pt
2025-04-06 22:34:27,993 - src.training.trainer - WARNING - 合併輸出 l2_penalty 時出錯: zero-dimensional arrays cannot be concatenated
2025-04-06 22:34:28,027 - src.training.callbacks - INFO - 模型檢查點已保存至 outputs\hybrid_20250406_222940\HybridPINNLSTMModel_20250406_222942\checkpoints\HybridPINNLSTMModel_epoch_146.pt
2025-04-06 22:34:28,039 - src.training.trainer - INFO - 監控指標改善，模型已保存至 outputs\hybrid_20250406_222940\models\best_model.pt
2025-04-06 22:34:29,878 - src.training.trainer - WARNING - 合併輸出 l2_penalty 時出錯: zero-dimensional arrays cannot be concatenated
2025-04-06 22:34:29,900 - src.training.trainer - INFO - 監控指標改善，模型已保存至 outputs\hybrid_20250406_222940\models\best_model.pt
2025-04-06 22:34:31,725 - src.training.trainer - WARNING - 合併輸出 l2_penalty 時出錯: zero-dimensional arrays cannot be concatenated
2025-04-06 22:34:31,757 - src.training.trainer - INFO - 監控指標改善，模型已保存至 outputs\hybrid_20250406_222940\models\best_model.pt
2025-04-06 22:34:33,538 - src.training.trainer - WARNING - 合併輸出 l2_penalty 時出錯: zero-dimensional arrays cannot be concatenated
2025-04-06 22:34:33,568 - src.training.trainer - INFO - 監控指標改善，模型已保存至 outputs\hybrid_20250406_222940\models\best_model.pt
2025-04-06 22:34:35,298 - src.training.trainer - WARNING - 合併輸出 l2_penalty 時出錯: zero-dimensional arrays cannot be concatenated
2025-04-06 22:34:35,322 - src.training.trainer - INFO - 監控指標改善，模型已保存至 outputs\hybrid_20250406_222940\models\best_model.pt
2025-04-06 22:34:37,141 - src.training.trainer - WARNING - 合併輸出 l2_penalty 時出錯: zero-dimensional arrays cannot be concatenated
2025-04-06 22:34:37,161 - src.training.trainer - INFO - 輪次 151/200 - 訓練損失: 0.626558 - 驗證損失: 4.031888 - rmse: 1298.554052 - r2: -2.053975 - mae: 1050.800659 - 學習率: 0.000505 - 時間: 1.84秒
2025-04-06 22:34:37,183 - src.training.callbacks - INFO - 模型檢查點已保存至 outputs\hybrid_20250406_222940\HybridPINNLSTMModel_20250406_222942\checkpoints\HybridPINNLSTMModel_epoch_151.pt
2025-04-06 22:34:37,197 - src.training.trainer - INFO - 監控指標改善，模型已保存至 outputs\hybrid_20250406_222940\models\best_model.pt
2025-04-06 22:34:38,920 - src.training.trainer - WARNING - 合併輸出 l2_penalty 時出錯: zero-dimensional arrays cannot be concatenated
2025-04-06 22:34:38,948 - src.training.trainer - INFO - 監控指標改善，模型已保存至 outputs\hybrid_20250406_222940\models\best_model.pt
2025-04-06 22:34:40,923 - src.training.trainer - WARNING - 合併輸出 l2_penalty 時出錯: zero-dimensional arrays cannot be concatenated
2025-04-06 22:34:40,943 - src.training.trainer - INFO - 監控指標改善，模型已保存至 outputs\hybrid_20250406_222940\models\best_model.pt
2025-04-06 22:34:42,742 - src.training.trainer - WARNING - 合併輸出 l2_penalty 時出錯: zero-dimensional arrays cannot be concatenated
2025-04-06 22:34:42,764 - src.training.trainer - INFO - 監控指標改善，模型已保存至 outputs\hybrid_20250406_222940\models\best_model.pt
2025-04-06 22:34:44,547 - src.training.trainer - WARNING - 合併輸出 l2_penalty 時出錯: zero-dimensional arrays cannot be concatenated
2025-04-06 22:34:44,571 - src.training.trainer - INFO - 監控指標改善，模型已保存至 outputs\hybrid_20250406_222940\models\best_model.pt
2025-04-06 22:34:46,454 - src.training.trainer - WARNING - 合併輸出 l2_penalty 時出錯: zero-dimensional arrays cannot be concatenated
2025-04-06 22:34:46,486 - src.training.callbacks - INFO - 模型檢查點已保存至 outputs\hybrid_20250406_222940\HybridPINNLSTMModel_20250406_222942\checkpoints\HybridPINNLSTMModel_epoch_156.pt
2025-04-06 22:34:46,496 - src.training.trainer - INFO - 監控指標改善，模型已保存至 outputs\hybrid_20250406_222940\models\best_model.pt
2025-04-06 22:34:48,385 - src.training.trainer - WARNING - 合併輸出 l2_penalty 時出錯: zero-dimensional arrays cannot be concatenated
2025-04-06 22:34:48,409 - src.training.trainer - INFO - 監控指標改善，模型已保存至 outputs\hybrid_20250406_222940\models\best_model.pt
2025-04-06 22:34:50,222 - src.training.trainer - WARNING - 合併輸出 l2_penalty 時出錯: zero-dimensional arrays cannot be concatenated
2025-04-06 22:34:50,246 - src.training.trainer - INFO - 監控指標改善，模型已保存至 outputs\hybrid_20250406_222940\models\best_model.pt
2025-04-06 22:34:52,073 - src.training.trainer - WARNING - 合併輸出 l2_penalty 時出錯: zero-dimensional arrays cannot be concatenated
2025-04-06 22:34:52,097 - src.training.trainer - INFO - 監控指標改善，模型已保存至 outputs\hybrid_20250406_222940\models\best_model.pt
2025-04-06 22:34:53,979 - src.training.trainer - WARNING - 合併輸出 l2_penalty 時出錯: zero-dimensional arrays cannot be concatenated
2025-04-06 22:34:54,011 - src.training.trainer - INFO - 監控指標改善，模型已保存至 outputs\hybrid_20250406_222940\models\best_model.pt
2025-04-06 22:34:55,832 - src.training.trainer - WARNING - 合併輸出 l2_penalty 時出錯: zero-dimensional arrays cannot be concatenated
2025-04-06 22:34:55,846 - src.training.trainer - INFO - 輪次 161/200 - 訓練損失: 0.617021 - 驗證損失: 4.031065 - rmse: 1293.242630 - r2: -2.029042 - mae: 1033.349609 - 學習率: 0.000658 - 時間: 1.83秒
2025-04-06 22:34:55,858 - src.training.callbacks - INFO - 模型檢查點已保存至 outputs\hybrid_20250406_222940\HybridPINNLSTMModel_20250406_222942\checkpoints\HybridPINNLSTMModel_epoch_161.pt
2025-04-06 22:34:55,866 - src.training.trainer - INFO - 監控指標改善，模型已保存至 outputs\hybrid_20250406_222940\models\best_model.pt
2025-04-06 22:34:57,769 - src.training.trainer - WARNING - 合併輸出 l2_penalty 時出錯: zero-dimensional arrays cannot be concatenated
2025-04-06 22:34:57,789 - src.training.trainer - INFO - 監控指標改善，模型已保存至 outputs\hybrid_20250406_222940\models\best_model.pt
2025-04-06 22:34:59,528 - src.training.trainer - WARNING - 合併輸出 l2_penalty 時出錯: zero-dimensional arrays cannot be concatenated
2025-04-06 22:34:59,562 - src.training.trainer - INFO - 監控指標改善，模型已保存至 outputs\hybrid_20250406_222940\models\best_model.pt
2025-04-06 22:35:01,303 - src.training.trainer - WARNING - 合併輸出 l2_penalty 時出錯: zero-dimensional arrays cannot be concatenated
2025-04-06 22:35:01,337 - src.training.trainer - INFO - 監控指標改善，模型已保存至 outputs\hybrid_20250406_222940\models\best_model.pt
2025-04-06 22:35:03,270 - src.training.trainer - WARNING - 合併輸出 l2_penalty 時出錯: zero-dimensional arrays cannot be concatenated
2025-04-06 22:35:03,302 - src.training.trainer - INFO - 監控指標改善，模型已保存至 outputs\hybrid_20250406_222940\models\best_model.pt
2025-04-06 22:35:05,047 - src.training.trainer - WARNING - 合併輸出 l2_penalty 時出錯: zero-dimensional arrays cannot be concatenated
2025-04-06 22:35:05,079 - src.training.callbacks - INFO - 模型檢查點已保存至 outputs\hybrid_20250406_222940\HybridPINNLSTMModel_20250406_222942\checkpoints\HybridPINNLSTMModel_epoch_166.pt
2025-04-06 22:35:05,089 - src.training.trainer - INFO - 監控指標改善，模型已保存至 outputs\hybrid_20250406_222940\models\best_model.pt
2025-04-06 22:35:06,990 - src.training.trainer - WARNING - 合併輸出 l2_penalty 時出錯: zero-dimensional arrays cannot be concatenated
2025-04-06 22:35:07,014 - src.training.trainer - INFO - 監控指標改善，模型已保存至 outputs\hybrid_20250406_222940\models\best_model.pt
2025-04-06 22:35:08,881 - src.training.trainer - WARNING - 合併輸出 l2_penalty 時出錯: zero-dimensional arrays cannot be concatenated
2025-04-06 22:35:08,903 - src.training.trainer - INFO - 監控指標改善，模型已保存至 outputs\hybrid_20250406_222940\models\best_model.pt
2025-04-06 22:35:10,706 - src.training.trainer - WARNING - 合併輸出 l2_penalty 時出錯: zero-dimensional arrays cannot be concatenated
2025-04-06 22:35:10,740 - src.training.trainer - INFO - 監控指標改善，模型已保存至 outputs\hybrid_20250406_222940\models\best_model.pt
2025-04-06 22:35:12,445 - src.training.trainer - WARNING - 合併輸出 l2_penalty 時出錯: zero-dimensional arrays cannot be concatenated
2025-04-06 22:35:12,473 - src.training.trainer - INFO - 監控指標改善，模型已保存至 outputs\hybrid_20250406_222940\models\best_model.pt
2025-04-06 22:35:14,264 - src.training.trainer - WARNING - 合併輸出 l2_penalty 時出錯: zero-dimensional arrays cannot be concatenated
2025-04-06 22:35:14,276 - src.training.trainer - INFO - 輪次 171/200 - 訓練損失: 0.602548 - 驗證損失: 3.955528 - rmse: 1295.641781 - r2: -2.040292 - mae: 1045.353027 - 學習率: 0.000796 - 時間: 1.80秒
2025-04-06 22:35:14,290 - src.training.callbacks - INFO - 模型檢查點已保存至 outputs\hybrid_20250406_222940\HybridPINNLSTMModel_20250406_222942\checkpoints\HybridPINNLSTMModel_epoch_171.pt
2025-04-06 22:35:14,300 - src.training.trainer - INFO - 監控指標改善，模型已保存至 outputs\hybrid_20250406_222940\models\best_model.pt
2025-04-06 22:35:16,117 - src.training.trainer - WARNING - 合併輸出 l2_penalty 時出錯: zero-dimensional arrays cannot be concatenated
2025-04-06 22:35:16,137 - src.training.trainer - INFO - 監控指標改善，模型已保存至 outputs\hybrid_20250406_222940\models\best_model.pt
2025-04-06 22:35:17,922 - src.training.trainer - WARNING - 合併輸出 l2_penalty 時出錯: zero-dimensional arrays cannot be concatenated
2025-04-06 22:35:17,944 - src.training.trainer - INFO - 監控指標改善，模型已保存至 outputs\hybrid_20250406_222940\models\best_model.pt
2025-04-06 22:35:19,855 - src.training.trainer - WARNING - 合併輸出 l2_penalty 時出錯: zero-dimensional arrays cannot be concatenated
2025-04-06 22:35:19,877 - src.training.trainer - INFO - 監控指標改善，模型已保存至 outputs\hybrid_20250406_222940\models\best_model.pt
2025-04-06 22:35:21,728 - src.training.trainer - WARNING - 合併輸出 l2_penalty 時出錯: zero-dimensional arrays cannot be concatenated
2025-04-06 22:35:21,762 - src.training.trainer - INFO - 監控指標改善，模型已保存至 outputs\hybrid_20250406_222940\models\best_model.pt
2025-04-06 22:35:23,643 - src.training.trainer - WARNING - 合併輸出 l2_penalty 時出錯: zero-dimensional arrays cannot be concatenated
2025-04-06 22:35:23,681 - src.training.callbacks - INFO - 模型檢查點已保存至 outputs\hybrid_20250406_222940\HybridPINNLSTMModel_20250406_222942\checkpoints\HybridPINNLSTMModel_epoch_176.pt
2025-04-06 22:35:23,691 - src.training.trainer - INFO - 監控指標改善，模型已保存至 outputs\hybrid_20250406_222940\models\best_model.pt
2025-04-06 22:35:25,475 - src.training.trainer - WARNING - 合併輸出 l2_penalty 時出錯: zero-dimensional arrays cannot be concatenated
2025-04-06 22:35:25,505 - src.training.trainer - INFO - 監控指標改善，模型已保存至 outputs\hybrid_20250406_222940\models\best_model.pt
2025-04-06 22:35:27,340 - src.training.trainer - WARNING - 合併輸出 l2_penalty 時出錯: zero-dimensional arrays cannot be concatenated
2025-04-06 22:35:27,362 - src.training.trainer - INFO - 監控指標改善，模型已保存至 outputs\hybrid_20250406_222940\models\best_model.pt
2025-04-06 22:35:29,162 - src.training.trainer - WARNING - 合併輸出 l2_penalty 時出錯: zero-dimensional arrays cannot be concatenated
2025-04-06 22:35:29,184 - src.training.trainer - INFO - 監控指標改善，模型已保存至 outputs\hybrid_20250406_222940\models\best_model.pt
2025-04-06 22:35:30,919 - src.training.trainer - WARNING - 合併輸出 l2_penalty 時出錯: zero-dimensional arrays cannot be concatenated
2025-04-06 22:35:30,947 - src.training.trainer - INFO - 監控指標改善，模型已保存至 outputs\hybrid_20250406_222940\models\best_model.pt
2025-04-06 22:35:32,738 - src.training.trainer - WARNING - 合併輸出 l2_penalty 時出錯: zero-dimensional arrays cannot be concatenated
2025-04-06 22:35:32,752 - src.training.trainer - INFO - 輪次 181/200 - 訓練損失: 0.603606 - 驗證損失: 3.960338 - rmse: 1290.968774 - r2: -2.018400 - mae: 1031.784302 - 學習率: 0.000905 - 時間: 1.81秒
2025-04-06 22:35:32,764 - src.training.callbacks - INFO - 模型檢查點已保存至 outputs\hybrid_20250406_222940\HybridPINNLSTMModel_20250406_222942\checkpoints\HybridPINNLSTMModel_epoch_181.pt
2025-04-06 22:35:32,774 - src.training.trainer - INFO - 監控指標改善，模型已保存至 outputs\hybrid_20250406_222940\models\best_model.pt
2025-04-06 22:35:34,705 - src.training.trainer - WARNING - 合併輸出 l2_penalty 時出錯: zero-dimensional arrays cannot be concatenated
2025-04-06 22:35:34,733 - src.training.trainer - INFO - 監控指標改善，模型已保存至 outputs\hybrid_20250406_222940\models\best_model.pt
2025-04-06 22:35:36,606 - src.training.trainer - WARNING - 合併輸出 l2_penalty 時出錯: zero-dimensional arrays cannot be concatenated
2025-04-06 22:35:36,640 - src.training.trainer - INFO - 監控指標改善，模型已保存至 outputs\hybrid_20250406_222940\models\best_model.pt
2025-04-06 22:35:38,475 - src.training.trainer - WARNING - 合併輸出 l2_penalty 時出錯: zero-dimensional arrays cannot be concatenated
2025-04-06 22:35:38,499 - src.training.trainer - INFO - 監控指標改善，模型已保存至 outputs\hybrid_20250406_222940\models\best_model.pt
2025-04-06 22:35:40,297 - src.training.trainer - WARNING - 合併輸出 l2_penalty 時出錯: zero-dimensional arrays cannot be concatenated
2025-04-06 22:35:40,327 - src.training.trainer - INFO - 監控指標改善，模型已保存至 outputs\hybrid_20250406_222940\models\best_model.pt
2025-04-06 22:35:42,136 - src.training.trainer - WARNING - 合併輸出 l2_penalty 時出錯: zero-dimensional arrays cannot be concatenated
2025-04-06 22:35:42,178 - src.training.callbacks - INFO - 模型檢查點已保存至 outputs\hybrid_20250406_222940\HybridPINNLSTMModel_20250406_222942\checkpoints\HybridPINNLSTMModel_epoch_186.pt
2025-04-06 22:35:42,192 - src.training.trainer - INFO - 監控指標改善，模型已保存至 outputs\hybrid_20250406_222940\models\best_model.pt
2025-04-06 22:35:44,001 - src.training.trainer - WARNING - 合併輸出 l2_penalty 時出錯: zero-dimensional arrays cannot be concatenated
2025-04-06 22:35:44,021 - src.training.trainer - INFO - 監控指標改善，模型已保存至 outputs\hybrid_20250406_222940\models\best_model.pt
2025-04-06 22:35:45,740 - src.training.trainer - WARNING - 合併輸出 l2_penalty 時出錯: zero-dimensional arrays cannot be concatenated
2025-04-06 22:35:45,769 - src.training.trainer - INFO - 監控指標改善，模型已保存至 outputs\hybrid_20250406_222940\models\best_model.pt
2025-04-06 22:35:47,756 - src.training.trainer - WARNING - 合併輸出 l2_penalty 時出錯: zero-dimensional arrays cannot be concatenated
2025-04-06 22:35:47,776 - src.training.trainer - INFO - 監控指標改善，模型已保存至 outputs\hybrid_20250406_222940\models\best_model.pt
2025-04-06 22:35:49,749 - src.training.trainer - WARNING - 合併輸出 l2_penalty 時出錯: zero-dimensional arrays cannot be concatenated
2025-04-06 22:35:49,771 - src.training.trainer - INFO - 監控指標改善，模型已保存至 outputs\hybrid_20250406_222940\models\best_model.pt
2025-04-06 22:35:51,548 - src.training.trainer - WARNING - 合併輸出 l2_penalty 時出錯: zero-dimensional arrays cannot be concatenated
2025-04-06 22:35:51,560 - src.training.trainer - INFO - 輪次 191/200 - 訓練損失: 0.590251 - 驗證損失: 4.167366 - rmse: 1305.856663 - r2: -2.088420 - mae: 1061.728271 - 學習率: 0.000976 - 時間: 1.79秒
2025-04-06 22:35:51,574 - src.training.callbacks - INFO - 模型檢查點已保存至 outputs\hybrid_20250406_222940\HybridPINNLSTMModel_20250406_222942\checkpoints\HybridPINNLSTMModel_epoch_191.pt
2025-04-06 22:35:51,588 - src.training.trainer - INFO - 監控指標改善，模型已保存至 outputs\hybrid_20250406_222940\models\best_model.pt
2025-04-06 22:35:53,442 - src.training.trainer - WARNING - 合併輸出 l2_penalty 時出錯: zero-dimensional arrays cannot be concatenated
2025-04-06 22:35:53,472 - src.training.trainer - INFO - 監控指標改善，模型已保存至 outputs\hybrid_20250406_222940\models\best_model.pt
2025-04-06 22:35:55,245 - src.training.trainer - WARNING - 合併輸出 l2_penalty 時出錯: zero-dimensional arrays cannot be concatenated
2025-04-06 22:35:55,267 - src.training.trainer - INFO - 監控指標改善，模型已保存至 outputs\hybrid_20250406_222940\models\best_model.pt
2025-04-06 22:35:57,025 - src.training.trainer - WARNING - 合併輸出 l2_penalty 時出錯: zero-dimensional arrays cannot be concatenated
2025-04-06 22:35:57,047 - src.training.trainer - INFO - 監控指標改善，模型已保存至 outputs\hybrid_20250406_222940\models\best_model.pt
2025-04-06 22:35:58,854 - src.training.trainer - WARNING - 合併輸出 l2_penalty 時出錯: zero-dimensional arrays cannot be concatenated
2025-04-06 22:35:58,876 - src.training.trainer - INFO - 監控指標改善，模型已保存至 outputs\hybrid_20250406_222940\models\best_model.pt
2025-04-06 22:36:00,779 - src.training.trainer - WARNING - 合併輸出 l2_penalty 時出錯: zero-dimensional arrays cannot be concatenated
2025-04-06 22:36:00,823 - src.training.callbacks - INFO - 模型檢查點已保存至 outputs\hybrid_20250406_222940\HybridPINNLSTMModel_20250406_222942\checkpoints\HybridPINNLSTMModel_epoch_196.pt
2025-04-06 22:36:00,833 - src.training.trainer - INFO - 監控指標改善，模型已保存至 outputs\hybrid_20250406_222940\models\best_model.pt
2025-04-06 22:36:02,785 - src.training.trainer - WARNING - 合併輸出 l2_penalty 時出錯: zero-dimensional arrays cannot be concatenated
2025-04-06 22:36:02,807 - src.training.trainer - INFO - 監控指標改善，模型已保存至 outputs\hybrid_20250406_222940\models\best_model.pt
2025-04-06 22:36:04,569 - src.training.trainer - WARNING - 合併輸出 l2_penalty 時出錯: zero-dimensional arrays cannot be concatenated
2025-04-06 22:36:04,591 - src.training.trainer - INFO - 監控指標改善，模型已保存至 outputs\hybrid_20250406_222940\models\best_model.pt
2025-04-06 22:36:06,525 - src.training.trainer - WARNING - 合併輸出 l2_penalty 時出錯: zero-dimensional arrays cannot be concatenated
2025-04-06 22:36:06,547 - src.training.trainer - INFO - 監控指標改善，模型已保存至 outputs\hybrid_20250406_222940\models\best_model.pt
2025-04-06 22:36:08,249 - src.training.trainer - WARNING - 合併輸出 l2_penalty 時出錯: zero-dimensional arrays cannot be concatenated
2025-04-06 22:36:08,269 - src.training.trainer - INFO - 輪次 200/200 - 訓練損失: 0.591589 - 驗證損失: 4.350919 - rmse: 1305.837327 - r2: -2.088329 - mae: 1058.280151 - 學習率: 0.001000 - 時間: 1.72秒
2025-04-06 22:36:08,283 - src.training.trainer - INFO - 監控指標改善，模型已保存至 outputs\hybrid_20250406_222940\models\best_model.pt
2025-04-06 22:36:08,283 - src.training.trainer - INFO - 訓練完成，總時間: 385.49秒
2025-04-06 22:36:08,299 - __main__ - INFO - 訓練完成，最終模型已保存至: outputs\hybrid_20250406_222940\models\final_model.pt
2025-04-06 22:36:08,309 - __main__ - WARNING - 合併輸出 l2_penalty 時出錯: zero-dimensional arrays cannot be concatenated
2025-04-06 22:36:08,323 - __main__ - INFO - 評估指標已保存至: outputs\hybrid_20250406_222940\evaluation\metrics.csv
2025-04-06 22:36:08,325 - __main__ - INFO - 生成視覺化結果...
2025-04-06 22:36:09,057 - src.utils.visualization - INFO - 圖像已保存至: outputs\hybrid_20250406_222940\evaluation\visualizations\pred_vs_true.png
2025-04-06 22:36:09,462 - src.utils.visualization - INFO - 圖像已保存至: outputs\hybrid_20250406_222940\evaluation\visualizations\pred_vs_true.png
2025-04-06 22:36:10,676 - src.utils.visualization - INFO - 圖像已保存至: outputs\hybrid_20250406_222940\evaluation\visualizations\error_analysis.png
2025-04-06 22:36:11,742 - src.utils.visualization - INFO - 圖像已保存至: outputs\hybrid_20250406_222940\evaluation\visualizations\physics_validation.png
2025-04-06 22:36:12,605 - src.utils.visualization - INFO - 圖像已保存至: outputs\hybrid_20250406_222940\evaluation\visualizations\attention_weights.png
2025-04-06 22:36:12,972 - src.utils.visualization - INFO - 已生成 6 個視覺化圖表於 outputs\hybrid_20250406_222940\evaluation\visualizations
2025-04-06 22:36:12,972 - __main__ - INFO - 評估完成，結果已保存至: outputs\hybrid_20250406_222940\evaluation
2025-04-06 22:36:12,972 - __main__ - INFO - 任務完成
