2025-04-06 15:54:47,331 - __main__ - DEBUG - 除錯模式已啟用
2025-04-06 15:54:47,352 - __main__ - INFO - 成功載入配置文件: configs/model_config.yaml
2025-04-06 15:54:47,381 - __main__ - INFO - 成功載入配置文件: configs/train_config.yaml
2025-04-06 15:54:47,387 - __main__ - INFO - 已設定隨機種子: 42
2025-04-06 15:54:47,388 - __main__ - INFO - 使用計算設備: cpu
2025-04-06 15:54:47,389 - __main__ - INFO - 輸出目錄: outputs\hybrid_20250406_155447
2025-04-06 15:54:47,390 - __main__ - INFO - 載入資料: data/raw/Training_data_warpage_final_20250321_v1.2.csv
2025-04-06 15:54:47,410 - src.data.preprocess - INFO - 成功載入資料檔案: data/raw/Training_data_warpage_final_20250321_v1.2.csv，共 81 筆資料，18 個欄位
2025-04-06 15:54:47,413 - src.data.preprocess - INFO - 標準化完成，特徵數量: 5
2025-04-06 15:54:47,414 - src.data.preprocess - INFO - 時間序列資料準備完成，形狀: (81, 4, 2)
2025-04-06 15:54:47,416 - src.data.preprocess - INFO - 資料分割完成 - 訓練集: 56 樣本, 驗證集: 12 樣本, 測試集: 13 樣本
2025-04-06 15:54:47,416 - src.data.preprocess - INFO - 完整資料處理流程完成
2025-04-06 15:54:47,416 - __main__ - INFO - 資料分割完成, 訓練集: 56 樣本, 驗證集: 12 樣本, 測試集: 13 樣本
2025-04-06 15:54:47,416 - __main__ - INFO - 應用資料增強...
2025-04-06 15:54:47,416 - src.data.dataset - INFO - 進行資料增強，原始訓練集大小: 56 樣本
2025-04-06 15:54:47,569 - src.data.dataset - INFO - 資料增強完成，增強後的訓練集大小: 626 樣本
2025-04-06 15:54:47,570 - __main__ - INFO - 資料增強完成，增強後的訓練集大小: 626 樣本
2025-04-06 15:54:47,581 - __main__ - INFO - 創建混合PINN-LSTM模型，使用物理約束: True，融合方法: weighted
2025-04-06 15:54:47,583 - src.data.dataset - INFO - 已創建資料載入器 - 訓練: 626 樣本, 驗證: 12 樣本, 測試: 13 樣本, 批次大小: 8
2025-04-06 15:54:49,503 - src.training.trainer - INFO - 創建adam優化器，學習率: 0.001，權重衰減: 0.0001
2025-04-06 15:54:49,503 - src.training.losses - INFO - 初始化HybridLoss: lambda_physics=0.01, lambda_consistency=0.01, a=55.83, b=-2.259, log_space=True, l1_reg=0.0, l2_reg=0.001
2025-04-06 15:54:49,504 - src.training.losses - INFO - 初始化AdaptiveHybridLoss: physics權重從0.01增加到0.5, consistency權重從0.01增加到0.3, 在50個輪次內達到最大值, 預熱輪次: 5, 調整方案: linear
2025-04-06 15:54:49,504 - src.training.trainer - INFO - 創建餘弦退火學習率調度器，週期=100，最小學習率=1e-05
2025-04-06 15:54:49,504 - src.training.trainer - INFO - 創建餘弦退火學習率調度器，週期: 100，最小學習率: 1e-05
2025-04-06 15:54:49,506 - src.training.callbacks - INFO - 初始化ModelCheckpoint: 保存目錄=outputs\hybrid_20250406_155447\HybridPINNLSTMModel_20250406_155449\checkpoints, 保存頻率=5, 只保存最佳=False, 監控指標=val_loss, 模式=min
2025-04-06 15:54:49,507 - src.training.callbacks - INFO - 初始化LossHistory: 保存路徑=outputs\hybrid_20250406_155447\HybridPINNLSTMModel_20250406_155449\history.json, 保存頻率=1
2025-04-06 15:54:49,510 - src.training.trainer - INFO - 初始化訓練器完成，模型: HybridPINNLSTMModel, 優化器: Adam, 設備: cpu
2025-04-06 15:54:49,510 - __main__ - INFO - 開始訓練，總輪數: 200
2025-04-06 15:54:49,510 - src.training.trainer - INFO - 開始訓練，總輪數: 200
2025-04-06 15:54:51,448 - src.training.trainer - WARNING - 合併輸出 dynamic_weights 時出錯: all the input array dimensions except for the concatenation axis must match exactly, but along dimension 1, the array at index 0 has size 8 and the array at index 1 has size 4
2025-04-06 15:54:51,448 - src.training.trainer - INFO - 輪次 1/200 - 訓練損失: 13.983750 - 驗證損失: 16.592286 - rmse: 1378.508388 - r2: -2.441630 - mae: 1155.657104 - 學習率: 0.001000 - 時間: 1.94秒
2025-04-06 15:54:51,473 - src.training.callbacks - INFO - 模型檢查點已保存至 outputs\hybrid_20250406_155447\HybridPINNLSTMModel_20250406_155449\checkpoints\HybridPINNLSTMModel_epoch_001.pt
2025-04-06 15:54:51,475 - src.training.trainer - INFO - min模式下監控指標改善
2025-04-06 15:54:51,486 - src.training.trainer - INFO - 監控指標改善，模型已保存至 outputs\hybrid_20250406_155447\models\best_model.pt
2025-04-06 15:54:53,357 - src.training.trainer - WARNING - 合併輸出 dynamic_weights 時出錯: all the input array dimensions except for the concatenation axis must match exactly, but along dimension 1, the array at index 0 has size 8 and the array at index 1 has size 4
2025-04-06 15:54:53,359 - src.training.trainer - INFO - min模式下監控指標改善, 從 16.592286 改善到 7.762540
2025-04-06 15:54:53,369 - src.training.trainer - INFO - 監控指標改善，模型已保存至 outputs\hybrid_20250406_155447\models\best_model.pt
2025-04-06 15:54:55,219 - src.training.trainer - WARNING - 合併輸出 dynamic_weights 時出錯: all the input array dimensions except for the concatenation axis must match exactly, but along dimension 1, the array at index 0 has size 8 and the array at index 1 has size 4
2025-04-06 15:54:55,221 - src.training.trainer - INFO - min模式下監控指標改善, 從 7.762540 改善到 5.865214
2025-04-06 15:54:55,229 - src.training.trainer - INFO - 監控指標改善，模型已保存至 outputs\hybrid_20250406_155447\models\best_model.pt
2025-04-06 15:54:57,171 - src.training.trainer - WARNING - 合併輸出 dynamic_weights 時出錯: all the input array dimensions except for the concatenation axis must match exactly, but along dimension 1, the array at index 0 has size 8 and the array at index 1 has size 4
2025-04-06 15:54:57,173 - src.training.trainer - INFO - min模式下監控指標改善, 從 5.865214 改善到 5.489824
2025-04-06 15:54:57,178 - src.training.trainer - INFO - 監控指標改善，模型已保存至 outputs\hybrid_20250406_155447\models\best_model.pt
2025-04-06 15:54:59,091 - src.training.trainer - WARNING - 合併輸出 dynamic_weights 時出錯: all the input array dimensions except for the concatenation axis must match exactly, but along dimension 1, the array at index 0 has size 8 and the array at index 1 has size 4
2025-04-06 15:54:59,093 - src.training.trainer - INFO - 監控指標未改善，已連續 1 輪。最佳值: 5.489824, 當前值: 6.375318
2025-04-06 15:55:01,064 - src.training.trainer - WARNING - 合併輸出 dynamic_weights 時出錯: all the input array dimensions except for the concatenation axis must match exactly, but along dimension 1, the array at index 0 has size 8 and the array at index 1 has size 4
2025-04-06 15:55:01,080 - src.training.callbacks - INFO - 模型檢查點已保存至 outputs\hybrid_20250406_155447\HybridPINNLSTMModel_20250406_155449\checkpoints\HybridPINNLSTMModel_epoch_006.pt
2025-04-06 15:55:01,082 - src.training.trainer - INFO - 監控指標未改善，已連續 2 輪。最佳值: 5.489824, 當前值: 5.909224
2025-04-06 15:55:03,131 - src.training.trainer - WARNING - 合併輸出 dynamic_weights 時出錯: all the input array dimensions except for the concatenation axis must match exactly, but along dimension 1, the array at index 0 has size 8 and the array at index 1 has size 4
2025-04-06 15:55:03,133 - src.training.trainer - INFO - 監控指標未改善，已連續 3 輪。最佳值: 5.489824, 當前值: 5.821774
2025-04-06 15:55:05,121 - src.training.trainer - WARNING - 合併輸出 dynamic_weights 時出錯: all the input array dimensions except for the concatenation axis must match exactly, but along dimension 1, the array at index 0 has size 8 and the array at index 1 has size 4
2025-04-06 15:55:05,124 - src.training.trainer - INFO - min模式下監控指標改善, 從 5.489824 改善到 5.410473
2025-04-06 15:55:05,130 - src.training.trainer - INFO - 監控指標改善，模型已保存至 outputs\hybrid_20250406_155447\models\best_model.pt
2025-04-06 15:55:07,224 - src.training.trainer - WARNING - 合併輸出 dynamic_weights 時出錯: all the input array dimensions except for the concatenation axis must match exactly, but along dimension 1, the array at index 0 has size 8 and the array at index 1 has size 4
2025-04-06 15:55:07,227 - src.training.trainer - INFO - 監控指標未改善，已連續 1 輪。最佳值: 5.410473, 當前值: 5.498435
2025-04-06 15:55:09,306 - src.training.trainer - WARNING - 合併輸出 dynamic_weights 時出錯: all the input array dimensions except for the concatenation axis must match exactly, but along dimension 1, the array at index 0 has size 8 and the array at index 1 has size 4
2025-04-06 15:55:09,309 - src.training.trainer - INFO - min模式下監控指標改善, 從 5.410473 改善到 5.389523
2025-04-06 15:55:09,318 - src.training.trainer - INFO - 監控指標改善，模型已保存至 outputs\hybrid_20250406_155447\models\best_model.pt
2025-04-06 15:55:11,625 - src.training.trainer - WARNING - 合併輸出 dynamic_weights 時出錯: all the input array dimensions except for the concatenation axis must match exactly, but along dimension 1, the array at index 0 has size 8 and the array at index 1 has size 4
2025-04-06 15:55:11,625 - src.training.trainer - INFO - 輪次 11/200 - 訓練損失: 1.238135 - 驗證損失: 5.096258 - rmse: 1316.550797 - r2: -2.139212 - mae: 1075.102661 - 學習率: 0.000976 - 時間: 2.31秒
2025-04-06 15:55:11,731 - src.training.callbacks - INFO - 模型檢查點已保存至 outputs\hybrid_20250406_155447\HybridPINNLSTMModel_20250406_155449\checkpoints\HybridPINNLSTMModel_epoch_011.pt
2025-04-06 15:55:11,733 - src.training.trainer - INFO - min模式下監控指標改善, 從 5.389523 改善到 5.096258
2025-04-06 15:55:11,740 - src.training.trainer - INFO - 監控指標改善，模型已保存至 outputs\hybrid_20250406_155447\models\best_model.pt
2025-04-06 15:55:13,809 - src.training.trainer - WARNING - 合併輸出 dynamic_weights 時出錯: all the input array dimensions except for the concatenation axis must match exactly, but along dimension 1, the array at index 0 has size 8 and the array at index 1 has size 4
2025-04-06 15:55:13,811 - src.training.trainer - INFO - min模式下監控指標改善, 從 5.096258 改善到 4.970343
2025-04-06 15:55:13,819 - src.training.trainer - INFO - 監控指標改善，模型已保存至 outputs\hybrid_20250406_155447\models\best_model.pt
2025-04-06 15:55:15,946 - src.training.trainer - WARNING - 合併輸出 dynamic_weights 時出錯: all the input array dimensions except for the concatenation axis must match exactly, but along dimension 1, the array at index 0 has size 8 and the array at index 1 has size 4
2025-04-06 15:55:15,950 - src.training.trainer - INFO - min模式下監控指標改善, 從 4.970343 改善到 4.655707
2025-04-06 15:55:15,960 - src.training.trainer - INFO - 監控指標改善，模型已保存至 outputs\hybrid_20250406_155447\models\best_model.pt
2025-04-06 15:55:18,076 - src.training.trainer - WARNING - 合併輸出 dynamic_weights 時出錯: all the input array dimensions except for the concatenation axis must match exactly, but along dimension 1, the array at index 0 has size 8 and the array at index 1 has size 4
2025-04-06 15:55:18,078 - src.training.trainer - INFO - 監控指標未改善，已連續 1 輪。最佳值: 4.655707, 當前值: 5.483603
2025-04-06 15:55:20,027 - src.training.trainer - WARNING - 合併輸出 dynamic_weights 時出錯: all the input array dimensions except for the concatenation axis must match exactly, but along dimension 1, the array at index 0 has size 8 and the array at index 1 has size 4
2025-04-06 15:55:20,030 - src.training.trainer - INFO - 監控指標未改善，已連續 2 輪。最佳值: 4.655707, 當前值: 4.865242
2025-04-06 15:55:22,481 - src.training.trainer - WARNING - 合併輸出 dynamic_weights 時出錯: all the input array dimensions except for the concatenation axis must match exactly, but along dimension 1, the array at index 0 has size 8 and the array at index 1 has size 4
2025-04-06 15:55:22,504 - src.training.callbacks - INFO - 模型檢查點已保存至 outputs\hybrid_20250406_155447\HybridPINNLSTMModel_20250406_155449\checkpoints\HybridPINNLSTMModel_epoch_016.pt
2025-04-06 15:55:22,506 - src.training.trainer - INFO - 監控指標未改善，已連續 3 輪。最佳值: 4.655707, 當前值: 5.761179
2025-04-06 15:55:24,780 - src.training.trainer - WARNING - 合併輸出 dynamic_weights 時出錯: all the input array dimensions except for the concatenation axis must match exactly, but along dimension 1, the array at index 0 has size 8 and the array at index 1 has size 4
2025-04-06 15:55:24,783 - src.training.trainer - INFO - min模式下監控指標改善, 從 4.655707 改善到 4.516993
2025-04-06 15:55:24,790 - src.training.trainer - INFO - 監控指標改善，模型已保存至 outputs\hybrid_20250406_155447\models\best_model.pt
2025-04-06 15:55:27,045 - src.training.trainer - WARNING - 合併輸出 dynamic_weights 時出錯: all the input array dimensions except for the concatenation axis must match exactly, but along dimension 1, the array at index 0 has size 8 and the array at index 1 has size 4
2025-04-06 15:55:27,048 - src.training.trainer - INFO - min模式下監控指標改善, 從 4.516993 改善到 4.274699
2025-04-06 15:55:27,057 - src.training.trainer - INFO - 監控指標改善，模型已保存至 outputs\hybrid_20250406_155447\models\best_model.pt
2025-04-06 15:55:29,111 - src.training.trainer - WARNING - 合併輸出 dynamic_weights 時出錯: all the input array dimensions except for the concatenation axis must match exactly, but along dimension 1, the array at index 0 has size 8 and the array at index 1 has size 4
2025-04-06 15:55:29,114 - src.training.trainer - INFO - 監控指標未改善，已連續 1 輪。最佳值: 4.274699, 當前值: 4.906020
2025-04-06 15:55:31,073 - src.training.trainer - WARNING - 合併輸出 dynamic_weights 時出錯: all the input array dimensions except for the concatenation axis must match exactly, but along dimension 1, the array at index 0 has size 8 and the array at index 1 has size 4
2025-04-06 15:55:31,076 - src.training.trainer - INFO - 監控指標未改善，已連續 2 輪。最佳值: 4.274699, 當前值: 5.302305
2025-04-06 15:55:33,239 - src.training.trainer - WARNING - 合併輸出 dynamic_weights 時出錯: all the input array dimensions except for the concatenation axis must match exactly, but along dimension 1, the array at index 0 has size 8 and the array at index 1 has size 4
2025-04-06 15:55:33,239 - src.training.trainer - INFO - 輪次 21/200 - 訓練損失: 1.050635 - 驗證損失: 5.274674 - rmse: 1324.436484 - r2: -2.176930 - mae: 1086.845337 - 學習率: 0.000905 - 時間: 2.16秒
2025-04-06 15:55:33,258 - src.training.callbacks - INFO - 模型檢查點已保存至 outputs\hybrid_20250406_155447\HybridPINNLSTMModel_20250406_155449\checkpoints\HybridPINNLSTMModel_epoch_021.pt
2025-04-06 15:55:33,260 - src.training.trainer - INFO - 監控指標未改善，已連續 3 輪。最佳值: 4.274699, 當前值: 5.274674
2025-04-06 15:55:35,440 - src.training.trainer - WARNING - 合併輸出 dynamic_weights 時出錯: all the input array dimensions except for the concatenation axis must match exactly, but along dimension 1, the array at index 0 has size 8 and the array at index 1 has size 4
2025-04-06 15:55:35,443 - src.training.trainer - INFO - 監控指標未改善，已連續 4 輪。最佳值: 4.274699, 當前值: 5.114242
2025-04-06 15:55:37,611 - src.training.trainer - WARNING - 合併輸出 dynamic_weights 時出錯: all the input array dimensions except for the concatenation axis must match exactly, but along dimension 1, the array at index 0 has size 8 and the array at index 1 has size 4
2025-04-06 15:55:37,613 - src.training.trainer - INFO - 監控指標未改善，已連續 5 輪。最佳值: 4.274699, 當前值: 5.016150
2025-04-06 15:55:39,747 - src.training.trainer - WARNING - 合併輸出 dynamic_weights 時出錯: all the input array dimensions except for the concatenation axis must match exactly, but along dimension 1, the array at index 0 has size 8 and the array at index 1 has size 4
2025-04-06 15:55:39,750 - src.training.trainer - INFO - 監控指標未改善，已連續 6 輪。最佳值: 4.274699, 當前值: 5.435120
2025-04-06 15:55:41,984 - src.training.trainer - WARNING - 合併輸出 dynamic_weights 時出錯: all the input array dimensions except for the concatenation axis must match exactly, but along dimension 1, the array at index 0 has size 8 and the array at index 1 has size 4
2025-04-06 15:55:41,986 - src.training.trainer - INFO - 監控指標未改善，已連續 7 輪。最佳值: 4.274699, 當前值: 5.285506
2025-04-06 15:55:44,058 - src.training.trainer - WARNING - 合併輸出 dynamic_weights 時出錯: all the input array dimensions except for the concatenation axis must match exactly, but along dimension 1, the array at index 0 has size 8 and the array at index 1 has size 4
2025-04-06 15:55:44,085 - src.training.callbacks - INFO - 模型檢查點已保存至 outputs\hybrid_20250406_155447\HybridPINNLSTMModel_20250406_155449\checkpoints\HybridPINNLSTMModel_epoch_026.pt
2025-04-06 15:55:44,088 - src.training.trainer - INFO - 監控指標未改善，已連續 8 輪。最佳值: 4.274699, 當前值: 4.851837
2025-04-06 15:55:46,252 - src.training.trainer - WARNING - 合併輸出 dynamic_weights 時出錯: all the input array dimensions except for the concatenation axis must match exactly, but along dimension 1, the array at index 0 has size 8 and the array at index 1 has size 4
2025-04-06 15:55:46,254 - src.training.trainer - INFO - 監控指標未改善，已連續 9 輪。最佳值: 4.274699, 當前值: 5.097502
2025-04-06 15:55:48,328 - src.training.trainer - WARNING - 合併輸出 dynamic_weights 時出錯: all the input array dimensions except for the concatenation axis must match exactly, but along dimension 1, the array at index 0 has size 8 and the array at index 1 has size 4
2025-04-06 15:55:48,330 - src.training.trainer - INFO - 監控指標未改善，已連續 10 輪。最佳值: 4.274699, 當前值: 4.345417
2025-04-06 15:55:50,539 - src.training.trainer - WARNING - 合併輸出 dynamic_weights 時出錯: all the input array dimensions except for the concatenation axis must match exactly, but along dimension 1, the array at index 0 has size 8 and the array at index 1 has size 4
2025-04-06 15:55:50,541 - src.training.trainer - INFO - 監控指標未改善，已連續 11 輪。最佳值: 4.274699, 當前值: 5.144458
2025-04-06 15:55:52,622 - src.training.trainer - WARNING - 合併輸出 dynamic_weights 時出錯: all the input array dimensions except for the concatenation axis must match exactly, but along dimension 1, the array at index 0 has size 8 and the array at index 1 has size 4
2025-04-06 15:55:52,625 - src.training.trainer - INFO - 監控指標未改善，已連續 12 輪。最佳值: 4.274699, 當前值: 4.473064
2025-04-06 15:55:54,756 - src.training.trainer - WARNING - 合併輸出 dynamic_weights 時出錯: all the input array dimensions except for the concatenation axis must match exactly, but along dimension 1, the array at index 0 has size 8 and the array at index 1 has size 4
2025-04-06 15:55:54,756 - src.training.trainer - INFO - 輪次 31/200 - 訓練損失: 0.908627 - 驗證損失: 3.221558 - rmse: 1266.182994 - r2: -1.903610 - mae: 1015.521057 - 學習率: 0.000796 - 時間: 2.13秒
2025-04-06 15:55:54,772 - src.training.callbacks - INFO - 模型檢查點已保存至 outputs\hybrid_20250406_155447\HybridPINNLSTMModel_20250406_155449\checkpoints\HybridPINNLSTMModel_epoch_031.pt
2025-04-06 15:55:54,776 - src.training.trainer - INFO - min模式下監控指標改善, 從 4.274699 改善到 3.221558
2025-04-06 15:55:54,784 - src.training.trainer - INFO - 監控指標改善，模型已保存至 outputs\hybrid_20250406_155447\models\best_model.pt
2025-04-06 15:55:56,895 - src.training.trainer - WARNING - 合併輸出 dynamic_weights 時出錯: all the input array dimensions except for the concatenation axis must match exactly, but along dimension 1, the array at index 0 has size 8 and the array at index 1 has size 4
2025-04-06 15:55:56,898 - src.training.trainer - INFO - 監控指標未改善，已連續 1 輪。最佳值: 3.221558, 當前值: 5.038250
2025-04-06 15:55:58,968 - src.training.trainer - WARNING - 合併輸出 dynamic_weights 時出錯: all the input array dimensions except for the concatenation axis must match exactly, but along dimension 1, the array at index 0 has size 8 and the array at index 1 has size 4
2025-04-06 15:55:58,972 - src.training.trainer - INFO - 監控指標未改善，已連續 2 輪。最佳值: 3.221558, 當前值: 5.011063
2025-04-06 15:56:01,180 - src.training.trainer - WARNING - 合併輸出 dynamic_weights 時出錯: all the input array dimensions except for the concatenation axis must match exactly, but along dimension 1, the array at index 0 has size 8 and the array at index 1 has size 4
2025-04-06 15:56:01,183 - src.training.trainer - INFO - 監控指標未改善，已連續 3 輪。最佳值: 3.221558, 當前值: 5.282975
2025-04-06 15:56:03,347 - src.training.trainer - WARNING - 合併輸出 dynamic_weights 時出錯: all the input array dimensions except for the concatenation axis must match exactly, but along dimension 1, the array at index 0 has size 8 and the array at index 1 has size 4
2025-04-06 15:56:03,350 - src.training.trainer - INFO - 監控指標未改善，已連續 4 輪。最佳值: 3.221558, 當前值: 4.801215
2025-04-06 15:56:05,546 - src.training.trainer - WARNING - 合併輸出 dynamic_weights 時出錯: all the input array dimensions except for the concatenation axis must match exactly, but along dimension 1, the array at index 0 has size 8 and the array at index 1 has size 4
2025-04-06 15:56:05,570 - src.training.callbacks - INFO - 模型檢查點已保存至 outputs\hybrid_20250406_155447\HybridPINNLSTMModel_20250406_155449\checkpoints\HybridPINNLSTMModel_epoch_036.pt
2025-04-06 15:56:05,575 - src.training.trainer - INFO - 監控指標未改善，已連續 5 輪。最佳值: 3.221558, 當前值: 5.138075
2025-04-06 15:56:07,509 - src.training.trainer - WARNING - 合併輸出 dynamic_weights 時出錯: all the input array dimensions except for the concatenation axis must match exactly, but along dimension 1, the array at index 0 has size 8 and the array at index 1 has size 4
2025-04-06 15:56:07,511 - src.training.trainer - INFO - 監控指標未改善，已連續 6 輪。最佳值: 3.221558, 當前值: 4.771948
2025-04-06 15:56:09,476 - src.training.trainer - WARNING - 合併輸出 dynamic_weights 時出錯: all the input array dimensions except for the concatenation axis must match exactly, but along dimension 1, the array at index 0 has size 8 and the array at index 1 has size 4
2025-04-06 15:56:09,479 - src.training.trainer - INFO - 監控指標未改善，已連續 7 輪。最佳值: 3.221558, 當前值: 4.785763
2025-04-06 15:56:11,323 - src.training.trainer - WARNING - 合併輸出 dynamic_weights 時出錯: all the input array dimensions except for the concatenation axis must match exactly, but along dimension 1, the array at index 0 has size 8 and the array at index 1 has size 4
2025-04-06 15:56:11,326 - src.training.trainer - INFO - 監控指標未改善，已連續 8 輪。最佳值: 3.221558, 當前值: 4.735346
2025-04-06 15:56:13,797 - src.training.trainer - WARNING - 合併輸出 dynamic_weights 時出錯: all the input array dimensions except for the concatenation axis must match exactly, but along dimension 1, the array at index 0 has size 8 and the array at index 1 has size 4
2025-04-06 15:56:13,799 - src.training.trainer - INFO - 監控指標未改善，已連續 9 輪。最佳值: 3.221558, 當前值: 4.852163
2025-04-06 15:56:15,774 - src.training.trainer - WARNING - 合併輸出 dynamic_weights 時出錯: all the input array dimensions except for the concatenation axis must match exactly, but along dimension 1, the array at index 0 has size 8 and the array at index 1 has size 4
2025-04-06 15:56:15,775 - src.training.trainer - INFO - 輪次 41/200 - 訓練損失: 0.800921 - 驗證損失: 4.730528 - rmse: 1312.748453 - r2: -2.121105 - mae: 1064.218750 - 學習率: 0.000658 - 時間: 1.97秒
2025-04-06 15:56:15,791 - src.training.callbacks - INFO - 模型檢查點已保存至 outputs\hybrid_20250406_155447\HybridPINNLSTMModel_20250406_155449\checkpoints\HybridPINNLSTMModel_epoch_041.pt
2025-04-06 15:56:15,794 - src.training.trainer - INFO - 監控指標未改善，已連續 10 輪。最佳值: 3.221558, 當前值: 4.730528
2025-04-06 15:56:17,843 - src.training.trainer - WARNING - 合併輸出 dynamic_weights 時出錯: all the input array dimensions except for the concatenation axis must match exactly, but along dimension 1, the array at index 0 has size 8 and the array at index 1 has size 4
2025-04-06 15:56:17,846 - src.training.trainer - INFO - 監控指標未改善，已連續 11 輪。最佳值: 3.221558, 當前值: 4.573383
2025-04-06 15:56:19,823 - src.training.trainer - WARNING - 合併輸出 dynamic_weights 時出錯: all the input array dimensions except for the concatenation axis must match exactly, but along dimension 1, the array at index 0 has size 8 and the array at index 1 has size 4
2025-04-06 15:56:19,825 - src.training.trainer - INFO - 監控指標未改善，已連續 12 輪。最佳值: 3.221558, 當前值: 4.859475
2025-04-06 15:56:21,722 - src.training.trainer - WARNING - 合併輸出 dynamic_weights 時出錯: all the input array dimensions except for the concatenation axis must match exactly, but along dimension 1, the array at index 0 has size 8 and the array at index 1 has size 4
2025-04-06 15:56:21,724 - src.training.trainer - INFO - 監控指標未改善，已連續 13 輪。最佳值: 3.221558, 當前值: 4.560799
2025-04-06 15:56:23,732 - src.training.trainer - WARNING - 合併輸出 dynamic_weights 時出錯: all the input array dimensions except for the concatenation axis must match exactly, but along dimension 1, the array at index 0 has size 8 and the array at index 1 has size 4
2025-04-06 15:56:23,735 - src.training.trainer - INFO - 監控指標未改善，已連續 14 輪。最佳值: 3.221558, 當前值: 4.520133
2025-04-06 15:56:25,671 - src.training.trainer - WARNING - 合併輸出 dynamic_weights 時出錯: all the input array dimensions except for the concatenation axis must match exactly, but along dimension 1, the array at index 0 has size 8 and the array at index 1 has size 4
2025-04-06 15:56:25,695 - src.training.callbacks - INFO - 模型檢查點已保存至 outputs\hybrid_20250406_155447\HybridPINNLSTMModel_20250406_155449\checkpoints\HybridPINNLSTMModel_epoch_046.pt
2025-04-06 15:56:25,699 - src.training.trainer - INFO - 監控指標未改善，已連續 15 輪。最佳值: 3.221558, 當前值: 4.629408
2025-04-06 15:56:27,895 - src.training.trainer - WARNING - 合併輸出 dynamic_weights 時出錯: all the input array dimensions except for the concatenation axis must match exactly, but along dimension 1, the array at index 0 has size 8 and the array at index 1 has size 4
2025-04-06 15:56:27,898 - src.training.trainer - INFO - 監控指標未改善，已連續 16 輪。最佳值: 3.221558, 當前值: 4.782540
2025-04-06 15:56:30,011 - src.training.trainer - WARNING - 合併輸出 dynamic_weights 時出錯: all the input array dimensions except for the concatenation axis must match exactly, but along dimension 1, the array at index 0 has size 8 and the array at index 1 has size 4
2025-04-06 15:56:30,013 - src.training.trainer - INFO - 監控指標未改善，已連續 17 輪。最佳值: 3.221558, 當前值: 4.859529
2025-04-06 15:56:32,127 - src.training.trainer - WARNING - 合併輸出 dynamic_weights 時出錯: all the input array dimensions except for the concatenation axis must match exactly, but along dimension 1, the array at index 0 has size 8 and the array at index 1 has size 4
2025-04-06 15:56:32,130 - src.training.trainer - INFO - 監控指標未改善，已連續 18 輪。最佳值: 3.221558, 當前值: 4.165054
2025-04-06 15:56:34,560 - src.training.trainer - WARNING - 合併輸出 dynamic_weights 時出錯: all the input array dimensions except for the concatenation axis must match exactly, but along dimension 1, the array at index 0 has size 8 and the array at index 1 has size 4
2025-04-06 15:56:34,563 - src.training.trainer - INFO - 監控指標未改善，已連續 19 輪。最佳值: 3.221558, 當前值: 3.934063
2025-04-06 15:56:36,550 - src.training.trainer - WARNING - 合併輸出 dynamic_weights 時出錯: all the input array dimensions except for the concatenation axis must match exactly, but along dimension 1, the array at index 0 has size 8 and the array at index 1 has size 4
2025-04-06 15:56:36,550 - src.training.trainer - INFO - 輪次 51/200 - 訓練損失: 0.728372 - 驗證損失: 4.921775 - rmse: 1317.000759 - r2: -2.141358 - mae: 1072.415649 - 學習率: 0.000505 - 時間: 1.99秒
2025-04-06 15:56:36,570 - src.training.callbacks - INFO - 模型檢查點已保存至 outputs\hybrid_20250406_155447\HybridPINNLSTMModel_20250406_155449\checkpoints\HybridPINNLSTMModel_epoch_051.pt
2025-04-06 15:56:36,574 - src.training.trainer - INFO - 監控指標未改善，已連續 20 輪。最佳值: 3.221558, 當前值: 4.921775
2025-04-06 15:56:36,574 - src.training.trainer - INFO - 早停觸發！20 輪未改善
2025-04-06 15:56:36,574 - src.training.trainer - INFO - 早停觸發，在輪次 51 停止訓練
2025-04-06 15:56:36,574 - src.training.trainer - INFO - 訓練完成，總時間: 107.06秒
2025-04-06 15:56:36,581 - __main__ - INFO - 訓練完成，最終模型已保存至: outputs\hybrid_20250406_155447\models\final_model.pt
2025-04-06 15:56:36,595 - __main__ - WARNING - 合併輸出 l2_penalty 時出錯: zero-dimensional arrays cannot be concatenated
2025-04-06 15:56:36,618 - __main__ - INFO - 評估指標已保存至: outputs\hybrid_20250406_155447\evaluation\metrics.csv
2025-04-06 15:56:36,618 - __main__ - INFO - 生成視覺化結果...
2025-04-06 15:56:37,440 - src.utils.visualization - INFO - 圖像已保存至: outputs\hybrid_20250406_155447\evaluation\visualizations\pred_vs_true.png
2025-04-06 15:56:37,910 - src.utils.visualization - INFO - 圖像已保存至: outputs\hybrid_20250406_155447\evaluation\visualizations\pred_vs_true.png
2025-04-06 15:56:39,429 - src.utils.visualization - INFO - 圖像已保存至: outputs\hybrid_20250406_155447\evaluation\visualizations\error_analysis.png
2025-04-06 15:56:40,626 - src.utils.visualization - INFO - 圖像已保存至: outputs\hybrid_20250406_155447\evaluation\visualizations\physics_validation.png
2025-04-06 15:56:41,478 - src.utils.visualization - INFO - 圖像已保存至: outputs\hybrid_20250406_155447\evaluation\visualizations\attention_weights.png
2025-04-06 15:56:41,924 - src.utils.visualization - INFO - 已生成 6 個視覺化圖表於 outputs\hybrid_20250406_155447\evaluation\visualizations
2025-04-06 15:56:41,924 - __main__ - INFO - 評估完成，結果已保存至: outputs\hybrid_20250406_155447\evaluation
2025-04-06 15:56:41,924 - __main__ - INFO - 任務完成
