2025-04-06 16:12:49,135 - __main__ - DEBUG - 除錯模式已啟用
2025-04-06 16:12:49,149 - __main__ - INFO - 成功載入配置文件: configs/model_config.yaml
2025-04-06 16:12:49,178 - __main__ - INFO - 成功載入配置文件: configs/train_config.yaml
2025-04-06 16:12:49,183 - __main__ - INFO - 已設定隨機種子: 42
2025-04-06 16:12:49,183 - __main__ - INFO - 使用計算設備: cpu
2025-04-06 16:12:49,184 - __main__ - INFO - 輸出目錄: outputs\hybrid_20250406_161249
2025-04-06 16:12:49,186 - __main__ - INFO - 載入資料: data/raw/Training_data_warpage_final_20250321_v1.2.csv
2025-04-06 16:12:49,189 - src.data.preprocess - INFO - 成功載入資料檔案: data/raw/Training_data_warpage_final_20250321_v1.2.csv，共 81 筆資料，18 個欄位
2025-04-06 16:12:49,193 - src.data.preprocess - INFO - 標準化完成，特徵數量: 5
2025-04-06 16:12:49,193 - src.data.preprocess - INFO - 時間序列資料準備完成，形狀: (81, 4, 2)
2025-04-06 16:12:49,197 - src.data.preprocess - INFO - 資料分割完成 - 訓練集: 56 樣本, 驗證集: 12 樣本, 測試集: 13 樣本
2025-04-06 16:12:49,197 - src.data.preprocess - INFO - 完整資料處理流程完成
2025-04-06 16:12:49,197 - __main__ - INFO - 資料分割完成, 訓練集: 56 樣本, 驗證集: 12 樣本, 測試集: 13 樣本
2025-04-06 16:12:49,197 - __main__ - INFO - 應用資料增強...
2025-04-06 16:12:49,197 - src.data.dataset - INFO - 進行資料增強，原始訓練集大小: 56 樣本
2025-04-06 16:12:49,361 - src.data.dataset - INFO - 資料增強完成，增強後的訓練集大小: 626 樣本
2025-04-06 16:12:49,361 - __main__ - INFO - 資料增強完成，增強後的訓練集大小: 626 樣本
2025-04-06 16:12:49,374 - __main__ - INFO - 創建混合PINN-LSTM模型，使用物理約束: True，融合方法: weighted
2025-04-06 16:12:49,377 - src.data.dataset - INFO - 已創建資料載入器 - 訓練: 626 樣本, 驗證: 12 樣本, 測試: 13 樣本, 批次大小: 8
2025-04-06 16:12:51,214 - src.training.trainer - INFO - 創建adam優化器，學習率: 0.001，權重衰減: 0.0001
2025-04-06 16:12:51,214 - src.training.losses - INFO - 初始化HybridLoss: lambda_physics=0.01, lambda_consistency=0.01, a=55.83, b=-2.259, log_space=True, l1_reg=0.0, l2_reg=0.001
2025-04-06 16:12:51,214 - src.training.losses - INFO - 初始化AdaptiveHybridLoss: physics權重從0.01增加到0.5, consistency權重從0.01增加到0.3, 在50個輪次內達到最大值, 預熱輪次: 5, 調整方案: linear
2025-04-06 16:12:51,215 - src.training.trainer - INFO - 創建餘弦退火學習率調度器，週期: 100，最小學習率: 1e-05
2025-04-06 16:12:51,216 - src.training.callbacks - INFO - 初始化ModelCheckpoint: 保存目錄=outputs\hybrid_20250406_161249\HybridPINNLSTMModel_20250406_161251\checkpoints, 保存頻率=5, 只保存最佳=False, 監控指標=val_loss, 模式=min
2025-04-06 16:12:51,218 - src.training.callbacks - INFO - 初始化LossHistory: 保存路徑=outputs\hybrid_20250406_161249\HybridPINNLSTMModel_20250406_161251\history.json, 保存頻率=1
2025-04-06 16:12:51,220 - src.training.trainer - INFO - 初始化訓練器完成，模型: HybridPINNLSTMModel, 優化器: Adam, 設備: cpu
2025-04-06 16:12:51,220 - __main__ - INFO - 開始訓練，總輪數: 200
2025-04-06 16:12:51,221 - src.training.trainer - INFO - 開始訓練，總輪數: 200
2025-04-06 16:12:53,173 - src.training.trainer - WARNING - 合併輸出 dynamic_weights 時出錯: all the input array dimensions except for the concatenation axis must match exactly, but along dimension 1, the array at index 0 has size 8 and the array at index 1 has size 4
2025-04-06 16:12:53,174 - src.training.trainer - INFO - 輪次 1/200 - 訓練損失: 13.983750 - 驗證損失: 16.592286 - rmse: 1378.508388 - r2: -2.441630 - mae: 1155.657104 - 學習率: 0.001000 - 時間: 1.95秒
2025-04-06 16:12:53,188 - src.training.callbacks - INFO - 模型檢查點已保存至 outputs\hybrid_20250406_161249\HybridPINNLSTMModel_20250406_161251\checkpoints\HybridPINNLSTMModel_epoch_001.pt
2025-04-06 16:12:53,196 - src.training.trainer - INFO - 監控指標改善，模型已保存至 outputs\hybrid_20250406_161249\models\best_model.pt
2025-04-06 16:12:55,083 - src.training.trainer - WARNING - 合併輸出 dynamic_weights 時出錯: all the input array dimensions except for the concatenation axis must match exactly, but along dimension 1, the array at index 0 has size 8 and the array at index 1 has size 4
2025-04-06 16:12:55,095 - src.training.trainer - INFO - 監控指標改善，模型已保存至 outputs\hybrid_20250406_161249\models\best_model.pt
2025-04-06 16:12:57,157 - src.training.trainer - WARNING - 合併輸出 dynamic_weights 時出錯: all the input array dimensions except for the concatenation axis must match exactly, but along dimension 1, the array at index 0 has size 8 and the array at index 1 has size 4
2025-04-06 16:12:57,168 - src.training.trainer - INFO - 監控指標改善，模型已保存至 outputs\hybrid_20250406_161249\models\best_model.pt
2025-04-06 16:12:59,083 - src.training.trainer - WARNING - 合併輸出 dynamic_weights 時出錯: all the input array dimensions except for the concatenation axis must match exactly, but along dimension 1, the array at index 0 has size 8 and the array at index 1 has size 4
2025-04-06 16:12:59,094 - src.training.trainer - INFO - 監控指標改善，模型已保存至 outputs\hybrid_20250406_161249\models\best_model.pt
2025-04-06 16:13:01,005 - src.training.trainer - WARNING - 合併輸出 dynamic_weights 時出錯: all the input array dimensions except for the concatenation axis must match exactly, but along dimension 1, the array at index 0 has size 8 and the array at index 1 has size 4
2025-04-06 16:13:01,012 - src.training.trainer - INFO - 監控指標改善，模型已保存至 outputs\hybrid_20250406_161249\models\best_model.pt
2025-04-06 16:13:03,010 - src.training.trainer - WARNING - 合併輸出 dynamic_weights 時出錯: all the input array dimensions except for the concatenation axis must match exactly, but along dimension 1, the array at index 0 has size 8 and the array at index 1 has size 4
2025-04-06 16:13:03,025 - src.training.callbacks - INFO - 模型檢查點已保存至 outputs\hybrid_20250406_161249\HybridPINNLSTMModel_20250406_161251\checkpoints\HybridPINNLSTMModel_epoch_006.pt
2025-04-06 16:13:03,031 - src.training.trainer - INFO - 監控指標改善，模型已保存至 outputs\hybrid_20250406_161249\models\best_model.pt
2025-04-06 16:13:04,939 - src.training.trainer - WARNING - 合併輸出 dynamic_weights 時出錯: all the input array dimensions except for the concatenation axis must match exactly, but along dimension 1, the array at index 0 has size 8 and the array at index 1 has size 4
2025-04-06 16:13:04,950 - src.training.trainer - INFO - 監控指標改善，模型已保存至 outputs\hybrid_20250406_161249\models\best_model.pt
2025-04-06 16:13:06,883 - src.training.trainer - WARNING - 合併輸出 dynamic_weights 時出錯: all the input array dimensions except for the concatenation axis must match exactly, but along dimension 1, the array at index 0 has size 8 and the array at index 1 has size 4
2025-04-06 16:13:06,895 - src.training.trainer - INFO - 監控指標改善，模型已保存至 outputs\hybrid_20250406_161249\models\best_model.pt
2025-04-06 16:13:08,844 - src.training.trainer - WARNING - 合併輸出 dynamic_weights 時出錯: all the input array dimensions except for the concatenation axis must match exactly, but along dimension 1, the array at index 0 has size 8 and the array at index 1 has size 4
2025-04-06 16:13:08,853 - src.training.trainer - INFO - 監控指標改善，模型已保存至 outputs\hybrid_20250406_161249\models\best_model.pt
2025-04-06 16:13:10,843 - src.training.trainer - WARNING - 合併輸出 dynamic_weights 時出錯: all the input array dimensions except for the concatenation axis must match exactly, but along dimension 1, the array at index 0 has size 8 and the array at index 1 has size 4
2025-04-06 16:13:10,851 - src.training.trainer - INFO - 監控指標改善，模型已保存至 outputs\hybrid_20250406_161249\models\best_model.pt
2025-04-06 16:13:12,855 - src.training.trainer - WARNING - 合併輸出 dynamic_weights 時出錯: all the input array dimensions except for the concatenation axis must match exactly, but along dimension 1, the array at index 0 has size 8 and the array at index 1 has size 4
2025-04-06 16:13:12,856 - src.training.trainer - INFO - 輪次 11/200 - 訓練損失: 1.238135 - 驗證損失: 5.096258 - rmse: 1316.550797 - r2: -2.139212 - mae: 1075.102661 - 學習率: 0.000976 - 時間: 2.00秒
2025-04-06 16:13:12,962 - src.training.callbacks - INFO - 模型檢查點已保存至 outputs\hybrid_20250406_161249\HybridPINNLSTMModel_20250406_161251\checkpoints\HybridPINNLSTMModel_epoch_011.pt
2025-04-06 16:13:12,973 - src.training.trainer - INFO - 監控指標改善，模型已保存至 outputs\hybrid_20250406_161249\models\best_model.pt
2025-04-06 16:13:14,860 - src.training.trainer - WARNING - 合併輸出 dynamic_weights 時出錯: all the input array dimensions except for the concatenation axis must match exactly, but along dimension 1, the array at index 0 has size 8 and the array at index 1 has size 4
2025-04-06 16:13:14,871 - src.training.trainer - INFO - 監控指標改善，模型已保存至 outputs\hybrid_20250406_161249\models\best_model.pt
2025-04-06 16:13:16,827 - src.training.trainer - WARNING - 合併輸出 dynamic_weights 時出錯: all the input array dimensions except for the concatenation axis must match exactly, but along dimension 1, the array at index 0 has size 8 and the array at index 1 has size 4
2025-04-06 16:13:16,837 - src.training.trainer - INFO - 監控指標改善，模型已保存至 outputs\hybrid_20250406_161249\models\best_model.pt
2025-04-06 16:13:18,766 - src.training.trainer - WARNING - 合併輸出 dynamic_weights 時出錯: all the input array dimensions except for the concatenation axis must match exactly, but along dimension 1, the array at index 0 has size 8 and the array at index 1 has size 4
2025-04-06 16:13:18,773 - src.training.trainer - INFO - 監控指標改善，模型已保存至 outputs\hybrid_20250406_161249\models\best_model.pt
2025-04-06 16:13:20,838 - src.training.trainer - WARNING - 合併輸出 dynamic_weights 時出錯: all the input array dimensions except for the concatenation axis must match exactly, but along dimension 1, the array at index 0 has size 8 and the array at index 1 has size 4
2025-04-06 16:13:20,850 - src.training.trainer - INFO - 監控指標改善，模型已保存至 outputs\hybrid_20250406_161249\models\best_model.pt
2025-04-06 16:13:22,850 - src.training.trainer - WARNING - 合併輸出 dynamic_weights 時出錯: all the input array dimensions except for the concatenation axis must match exactly, but along dimension 1, the array at index 0 has size 8 and the array at index 1 has size 4
2025-04-06 16:13:22,867 - src.training.callbacks - INFO - 模型檢查點已保存至 outputs\hybrid_20250406_161249\HybridPINNLSTMModel_20250406_161251\checkpoints\HybridPINNLSTMModel_epoch_016.pt
2025-04-06 16:13:22,874 - src.training.trainer - INFO - 監控指標改善，模型已保存至 outputs\hybrid_20250406_161249\models\best_model.pt
2025-04-06 16:13:24,820 - src.training.trainer - WARNING - 合併輸出 dynamic_weights 時出錯: all the input array dimensions except for the concatenation axis must match exactly, but along dimension 1, the array at index 0 has size 8 and the array at index 1 has size 4
2025-04-06 16:13:24,832 - src.training.trainer - INFO - 監控指標改善，模型已保存至 outputs\hybrid_20250406_161249\models\best_model.pt
2025-04-06 16:13:26,829 - src.training.trainer - WARNING - 合併輸出 dynamic_weights 時出錯: all the input array dimensions except for the concatenation axis must match exactly, but along dimension 1, the array at index 0 has size 8 and the array at index 1 has size 4
2025-04-06 16:13:26,840 - src.training.trainer - INFO - 監控指標改善，模型已保存至 outputs\hybrid_20250406_161249\models\best_model.pt
2025-04-06 16:13:28,804 - src.training.trainer - WARNING - 合併輸出 dynamic_weights 時出錯: all the input array dimensions except for the concatenation axis must match exactly, but along dimension 1, the array at index 0 has size 8 and the array at index 1 has size 4
2025-04-06 16:13:28,815 - src.training.trainer - INFO - 監控指標改善，模型已保存至 outputs\hybrid_20250406_161249\models\best_model.pt
2025-04-06 16:13:30,748 - src.training.trainer - WARNING - 合併輸出 dynamic_weights 時出錯: all the input array dimensions except for the concatenation axis must match exactly, but along dimension 1, the array at index 0 has size 8 and the array at index 1 has size 4
2025-04-06 16:13:30,761 - src.training.trainer - INFO - 監控指標改善，模型已保存至 outputs\hybrid_20250406_161249\models\best_model.pt
2025-04-06 16:13:32,646 - src.training.trainer - WARNING - 合併輸出 dynamic_weights 時出錯: all the input array dimensions except for the concatenation axis must match exactly, but along dimension 1, the array at index 0 has size 8 and the array at index 1 has size 4
2025-04-06 16:13:32,647 - src.training.trainer - INFO - 輪次 21/200 - 訓練損失: 1.050635 - 驗證損失: 5.274674 - rmse: 1324.436484 - r2: -2.176930 - mae: 1086.845337 - 學習率: 0.000905 - 時間: 1.89秒
2025-04-06 16:13:32,669 - src.training.callbacks - INFO - 模型檢查點已保存至 outputs\hybrid_20250406_161249\HybridPINNLSTMModel_20250406_161251\checkpoints\HybridPINNLSTMModel_epoch_021.pt
2025-04-06 16:13:32,677 - src.training.trainer - INFO - 監控指標改善，模型已保存至 outputs\hybrid_20250406_161249\models\best_model.pt
2025-04-06 16:13:34,670 - src.training.trainer - WARNING - 合併輸出 dynamic_weights 時出錯: all the input array dimensions except for the concatenation axis must match exactly, but along dimension 1, the array at index 0 has size 8 and the array at index 1 has size 4
2025-04-06 16:13:34,682 - src.training.trainer - INFO - 監控指標改善，模型已保存至 outputs\hybrid_20250406_161249\models\best_model.pt
2025-04-06 16:13:36,574 - src.training.trainer - WARNING - 合併輸出 dynamic_weights 時出錯: all the input array dimensions except for the concatenation axis must match exactly, but along dimension 1, the array at index 0 has size 8 and the array at index 1 has size 4
2025-04-06 16:13:36,585 - src.training.trainer - INFO - 監控指標改善，模型已保存至 outputs\hybrid_20250406_161249\models\best_model.pt
2025-04-06 16:13:38,502 - src.training.trainer - WARNING - 合併輸出 dynamic_weights 時出錯: all the input array dimensions except for the concatenation axis must match exactly, but along dimension 1, the array at index 0 has size 8 and the array at index 1 has size 4
2025-04-06 16:13:38,511 - src.training.trainer - INFO - 監控指標改善，模型已保存至 outputs\hybrid_20250406_161249\models\best_model.pt
2025-04-06 16:13:40,459 - src.training.trainer - WARNING - 合併輸出 dynamic_weights 時出錯: all the input array dimensions except for the concatenation axis must match exactly, but along dimension 1, the array at index 0 has size 8 and the array at index 1 has size 4
2025-04-06 16:13:40,470 - src.training.trainer - INFO - 監控指標改善，模型已保存至 outputs\hybrid_20250406_161249\models\best_model.pt
2025-04-06 16:13:42,396 - src.training.trainer - WARNING - 合併輸出 dynamic_weights 時出錯: all the input array dimensions except for the concatenation axis must match exactly, but along dimension 1, the array at index 0 has size 8 and the array at index 1 has size 4
2025-04-06 16:13:42,409 - src.training.callbacks - INFO - 模型檢查點已保存至 outputs\hybrid_20250406_161249\HybridPINNLSTMModel_20250406_161251\checkpoints\HybridPINNLSTMModel_epoch_026.pt
2025-04-06 16:13:42,419 - src.training.trainer - INFO - 監控指標改善，模型已保存至 outputs\hybrid_20250406_161249\models\best_model.pt
2025-04-06 16:13:44,480 - src.training.trainer - WARNING - 合併輸出 dynamic_weights 時出錯: all the input array dimensions except for the concatenation axis must match exactly, but along dimension 1, the array at index 0 has size 8 and the array at index 1 has size 4
2025-04-06 16:13:44,488 - src.training.trainer - INFO - 監控指標改善，模型已保存至 outputs\hybrid_20250406_161249\models\best_model.pt
2025-04-06 16:13:46,422 - src.training.trainer - WARNING - 合併輸出 dynamic_weights 時出錯: all the input array dimensions except for the concatenation axis must match exactly, but along dimension 1, the array at index 0 has size 8 and the array at index 1 has size 4
2025-04-06 16:13:46,433 - src.training.trainer - INFO - 監控指標改善，模型已保存至 outputs\hybrid_20250406_161249\models\best_model.pt
2025-04-06 16:13:48,391 - src.training.trainer - WARNING - 合併輸出 dynamic_weights 時出錯: all the input array dimensions except for the concatenation axis must match exactly, but along dimension 1, the array at index 0 has size 8 and the array at index 1 has size 4
2025-04-06 16:13:48,400 - src.training.trainer - INFO - 監控指標改善，模型已保存至 outputs\hybrid_20250406_161249\models\best_model.pt
2025-04-06 16:13:50,391 - src.training.trainer - WARNING - 合併輸出 dynamic_weights 時出錯: all the input array dimensions except for the concatenation axis must match exactly, but along dimension 1, the array at index 0 has size 8 and the array at index 1 has size 4
2025-04-06 16:13:50,398 - src.training.trainer - INFO - 監控指標改善，模型已保存至 outputs\hybrid_20250406_161249\models\best_model.pt
2025-04-06 16:13:52,312 - src.training.trainer - WARNING - 合併輸出 dynamic_weights 時出錯: all the input array dimensions except for the concatenation axis must match exactly, but along dimension 1, the array at index 0 has size 8 and the array at index 1 has size 4
2025-04-06 16:13:52,313 - src.training.trainer - INFO - 輪次 31/200 - 訓練損失: 0.908627 - 驗證損失: 3.221558 - rmse: 1266.182994 - r2: -1.903610 - mae: 1015.521057 - 學習率: 0.000796 - 時間: 1.91秒
2025-04-06 16:13:52,336 - src.training.callbacks - INFO - 模型檢查點已保存至 outputs\hybrid_20250406_161249\HybridPINNLSTMModel_20250406_161251\checkpoints\HybridPINNLSTMModel_epoch_031.pt
2025-04-06 16:13:52,345 - src.training.trainer - INFO - 監控指標改善，模型已保存至 outputs\hybrid_20250406_161249\models\best_model.pt
2025-04-06 16:13:54,264 - src.training.trainer - WARNING - 合併輸出 dynamic_weights 時出錯: all the input array dimensions except for the concatenation axis must match exactly, but along dimension 1, the array at index 0 has size 8 and the array at index 1 has size 4
2025-04-06 16:13:54,272 - src.training.trainer - INFO - 監控指標改善，模型已保存至 outputs\hybrid_20250406_161249\models\best_model.pt
2025-04-06 16:13:56,189 - src.training.trainer - WARNING - 合併輸出 dynamic_weights 時出錯: all the input array dimensions except for the concatenation axis must match exactly, but along dimension 1, the array at index 0 has size 8 and the array at index 1 has size 4
2025-04-06 16:13:56,199 - src.training.trainer - INFO - 監控指標改善，模型已保存至 outputs\hybrid_20250406_161249\models\best_model.pt
2025-04-06 16:13:58,156 - src.training.trainer - WARNING - 合併輸出 dynamic_weights 時出錯: all the input array dimensions except for the concatenation axis must match exactly, but along dimension 1, the array at index 0 has size 8 and the array at index 1 has size 4
2025-04-06 16:13:58,167 - src.training.trainer - INFO - 監控指標改善，模型已保存至 outputs\hybrid_20250406_161249\models\best_model.pt
2025-04-06 16:14:00,179 - src.training.trainer - WARNING - 合併輸出 dynamic_weights 時出錯: all the input array dimensions except for the concatenation axis must match exactly, but along dimension 1, the array at index 0 has size 8 and the array at index 1 has size 4
2025-04-06 16:14:00,189 - src.training.trainer - INFO - 監控指標改善，模型已保存至 outputs\hybrid_20250406_161249\models\best_model.pt
2025-04-06 16:14:02,109 - src.training.trainer - WARNING - 合併輸出 dynamic_weights 時出錯: all the input array dimensions except for the concatenation axis must match exactly, but along dimension 1, the array at index 0 has size 8 and the array at index 1 has size 4
2025-04-06 16:14:02,126 - src.training.callbacks - INFO - 模型檢查點已保存至 outputs\hybrid_20250406_161249\HybridPINNLSTMModel_20250406_161251\checkpoints\HybridPINNLSTMModel_epoch_036.pt
2025-04-06 16:14:02,135 - src.training.trainer - INFO - 監控指標改善，模型已保存至 outputs\hybrid_20250406_161249\models\best_model.pt
2025-04-06 16:14:04,020 - src.training.trainer - WARNING - 合併輸出 dynamic_weights 時出錯: all the input array dimensions except for the concatenation axis must match exactly, but along dimension 1, the array at index 0 has size 8 and the array at index 1 has size 4
2025-04-06 16:14:04,029 - src.training.trainer - INFO - 監控指標改善，模型已保存至 outputs\hybrid_20250406_161249\models\best_model.pt
2025-04-06 16:14:05,957 - src.training.trainer - WARNING - 合併輸出 dynamic_weights 時出錯: all the input array dimensions except for the concatenation axis must match exactly, but along dimension 1, the array at index 0 has size 8 and the array at index 1 has size 4
2025-04-06 16:14:05,965 - src.training.trainer - INFO - 監控指標改善，模型已保存至 outputs\hybrid_20250406_161249\models\best_model.pt
2025-04-06 16:14:07,865 - src.training.trainer - WARNING - 合併輸出 dynamic_weights 時出錯: all the input array dimensions except for the concatenation axis must match exactly, but along dimension 1, the array at index 0 has size 8 and the array at index 1 has size 4
2025-04-06 16:14:07,874 - src.training.trainer - INFO - 監控指標改善，模型已保存至 outputs\hybrid_20250406_161249\models\best_model.pt
2025-04-06 16:14:09,874 - src.training.trainer - WARNING - 合併輸出 dynamic_weights 時出錯: all the input array dimensions except for the concatenation axis must match exactly, but along dimension 1, the array at index 0 has size 8 and the array at index 1 has size 4
2025-04-06 16:14:09,885 - src.training.trainer - INFO - 監控指標改善，模型已保存至 outputs\hybrid_20250406_161249\models\best_model.pt
2025-04-06 16:14:11,813 - src.training.trainer - WARNING - 合併輸出 dynamic_weights 時出錯: all the input array dimensions except for the concatenation axis must match exactly, but along dimension 1, the array at index 0 has size 8 and the array at index 1 has size 4
2025-04-06 16:14:11,814 - src.training.trainer - INFO - 輪次 41/200 - 訓練損失: 0.800921 - 驗證損失: 4.730528 - rmse: 1312.748453 - r2: -2.121105 - mae: 1064.218750 - 學習率: 0.000658 - 時間: 1.93秒
2025-04-06 16:14:11,829 - src.training.callbacks - INFO - 模型檢查點已保存至 outputs\hybrid_20250406_161249\HybridPINNLSTMModel_20250406_161251\checkpoints\HybridPINNLSTMModel_epoch_041.pt
2025-04-06 16:14:11,839 - src.training.trainer - INFO - 監控指標改善，模型已保存至 outputs\hybrid_20250406_161249\models\best_model.pt
2025-04-06 16:14:13,700 - src.training.trainer - WARNING - 合併輸出 dynamic_weights 時出錯: all the input array dimensions except for the concatenation axis must match exactly, but along dimension 1, the array at index 0 has size 8 and the array at index 1 has size 4
2025-04-06 16:14:13,709 - src.training.trainer - INFO - 監控指標改善，模型已保存至 outputs\hybrid_20250406_161249\models\best_model.pt
2025-04-06 16:14:15,564 - src.training.trainer - WARNING - 合併輸出 dynamic_weights 時出錯: all the input array dimensions except for the concatenation axis must match exactly, but along dimension 1, the array at index 0 has size 8 and the array at index 1 has size 4
2025-04-06 16:14:15,575 - src.training.trainer - INFO - 監控指標改善，模型已保存至 outputs\hybrid_20250406_161249\models\best_model.pt
2025-04-06 16:14:17,551 - src.training.trainer - WARNING - 合併輸出 dynamic_weights 時出錯: all the input array dimensions except for the concatenation axis must match exactly, but along dimension 1, the array at index 0 has size 8 and the array at index 1 has size 4
2025-04-06 16:14:17,559 - src.training.trainer - INFO - 監控指標改善，模型已保存至 outputs\hybrid_20250406_161249\models\best_model.pt
2025-04-06 16:14:19,481 - src.training.trainer - WARNING - 合併輸出 dynamic_weights 時出錯: all the input array dimensions except for the concatenation axis must match exactly, but along dimension 1, the array at index 0 has size 8 and the array at index 1 has size 4
2025-04-06 16:14:19,493 - src.training.trainer - INFO - 監控指標改善，模型已保存至 outputs\hybrid_20250406_161249\models\best_model.pt
2025-04-06 16:14:21,553 - src.training.trainer - WARNING - 合併輸出 dynamic_weights 時出錯: all the input array dimensions except for the concatenation axis must match exactly, but along dimension 1, the array at index 0 has size 8 and the array at index 1 has size 4
2025-04-06 16:14:21,566 - src.training.callbacks - INFO - 模型檢查點已保存至 outputs\hybrid_20250406_161249\HybridPINNLSTMModel_20250406_161251\checkpoints\HybridPINNLSTMModel_epoch_046.pt
2025-04-06 16:14:21,578 - src.training.trainer - INFO - 監控指標改善，模型已保存至 outputs\hybrid_20250406_161249\models\best_model.pt
2025-04-06 16:14:23,527 - src.training.trainer - WARNING - 合併輸出 dynamic_weights 時出錯: all the input array dimensions except for the concatenation axis must match exactly, but along dimension 1, the array at index 0 has size 8 and the array at index 1 has size 4
2025-04-06 16:14:23,535 - src.training.trainer - INFO - 監控指標改善，模型已保存至 outputs\hybrid_20250406_161249\models\best_model.pt
2025-04-06 16:14:25,448 - src.training.trainer - WARNING - 合併輸出 dynamic_weights 時出錯: all the input array dimensions except for the concatenation axis must match exactly, but along dimension 1, the array at index 0 has size 8 and the array at index 1 has size 4
2025-04-06 16:14:25,456 - src.training.trainer - INFO - 監控指標改善，模型已保存至 outputs\hybrid_20250406_161249\models\best_model.pt
2025-04-06 16:14:27,352 - src.training.trainer - WARNING - 合併輸出 dynamic_weights 時出錯: all the input array dimensions except for the concatenation axis must match exactly, but along dimension 1, the array at index 0 has size 8 and the array at index 1 has size 4
2025-04-06 16:14:27,360 - src.training.trainer - INFO - 監控指標改善，模型已保存至 outputs\hybrid_20250406_161249\models\best_model.pt
2025-04-06 16:14:29,282 - src.training.trainer - WARNING - 合併輸出 dynamic_weights 時出錯: all the input array dimensions except for the concatenation axis must match exactly, but along dimension 1, the array at index 0 has size 8 and the array at index 1 has size 4
2025-04-06 16:14:29,294 - src.training.trainer - INFO - 監控指標改善，模型已保存至 outputs\hybrid_20250406_161249\models\best_model.pt
2025-04-06 16:14:31,242 - src.training.trainer - WARNING - 合併輸出 dynamic_weights 時出錯: all the input array dimensions except for the concatenation axis must match exactly, but along dimension 1, the array at index 0 has size 8 and the array at index 1 has size 4
2025-04-06 16:14:31,243 - src.training.trainer - INFO - 輪次 51/200 - 訓練損失: 0.728372 - 驗證損失: 4.921775 - rmse: 1317.000759 - r2: -2.141358 - mae: 1072.415649 - 學習率: 0.000505 - 時間: 1.95秒
2025-04-06 16:14:31,257 - src.training.callbacks - INFO - 模型檢查點已保存至 outputs\hybrid_20250406_161249\HybridPINNLSTMModel_20250406_161251\checkpoints\HybridPINNLSTMModel_epoch_051.pt
2025-04-06 16:14:31,270 - src.training.trainer - INFO - 監控指標改善，模型已保存至 outputs\hybrid_20250406_161249\models\best_model.pt
2025-04-06 16:14:33,175 - src.training.trainer - WARNING - 合併輸出 dynamic_weights 時出錯: all the input array dimensions except for the concatenation axis must match exactly, but along dimension 1, the array at index 0 has size 8 and the array at index 1 has size 4
2025-04-06 16:14:33,184 - src.training.trainer - INFO - 監控指標改善，模型已保存至 outputs\hybrid_20250406_161249\models\best_model.pt
2025-04-06 16:14:35,141 - src.training.trainer - WARNING - 合併輸出 dynamic_weights 時出錯: all the input array dimensions except for the concatenation axis must match exactly, but along dimension 1, the array at index 0 has size 8 and the array at index 1 has size 4
2025-04-06 16:14:35,150 - src.training.trainer - INFO - 監控指標改善，模型已保存至 outputs\hybrid_20250406_161249\models\best_model.pt
2025-04-06 16:14:37,066 - src.training.trainer - WARNING - 合併輸出 dynamic_weights 時出錯: all the input array dimensions except for the concatenation axis must match exactly, but along dimension 1, the array at index 0 has size 8 and the array at index 1 has size 4
2025-04-06 16:14:37,077 - src.training.trainer - INFO - 監控指標改善，模型已保存至 outputs\hybrid_20250406_161249\models\best_model.pt
2025-04-06 16:14:39,076 - src.training.trainer - WARNING - 合併輸出 dynamic_weights 時出錯: all the input array dimensions except for the concatenation axis must match exactly, but along dimension 1, the array at index 0 has size 8 and the array at index 1 has size 4
2025-04-06 16:14:39,089 - src.training.trainer - INFO - 監控指標改善，模型已保存至 outputs\hybrid_20250406_161249\models\best_model.pt
2025-04-06 16:14:41,360 - src.training.trainer - WARNING - 合併輸出 dynamic_weights 時出錯: all the input array dimensions except for the concatenation axis must match exactly, but along dimension 1, the array at index 0 has size 8 and the array at index 1 has size 4
2025-04-06 16:14:41,384 - src.training.callbacks - INFO - 模型檢查點已保存至 outputs\hybrid_20250406_161249\HybridPINNLSTMModel_20250406_161251\checkpoints\HybridPINNLSTMModel_epoch_056.pt
2025-04-06 16:14:41,399 - src.training.trainer - INFO - 監控指標改善，模型已保存至 outputs\hybrid_20250406_161249\models\best_model.pt
2025-04-06 16:14:43,741 - src.training.trainer - WARNING - 合併輸出 dynamic_weights 時出錯: all the input array dimensions except for the concatenation axis must match exactly, but along dimension 1, the array at index 0 has size 8 and the array at index 1 has size 4
2025-04-06 16:14:43,752 - src.training.trainer - INFO - 監控指標改善，模型已保存至 outputs\hybrid_20250406_161249\models\best_model.pt
2025-04-06 16:14:45,903 - src.training.trainer - WARNING - 合併輸出 dynamic_weights 時出錯: all the input array dimensions except for the concatenation axis must match exactly, but along dimension 1, the array at index 0 has size 8 and the array at index 1 has size 4
2025-04-06 16:14:45,912 - src.training.trainer - INFO - 監控指標改善，模型已保存至 outputs\hybrid_20250406_161249\models\best_model.pt
2025-04-06 16:14:47,936 - src.training.trainer - WARNING - 合併輸出 dynamic_weights 時出錯: all the input array dimensions except for the concatenation axis must match exactly, but along dimension 1, the array at index 0 has size 8 and the array at index 1 has size 4
2025-04-06 16:14:47,952 - src.training.trainer - INFO - 監控指標改善，模型已保存至 outputs\hybrid_20250406_161249\models\best_model.pt
2025-04-06 16:14:49,938 - src.training.trainer - WARNING - 合併輸出 dynamic_weights 時出錯: all the input array dimensions except for the concatenation axis must match exactly, but along dimension 1, the array at index 0 has size 8 and the array at index 1 has size 4
2025-04-06 16:14:49,946 - src.training.trainer - INFO - 監控指標改善，模型已保存至 outputs\hybrid_20250406_161249\models\best_model.pt
2025-04-06 16:14:51,858 - src.training.trainer - WARNING - 合併輸出 dynamic_weights 時出錯: all the input array dimensions except for the concatenation axis must match exactly, but along dimension 1, the array at index 0 has size 8 and the array at index 1 has size 4
2025-04-06 16:14:51,858 - src.training.trainer - INFO - 輪次 61/200 - 訓練損失: 0.711441 - 驗證損失: 4.487364 - rmse: 1309.724542 - r2: -2.106743 - mae: 1065.713623 - 學習率: 0.000352 - 時間: 1.91秒
2025-04-06 16:14:51,873 - src.training.callbacks - INFO - 模型檢查點已保存至 outputs\hybrid_20250406_161249\HybridPINNLSTMModel_20250406_161251\checkpoints\HybridPINNLSTMModel_epoch_061.pt
2025-04-06 16:14:51,885 - src.training.trainer - INFO - 監控指標改善，模型已保存至 outputs\hybrid_20250406_161249\models\best_model.pt
2025-04-06 16:14:53,864 - src.training.trainer - WARNING - 合併輸出 dynamic_weights 時出錯: all the input array dimensions except for the concatenation axis must match exactly, but along dimension 1, the array at index 0 has size 8 and the array at index 1 has size 4
2025-04-06 16:14:53,877 - src.training.trainer - INFO - 監控指標改善，模型已保存至 outputs\hybrid_20250406_161249\models\best_model.pt
2025-04-06 16:14:55,743 - src.training.trainer - WARNING - 合併輸出 dynamic_weights 時出錯: all the input array dimensions except for the concatenation axis must match exactly, but along dimension 1, the array at index 0 has size 8 and the array at index 1 has size 4
2025-04-06 16:14:55,751 - src.training.trainer - INFO - 監控指標改善，模型已保存至 outputs\hybrid_20250406_161249\models\best_model.pt
2025-04-06 16:14:57,573 - src.training.trainer - WARNING - 合併輸出 dynamic_weights 時出錯: all the input array dimensions except for the concatenation axis must match exactly, but along dimension 1, the array at index 0 has size 8 and the array at index 1 has size 4
2025-04-06 16:14:57,580 - src.training.trainer - INFO - 監控指標改善，模型已保存至 outputs\hybrid_20250406_161249\models\best_model.pt
2025-04-06 16:14:59,518 - src.training.trainer - WARNING - 合併輸出 dynamic_weights 時出錯: all the input array dimensions except for the concatenation axis must match exactly, but along dimension 1, the array at index 0 has size 8 and the array at index 1 has size 4
2025-04-06 16:14:59,531 - src.training.trainer - INFO - 監控指標改善，模型已保存至 outputs\hybrid_20250406_161249\models\best_model.pt
2025-04-06 16:15:01,487 - src.training.trainer - WARNING - 合併輸出 dynamic_weights 時出錯: all the input array dimensions except for the concatenation axis must match exactly, but along dimension 1, the array at index 0 has size 8 and the array at index 1 has size 4
2025-04-06 16:15:01,508 - src.training.callbacks - INFO - 模型檢查點已保存至 outputs\hybrid_20250406_161249\HybridPINNLSTMModel_20250406_161251\checkpoints\HybridPINNLSTMModel_epoch_066.pt
2025-04-06 16:15:01,520 - src.training.trainer - INFO - 監控指標改善，模型已保存至 outputs\hybrid_20250406_161249\models\best_model.pt
2025-04-06 16:15:03,469 - src.training.trainer - WARNING - 合併輸出 dynamic_weights 時出錯: all the input array dimensions except for the concatenation axis must match exactly, but along dimension 1, the array at index 0 has size 8 and the array at index 1 has size 4
2025-04-06 16:15:03,479 - src.training.trainer - INFO - 監控指標改善，模型已保存至 outputs\hybrid_20250406_161249\models\best_model.pt
2025-04-06 16:15:05,376 - src.training.trainer - WARNING - 合併輸出 dynamic_weights 時出錯: all the input array dimensions except for the concatenation axis must match exactly, but along dimension 1, the array at index 0 has size 8 and the array at index 1 has size 4
2025-04-06 16:15:05,388 - src.training.trainer - INFO - 監控指標改善，模型已保存至 outputs\hybrid_20250406_161249\models\best_model.pt
2025-04-06 16:15:07,235 - src.training.trainer - WARNING - 合併輸出 dynamic_weights 時出錯: all the input array dimensions except for the concatenation axis must match exactly, but along dimension 1, the array at index 0 has size 8 and the array at index 1 has size 4
2025-04-06 16:15:07,242 - src.training.trainer - INFO - 監控指標改善，模型已保存至 outputs\hybrid_20250406_161249\models\best_model.pt
2025-04-06 16:15:09,085 - src.training.trainer - WARNING - 合併輸出 dynamic_weights 時出錯: all the input array dimensions except for the concatenation axis must match exactly, but along dimension 1, the array at index 0 has size 8 and the array at index 1 has size 4
2025-04-06 16:15:09,097 - src.training.trainer - INFO - 監控指標改善，模型已保存至 outputs\hybrid_20250406_161249\models\best_model.pt
2025-04-06 16:15:11,087 - src.training.trainer - WARNING - 合併輸出 dynamic_weights 時出錯: all the input array dimensions except for the concatenation axis must match exactly, but along dimension 1, the array at index 0 has size 8 and the array at index 1 has size 4
2025-04-06 16:15:11,087 - src.training.trainer - INFO - 輪次 71/200 - 訓練損失: 0.684244 - 驗證損失: 4.556910 - rmse: 1310.138208 - r2: -2.108706 - mae: 1065.094604 - 學習率: 0.000214 - 時間: 1.99秒
2025-04-06 16:15:11,109 - src.training.callbacks - INFO - 模型檢查點已保存至 outputs\hybrid_20250406_161249\HybridPINNLSTMModel_20250406_161251\checkpoints\HybridPINNLSTMModel_epoch_071.pt
2025-04-06 16:15:11,119 - src.training.trainer - INFO - 監控指標改善，模型已保存至 outputs\hybrid_20250406_161249\models\best_model.pt
2025-04-06 16:15:13,035 - src.training.trainer - WARNING - 合併輸出 dynamic_weights 時出錯: all the input array dimensions except for the concatenation axis must match exactly, but along dimension 1, the array at index 0 has size 8 and the array at index 1 has size 4
2025-04-06 16:15:13,043 - src.training.trainer - INFO - 監控指標改善，模型已保存至 outputs\hybrid_20250406_161249\models\best_model.pt
2025-04-06 16:15:15,048 - src.training.trainer - WARNING - 合併輸出 dynamic_weights 時出錯: all the input array dimensions except for the concatenation axis must match exactly, but along dimension 1, the array at index 0 has size 8 and the array at index 1 has size 4
2025-04-06 16:15:15,054 - src.training.trainer - INFO - 監控指標改善，模型已保存至 outputs\hybrid_20250406_161249\models\best_model.pt
2025-04-06 16:15:16,924 - src.training.trainer - WARNING - 合併輸出 dynamic_weights 時出錯: all the input array dimensions except for the concatenation axis must match exactly, but along dimension 1, the array at index 0 has size 8 and the array at index 1 has size 4
2025-04-06 16:15:16,933 - src.training.trainer - INFO - 監控指標改善，模型已保存至 outputs\hybrid_20250406_161249\models\best_model.pt
2025-04-06 16:15:18,853 - src.training.trainer - WARNING - 合併輸出 dynamic_weights 時出錯: all the input array dimensions except for the concatenation axis must match exactly, but along dimension 1, the array at index 0 has size 8 and the array at index 1 has size 4
2025-04-06 16:15:18,861 - src.training.trainer - INFO - 監控指標改善，模型已保存至 outputs\hybrid_20250406_161249\models\best_model.pt
2025-04-06 16:15:20,805 - src.training.trainer - WARNING - 合併輸出 dynamic_weights 時出錯: all the input array dimensions except for the concatenation axis must match exactly, but along dimension 1, the array at index 0 has size 8 and the array at index 1 has size 4
2025-04-06 16:15:20,819 - src.training.callbacks - INFO - 模型檢查點已保存至 outputs\hybrid_20250406_161249\HybridPINNLSTMModel_20250406_161251\checkpoints\HybridPINNLSTMModel_epoch_076.pt
2025-04-06 16:15:20,831 - src.training.trainer - INFO - 監控指標改善，模型已保存至 outputs\hybrid_20250406_161249\models\best_model.pt
2025-04-06 16:15:22,786 - src.training.trainer - WARNING - 合併輸出 dynamic_weights 時出錯: all the input array dimensions except for the concatenation axis must match exactly, but along dimension 1, the array at index 0 has size 8 and the array at index 1 has size 4
2025-04-06 16:15:22,797 - src.training.trainer - INFO - 監控指標改善，模型已保存至 outputs\hybrid_20250406_161249\models\best_model.pt
2025-04-06 16:15:24,784 - src.training.trainer - WARNING - 合併輸出 dynamic_weights 時出錯: all the input array dimensions except for the concatenation axis must match exactly, but along dimension 1, the array at index 0 has size 8 and the array at index 1 has size 4
2025-04-06 16:15:24,792 - src.training.trainer - INFO - 監控指標改善，模型已保存至 outputs\hybrid_20250406_161249\models\best_model.pt
2025-04-06 16:15:26,715 - src.training.trainer - WARNING - 合併輸出 dynamic_weights 時出錯: all the input array dimensions except for the concatenation axis must match exactly, but along dimension 1, the array at index 0 has size 8 and the array at index 1 has size 4
2025-04-06 16:15:26,726 - src.training.trainer - INFO - 監控指標改善，模型已保存至 outputs\hybrid_20250406_161249\models\best_model.pt
2025-04-06 16:15:28,701 - src.training.trainer - WARNING - 合併輸出 dynamic_weights 時出錯: all the input array dimensions except for the concatenation axis must match exactly, but along dimension 1, the array at index 0 has size 8 and the array at index 1 has size 4
2025-04-06 16:15:28,713 - src.training.trainer - INFO - 監控指標改善，模型已保存至 outputs\hybrid_20250406_161249\models\best_model.pt
2025-04-06 16:15:30,647 - src.training.trainer - WARNING - 合併輸出 dynamic_weights 時出錯: all the input array dimensions except for the concatenation axis must match exactly, but along dimension 1, the array at index 0 has size 8 and the array at index 1 has size 4
2025-04-06 16:15:30,649 - src.training.trainer - INFO - 輪次 81/200 - 訓練損失: 0.665497 - 驗證損失: 4.677444 - rmse: 1311.016352 - r2: -2.112874 - mae: 1063.957397 - 學習率: 0.000105 - 時間: 1.94秒
2025-04-06 16:15:30,671 - src.training.callbacks - INFO - 模型檢查點已保存至 outputs\hybrid_20250406_161249\HybridPINNLSTMModel_20250406_161251\checkpoints\HybridPINNLSTMModel_epoch_081.pt
2025-04-06 16:15:30,679 - src.training.trainer - INFO - 監控指標改善，模型已保存至 outputs\hybrid_20250406_161249\models\best_model.pt
2025-04-06 16:15:32,609 - src.training.trainer - WARNING - 合併輸出 dynamic_weights 時出錯: all the input array dimensions except for the concatenation axis must match exactly, but along dimension 1, the array at index 0 has size 8 and the array at index 1 has size 4
2025-04-06 16:15:32,617 - src.training.trainer - INFO - 監控指標改善，模型已保存至 outputs\hybrid_20250406_161249\models\best_model.pt
2025-04-06 16:15:34,511 - src.training.trainer - WARNING - 合併輸出 dynamic_weights 時出錯: all the input array dimensions except for the concatenation axis must match exactly, but along dimension 1, the array at index 0 has size 8 and the array at index 1 has size 4
2025-04-06 16:15:34,519 - src.training.trainer - INFO - 監控指標改善，模型已保存至 outputs\hybrid_20250406_161249\models\best_model.pt
2025-04-06 16:15:36,509 - src.training.trainer - WARNING - 合併輸出 dynamic_weights 時出錯: all the input array dimensions except for the concatenation axis must match exactly, but along dimension 1, the array at index 0 has size 8 and the array at index 1 has size 4
2025-04-06 16:15:36,519 - src.training.trainer - INFO - 監控指標改善，模型已保存至 outputs\hybrid_20250406_161249\models\best_model.pt
2025-04-06 16:15:38,462 - src.training.trainer - WARNING - 合併輸出 dynamic_weights 時出錯: all the input array dimensions except for the concatenation axis must match exactly, but along dimension 1, the array at index 0 has size 8 and the array at index 1 has size 4
2025-04-06 16:15:38,470 - src.training.trainer - INFO - 監控指標改善，模型已保存至 outputs\hybrid_20250406_161249\models\best_model.pt
2025-04-06 16:15:40,378 - src.training.trainer - WARNING - 合併輸出 dynamic_weights 時出錯: all the input array dimensions except for the concatenation axis must match exactly, but along dimension 1, the array at index 0 has size 8 and the array at index 1 has size 4
2025-04-06 16:15:40,402 - src.training.callbacks - INFO - 模型檢查點已保存至 outputs\hybrid_20250406_161249\HybridPINNLSTMModel_20250406_161251\checkpoints\HybridPINNLSTMModel_epoch_086.pt
2025-04-06 16:15:40,414 - src.training.trainer - INFO - 監控指標改善，模型已保存至 outputs\hybrid_20250406_161249\models\best_model.pt
2025-04-06 16:15:42,367 - src.training.trainer - WARNING - 合併輸出 dynamic_weights 時出錯: all the input array dimensions except for the concatenation axis must match exactly, but along dimension 1, the array at index 0 has size 8 and the array at index 1 has size 4
2025-04-06 16:15:42,379 - src.training.trainer - INFO - 監控指標改善，模型已保存至 outputs\hybrid_20250406_161249\models\best_model.pt
2025-04-06 16:15:44,249 - src.training.trainer - WARNING - 合併輸出 dynamic_weights 時出錯: all the input array dimensions except for the concatenation axis must match exactly, but along dimension 1, the array at index 0 has size 8 and the array at index 1 has size 4
2025-04-06 16:15:44,257 - src.training.trainer - INFO - 監控指標改善，模型已保存至 outputs\hybrid_20250406_161249\models\best_model.pt
2025-04-06 16:15:46,214 - src.training.trainer - WARNING - 合併輸出 dynamic_weights 時出錯: all the input array dimensions except for the concatenation axis must match exactly, but along dimension 1, the array at index 0 has size 8 and the array at index 1 has size 4
2025-04-06 16:15:46,222 - src.training.trainer - INFO - 監控指標改善，模型已保存至 outputs\hybrid_20250406_161249\models\best_model.pt
2025-04-06 16:15:48,243 - src.training.trainer - WARNING - 合併輸出 dynamic_weights 時出錯: all the input array dimensions except for the concatenation axis must match exactly, but along dimension 1, the array at index 0 has size 8 and the array at index 1 has size 4
2025-04-06 16:15:48,257 - src.training.trainer - INFO - 監控指標改善，模型已保存至 outputs\hybrid_20250406_161249\models\best_model.pt
2025-04-06 16:15:50,055 - src.training.trainer - WARNING - 合併輸出 dynamic_weights 時出錯: all the input array dimensions except for the concatenation axis must match exactly, but along dimension 1, the array at index 0 has size 8 and the array at index 1 has size 4
2025-04-06 16:15:50,057 - src.training.trainer - INFO - 輪次 91/200 - 訓練損失: 0.678574 - 驗證損失: 4.255849 - rmse: 1300.562234 - r2: -2.063428 - mae: 1048.897339 - 學習率: 0.000034 - 時間: 1.80秒
2025-04-06 16:15:50,071 - src.training.callbacks - INFO - 模型檢查點已保存至 outputs\hybrid_20250406_161249\HybridPINNLSTMModel_20250406_161251\checkpoints\HybridPINNLSTMModel_epoch_091.pt
2025-04-06 16:15:50,079 - src.training.trainer - INFO - 監控指標改善，模型已保存至 outputs\hybrid_20250406_161249\models\best_model.pt
2025-04-06 16:15:52,078 - src.training.trainer - WARNING - 合併輸出 dynamic_weights 時出錯: all the input array dimensions except for the concatenation axis must match exactly, but along dimension 1, the array at index 0 has size 8 and the array at index 1 has size 4
2025-04-06 16:15:52,090 - src.training.trainer - INFO - 監控指標改善，模型已保存至 outputs\hybrid_20250406_161249\models\best_model.pt
2025-04-06 16:15:54,149 - src.training.trainer - WARNING - 合併輸出 dynamic_weights 時出錯: all the input array dimensions except for the concatenation axis must match exactly, but along dimension 1, the array at index 0 has size 8 and the array at index 1 has size 4
2025-04-06 16:15:54,161 - src.training.trainer - INFO - 監控指標改善，模型已保存至 outputs\hybrid_20250406_161249\models\best_model.pt
2025-04-06 16:15:56,104 - src.training.trainer - WARNING - 合併輸出 dynamic_weights 時出錯: all the input array dimensions except for the concatenation axis must match exactly, but along dimension 1, the array at index 0 has size 8 and the array at index 1 has size 4
2025-04-06 16:15:56,112 - src.training.trainer - INFO - 監控指標改善，模型已保存至 outputs\hybrid_20250406_161249\models\best_model.pt
2025-04-06 16:15:58,104 - src.training.trainer - WARNING - 合併輸出 dynamic_weights 時出錯: all the input array dimensions except for the concatenation axis must match exactly, but along dimension 1, the array at index 0 has size 8 and the array at index 1 has size 4
2025-04-06 16:15:58,116 - src.training.trainer - INFO - 監控指標改善，模型已保存至 outputs\hybrid_20250406_161249\models\best_model.pt
2025-04-06 16:16:00,000 - src.training.trainer - WARNING - 合併輸出 dynamic_weights 時出錯: all the input array dimensions except for the concatenation axis must match exactly, but along dimension 1, the array at index 0 has size 8 and the array at index 1 has size 4
2025-04-06 16:16:00,022 - src.training.callbacks - INFO - 模型檢查點已保存至 outputs\hybrid_20250406_161249\HybridPINNLSTMModel_20250406_161251\checkpoints\HybridPINNLSTMModel_epoch_096.pt
2025-04-06 16:16:00,036 - src.training.trainer - INFO - 監控指標改善，模型已保存至 outputs\hybrid_20250406_161249\models\best_model.pt
2025-04-06 16:16:02,058 - src.training.trainer - WARNING - 合併輸出 dynamic_weights 時出錯: all the input array dimensions except for the concatenation axis must match exactly, but along dimension 1, the array at index 0 has size 8 and the array at index 1 has size 4
2025-04-06 16:16:02,072 - src.training.trainer - INFO - 監控指標改善，模型已保存至 outputs\hybrid_20250406_161249\models\best_model.pt
2025-04-06 16:16:04,008 - src.training.trainer - WARNING - 合併輸出 dynamic_weights 時出錯: all the input array dimensions except for the concatenation axis must match exactly, but along dimension 1, the array at index 0 has size 8 and the array at index 1 has size 4
2025-04-06 16:16:04,020 - src.training.trainer - INFO - 監控指標改善，模型已保存至 outputs\hybrid_20250406_161249\models\best_model.pt
2025-04-06 16:16:06,000 - src.training.trainer - WARNING - 合併輸出 dynamic_weights 時出錯: all the input array dimensions except for the concatenation axis must match exactly, but along dimension 1, the array at index 0 has size 8 and the array at index 1 has size 4
2025-04-06 16:16:06,008 - src.training.trainer - INFO - 監控指標改善，模型已保存至 outputs\hybrid_20250406_161249\models\best_model.pt
2025-04-06 16:16:07,933 - src.training.trainer - WARNING - 合併輸出 dynamic_weights 時出錯: all the input array dimensions except for the concatenation axis must match exactly, but along dimension 1, the array at index 0 has size 8 and the array at index 1 has size 4
2025-04-06 16:16:07,941 - src.training.trainer - INFO - 監控指標改善，模型已保存至 outputs\hybrid_20250406_161249\models\best_model.pt
2025-04-06 16:16:09,959 - src.training.trainer - WARNING - 合併輸出 dynamic_weights 時出錯: all the input array dimensions except for the concatenation axis must match exactly, but along dimension 1, the array at index 0 has size 8 and the array at index 1 has size 4
2025-04-06 16:16:09,959 - src.training.trainer - INFO - 輪次 101/200 - 訓練損失: 0.669305 - 驗證損失: 4.367837 - rmse: 1305.126814 - r2: -2.084969 - mae: 1056.249023 - 學習率: 0.000010 - 時間: 2.02秒
2025-04-06 16:16:09,975 - src.training.callbacks - INFO - 模型檢查點已保存至 outputs\hybrid_20250406_161249\HybridPINNLSTMModel_20250406_161251\checkpoints\HybridPINNLSTMModel_epoch_101.pt
2025-04-06 16:16:09,983 - src.training.trainer - INFO - 監控指標改善，模型已保存至 outputs\hybrid_20250406_161249\models\best_model.pt
2025-04-06 16:16:11,756 - src.training.trainer - WARNING - 合併輸出 dynamic_weights 時出錯: all the input array dimensions except for the concatenation axis must match exactly, but along dimension 1, the array at index 0 has size 8 and the array at index 1 has size 4
2025-04-06 16:16:11,764 - src.training.trainer - INFO - 監控指標改善，模型已保存至 outputs\hybrid_20250406_161249\models\best_model.pt
2025-04-06 16:16:13,728 - src.training.trainer - WARNING - 合併輸出 dynamic_weights 時出錯: all the input array dimensions except for the concatenation axis must match exactly, but along dimension 1, the array at index 0 has size 8 and the array at index 1 has size 4
2025-04-06 16:16:13,742 - src.training.trainer - INFO - 監控指標改善，模型已保存至 outputs\hybrid_20250406_161249\models\best_model.pt
2025-04-06 16:16:15,671 - src.training.trainer - WARNING - 合併輸出 dynamic_weights 時出錯: all the input array dimensions except for the concatenation axis must match exactly, but along dimension 1, the array at index 0 has size 8 and the array at index 1 has size 4
2025-04-06 16:16:15,683 - src.training.trainer - INFO - 監控指標改善，模型已保存至 outputs\hybrid_20250406_161249\models\best_model.pt
2025-04-06 16:16:17,541 - src.training.trainer - WARNING - 合併輸出 dynamic_weights 時出錯: all the input array dimensions except for the concatenation axis must match exactly, but along dimension 1, the array at index 0 has size 8 and the array at index 1 has size 4
2025-04-06 16:16:17,555 - src.training.trainer - INFO - 監控指標改善，模型已保存至 outputs\hybrid_20250406_161249\models\best_model.pt
2025-04-06 16:16:19,517 - src.training.trainer - WARNING - 合併輸出 dynamic_weights 時出錯: all the input array dimensions except for the concatenation axis must match exactly, but along dimension 1, the array at index 0 has size 8 and the array at index 1 has size 4
2025-04-06 16:16:19,539 - src.training.callbacks - INFO - 模型檢查點已保存至 outputs\hybrid_20250406_161249\HybridPINNLSTMModel_20250406_161251\checkpoints\HybridPINNLSTMModel_epoch_106.pt
2025-04-06 16:16:19,551 - src.training.trainer - INFO - 監控指標改善，模型已保存至 outputs\hybrid_20250406_161249\models\best_model.pt
2025-04-06 16:16:21,493 - src.training.trainer - WARNING - 合併輸出 dynamic_weights 時出錯: all the input array dimensions except for the concatenation axis must match exactly, but along dimension 1, the array at index 0 has size 8 and the array at index 1 has size 4
2025-04-06 16:16:21,505 - src.training.trainer - INFO - 監控指標改善，模型已保存至 outputs\hybrid_20250406_161249\models\best_model.pt
2025-04-06 16:16:23,357 - src.training.trainer - WARNING - 合併輸出 dynamic_weights 時出錯: all the input array dimensions except for the concatenation axis must match exactly, but along dimension 1, the array at index 0 has size 8 and the array at index 1 has size 4
2025-04-06 16:16:23,367 - src.training.trainer - INFO - 監控指標改善，模型已保存至 outputs\hybrid_20250406_161249\models\best_model.pt
2025-04-06 16:16:25,348 - src.training.trainer - WARNING - 合併輸出 dynamic_weights 時出錯: all the input array dimensions except for the concatenation axis must match exactly, but along dimension 1, the array at index 0 has size 8 and the array at index 1 has size 4
2025-04-06 16:16:25,362 - src.training.trainer - INFO - 監控指標改善，模型已保存至 outputs\hybrid_20250406_161249\models\best_model.pt
2025-04-06 16:16:27,405 - src.training.trainer - WARNING - 合併輸出 dynamic_weights 時出錯: all the input array dimensions except for the concatenation axis must match exactly, but along dimension 1, the array at index 0 has size 8 and the array at index 1 has size 4
2025-04-06 16:16:27,413 - src.training.trainer - INFO - 監控指標改善，模型已保存至 outputs\hybrid_20250406_161249\models\best_model.pt
2025-04-06 16:16:29,386 - src.training.trainer - WARNING - 合併輸出 dynamic_weights 時出錯: all the input array dimensions except for the concatenation axis must match exactly, but along dimension 1, the array at index 0 has size 8 and the array at index 1 has size 4
2025-04-06 16:16:29,386 - src.training.trainer - INFO - 輪次 111/200 - 訓練損失: 0.659218 - 驗證損失: 4.213430 - rmse: 1300.181334 - r2: -2.061634 - mae: 1049.695557 - 學習率: 0.000034 - 時間: 1.97秒
2025-04-06 16:16:29,405 - src.training.callbacks - INFO - 模型檢查點已保存至 outputs\hybrid_20250406_161249\HybridPINNLSTMModel_20250406_161251\checkpoints\HybridPINNLSTMModel_epoch_111.pt
2025-04-06 16:16:29,419 - src.training.trainer - INFO - 監控指標改善，模型已保存至 outputs\hybrid_20250406_161249\models\best_model.pt
2025-04-06 16:16:31,253 - src.training.trainer - WARNING - 合併輸出 dynamic_weights 時出錯: all the input array dimensions except for the concatenation axis must match exactly, but along dimension 1, the array at index 0 has size 8 and the array at index 1 has size 4
2025-04-06 16:16:31,263 - src.training.trainer - INFO - 監控指標改善，模型已保存至 outputs\hybrid_20250406_161249\models\best_model.pt
2025-04-06 16:16:33,136 - src.training.trainer - WARNING - 合併輸出 dynamic_weights 時出錯: all the input array dimensions except for the concatenation axis must match exactly, but along dimension 1, the array at index 0 has size 8 and the array at index 1 has size 4
2025-04-06 16:16:33,148 - src.training.trainer - INFO - 監控指標改善，模型已保存至 outputs\hybrid_20250406_161249\models\best_model.pt
2025-04-06 16:16:35,082 - src.training.trainer - WARNING - 合併輸出 dynamic_weights 時出錯: all the input array dimensions except for the concatenation axis must match exactly, but along dimension 1, the array at index 0 has size 8 and the array at index 1 has size 4
2025-04-06 16:16:35,090 - src.training.trainer - INFO - 監控指標改善，模型已保存至 outputs\hybrid_20250406_161249\models\best_model.pt
2025-04-06 16:16:36,887 - src.training.trainer - WARNING - 合併輸出 dynamic_weights 時出錯: all the input array dimensions except for the concatenation axis must match exactly, but along dimension 1, the array at index 0 has size 8 and the array at index 1 has size 4
2025-04-06 16:16:36,901 - src.training.trainer - INFO - 監控指標改善，模型已保存至 outputs\hybrid_20250406_161249\models\best_model.pt
2025-04-06 16:16:38,843 - src.training.trainer - WARNING - 合併輸出 dynamic_weights 時出錯: all the input array dimensions except for the concatenation axis must match exactly, but along dimension 1, the array at index 0 has size 8 and the array at index 1 has size 4
2025-04-06 16:16:38,858 - src.training.callbacks - INFO - 模型檢查點已保存至 outputs\hybrid_20250406_161249\HybridPINNLSTMModel_20250406_161251\checkpoints\HybridPINNLSTMModel_epoch_116.pt
2025-04-06 16:16:38,866 - src.training.trainer - INFO - 監控指標改善，模型已保存至 outputs\hybrid_20250406_161249\models\best_model.pt
2025-04-06 16:16:40,880 - src.training.trainer - WARNING - 合併輸出 dynamic_weights 時出錯: all the input array dimensions except for the concatenation axis must match exactly, but along dimension 1, the array at index 0 has size 8 and the array at index 1 has size 4
2025-04-06 16:16:40,890 - src.training.trainer - INFO - 監控指標改善，模型已保存至 outputs\hybrid_20250406_161249\models\best_model.pt
2025-04-06 16:16:42,829 - src.training.trainer - WARNING - 合併輸出 dynamic_weights 時出錯: all the input array dimensions except for the concatenation axis must match exactly, but along dimension 1, the array at index 0 has size 8 and the array at index 1 has size 4
2025-04-06 16:16:42,841 - src.training.trainer - INFO - 監控指標改善，模型已保存至 outputs\hybrid_20250406_161249\models\best_model.pt
2025-04-06 16:16:44,810 - src.training.trainer - WARNING - 合併輸出 dynamic_weights 時出錯: all the input array dimensions except for the concatenation axis must match exactly, but along dimension 1, the array at index 0 has size 8 and the array at index 1 has size 4
2025-04-06 16:16:44,824 - src.training.trainer - INFO - 監控指標改善，模型已保存至 outputs\hybrid_20250406_161249\models\best_model.pt
2025-04-06 16:16:46,787 - src.training.trainer - WARNING - 合併輸出 dynamic_weights 時出錯: all the input array dimensions except for the concatenation axis must match exactly, but along dimension 1, the array at index 0 has size 8 and the array at index 1 has size 4
2025-04-06 16:16:46,799 - src.training.trainer - INFO - 監控指標改善，模型已保存至 outputs\hybrid_20250406_161249\models\best_model.pt
2025-04-06 16:16:48,796 - src.training.trainer - WARNING - 合併輸出 dynamic_weights 時出錯: all the input array dimensions except for the concatenation axis must match exactly, but along dimension 1, the array at index 0 has size 8 and the array at index 1 has size 4
2025-04-06 16:16:48,796 - src.training.trainer - INFO - 輪次 121/200 - 訓練損失: 0.684308 - 驗證損失: 4.698221 - rmse: 1314.758866 - r2: -2.130672 - mae: 1071.463745 - 學習率: 0.000105 - 時間: 2.00秒
2025-04-06 16:16:48,810 - src.training.callbacks - INFO - 模型檢查點已保存至 outputs\hybrid_20250406_161249\HybridPINNLSTMModel_20250406_161251\checkpoints\HybridPINNLSTMModel_epoch_121.pt
2025-04-06 16:16:48,822 - src.training.trainer - INFO - 監控指標改善，模型已保存至 outputs\hybrid_20250406_161249\models\best_model.pt
2025-04-06 16:16:50,688 - src.training.trainer - WARNING - 合併輸出 dynamic_weights 時出錯: all the input array dimensions except for the concatenation axis must match exactly, but along dimension 1, the array at index 0 has size 8 and the array at index 1 has size 4
2025-04-06 16:16:50,700 - src.training.trainer - INFO - 監控指標改善，模型已保存至 outputs\hybrid_20250406_161249\models\best_model.pt
2025-04-06 16:16:52,658 - src.training.trainer - WARNING - 合併輸出 dynamic_weights 時出錯: all the input array dimensions except for the concatenation axis must match exactly, but along dimension 1, the array at index 0 has size 8 and the array at index 1 has size 4
2025-04-06 16:16:52,672 - src.training.trainer - INFO - 監控指標改善，模型已保存至 outputs\hybrid_20250406_161249\models\best_model.pt
2025-04-06 16:16:54,668 - src.training.trainer - WARNING - 合併輸出 dynamic_weights 時出錯: all the input array dimensions except for the concatenation axis must match exactly, but along dimension 1, the array at index 0 has size 8 and the array at index 1 has size 4
2025-04-06 16:16:54,680 - src.training.trainer - INFO - 監控指標改善，模型已保存至 outputs\hybrid_20250406_161249\models\best_model.pt
2025-04-06 16:16:56,714 - src.training.trainer - WARNING - 合併輸出 dynamic_weights 時出錯: all the input array dimensions except for the concatenation axis must match exactly, but along dimension 1, the array at index 0 has size 8 and the array at index 1 has size 4
2025-04-06 16:16:56,722 - src.training.trainer - INFO - 監控指標改善，模型已保存至 outputs\hybrid_20250406_161249\models\best_model.pt
2025-04-06 16:16:58,665 - src.training.trainer - WARNING - 合併輸出 dynamic_weights 時出錯: all the input array dimensions except for the concatenation axis must match exactly, but along dimension 1, the array at index 0 has size 8 and the array at index 1 has size 4
2025-04-06 16:16:58,689 - src.training.callbacks - INFO - 模型檢查點已保存至 outputs\hybrid_20250406_161249\HybridPINNLSTMModel_20250406_161251\checkpoints\HybridPINNLSTMModel_epoch_126.pt
2025-04-06 16:16:58,701 - src.training.trainer - INFO - 監控指標改善，模型已保存至 outputs\hybrid_20250406_161249\models\best_model.pt
2025-04-06 16:17:00,525 - src.training.trainer - WARNING - 合併輸出 dynamic_weights 時出錯: all the input array dimensions except for the concatenation axis must match exactly, but along dimension 1, the array at index 0 has size 8 and the array at index 1 has size 4
2025-04-06 16:17:00,535 - src.training.trainer - INFO - 監控指標改善，模型已保存至 outputs\hybrid_20250406_161249\models\best_model.pt
2025-04-06 16:17:02,468 - src.training.trainer - WARNING - 合併輸出 dynamic_weights 時出錯: all the input array dimensions except for the concatenation axis must match exactly, but along dimension 1, the array at index 0 has size 8 and the array at index 1 has size 4
2025-04-06 16:17:02,482 - src.training.trainer - INFO - 監控指標改善，模型已保存至 outputs\hybrid_20250406_161249\models\best_model.pt
2025-04-06 16:17:04,497 - src.training.trainer - WARNING - 合併輸出 dynamic_weights 時出錯: all the input array dimensions except for the concatenation axis must match exactly, but along dimension 1, the array at index 0 has size 8 and the array at index 1 has size 4
2025-04-06 16:17:04,503 - src.training.trainer - INFO - 監控指標改善，模型已保存至 outputs\hybrid_20250406_161249\models\best_model.pt
2025-04-06 16:17:06,347 - src.training.trainer - WARNING - 合併輸出 dynamic_weights 時出錯: all the input array dimensions except for the concatenation axis must match exactly, but along dimension 1, the array at index 0 has size 8 and the array at index 1 has size 4
2025-04-06 16:17:06,353 - src.training.trainer - INFO - 監控指標改善，模型已保存至 outputs\hybrid_20250406_161249\models\best_model.pt
2025-04-06 16:17:08,280 - src.training.trainer - WARNING - 合併輸出 dynamic_weights 時出錯: all the input array dimensions except for the concatenation axis must match exactly, but along dimension 1, the array at index 0 has size 8 and the array at index 1 has size 4
2025-04-06 16:17:08,280 - src.training.trainer - INFO - 輪次 131/200 - 訓練損失: 0.643783 - 驗證損失: 4.361384 - rmse: 1303.606967 - r2: -2.077788 - mae: 1053.451050 - 學習率: 0.000214 - 時間: 1.92秒
2025-04-06 16:17:08,302 - src.training.callbacks - INFO - 模型檢查點已保存至 outputs\hybrid_20250406_161249\HybridPINNLSTMModel_20250406_161251\checkpoints\HybridPINNLSTMModel_epoch_131.pt
2025-04-06 16:17:08,312 - src.training.trainer - INFO - 監控指標改善，模型已保存至 outputs\hybrid_20250406_161249\models\best_model.pt
2025-04-06 16:17:10,232 - src.training.trainer - WARNING - 合併輸出 dynamic_weights 時出錯: all the input array dimensions except for the concatenation axis must match exactly, but along dimension 1, the array at index 0 has size 8 and the array at index 1 has size 4
2025-04-06 16:17:10,241 - src.training.trainer - INFO - 監控指標改善，模型已保存至 outputs\hybrid_20250406_161249\models\best_model.pt
2025-04-06 16:17:12,143 - src.training.trainer - WARNING - 合併輸出 dynamic_weights 時出錯: all the input array dimensions except for the concatenation axis must match exactly, but along dimension 1, the array at index 0 has size 8 and the array at index 1 has size 4
2025-04-06 16:17:12,155 - src.training.trainer - INFO - 監控指標改善，模型已保存至 outputs\hybrid_20250406_161249\models\best_model.pt
2025-04-06 16:17:14,114 - src.training.trainer - WARNING - 合併輸出 dynamic_weights 時出錯: all the input array dimensions except for the concatenation axis must match exactly, but along dimension 1, the array at index 0 has size 8 and the array at index 1 has size 4
2025-04-06 16:17:14,126 - src.training.trainer - INFO - 監控指標改善，模型已保存至 outputs\hybrid_20250406_161249\models\best_model.pt
2025-04-06 16:17:16,025 - src.training.trainer - WARNING - 合併輸出 dynamic_weights 時出錯: all the input array dimensions except for the concatenation axis must match exactly, but along dimension 1, the array at index 0 has size 8 and the array at index 1 has size 4
2025-04-06 16:17:16,035 - src.training.trainer - INFO - 監控指標改善，模型已保存至 outputs\hybrid_20250406_161249\models\best_model.pt
2025-04-06 16:17:17,928 - src.training.trainer - WARNING - 合併輸出 dynamic_weights 時出錯: all the input array dimensions except for the concatenation axis must match exactly, but along dimension 1, the array at index 0 has size 8 and the array at index 1 has size 4
2025-04-06 16:17:17,946 - src.training.callbacks - INFO - 模型檢查點已保存至 outputs\hybrid_20250406_161249\HybridPINNLSTMModel_20250406_161251\checkpoints\HybridPINNLSTMModel_epoch_136.pt
2025-04-06 16:17:17,960 - src.training.trainer - INFO - 監控指標改善，模型已保存至 outputs\hybrid_20250406_161249\models\best_model.pt
2025-04-06 16:17:19,870 - src.training.trainer - WARNING - 合併輸出 dynamic_weights 時出錯: all the input array dimensions except for the concatenation axis must match exactly, but along dimension 1, the array at index 0 has size 8 and the array at index 1 has size 4
2025-04-06 16:17:19,884 - src.training.trainer - INFO - 監控指標改善，模型已保存至 outputs\hybrid_20250406_161249\models\best_model.pt
2025-04-06 16:17:21,803 - src.training.trainer - WARNING - 合併輸出 dynamic_weights 時出錯: all the input array dimensions except for the concatenation axis must match exactly, but along dimension 1, the array at index 0 has size 8 and the array at index 1 has size 4
2025-04-06 16:17:21,815 - src.training.trainer - INFO - 監控指標改善，模型已保存至 outputs\hybrid_20250406_161249\models\best_model.pt
2025-04-06 16:17:23,838 - src.training.trainer - WARNING - 合併輸出 dynamic_weights 時出錯: all the input array dimensions except for the concatenation axis must match exactly, but along dimension 1, the array at index 0 has size 8 and the array at index 1 has size 4
2025-04-06 16:17:23,850 - src.training.trainer - INFO - 監控指標改善，模型已保存至 outputs\hybrid_20250406_161249\models\best_model.pt
2025-04-06 16:17:25,938 - src.training.trainer - WARNING - 合併輸出 dynamic_weights 時出錯: all the input array dimensions except for the concatenation axis must match exactly, but along dimension 1, the array at index 0 has size 8 and the array at index 1 has size 4
2025-04-06 16:17:25,948 - src.training.trainer - INFO - 監控指標改善，模型已保存至 outputs\hybrid_20250406_161249\models\best_model.pt
2025-04-06 16:17:27,767 - src.training.trainer - WARNING - 合併輸出 dynamic_weights 時出錯: all the input array dimensions except for the concatenation axis must match exactly, but along dimension 1, the array at index 0 has size 8 and the array at index 1 has size 4
2025-04-06 16:17:27,769 - src.training.trainer - INFO - 輪次 141/200 - 訓練損失: 0.646468 - 驗證損失: 4.594069 - rmse: 1313.362669 - r2: -2.124026 - mae: 1070.442505 - 學習率: 0.000352 - 時間: 1.82秒
2025-04-06 16:17:27,782 - src.training.callbacks - INFO - 模型檢查點已保存至 outputs\hybrid_20250406_161249\HybridPINNLSTMModel_20250406_161251\checkpoints\HybridPINNLSTMModel_epoch_141.pt
2025-04-06 16:17:27,792 - src.training.trainer - INFO - 監控指標改善，模型已保存至 outputs\hybrid_20250406_161249\models\best_model.pt
2025-04-06 16:17:29,781 - src.training.trainer - WARNING - 合併輸出 dynamic_weights 時出錯: all the input array dimensions except for the concatenation axis must match exactly, but along dimension 1, the array at index 0 has size 8 and the array at index 1 has size 4
2025-04-06 16:17:29,793 - src.training.trainer - INFO - 監控指標改善，模型已保存至 outputs\hybrid_20250406_161249\models\best_model.pt
2025-04-06 16:17:31,727 - src.training.trainer - WARNING - 合併輸出 dynamic_weights 時出錯: all the input array dimensions except for the concatenation axis must match exactly, but along dimension 1, the array at index 0 has size 8 and the array at index 1 has size 4
2025-04-06 16:17:31,737 - src.training.trainer - INFO - 監控指標改善，模型已保存至 outputs\hybrid_20250406_161249\models\best_model.pt
2025-04-06 16:17:33,627 - src.training.trainer - WARNING - 合併輸出 dynamic_weights 時出錯: all the input array dimensions except for the concatenation axis must match exactly, but along dimension 1, the array at index 0 has size 8 and the array at index 1 has size 4
2025-04-06 16:17:33,641 - src.training.trainer - INFO - 監控指標改善，模型已保存至 outputs\hybrid_20250406_161249\models\best_model.pt
2025-04-06 16:17:35,529 - src.training.trainer - WARNING - 合併輸出 dynamic_weights 時出錯: all the input array dimensions except for the concatenation axis must match exactly, but along dimension 1, the array at index 0 has size 8 and the array at index 1 has size 4
2025-04-06 16:17:35,540 - src.training.trainer - INFO - 監控指標改善，模型已保存至 outputs\hybrid_20250406_161249\models\best_model.pt
2025-04-06 16:17:37,556 - src.training.trainer - WARNING - 合併輸出 dynamic_weights 時出錯: all the input array dimensions except for the concatenation axis must match exactly, but along dimension 1, the array at index 0 has size 8 and the array at index 1 has size 4
2025-04-06 16:17:37,576 - src.training.callbacks - INFO - 模型檢查點已保存至 outputs\hybrid_20250406_161249\HybridPINNLSTMModel_20250406_161251\checkpoints\HybridPINNLSTMModel_epoch_146.pt
2025-04-06 16:17:37,590 - src.training.trainer - INFO - 監控指標改善，模型已保存至 outputs\hybrid_20250406_161249\models\best_model.pt
2025-04-06 16:17:39,572 - src.training.trainer - WARNING - 合併輸出 dynamic_weights 時出錯: all the input array dimensions except for the concatenation axis must match exactly, but along dimension 1, the array at index 0 has size 8 and the array at index 1 has size 4
2025-04-06 16:17:39,586 - src.training.trainer - INFO - 監控指標改善，模型已保存至 outputs\hybrid_20250406_161249\models\best_model.pt
2025-04-06 16:17:41,419 - src.training.trainer - WARNING - 合併輸出 dynamic_weights 時出錯: all the input array dimensions except for the concatenation axis must match exactly, but along dimension 1, the array at index 0 has size 8 and the array at index 1 has size 4
2025-04-06 16:17:41,431 - src.training.trainer - INFO - 監控指標改善，模型已保存至 outputs\hybrid_20250406_161249\models\best_model.pt
2025-04-06 16:17:43,345 - src.training.trainer - WARNING - 合併輸出 dynamic_weights 時出錯: all the input array dimensions except for the concatenation axis must match exactly, but along dimension 1, the array at index 0 has size 8 and the array at index 1 has size 4
2025-04-06 16:17:43,352 - src.training.trainer - INFO - 監控指標改善，模型已保存至 outputs\hybrid_20250406_161249\models\best_model.pt
2025-04-06 16:17:45,347 - src.training.trainer - WARNING - 合併輸出 dynamic_weights 時出錯: all the input array dimensions except for the concatenation axis must match exactly, but along dimension 1, the array at index 0 has size 8 and the array at index 1 has size 4
2025-04-06 16:17:45,361 - src.training.trainer - INFO - 監控指標改善，模型已保存至 outputs\hybrid_20250406_161249\models\best_model.pt
2025-04-06 16:17:47,273 - src.training.trainer - WARNING - 合併輸出 dynamic_weights 時出錯: all the input array dimensions except for the concatenation axis must match exactly, but along dimension 1, the array at index 0 has size 8 and the array at index 1 has size 4
2025-04-06 16:17:47,273 - src.training.trainer - INFO - 輪次 151/200 - 訓練損失: 0.625407 - 驗證損失: 3.987478 - rmse: 1297.305525 - r2: -2.048105 - mae: 1049.506470 - 學習率: 0.000505 - 時間: 1.91秒
2025-04-06 16:17:47,297 - src.training.callbacks - INFO - 模型檢查點已保存至 outputs\hybrid_20250406_161249\HybridPINNLSTMModel_20250406_161251\checkpoints\HybridPINNLSTMModel_epoch_151.pt
2025-04-06 16:17:47,311 - src.training.trainer - INFO - 監控指標改善，模型已保存至 outputs\hybrid_20250406_161249\models\best_model.pt
2025-04-06 16:17:49,323 - src.training.trainer - WARNING - 合併輸出 dynamic_weights 時出錯: all the input array dimensions except for the concatenation axis must match exactly, but along dimension 1, the array at index 0 has size 8 and the array at index 1 has size 4
2025-04-06 16:17:49,337 - src.training.trainer - INFO - 監控指標改善，模型已保存至 outputs\hybrid_20250406_161249\models\best_model.pt
2025-04-06 16:17:51,320 - src.training.trainer - WARNING - 合併輸出 dynamic_weights 時出錯: all the input array dimensions except for the concatenation axis must match exactly, but along dimension 1, the array at index 0 has size 8 and the array at index 1 has size 4
2025-04-06 16:17:51,330 - src.training.trainer - INFO - 監控指標改善，模型已保存至 outputs\hybrid_20250406_161249\models\best_model.pt
2025-04-06 16:17:53,211 - src.training.trainer - WARNING - 合併輸出 dynamic_weights 時出錯: all the input array dimensions except for the concatenation axis must match exactly, but along dimension 1, the array at index 0 has size 8 and the array at index 1 has size 4
2025-04-06 16:17:53,219 - src.training.trainer - INFO - 監控指標改善，模型已保存至 outputs\hybrid_20250406_161249\models\best_model.pt
2025-04-06 16:17:55,126 - src.training.trainer - WARNING - 合併輸出 dynamic_weights 時出錯: all the input array dimensions except for the concatenation axis must match exactly, but along dimension 1, the array at index 0 has size 8 and the array at index 1 has size 4
2025-04-06 16:17:55,136 - src.training.trainer - INFO - 監控指標改善，模型已保存至 outputs\hybrid_20250406_161249\models\best_model.pt
2025-04-06 16:17:57,072 - src.training.trainer - WARNING - 合併輸出 dynamic_weights 時出錯: all the input array dimensions except for the concatenation axis must match exactly, but along dimension 1, the array at index 0 has size 8 and the array at index 1 has size 4
2025-04-06 16:17:57,086 - src.training.callbacks - INFO - 模型檢查點已保存至 outputs\hybrid_20250406_161249\HybridPINNLSTMModel_20250406_161251\checkpoints\HybridPINNLSTMModel_epoch_156.pt
2025-04-06 16:17:57,100 - src.training.trainer - INFO - 監控指標改善，模型已保存至 outputs\hybrid_20250406_161249\models\best_model.pt
2025-04-06 16:17:58,933 - src.training.trainer - WARNING - 合併輸出 dynamic_weights 時出錯: all the input array dimensions except for the concatenation axis must match exactly, but along dimension 1, the array at index 0 has size 8 and the array at index 1 has size 4
2025-04-06 16:17:58,943 - src.training.trainer - INFO - 監控指標改善，模型已保存至 outputs\hybrid_20250406_161249\models\best_model.pt
2025-04-06 16:18:00,970 - src.training.trainer - WARNING - 合併輸出 dynamic_weights 時出錯: all the input array dimensions except for the concatenation axis must match exactly, but along dimension 1, the array at index 0 has size 8 and the array at index 1 has size 4
2025-04-06 16:18:00,977 - src.training.trainer - INFO - 監控指標改善，模型已保存至 outputs\hybrid_20250406_161249\models\best_model.pt
2025-04-06 16:18:02,839 - src.training.trainer - WARNING - 合併輸出 dynamic_weights 時出錯: all the input array dimensions except for the concatenation axis must match exactly, but along dimension 1, the array at index 0 has size 8 and the array at index 1 has size 4
2025-04-06 16:18:02,853 - src.training.trainer - INFO - 監控指標改善，模型已保存至 outputs\hybrid_20250406_161249\models\best_model.pt
2025-04-06 16:18:04,846 - src.training.trainer - WARNING - 合併輸出 dynamic_weights 時出錯: all the input array dimensions except for the concatenation axis must match exactly, but along dimension 1, the array at index 0 has size 8 and the array at index 1 has size 4
2025-04-06 16:18:04,854 - src.training.trainer - INFO - 監控指標改善，模型已保存至 outputs\hybrid_20250406_161249\models\best_model.pt
2025-04-06 16:18:06,776 - src.training.trainer - WARNING - 合併輸出 dynamic_weights 時出錯: all the input array dimensions except for the concatenation axis must match exactly, but along dimension 1, the array at index 0 has size 8 and the array at index 1 has size 4
2025-04-06 16:18:06,776 - src.training.trainer - INFO - 輪次 161/200 - 訓練損失: 0.614829 - 驗證損失: 3.497852 - rmse: 1270.202198 - r2: -1.922073 - mae: 993.915344 - 學習率: 0.000658 - 時間: 1.92秒
2025-04-06 16:18:06,790 - src.training.callbacks - INFO - 模型檢查點已保存至 outputs\hybrid_20250406_161249\HybridPINNLSTMModel_20250406_161251\checkpoints\HybridPINNLSTMModel_epoch_161.pt
2025-04-06 16:18:06,798 - src.training.trainer - INFO - 監控指標改善，模型已保存至 outputs\hybrid_20250406_161249\models\best_model.pt
2025-04-06 16:18:08,695 - src.training.trainer - WARNING - 合併輸出 dynamic_weights 時出錯: all the input array dimensions except for the concatenation axis must match exactly, but along dimension 1, the array at index 0 has size 8 and the array at index 1 has size 4
2025-04-06 16:18:08,709 - src.training.trainer - INFO - 監控指標改善，模型已保存至 outputs\hybrid_20250406_161249\models\best_model.pt
2025-04-06 16:18:10,632 - src.training.trainer - WARNING - 合併輸出 dynamic_weights 時出錯: all the input array dimensions except for the concatenation axis must match exactly, but along dimension 1, the array at index 0 has size 8 and the array at index 1 has size 4
2025-04-06 16:18:10,646 - src.training.trainer - INFO - 監控指標改善，模型已保存至 outputs\hybrid_20250406_161249\models\best_model.pt
2025-04-06 16:18:12,476 - src.training.trainer - WARNING - 合併輸出 dynamic_weights 時出錯: all the input array dimensions except for the concatenation axis must match exactly, but along dimension 1, the array at index 0 has size 8 and the array at index 1 has size 4
2025-04-06 16:18:12,490 - src.training.trainer - INFO - 監控指標改善，模型已保存至 outputs\hybrid_20250406_161249\models\best_model.pt
2025-04-06 16:18:14,370 - src.training.trainer - WARNING - 合併輸出 dynamic_weights 時出錯: all the input array dimensions except for the concatenation axis must match exactly, but along dimension 1, the array at index 0 has size 8 and the array at index 1 has size 4
2025-04-06 16:18:14,382 - src.training.trainer - INFO - 監控指標改善，模型已保存至 outputs\hybrid_20250406_161249\models\best_model.pt
2025-04-06 16:18:16,381 - src.training.trainer - WARNING - 合併輸出 dynamic_weights 時出錯: all the input array dimensions except for the concatenation axis must match exactly, but along dimension 1, the array at index 0 has size 8 and the array at index 1 has size 4
2025-04-06 16:18:16,403 - src.training.callbacks - INFO - 模型檢查點已保存至 outputs\hybrid_20250406_161249\HybridPINNLSTMModel_20250406_161251\checkpoints\HybridPINNLSTMModel_epoch_166.pt
2025-04-06 16:18:16,419 - src.training.trainer - INFO - 監控指標改善，模型已保存至 outputs\hybrid_20250406_161249\models\best_model.pt
2025-04-06 16:18:18,405 - src.training.trainer - WARNING - 合併輸出 dynamic_weights 時出錯: all the input array dimensions except for the concatenation axis must match exactly, but along dimension 1, the array at index 0 has size 8 and the array at index 1 has size 4
2025-04-06 16:18:18,419 - src.training.trainer - INFO - 監控指標改善，模型已保存至 outputs\hybrid_20250406_161249\models\best_model.pt
2025-04-06 16:18:20,352 - src.training.trainer - WARNING - 合併輸出 dynamic_weights 時出錯: all the input array dimensions except for the concatenation axis must match exactly, but along dimension 1, the array at index 0 has size 8 and the array at index 1 has size 4
2025-04-06 16:18:20,364 - src.training.trainer - INFO - 監控指標改善，模型已保存至 outputs\hybrid_20250406_161249\models\best_model.pt
2025-04-06 16:18:22,314 - src.training.trainer - WARNING - 合併輸出 dynamic_weights 時出錯: all the input array dimensions except for the concatenation axis must match exactly, but along dimension 1, the array at index 0 has size 8 and the array at index 1 has size 4
2025-04-06 16:18:22,322 - src.training.trainer - INFO - 監控指標改善，模型已保存至 outputs\hybrid_20250406_161249\models\best_model.pt
2025-04-06 16:18:24,260 - src.training.trainer - WARNING - 合併輸出 dynamic_weights 時出錯: all the input array dimensions except for the concatenation axis must match exactly, but along dimension 1, the array at index 0 has size 8 and the array at index 1 has size 4
2025-04-06 16:18:24,271 - src.training.trainer - INFO - 監控指標改善，模型已保存至 outputs\hybrid_20250406_161249\models\best_model.pt
2025-04-06 16:18:26,209 - src.training.trainer - WARNING - 合併輸出 dynamic_weights 時出錯: all the input array dimensions except for the concatenation axis must match exactly, but along dimension 1, the array at index 0 has size 8 and the array at index 1 has size 4
2025-04-06 16:18:26,209 - src.training.trainer - INFO - 輪次 171/200 - 訓練損失: 0.601264 - 驗證損失: 3.945661 - rmse: 1296.460759 - r2: -2.044136 - mae: 1047.491211 - 學習率: 0.000796 - 時間: 1.94秒
2025-04-06 16:18:26,231 - src.training.callbacks - INFO - 模型檢查點已保存至 outputs\hybrid_20250406_161249\HybridPINNLSTMModel_20250406_161251\checkpoints\HybridPINNLSTMModel_epoch_171.pt
2025-04-06 16:18:26,239 - src.training.trainer - INFO - 監控指標改善，模型已保存至 outputs\hybrid_20250406_161249\models\best_model.pt
2025-04-06 16:18:28,252 - src.training.trainer - WARNING - 合併輸出 dynamic_weights 時出錯: all the input array dimensions except for the concatenation axis must match exactly, but along dimension 1, the array at index 0 has size 8 and the array at index 1 has size 4
2025-04-06 16:18:28,262 - src.training.trainer - INFO - 監控指標改善，模型已保存至 outputs\hybrid_20250406_161249\models\best_model.pt
2025-04-06 16:18:30,143 - src.training.trainer - WARNING - 合併輸出 dynamic_weights 時出錯: all the input array dimensions except for the concatenation axis must match exactly, but along dimension 1, the array at index 0 has size 8 and the array at index 1 has size 4
2025-04-06 16:18:30,155 - src.training.trainer - INFO - 監控指標改善，模型已保存至 outputs\hybrid_20250406_161249\models\best_model.pt
2025-04-06 16:18:32,142 - src.training.trainer - WARNING - 合併輸出 dynamic_weights 時出錯: all the input array dimensions except for the concatenation axis must match exactly, but along dimension 1, the array at index 0 has size 8 and the array at index 1 has size 4
2025-04-06 16:18:32,152 - src.training.trainer - INFO - 監控指標改善，模型已保存至 outputs\hybrid_20250406_161249\models\best_model.pt
2025-04-06 16:18:34,015 - src.training.trainer - WARNING - 合併輸出 dynamic_weights 時出錯: all the input array dimensions except for the concatenation axis must match exactly, but along dimension 1, the array at index 0 has size 8 and the array at index 1 has size 4
2025-04-06 16:18:34,029 - src.training.trainer - INFO - 監控指標改善，模型已保存至 outputs\hybrid_20250406_161249\models\best_model.pt
2025-04-06 16:18:35,925 - src.training.trainer - WARNING - 合併輸出 dynamic_weights 時出錯: all the input array dimensions except for the concatenation axis must match exactly, but along dimension 1, the array at index 0 has size 8 and the array at index 1 has size 4
2025-04-06 16:18:35,939 - src.training.callbacks - INFO - 模型檢查點已保存至 outputs\hybrid_20250406_161249\HybridPINNLSTMModel_20250406_161251\checkpoints\HybridPINNLSTMModel_epoch_176.pt
2025-04-06 16:18:35,949 - src.training.trainer - INFO - 監控指標改善，模型已保存至 outputs\hybrid_20250406_161249\models\best_model.pt
2025-04-06 16:18:37,937 - src.training.trainer - WARNING - 合併輸出 dynamic_weights 時出錯: all the input array dimensions except for the concatenation axis must match exactly, but along dimension 1, the array at index 0 has size 8 and the array at index 1 has size 4
2025-04-06 16:18:37,945 - src.training.trainer - INFO - 監控指標改善，模型已保存至 outputs\hybrid_20250406_161249\models\best_model.pt
2025-04-06 16:18:39,801 - src.training.trainer - WARNING - 合併輸出 dynamic_weights 時出錯: all the input array dimensions except for the concatenation axis must match exactly, but along dimension 1, the array at index 0 has size 8 and the array at index 1 has size 4
2025-04-06 16:18:39,815 - src.training.trainer - INFO - 監控指標改善，模型已保存至 outputs\hybrid_20250406_161249\models\best_model.pt
2025-04-06 16:18:41,764 - src.training.trainer - WARNING - 合併輸出 dynamic_weights 時出錯: all the input array dimensions except for the concatenation axis must match exactly, but along dimension 1, the array at index 0 has size 8 and the array at index 1 has size 4
2025-04-06 16:18:41,774 - src.training.trainer - INFO - 監控指標改善，模型已保存至 outputs\hybrid_20250406_161249\models\best_model.pt
2025-04-06 16:18:43,726 - src.training.trainer - WARNING - 合併輸出 dynamic_weights 時出錯: all the input array dimensions except for the concatenation axis must match exactly, but along dimension 1, the array at index 0 has size 8 and the array at index 1 has size 4
2025-04-06 16:18:43,738 - src.training.trainer - INFO - 監控指標改善，模型已保存至 outputs\hybrid_20250406_161249\models\best_model.pt
2025-04-06 16:18:45,683 - src.training.trainer - WARNING - 合併輸出 dynamic_weights 時出錯: all the input array dimensions except for the concatenation axis must match exactly, but along dimension 1, the array at index 0 has size 8 and the array at index 1 has size 4
2025-04-06 16:18:45,685 - src.training.trainer - INFO - 輪次 181/200 - 訓練損失: 0.603741 - 驗證損失: 3.943105 - rmse: 1291.116958 - r2: -2.019093 - mae: 1034.023804 - 學習率: 0.000905 - 時間: 1.95秒
2025-04-06 16:18:45,699 - src.training.callbacks - INFO - 模型檢查點已保存至 outputs\hybrid_20250406_161249\HybridPINNLSTMModel_20250406_161251\checkpoints\HybridPINNLSTMModel_epoch_181.pt
2025-04-06 16:18:45,711 - src.training.trainer - INFO - 監控指標改善，模型已保存至 outputs\hybrid_20250406_161249\models\best_model.pt
2025-04-06 16:18:47,758 - src.training.trainer - WARNING - 合併輸出 dynamic_weights 時出錯: all the input array dimensions except for the concatenation axis must match exactly, but along dimension 1, the array at index 0 has size 8 and the array at index 1 has size 4
2025-04-06 16:18:47,772 - src.training.trainer - INFO - 監控指標改善，模型已保存至 outputs\hybrid_20250406_161249\models\best_model.pt
2025-04-06 16:18:49,703 - src.training.trainer - WARNING - 合併輸出 dynamic_weights 時出錯: all the input array dimensions except for the concatenation axis must match exactly, but along dimension 1, the array at index 0 has size 8 and the array at index 1 has size 4
2025-04-06 16:18:49,713 - src.training.trainer - INFO - 監控指標改善，模型已保存至 outputs\hybrid_20250406_161249\models\best_model.pt
2025-04-06 16:18:51,679 - src.training.trainer - WARNING - 合併輸出 dynamic_weights 時出錯: all the input array dimensions except for the concatenation axis must match exactly, but along dimension 1, the array at index 0 has size 8 and the array at index 1 has size 4
2025-04-06 16:18:51,693 - src.training.trainer - INFO - 監控指標改善，模型已保存至 outputs\hybrid_20250406_161249\models\best_model.pt
2025-04-06 16:18:53,520 - src.training.trainer - WARNING - 合併輸出 dynamic_weights 時出錯: all the input array dimensions except for the concatenation axis must match exactly, but along dimension 1, the array at index 0 has size 8 and the array at index 1 has size 4
2025-04-06 16:18:53,532 - src.training.trainer - INFO - 監控指標改善，模型已保存至 outputs\hybrid_20250406_161249\models\best_model.pt
2025-04-06 16:18:55,450 - src.training.trainer - WARNING - 合併輸出 dynamic_weights 時出錯: all the input array dimensions except for the concatenation axis must match exactly, but along dimension 1, the array at index 0 has size 8 and the array at index 1 has size 4
2025-04-06 16:18:55,472 - src.training.callbacks - INFO - 模型檢查點已保存至 outputs\hybrid_20250406_161249\HybridPINNLSTMModel_20250406_161251\checkpoints\HybridPINNLSTMModel_epoch_186.pt
2025-04-06 16:18:55,486 - src.training.trainer - INFO - 監控指標改善，模型已保存至 outputs\hybrid_20250406_161249\models\best_model.pt
2025-04-06 16:18:57,381 - src.training.trainer - WARNING - 合併輸出 dynamic_weights 時出錯: all the input array dimensions except for the concatenation axis must match exactly, but along dimension 1, the array at index 0 has size 8 and the array at index 1 has size 4
2025-04-06 16:18:57,391 - src.training.trainer - INFO - 監控指標改善，模型已保存至 outputs\hybrid_20250406_161249\models\best_model.pt
2025-04-06 16:18:59,369 - src.training.trainer - WARNING - 合併輸出 dynamic_weights 時出錯: all the input array dimensions except for the concatenation axis must match exactly, but along dimension 1, the array at index 0 has size 8 and the array at index 1 has size 4
2025-04-06 16:18:59,383 - src.training.trainer - INFO - 監控指標改善，模型已保存至 outputs\hybrid_20250406_161249\models\best_model.pt
2025-04-06 16:19:01,312 - src.training.trainer - WARNING - 合併輸出 dynamic_weights 時出錯: all the input array dimensions except for the concatenation axis must match exactly, but along dimension 1, the array at index 0 has size 8 and the array at index 1 has size 4
2025-04-06 16:19:01,322 - src.training.trainer - INFO - 監控指標改善，模型已保存至 outputs\hybrid_20250406_161249\models\best_model.pt
2025-04-06 16:19:03,241 - src.training.trainer - WARNING - 合併輸出 dynamic_weights 時出錯: all the input array dimensions except for the concatenation axis must match exactly, but along dimension 1, the array at index 0 has size 8 and the array at index 1 has size 4
2025-04-06 16:19:03,253 - src.training.trainer - INFO - 監控指標改善，模型已保存至 outputs\hybrid_20250406_161249\models\best_model.pt
2025-04-06 16:19:05,144 - src.training.trainer - WARNING - 合併輸出 dynamic_weights 時出錯: all the input array dimensions except for the concatenation axis must match exactly, but along dimension 1, the array at index 0 has size 8 and the array at index 1 has size 4
2025-04-06 16:19:05,146 - src.training.trainer - INFO - 輪次 191/200 - 訓練損失: 0.589500 - 驗證損失: 4.190681 - rmse: 1306.529946 - r2: -2.091606 - mae: 1063.240479 - 學習率: 0.000976 - 時間: 1.89秒
2025-04-06 16:19:05,160 - src.training.callbacks - INFO - 模型檢查點已保存至 outputs\hybrid_20250406_161249\HybridPINNLSTMModel_20250406_161251\checkpoints\HybridPINNLSTMModel_epoch_191.pt
2025-04-06 16:19:05,168 - src.training.trainer - INFO - 監控指標改善，模型已保存至 outputs\hybrid_20250406_161249\models\best_model.pt
2025-04-06 16:19:07,031 - src.training.trainer - WARNING - 合併輸出 dynamic_weights 時出錯: all the input array dimensions except for the concatenation axis must match exactly, but along dimension 1, the array at index 0 has size 8 and the array at index 1 has size 4
2025-04-06 16:19:07,039 - src.training.trainer - INFO - 監控指標改善，模型已保存至 outputs\hybrid_20250406_161249\models\best_model.pt
2025-04-06 16:19:08,892 - src.training.trainer - WARNING - 合併輸出 dynamic_weights 時出錯: all the input array dimensions except for the concatenation axis must match exactly, but along dimension 1, the array at index 0 has size 8 and the array at index 1 has size 4
2025-04-06 16:19:08,900 - src.training.trainer - INFO - 監控指標改善，模型已保存至 outputs\hybrid_20250406_161249\models\best_model.pt
2025-04-06 16:19:10,883 - src.training.trainer - WARNING - 合併輸出 dynamic_weights 時出錯: all the input array dimensions except for the concatenation axis must match exactly, but along dimension 1, the array at index 0 has size 8 and the array at index 1 has size 4
2025-04-06 16:19:10,893 - src.training.trainer - INFO - 監控指標改善，模型已保存至 outputs\hybrid_20250406_161249\models\best_model.pt
2025-04-06 16:19:12,848 - src.training.trainer - WARNING - 合併輸出 dynamic_weights 時出錯: all the input array dimensions except for the concatenation axis must match exactly, but along dimension 1, the array at index 0 has size 8 and the array at index 1 has size 4
2025-04-06 16:19:12,858 - src.training.trainer - INFO - 監控指標改善，模型已保存至 outputs\hybrid_20250406_161249\models\best_model.pt
2025-04-06 16:19:14,842 - src.training.trainer - WARNING - 合併輸出 dynamic_weights 時出錯: all the input array dimensions except for the concatenation axis must match exactly, but along dimension 1, the array at index 0 has size 8 and the array at index 1 has size 4
2025-04-06 16:19:14,860 - src.training.callbacks - INFO - 模型檢查點已保存至 outputs\hybrid_20250406_161249\HybridPINNLSTMModel_20250406_161251\checkpoints\HybridPINNLSTMModel_epoch_196.pt
2025-04-06 16:19:14,870 - src.training.trainer - INFO - 監控指標改善，模型已保存至 outputs\hybrid_20250406_161249\models\best_model.pt
2025-04-06 16:19:16,860 - src.training.trainer - WARNING - 合併輸出 dynamic_weights 時出錯: all the input array dimensions except for the concatenation axis must match exactly, but along dimension 1, the array at index 0 has size 8 and the array at index 1 has size 4
2025-04-06 16:19:16,874 - src.training.trainer - INFO - 監控指標改善，模型已保存至 outputs\hybrid_20250406_161249\models\best_model.pt
2025-04-06 16:19:18,810 - src.training.trainer - WARNING - 合併輸出 dynamic_weights 時出錯: all the input array dimensions except for the concatenation axis must match exactly, but along dimension 1, the array at index 0 has size 8 and the array at index 1 has size 4
2025-04-06 16:19:18,826 - src.training.trainer - INFO - 監控指標改善，模型已保存至 outputs\hybrid_20250406_161249\models\best_model.pt
2025-04-06 16:19:20,850 - src.training.trainer - WARNING - 合併輸出 dynamic_weights 時出錯: all the input array dimensions except for the concatenation axis must match exactly, but along dimension 1, the array at index 0 has size 8 and the array at index 1 has size 4
2025-04-06 16:19:20,865 - src.training.trainer - INFO - 監控指標改善，模型已保存至 outputs\hybrid_20250406_161249\models\best_model.pt
2025-04-06 16:19:22,893 - src.training.trainer - WARNING - 合併輸出 dynamic_weights 時出錯: all the input array dimensions except for the concatenation axis must match exactly, but along dimension 1, the array at index 0 has size 8 and the array at index 1 has size 4
2025-04-06 16:19:22,895 - src.training.trainer - INFO - 輪次 200/200 - 訓練損失: 0.590853 - 驗證損失: 4.028683 - rmse: 1295.788756 - r2: -2.040981 - mae: 1042.238892 - 學習率: 0.001000 - 時間: 2.03秒
2025-04-06 16:19:22,909 - src.training.trainer - INFO - 監控指標改善，模型已保存至 outputs\hybrid_20250406_161249\models\best_model.pt
2025-04-06 16:19:22,909 - src.training.trainer - INFO - 訓練完成，總時間: 391.69秒
2025-04-06 16:19:22,921 - __main__ - INFO - 訓練完成，最終模型已保存至: outputs\hybrid_20250406_161249\models\final_model.pt
2025-04-06 16:19:22,929 - __main__ - WARNING - 合併輸出 l2_penalty 時出錯: zero-dimensional arrays cannot be concatenated
2025-04-06 16:19:22,943 - __main__ - INFO - 評估指標已保存至: outputs\hybrid_20250406_161249\evaluation\metrics.csv
2025-04-06 16:19:22,943 - __main__ - INFO - 生成視覺化結果...
2025-04-06 16:19:23,613 - src.utils.visualization - INFO - 圖像已保存至: outputs\hybrid_20250406_161249\evaluation\visualizations\pred_vs_true.png
2025-04-06 16:19:23,994 - src.utils.visualization - INFO - 圖像已保存至: outputs\hybrid_20250406_161249\evaluation\visualizations\pred_vs_true.png
2025-04-06 16:19:25,281 - src.utils.visualization - INFO - 圖像已保存至: outputs\hybrid_20250406_161249\evaluation\visualizations\error_analysis.png
2025-04-06 16:19:26,268 - src.utils.visualization - INFO - 圖像已保存至: outputs\hybrid_20250406_161249\evaluation\visualizations\physics_validation.png
2025-04-06 16:19:27,046 - src.utils.visualization - INFO - 圖像已保存至: outputs\hybrid_20250406_161249\evaluation\visualizations\attention_weights.png
2025-04-06 16:19:27,431 - src.utils.visualization - INFO - 已生成 6 個視覺化圖表於 outputs\hybrid_20250406_161249\evaluation\visualizations
2025-04-06 16:19:27,431 - __main__ - INFO - 評估完成，結果已保存至: outputs\hybrid_20250406_161249\evaluation
2025-04-06 16:19:27,431 - __main__ - INFO - 任務完成
