2025-04-07 10:39:53,276 - __main__ - DEBUG - 埃岿家Αw币ノ
2025-04-07 10:39:53,288 - __main__ - INFO - Θ\更Jtmゅン: configs/model_config.yaml
2025-04-07 10:39:53,306 - __main__ - INFO - Θ\更Jtmゅン: configs/train_config.yaml
2025-04-07 10:39:53,310 - __main__ - INFO - w]wH诀贺l: 42
2025-04-07 10:39:53,310 - __main__ - INFO - ㄏノp衡]称: cpu
2025-04-07 10:39:53,311 - __main__ - INFO - 块Xヘ魁: outputs\hybrid_20250407_103953
2025-04-07 10:39:53,313 - __main__ - INFO - 更J戈: data/raw/Training_data_warpage_final_20250321_v1.2.csv
2025-04-07 10:39:53,316 - src.data.preprocess - INFO - Θ\更J戈评僧: data/raw/Training_data_warpage_final_20250321_v1.2.csvA@ 81 掸戈啤A18 幽姒
2025-04-07 10:39:53,319 - src.data.preprocess - INFO - 夹非てЧΘASx计q: 5
2025-04-07 10:39:53,320 - src.data.preprocess - INFO - 啥¨铅C戈品浅僻功āA为: (81, 4, 2)
2025-04-07 10:39:53,322 - src.data.preprocess - INFO - 戈皮莱围功 - Vm栋: 56 妓セ, 喷靡栋: 12 妓セ, 代刚栋: 13 妓セ
2025-04-07 10:39:53,322 - src.data.preprocess - INFO - Ч俱戈瞥Bzy{ЧΘ
2025-04-07 10:39:53,322 - __main__ - INFO - 戈皮莱围功, Vm栋: 56 妓セ, 喷靡栋: 12 妓セ, 代刚栋: 13 妓セ
2025-04-07 10:39:53,322 - __main__ - INFO - 莱ノ戈萍Wj...
2025-04-07 10:39:53,323 - src.data.dataset - INFO - i娓戤萍WjA飑lVm栋jp: 56 妓セ
2025-04-07 10:39:53,471 - src.data.dataset - INFO - 戈萍WjЧΘAWj岐喊Vm栋jp: 626 妓セ
2025-04-07 10:39:53,471 - __main__ - INFO - 戈萍WjЧΘAWj岐喊Vm栋jp: 626 妓セ
2025-04-07 10:39:53,482 - __main__ - INFO - 承夭VXPINN-LSTM家Aㄏノz: TrueA磕Xよk: weighted
2025-04-07 10:39:53,484 - src.data.dataset - INFO - w承馗戤聘J竟 - Vm: 626 妓セ, 喷靡: 12 妓セ, 代刚: 13 妓セ, уΩjp: 8
2025-04-07 10:39:55,222 - src.training.trainer - INFO - 承adamuて竟A厩策v: 0.001AvI搭: 0.0001
2025-04-07 10:39:55,222 - src.training.losses - INFO - 飑lてHybridLoss: lambda_physics=0.01, lambda_consistency=0.01, a=55.83, b=-2.259, log_space=True, l1_reg=0.0, l2_reg=0.001
2025-04-07 10:39:55,223 - src.training.losses - INFO - 飑lてAdaptiveHybridLoss: physicsvq0.01W[0.5, consistencyvq0.01W[0.3, b50咏ΩずF斐踏j, w荐近Ω: 5, 秸俱よ: linear
2025-04-07 10:39:55,223 - src.training.trainer - INFO - 承鼐l┒h蹙遣卟v秸拙埂Ag戳: 100A程p厩策v: 1e-05
2025-04-07 10:39:55,226 - src.training.callbacks - INFO - 飑lてModelCheckpoint: Osヘ魁=outputs\hybrid_20250407_103953\HybridPINNLSTMModel_20250407_103955\checkpoints, OsWv=5, uOs程ㄎ=False, 菏北夹=val_loss, 家Α=min
2025-04-07 10:39:55,227 - src.training.callbacks - INFO - 飑lてLossHistory: Os隔|=outputs\hybrid_20250407_103953\HybridPINNLSTMModel_20250407_103955\history.json, OsWv=1
2025-04-07 10:39:55,229 - src.training.trainer - INFO - 飑lてVm竟ЧΘA家: HybridPINNLSTMModel, uて竟: Adam, ]称: cpu
2025-04-07 10:39:55,230 - __main__ - INFO - }lVmA`近计: 200
2025-04-07 10:39:55,230 - src.training.trainer - INFO - }lVmA`近计: 200
2025-04-07 10:39:57,120 - src.training.trainer - INFO - 近Ω 1/200 - Vmlア: 13.983750 - 喷靡lア: 16.592286 - rmse: 1378.508388 - r2: -2.441630 - mae: 1155.657104 - 厩策v: 0.001000 - 啥: 1.89
2025-04-07 10:39:57,134 - src.training.callbacks - INFO - 家浪dIwOs outputs\hybrid_20250407_103953\HybridPINNLSTMModel_20250407_103955\checkpoints\HybridPINNLSTMModel_epoch_001.pt
2025-04-07 10:39:57,141 - src.training.trainer - INFO - 菏北夹э到A家wOs outputs\hybrid_20250407_103953\models\best_model.pt
2025-04-07 10:39:59,001 - src.training.trainer - INFO - 菏北夹э到A家wOs outputs\hybrid_20250407_103953\models\best_model.pt
2025-04-07 10:40:00,951 - src.training.trainer - INFO - 菏北夹э到A家wOs outputs\hybrid_20250407_103953\models\best_model.pt
2025-04-07 10:40:02,732 - src.training.trainer - INFO - 菏北夹э到A家wOs outputs\hybrid_20250407_103953\models\best_model.pt
2025-04-07 10:40:04,592 - src.training.trainer - INFO - 菏北夹э到A家wOs outputs\hybrid_20250407_103953\models\best_model.pt
2025-04-07 10:40:06,412 - src.training.callbacks - INFO - 家浪dIwOs outputs\hybrid_20250407_103953\HybridPINNLSTMModel_20250407_103955\checkpoints\HybridPINNLSTMModel_epoch_006.pt
2025-04-07 10:40:06,422 - src.training.trainer - INFO - 菏北夹э到A家wOs outputs\hybrid_20250407_103953\models\best_model.pt
2025-04-07 10:40:08,260 - src.training.trainer - INFO - 菏北夹э到A家wOs outputs\hybrid_20250407_103953\models\best_model.pt
2025-04-07 10:40:09,914 - src.training.trainer - INFO - 菏北夹э到A家wOs outputs\hybrid_20250407_103953\models\best_model.pt
2025-04-07 10:40:11,598 - src.training.trainer - INFO - 菏北夹э到A家wOs outputs\hybrid_20250407_103953\models\best_model.pt
2025-04-07 10:40:13,314 - src.training.trainer - INFO - 菏北夹э到A家wOs outputs\hybrid_20250407_103953\models\best_model.pt
2025-04-07 10:40:15,025 - src.training.trainer - INFO - 近Ω 11/200 - Vmlア: 1.238135 - 喷靡lア: 5.096258 - rmse: 1316.550797 - r2: -2.139212 - mae: 1075.102661 - 厩策v: 0.000976 - 啥: 1.71
2025-04-07 10:40:15,039 - src.training.callbacks - INFO - 家浪dIwOs outputs\hybrid_20250407_103953\HybridPINNLSTMModel_20250407_103955\checkpoints\HybridPINNLSTMModel_epoch_011.pt
2025-04-07 10:40:15,047 - src.training.trainer - INFO - 菏北夹э到A家wOs outputs\hybrid_20250407_103953\models\best_model.pt
2025-04-07 10:40:16,794 - src.training.trainer - INFO - 菏北夹э到A家wOs outputs\hybrid_20250407_103953\models\best_model.pt
2025-04-07 10:40:18,537 - src.training.trainer - INFO - 菏北夹э到A家wOs outputs\hybrid_20250407_103953\models\best_model.pt
2025-04-07 10:40:20,307 - src.training.trainer - INFO - 菏北夹э到A家wOs outputs\hybrid_20250407_103953\models\best_model.pt
2025-04-07 10:40:21,974 - src.training.trainer - INFO - 菏北夹э到A家wOs outputs\hybrid_20250407_103953\models\best_model.pt
2025-04-07 10:40:23,785 - src.training.callbacks - INFO - 家浪dIwOs outputs\hybrid_20250407_103953\HybridPINNLSTMModel_20250407_103955\checkpoints\HybridPINNLSTMModel_epoch_016.pt
2025-04-07 10:40:23,796 - src.training.trainer - INFO - 菏北夹э到A家wOs outputs\hybrid_20250407_103953\models\best_model.pt
2025-04-07 10:40:25,535 - src.training.trainer - INFO - 菏北夹э到A家wOs outputs\hybrid_20250407_103953\models\best_model.pt
2025-04-07 10:40:27,306 - src.training.trainer - INFO - 菏北夹э到A家wOs outputs\hybrid_20250407_103953\models\best_model.pt
2025-04-07 10:40:29,125 - src.training.trainer - INFO - 菏北夹э到A家wOs outputs\hybrid_20250407_103953\models\best_model.pt
2025-04-07 10:40:30,869 - src.training.trainer - INFO - 菏北夹э到A家wOs outputs\hybrid_20250407_103953\models\best_model.pt
2025-04-07 10:40:32,586 - src.training.trainer - INFO - 近Ω 21/200 - Vmlア: 1.050635 - 喷靡lア: 5.274674 - rmse: 1324.436484 - r2: -2.176930 - mae: 1086.845337 - 厩策v: 0.000905 - 啥: 1.72
2025-04-07 10:40:32,599 - src.training.callbacks - INFO - 家浪dIwOs outputs\hybrid_20250407_103953\HybridPINNLSTMModel_20250407_103955\checkpoints\HybridPINNLSTMModel_epoch_021.pt
2025-04-07 10:40:32,608 - src.training.trainer - INFO - 菏北夹э到A家wOs outputs\hybrid_20250407_103953\models\best_model.pt
2025-04-07 10:40:34,371 - src.training.trainer - INFO - 菏北夹э到A家wOs outputs\hybrid_20250407_103953\models\best_model.pt
2025-04-07 10:40:36,152 - src.training.trainer - INFO - 菏北夹э到A家wOs outputs\hybrid_20250407_103953\models\best_model.pt
2025-04-07 10:40:37,947 - src.training.trainer - INFO - 菏北夹э到A家wOs outputs\hybrid_20250407_103953\models\best_model.pt
2025-04-07 10:40:39,836 - src.training.trainer - INFO - 菏北夹э到A家wOs outputs\hybrid_20250407_103953\models\best_model.pt
2025-04-07 10:40:41,819 - src.training.callbacks - INFO - 家浪dIwOs outputs\hybrid_20250407_103953\HybridPINNLSTMModel_20250407_103955\checkpoints\HybridPINNLSTMModel_epoch_026.pt
2025-04-07 10:40:41,830 - src.training.trainer - INFO - 菏北夹э到A家wOs outputs\hybrid_20250407_103953\models\best_model.pt
2025-04-07 10:40:43,775 - src.training.trainer - INFO - 菏北夹э到A家wOs outputs\hybrid_20250407_103953\models\best_model.pt
2025-04-07 10:40:45,782 - src.training.trainer - INFO - 菏北夹э到A家wOs outputs\hybrid_20250407_103953\models\best_model.pt
2025-04-07 10:40:47,743 - src.training.trainer - INFO - 菏北夹э到A家wOs outputs\hybrid_20250407_103953\models\best_model.pt
2025-04-07 10:40:49,720 - src.training.trainer - INFO - 菏北夹э到A家wOs outputs\hybrid_20250407_103953\models\best_model.pt
2025-04-07 10:40:51,750 - src.training.trainer - INFO - 近Ω 31/200 - Vmlア: 0.908627 - 喷靡lア: 3.221558 - rmse: 1266.182994 - r2: -1.903610 - mae: 1015.521057 - 厩策v: 0.000796 - 啥: 2.03
2025-04-07 10:40:51,764 - src.training.callbacks - INFO - 家浪dIwOs outputs\hybrid_20250407_103953\HybridPINNLSTMModel_20250407_103955\checkpoints\HybridPINNLSTMModel_epoch_031.pt
2025-04-07 10:40:51,772 - src.training.trainer - INFO - 菏北夹э到A家wOs outputs\hybrid_20250407_103953\models\best_model.pt
2025-04-07 10:40:53,706 - src.training.trainer - INFO - 菏北夹э到A家wOs outputs\hybrid_20250407_103953\models\best_model.pt
2025-04-07 10:40:55,902 - src.training.trainer - INFO - 菏北夹э到A家wOs outputs\hybrid_20250407_103953\models\best_model.pt
2025-04-07 10:40:57,899 - src.training.trainer - INFO - 菏北夹э到A家wOs outputs\hybrid_20250407_103953\models\best_model.pt
2025-04-07 10:41:00,082 - src.training.trainer - INFO - 菏北夹э到A家wOs outputs\hybrid_20250407_103953\models\best_model.pt
2025-04-07 10:41:02,057 - src.training.callbacks - INFO - 家浪dIwOs outputs\hybrid_20250407_103953\HybridPINNLSTMModel_20250407_103955\checkpoints\HybridPINNLSTMModel_epoch_036.pt
2025-04-07 10:41:02,069 - src.training.trainer - INFO - 菏北夹э到A家wOs outputs\hybrid_20250407_103953\models\best_model.pt
2025-04-07 10:41:04,142 - src.training.trainer - INFO - 菏北夹э到A家wOs outputs\hybrid_20250407_103953\models\best_model.pt
2025-04-07 10:41:06,076 - src.training.trainer - INFO - 菏北夹э到A家wOs outputs\hybrid_20250407_103953\models\best_model.pt
2025-04-07 10:41:08,229 - src.training.trainer - INFO - 菏北夹э到A家wOs outputs\hybrid_20250407_103953\models\best_model.pt
2025-04-07 10:41:10,185 - src.training.trainer - INFO - 菏北夹э到A家wOs outputs\hybrid_20250407_103953\models\best_model.pt
2025-04-07 10:41:12,325 - src.training.trainer - INFO - 近Ω 41/200 - Vmlア: 0.800921 - 喷靡lア: 4.730528 - rmse: 1312.748453 - r2: -2.121105 - mae: 1064.218750 - 厩策v: 0.000658 - 啥: 2.14
2025-04-07 10:41:12,341 - src.training.callbacks - INFO - 家浪dIwOs outputs\hybrid_20250407_103953\HybridPINNLSTMModel_20250407_103955\checkpoints\HybridPINNLSTMModel_epoch_041.pt
2025-04-07 10:41:12,349 - src.training.trainer - INFO - 菏北夹э到A家wOs outputs\hybrid_20250407_103953\models\best_model.pt
2025-04-07 10:41:14,413 - src.training.trainer - INFO - 菏北夹э到A家wOs outputs\hybrid_20250407_103953\models\best_model.pt
2025-04-07 10:41:16,346 - src.training.trainer - INFO - 菏北夹э到A家wOs outputs\hybrid_20250407_103953\models\best_model.pt
2025-04-07 10:41:19,629 - src.training.trainer - INFO - 菏北夹э到A家wOs outputs\hybrid_20250407_103953\models\best_model.pt
2025-04-07 10:41:21,487 - src.training.trainer - INFO - 菏北夹э到A家wOs outputs\hybrid_20250407_103953\models\best_model.pt
2025-04-07 10:41:23,474 - src.training.callbacks - INFO - 家浪dIwOs outputs\hybrid_20250407_103953\HybridPINNLSTMModel_20250407_103955\checkpoints\HybridPINNLSTMModel_epoch_046.pt
2025-04-07 10:41:23,486 - src.training.trainer - INFO - 菏北夹э到A家wOs outputs\hybrid_20250407_103953\models\best_model.pt
2025-04-07 10:41:25,334 - src.training.trainer - INFO - 菏北夹э到A家wOs outputs\hybrid_20250407_103953\models\best_model.pt
2025-04-07 10:41:27,303 - src.training.trainer - INFO - 菏北夹э到A家wOs outputs\hybrid_20250407_103953\models\best_model.pt
2025-04-07 10:41:29,373 - src.training.trainer - INFO - 菏北夹э到A家wOs outputs\hybrid_20250407_103953\models\best_model.pt
2025-04-07 10:41:31,336 - src.training.trainer - INFO - 菏北夹э到A家wOs outputs\hybrid_20250407_103953\models\best_model.pt
2025-04-07 10:41:33,398 - src.training.trainer - INFO - 近Ω 51/200 - Vmlア: 0.728372 - 喷靡lア: 4.921775 - rmse: 1317.000759 - r2: -2.141358 - mae: 1072.415649 - 厩策v: 0.000505 - 啥: 2.06
2025-04-07 10:41:33,420 - src.training.callbacks - INFO - 家浪dIwOs outputs\hybrid_20250407_103953\HybridPINNLSTMModel_20250407_103955\checkpoints\HybridPINNLSTMModel_epoch_051.pt
2025-04-07 10:41:33,427 - src.training.trainer - INFO - 菏北夹э到A家wOs outputs\hybrid_20250407_103953\models\best_model.pt
2025-04-07 10:41:35,375 - src.training.trainer - INFO - 菏北夹э到A家wOs outputs\hybrid_20250407_103953\models\best_model.pt
2025-04-07 10:41:37,321 - src.training.trainer - INFO - 菏北夹э到A家wOs outputs\hybrid_20250407_103953\models\best_model.pt
2025-04-07 10:41:39,307 - src.training.trainer - INFO - 菏北夹э到A家wOs outputs\hybrid_20250407_103953\models\best_model.pt
2025-04-07 10:41:41,372 - src.training.trainer - INFO - 菏北夹э到A家wOs outputs\hybrid_20250407_103953\models\best_model.pt
2025-04-07 10:41:44,089 - src.training.callbacks - INFO - 家浪dIwOs outputs\hybrid_20250407_103953\HybridPINNLSTMModel_20250407_103955\checkpoints\HybridPINNLSTMModel_epoch_056.pt
2025-04-07 10:41:44,101 - src.training.trainer - INFO - 菏北夹э到A家wOs outputs\hybrid_20250407_103953\models\best_model.pt
2025-04-07 10:41:46,053 - src.training.trainer - INFO - 菏北夹э到A家wOs outputs\hybrid_20250407_103953\models\best_model.pt
2025-04-07 10:41:47,905 - src.training.trainer - INFO - 菏北夹э到A家wOs outputs\hybrid_20250407_103953\models\best_model.pt
2025-04-07 10:41:49,859 - src.training.trainer - INFO - 菏北夹э到A家wOs outputs\hybrid_20250407_103953\models\best_model.pt
2025-04-07 10:41:51,755 - src.training.trainer - INFO - 菏北夹э到A家wOs outputs\hybrid_20250407_103953\models\best_model.pt
2025-04-07 10:41:53,676 - src.training.trainer - INFO - 近Ω 61/200 - Vmlア: 0.711441 - 喷靡lア: 4.487364 - rmse: 1309.724542 - r2: -2.106743 - mae: 1065.713623 - 厩策v: 0.000352 - 啥: 1.92
2025-04-07 10:41:53,694 - src.training.callbacks - INFO - 家浪dIwOs outputs\hybrid_20250407_103953\HybridPINNLSTMModel_20250407_103955\checkpoints\HybridPINNLSTMModel_epoch_061.pt
2025-04-07 10:41:53,707 - src.training.trainer - INFO - 菏北夹э到A家wOs outputs\hybrid_20250407_103953\models\best_model.pt
2025-04-07 10:41:55,936 - src.training.trainer - INFO - 菏北夹э到A家wOs outputs\hybrid_20250407_103953\models\best_model.pt
2025-04-07 10:41:58,171 - src.training.trainer - INFO - 菏北夹э到A家wOs outputs\hybrid_20250407_103953\models\best_model.pt
2025-04-07 10:42:00,366 - src.training.trainer - INFO - 菏北夹э到A家wOs outputs\hybrid_20250407_103953\models\best_model.pt
2025-04-07 10:42:02,655 - src.training.trainer - INFO - 菏北夹э到A家wOs outputs\hybrid_20250407_103953\models\best_model.pt
2025-04-07 10:42:04,855 - src.training.callbacks - INFO - 家浪dIwOs outputs\hybrid_20250407_103953\HybridPINNLSTMModel_20250407_103955\checkpoints\HybridPINNLSTMModel_epoch_066.pt
2025-04-07 10:42:04,870 - src.training.trainer - INFO - 菏北夹э到A家wOs outputs\hybrid_20250407_103953\models\best_model.pt
2025-04-07 10:42:07,057 - src.training.trainer - INFO - 菏北夹э到A家wOs outputs\hybrid_20250407_103953\models\best_model.pt
2025-04-07 10:42:09,224 - src.training.trainer - INFO - 菏北夹э到A家wOs outputs\hybrid_20250407_103953\models\best_model.pt
2025-04-07 10:42:11,428 - src.training.trainer - INFO - 菏北夹э到A家wOs outputs\hybrid_20250407_103953\models\best_model.pt
2025-04-07 10:42:13,743 - src.training.trainer - INFO - 菏北夹э到A家wOs outputs\hybrid_20250407_103953\models\best_model.pt
2025-04-07 10:42:15,983 - src.training.trainer - INFO - 近Ω 71/200 - Vmlア: 0.684244 - 喷靡lア: 4.556910 - rmse: 1310.138208 - r2: -2.108706 - mae: 1065.094604 - 厩策v: 0.000214 - 啥: 2.24
2025-04-07 10:42:16,005 - src.training.callbacks - INFO - 家浪dIwOs outputs\hybrid_20250407_103953\HybridPINNLSTMModel_20250407_103955\checkpoints\HybridPINNLSTMModel_epoch_071.pt
2025-04-07 10:42:16,015 - src.training.trainer - INFO - 菏北夹э到A家wOs outputs\hybrid_20250407_103953\models\best_model.pt
2025-04-07 10:42:18,255 - src.training.trainer - INFO - 菏北夹э到A家wOs outputs\hybrid_20250407_103953\models\best_model.pt
2025-04-07 10:42:20,405 - src.training.trainer - INFO - 菏北夹э到A家wOs outputs\hybrid_20250407_103953\models\best_model.pt
2025-04-07 10:42:22,707 - src.training.trainer - INFO - 菏北夹э到A家wOs outputs\hybrid_20250407_103953\models\best_model.pt
2025-04-07 10:42:24,887 - src.training.trainer - INFO - 菏北夹э到A家wOs outputs\hybrid_20250407_103953\models\best_model.pt
2025-04-07 10:42:27,102 - src.training.callbacks - INFO - 家浪dIwOs outputs\hybrid_20250407_103953\HybridPINNLSTMModel_20250407_103955\checkpoints\HybridPINNLSTMModel_epoch_076.pt
2025-04-07 10:42:27,113 - src.training.trainer - INFO - 菏北夹э到A家wOs outputs\hybrid_20250407_103953\models\best_model.pt
2025-04-07 10:42:29,282 - src.training.trainer - INFO - 菏北夹э到A家wOs outputs\hybrid_20250407_103953\models\best_model.pt
2025-04-07 10:42:31,449 - src.training.trainer - INFO - 菏北夹э到A家wOs outputs\hybrid_20250407_103953\models\best_model.pt
2025-04-07 10:42:33,689 - src.training.trainer - INFO - 菏北夹э到A家wOs outputs\hybrid_20250407_103953\models\best_model.pt
2025-04-07 10:42:35,972 - src.training.trainer - INFO - 菏北夹э到A家wOs outputs\hybrid_20250407_103953\models\best_model.pt
2025-04-07 10:42:38,259 - src.training.trainer - INFO - 近Ω 81/200 - Vmlア: 0.665497 - 喷靡lア: 4.677444 - rmse: 1311.016352 - r2: -2.112874 - mae: 1063.957397 - 厩策v: 0.000105 - 啥: 2.29
2025-04-07 10:42:38,284 - src.training.callbacks - INFO - 家浪dIwOs outputs\hybrid_20250407_103953\HybridPINNLSTMModel_20250407_103955\checkpoints\HybridPINNLSTMModel_epoch_081.pt
2025-04-07 10:42:38,296 - src.training.trainer - INFO - 菏北夹э到A家wOs outputs\hybrid_20250407_103953\models\best_model.pt
2025-04-07 10:42:40,583 - src.training.trainer - INFO - 菏北夹э到A家wOs outputs\hybrid_20250407_103953\models\best_model.pt
2025-04-07 10:42:42,924 - src.training.trainer - INFO - 菏北夹э到A家wOs outputs\hybrid_20250407_103953\models\best_model.pt
2025-04-07 10:42:45,289 - src.training.trainer - INFO - 菏北夹э到A家wOs outputs\hybrid_20250407_103953\models\best_model.pt
2025-04-07 10:42:47,455 - src.training.trainer - INFO - 菏北夹э到A家wOs outputs\hybrid_20250407_103953\models\best_model.pt
2025-04-07 10:42:49,709 - src.training.callbacks - INFO - 家浪dIwOs outputs\hybrid_20250407_103953\HybridPINNLSTMModel_20250407_103955\checkpoints\HybridPINNLSTMModel_epoch_086.pt
2025-04-07 10:42:49,722 - src.training.trainer - INFO - 菏北夹э到A家wOs outputs\hybrid_20250407_103953\models\best_model.pt
2025-04-07 10:42:51,957 - src.training.trainer - INFO - 菏北夹э到A家wOs outputs\hybrid_20250407_103953\models\best_model.pt
2025-04-07 10:42:54,188 - src.training.trainer - INFO - 菏北夹э到A家wOs outputs\hybrid_20250407_103953\models\best_model.pt
2025-04-07 10:42:56,370 - src.training.trainer - INFO - 菏北夹э到A家wOs outputs\hybrid_20250407_103953\models\best_model.pt
2025-04-07 10:42:58,659 - src.training.trainer - INFO - 菏北夹э到A家wOs outputs\hybrid_20250407_103953\models\best_model.pt
2025-04-07 10:43:00,849 - src.training.trainer - INFO - 近Ω 91/200 - Vmlア: 0.678574 - 喷靡lア: 4.255849 - rmse: 1300.562234 - r2: -2.063428 - mae: 1048.897339 - 厩策v: 0.000034 - 啥: 2.19
2025-04-07 10:43:00,869 - src.training.callbacks - INFO - 家浪dIwOs outputs\hybrid_20250407_103953\HybridPINNLSTMModel_20250407_103955\checkpoints\HybridPINNLSTMModel_epoch_091.pt
2025-04-07 10:43:00,883 - src.training.trainer - INFO - 菏北夹э到A家wOs outputs\hybrid_20250407_103953\models\best_model.pt
2025-04-07 10:43:03,156 - src.training.trainer - INFO - 菏北夹э到A家wOs outputs\hybrid_20250407_103953\models\best_model.pt
2025-04-07 10:43:05,140 - src.training.trainer - INFO - 菏北夹э到A家wOs outputs\hybrid_20250407_103953\models\best_model.pt
2025-04-07 10:43:06,986 - src.training.trainer - INFO - 菏北夹э到A家wOs outputs\hybrid_20250407_103953\models\best_model.pt
2025-04-07 10:43:08,757 - src.training.trainer - INFO - 菏北夹э到A家wOs outputs\hybrid_20250407_103953\models\best_model.pt
2025-04-07 10:43:10,617 - src.training.callbacks - INFO - 家浪dIwOs outputs\hybrid_20250407_103953\HybridPINNLSTMModel_20250407_103955\checkpoints\HybridPINNLSTMModel_epoch_096.pt
2025-04-07 10:43:10,629 - src.training.trainer - INFO - 菏北夹э到A家wOs outputs\hybrid_20250407_103953\models\best_model.pt
2025-04-07 10:43:12,416 - src.training.trainer - INFO - 菏北夹э到A家wOs outputs\hybrid_20250407_103953\models\best_model.pt
2025-04-07 10:43:14,175 - src.training.trainer - INFO - 菏北夹э到A家wOs outputs\hybrid_20250407_103953\models\best_model.pt
2025-04-07 10:43:16,038 - src.training.trainer - INFO - 菏北夹э到A家wOs outputs\hybrid_20250407_103953\models\best_model.pt
2025-04-07 10:43:17,908 - src.training.trainer - INFO - 菏北夹э到A家wOs outputs\hybrid_20250407_103953\models\best_model.pt
2025-04-07 10:43:19,690 - src.training.trainer - INFO - 近Ω 101/200 - Vmlア: 0.669305 - 喷靡lア: 4.367837 - rmse: 1305.126814 - r2: -2.084969 - mae: 1056.249023 - 厩策v: 0.000010 - 啥: 1.78
2025-04-07 10:43:19,710 - src.training.callbacks - INFO - 家浪dIwOs outputs\hybrid_20250407_103953\HybridPINNLSTMModel_20250407_103955\checkpoints\HybridPINNLSTMModel_epoch_101.pt
2025-04-07 10:43:19,722 - src.training.trainer - INFO - 菏北夹э到A家wOs outputs\hybrid_20250407_103953\models\best_model.pt
2025-04-07 10:43:21,587 - src.training.trainer - INFO - 菏北夹э到A家wOs outputs\hybrid_20250407_103953\models\best_model.pt
2025-04-07 10:43:23,412 - src.training.trainer - INFO - 菏北夹э到A家wOs outputs\hybrid_20250407_103953\models\best_model.pt
2025-04-07 10:43:25,171 - src.training.trainer - INFO - 菏北夹э到A家wOs outputs\hybrid_20250407_103953\models\best_model.pt
2025-04-07 10:43:27,008 - src.training.trainer - INFO - 菏北夹э到A家wOs outputs\hybrid_20250407_103953\models\best_model.pt
2025-04-07 10:43:28,665 - src.training.callbacks - INFO - 家浪dIwOs outputs\hybrid_20250407_103953\HybridPINNLSTMModel_20250407_103955\checkpoints\HybridPINNLSTMModel_epoch_106.pt
2025-04-07 10:43:28,675 - src.training.trainer - INFO - 菏北夹э到A家wOs outputs\hybrid_20250407_103953\models\best_model.pt
2025-04-07 10:43:30,445 - src.training.trainer - INFO - 菏北夹э到A家wOs outputs\hybrid_20250407_103953\models\best_model.pt
2025-04-07 10:43:32,197 - src.training.trainer - INFO - 菏北夹э到A家wOs outputs\hybrid_20250407_103953\models\best_model.pt
2025-04-07 10:43:33,984 - src.training.trainer - INFO - 菏北夹э到A家wOs outputs\hybrid_20250407_103953\models\best_model.pt
2025-04-07 10:43:35,754 - src.training.trainer - INFO - 菏北夹э到A家wOs outputs\hybrid_20250407_103953\models\best_model.pt
2025-04-07 10:43:37,560 - src.training.trainer - INFO - 近Ω 111/200 - Vmlア: 0.659218 - 喷靡lア: 4.213430 - rmse: 1300.181334 - r2: -2.061634 - mae: 1049.695557 - 厩策v: 0.000034 - 啥: 1.81
2025-04-07 10:43:37,574 - src.training.callbacks - INFO - 家浪dIwOs outputs\hybrid_20250407_103953\HybridPINNLSTMModel_20250407_103955\checkpoints\HybridPINNLSTMModel_epoch_111.pt
2025-04-07 10:43:37,583 - src.training.trainer - INFO - 菏北夹э到A家wOs outputs\hybrid_20250407_103953\models\best_model.pt
2025-04-07 10:43:39,331 - src.training.trainer - INFO - 菏北夹э到A家wOs outputs\hybrid_20250407_103953\models\best_model.pt
2025-04-07 10:43:41,134 - src.training.trainer - INFO - 菏北夹э到A家wOs outputs\hybrid_20250407_103953\models\best_model.pt
2025-04-07 10:43:42,897 - src.training.trainer - INFO - 菏北夹э到A家wOs outputs\hybrid_20250407_103953\models\best_model.pt
2025-04-07 10:43:44,592 - src.training.trainer - INFO - 菏北夹э到A家wOs outputs\hybrid_20250407_103953\models\best_model.pt
2025-04-07 10:43:46,272 - src.training.callbacks - INFO - 家浪dIwOs outputs\hybrid_20250407_103953\HybridPINNLSTMModel_20250407_103955\checkpoints\HybridPINNLSTMModel_epoch_116.pt
2025-04-07 10:43:46,281 - src.training.trainer - INFO - 菏北夹э到A家wOs outputs\hybrid_20250407_103953\models\best_model.pt
2025-04-07 10:43:48,094 - src.training.trainer - INFO - 菏北夹э到A家wOs outputs\hybrid_20250407_103953\models\best_model.pt
2025-04-07 10:43:49,818 - src.training.trainer - INFO - 菏北夹э到A家wOs outputs\hybrid_20250407_103953\models\best_model.pt
2025-04-07 10:43:51,528 - src.training.trainer - INFO - 菏北夹э到A家wOs outputs\hybrid_20250407_103953\models\best_model.pt
2025-04-07 10:43:53,349 - src.training.trainer - INFO - 菏北夹э到A家wOs outputs\hybrid_20250407_103953\models\best_model.pt
2025-04-07 10:43:55,027 - src.training.trainer - INFO - 近Ω 121/200 - Vmlア: 0.684308 - 喷靡lア: 4.698221 - rmse: 1314.758866 - r2: -2.130672 - mae: 1071.463745 - 厩策v: 0.000105 - 啥: 1.68
2025-04-07 10:43:55,039 - src.training.callbacks - INFO - 家浪dIwOs outputs\hybrid_20250407_103953\HybridPINNLSTMModel_20250407_103955\checkpoints\HybridPINNLSTMModel_epoch_121.pt
2025-04-07 10:43:55,053 - src.training.trainer - INFO - 菏北夹э到A家wOs outputs\hybrid_20250407_103953\models\best_model.pt
2025-04-07 10:43:56,809 - src.training.trainer - INFO - 菏北夹э到A家wOs outputs\hybrid_20250407_103953\models\best_model.pt
2025-04-07 10:43:58,771 - src.training.trainer - INFO - 菏北夹э到A家wOs outputs\hybrid_20250407_103953\models\best_model.pt
2025-04-07 10:44:00,596 - src.training.trainer - INFO - 菏北夹э到A家wOs outputs\hybrid_20250407_103953\models\best_model.pt
2025-04-07 10:44:02,780 - src.training.trainer - INFO - 菏北夹э到A家wOs outputs\hybrid_20250407_103953\models\best_model.pt
2025-04-07 10:44:04,769 - src.training.callbacks - INFO - 家浪dIwOs outputs\hybrid_20250407_103953\HybridPINNLSTMModel_20250407_103955\checkpoints\HybridPINNLSTMModel_epoch_126.pt
2025-04-07 10:44:04,781 - src.training.trainer - INFO - 菏北夹э到A家wOs outputs\hybrid_20250407_103953\models\best_model.pt
2025-04-07 10:44:06,570 - src.training.trainer - INFO - 菏北夹э到A家wOs outputs\hybrid_20250407_103953\models\best_model.pt
2025-04-07 10:44:08,386 - src.training.trainer - INFO - 菏北夹э到A家wOs outputs\hybrid_20250407_103953\models\best_model.pt
2025-04-07 10:44:10,151 - src.training.trainer - INFO - 菏北夹э到A家wOs outputs\hybrid_20250407_103953\models\best_model.pt
2025-04-07 10:44:11,905 - src.training.trainer - INFO - 菏北夹э到A家wOs outputs\hybrid_20250407_103953\models\best_model.pt
2025-04-07 10:44:13,652 - src.training.trainer - INFO - 近Ω 131/200 - Vmlア: 0.643783 - 喷靡lア: 4.361384 - rmse: 1303.606967 - r2: -2.077788 - mae: 1053.451050 - 厩策v: 0.000214 - 啥: 1.75
2025-04-07 10:44:13,674 - src.training.callbacks - INFO - 家浪dIwOs outputs\hybrid_20250407_103953\HybridPINNLSTMModel_20250407_103955\checkpoints\HybridPINNLSTMModel_epoch_131.pt
2025-04-07 10:44:13,681 - src.training.trainer - INFO - 菏北夹э到A家wOs outputs\hybrid_20250407_103953\models\best_model.pt
2025-04-07 10:44:15,402 - src.training.trainer - INFO - 菏北夹э到A家wOs outputs\hybrid_20250407_103953\models\best_model.pt
2025-04-07 10:44:17,138 - src.training.trainer - INFO - 菏北夹э到A家wOs outputs\hybrid_20250407_103953\models\best_model.pt
2025-04-07 10:44:18,939 - src.training.trainer - INFO - 菏北夹э到A家wOs outputs\hybrid_20250407_103953\models\best_model.pt
2025-04-07 10:44:20,723 - src.training.trainer - INFO - 菏北夹э到A家wOs outputs\hybrid_20250407_103953\models\best_model.pt
2025-04-07 10:44:22,447 - src.training.callbacks - INFO - 家浪dIwOs outputs\hybrid_20250407_103953\HybridPINNLSTMModel_20250407_103955\checkpoints\HybridPINNLSTMModel_epoch_136.pt
2025-04-07 10:44:22,460 - src.training.trainer - INFO - 菏北夹э到A家wOs outputs\hybrid_20250407_103953\models\best_model.pt
2025-04-07 10:44:24,230 - src.training.trainer - INFO - 菏北夹э到A家wOs outputs\hybrid_20250407_103953\models\best_model.pt
2025-04-07 10:44:25,931 - src.training.trainer - INFO - 菏北夹э到A家wOs outputs\hybrid_20250407_103953\models\best_model.pt
2025-04-07 10:44:27,707 - src.training.trainer - INFO - 菏北夹э到A家wOs outputs\hybrid_20250407_103953\models\best_model.pt
2025-04-07 10:44:29,502 - src.training.trainer - INFO - 菏北夹э到A家wOs outputs\hybrid_20250407_103953\models\best_model.pt
2025-04-07 10:44:31,267 - src.training.trainer - INFO - 近Ω 141/200 - Vmlア: 0.646468 - 喷靡lア: 4.594069 - rmse: 1313.362669 - r2: -2.124026 - mae: 1070.442505 - 厩策v: 0.000352 - 啥: 1.77
2025-04-07 10:44:31,288 - src.training.callbacks - INFO - 家浪dIwOs outputs\hybrid_20250407_103953\HybridPINNLSTMModel_20250407_103955\checkpoints\HybridPINNLSTMModel_epoch_141.pt
2025-04-07 10:44:31,297 - src.training.trainer - INFO - 菏北夹э到A家wOs outputs\hybrid_20250407_103953\models\best_model.pt
2025-04-07 10:44:33,040 - src.training.trainer - INFO - 菏北夹э到A家wOs outputs\hybrid_20250407_103953\models\best_model.pt
2025-04-07 10:44:34,776 - src.training.trainer - INFO - 菏北夹э到A家wOs outputs\hybrid_20250407_103953\models\best_model.pt
2025-04-07 10:44:36,539 - src.training.trainer - INFO - 菏北夹э到A家wOs outputs\hybrid_20250407_103953\models\best_model.pt
2025-04-07 10:44:38,363 - src.training.trainer - INFO - 菏北夹э到A家wOs outputs\hybrid_20250407_103953\models\best_model.pt
2025-04-07 10:44:40,241 - src.training.callbacks - INFO - 家浪dIwOs outputs\hybrid_20250407_103953\HybridPINNLSTMModel_20250407_103955\checkpoints\HybridPINNLSTMModel_epoch_146.pt
2025-04-07 10:44:40,255 - src.training.trainer - INFO - 菏北夹э到A家wOs outputs\hybrid_20250407_103953\models\best_model.pt
2025-04-07 10:44:41,960 - src.training.trainer - INFO - 菏北夹э到A家wOs outputs\hybrid_20250407_103953\models\best_model.pt
2025-04-07 10:44:43,689 - src.training.trainer - INFO - 菏北夹э到A家wOs outputs\hybrid_20250407_103953\models\best_model.pt
2025-04-07 10:44:45,554 - src.training.trainer - INFO - 菏北夹э到A家wOs outputs\hybrid_20250407_103953\models\best_model.pt
2025-04-07 10:44:47,351 - src.training.trainer - INFO - 菏北夹э到A家wOs outputs\hybrid_20250407_103953\models\best_model.pt
2025-04-07 10:44:49,355 - src.training.trainer - INFO - 近Ω 151/200 - Vmlア: 0.625407 - 喷靡lア: 3.987478 - rmse: 1297.305525 - r2: -2.048105 - mae: 1049.506470 - 厩策v: 0.000505 - 啥: 2.00
2025-04-07 10:44:49,378 - src.training.callbacks - INFO - 家浪dIwOs outputs\hybrid_20250407_103953\HybridPINNLSTMModel_20250407_103955\checkpoints\HybridPINNLSTMModel_epoch_151.pt
2025-04-07 10:44:49,393 - src.training.trainer - INFO - 菏北夹э到A家wOs outputs\hybrid_20250407_103953\models\best_model.pt
2025-04-07 10:44:51,339 - src.training.trainer - INFO - 菏北夹э到A家wOs outputs\hybrid_20250407_103953\models\best_model.pt
2025-04-07 10:44:53,164 - src.training.trainer - INFO - 菏北夹э到A家wOs outputs\hybrid_20250407_103953\models\best_model.pt
2025-04-07 10:44:54,865 - src.training.trainer - INFO - 菏北夹э到A家wOs outputs\hybrid_20250407_103953\models\best_model.pt
2025-04-07 10:44:56,586 - src.training.trainer - INFO - 菏北夹э到A家wOs outputs\hybrid_20250407_103953\models\best_model.pt
2025-04-07 10:44:58,413 - src.training.callbacks - INFO - 家浪dIwOs outputs\hybrid_20250407_103953\HybridPINNLSTMModel_20250407_103955\checkpoints\HybridPINNLSTMModel_epoch_156.pt
2025-04-07 10:44:58,421 - src.training.trainer - INFO - 菏北夹э到A家wOs outputs\hybrid_20250407_103953\models\best_model.pt
2025-04-07 10:45:00,140 - src.training.trainer - INFO - 菏北夹э到A家wOs outputs\hybrid_20250407_103953\models\best_model.pt
2025-04-07 10:45:01,957 - src.training.trainer - INFO - 菏北夹э到A家wOs outputs\hybrid_20250407_103953\models\best_model.pt
2025-04-07 10:45:03,672 - src.training.trainer - INFO - 菏北夹э到A家wOs outputs\hybrid_20250407_103953\models\best_model.pt
2025-04-07 10:45:05,378 - src.training.trainer - INFO - 菏北夹э到A家wOs outputs\hybrid_20250407_103953\models\best_model.pt
2025-04-07 10:45:07,108 - src.training.trainer - INFO - 近Ω 161/200 - Vmlア: 0.614829 - 喷靡lア: 3.497852 - rmse: 1270.202198 - r2: -1.922073 - mae: 993.915344 - 厩策v: 0.000658 - 啥: 1.73
2025-04-07 10:45:07,122 - src.training.callbacks - INFO - 家浪dIwOs outputs\hybrid_20250407_103953\HybridPINNLSTMModel_20250407_103955\checkpoints\HybridPINNLSTMModel_epoch_161.pt
2025-04-07 10:45:07,133 - src.training.trainer - INFO - 菏北夹э到A家wOs outputs\hybrid_20250407_103953\models\best_model.pt
2025-04-07 10:45:08,871 - src.training.trainer - INFO - 菏北夹э到A家wOs outputs\hybrid_20250407_103953\models\best_model.pt
2025-04-07 10:45:10,639 - src.training.trainer - INFO - 菏北夹э到A家wOs outputs\hybrid_20250407_103953\models\best_model.pt
2025-04-07 10:45:12,467 - src.training.trainer - INFO - 菏北夹э到A家wOs outputs\hybrid_20250407_103953\models\best_model.pt
2025-04-07 10:45:14,169 - src.training.trainer - INFO - 菏北夹э到A家wOs outputs\hybrid_20250407_103953\models\best_model.pt
2025-04-07 10:45:15,873 - src.training.callbacks - INFO - 家浪dIwOs outputs\hybrid_20250407_103953\HybridPINNLSTMModel_20250407_103955\checkpoints\HybridPINNLSTMModel_epoch_166.pt
2025-04-07 10:45:15,887 - src.training.trainer - INFO - 菏北夹э到A家wOs outputs\hybrid_20250407_103953\models\best_model.pt
2025-04-07 10:45:17,696 - src.training.trainer - INFO - 菏北夹э到A家wOs outputs\hybrid_20250407_103953\models\best_model.pt
2025-04-07 10:45:19,477 - src.training.trainer - INFO - 菏北夹э到A家wOs outputs\hybrid_20250407_103953\models\best_model.pt
2025-04-07 10:45:21,168 - src.training.trainer - INFO - 菏北夹э到A家wOs outputs\hybrid_20250407_103953\models\best_model.pt
2025-04-07 10:45:22,998 - src.training.trainer - INFO - 菏北夹э到A家wOs outputs\hybrid_20250407_103953\models\best_model.pt
2025-04-07 10:45:24,768 - src.training.trainer - INFO - 近Ω 171/200 - Vmlア: 0.601264 - 喷靡lア: 3.945661 - rmse: 1296.460759 - r2: -2.044136 - mae: 1047.491211 - 厩策v: 0.000796 - 啥: 1.77
2025-04-07 10:45:24,789 - src.training.callbacks - INFO - 家浪dIwOs outputs\hybrid_20250407_103953\HybridPINNLSTMModel_20250407_103955\checkpoints\HybridPINNLSTMModel_epoch_171.pt
2025-04-07 10:45:24,804 - src.training.trainer - INFO - 菏北夹э到A家wOs outputs\hybrid_20250407_103953\models\best_model.pt
2025-04-07 10:45:26,591 - src.training.trainer - INFO - 菏北夹э到A家wOs outputs\hybrid_20250407_103953\models\best_model.pt
2025-04-07 10:45:28,401 - src.training.trainer - INFO - 菏北夹э到A家wOs outputs\hybrid_20250407_103953\models\best_model.pt
2025-04-07 10:45:30,183 - src.training.trainer - INFO - 菏北夹э到A家wOs outputs\hybrid_20250407_103953\models\best_model.pt
2025-04-07 10:45:32,032 - src.training.trainer - INFO - 菏北夹э到A家wOs outputs\hybrid_20250407_103953\models\best_model.pt
2025-04-07 10:45:33,824 - src.training.callbacks - INFO - 家浪dIwOs outputs\hybrid_20250407_103953\HybridPINNLSTMModel_20250407_103955\checkpoints\HybridPINNLSTMModel_epoch_176.pt
2025-04-07 10:45:33,836 - src.training.trainer - INFO - 菏北夹э到A家wOs outputs\hybrid_20250407_103953\models\best_model.pt
2025-04-07 10:45:35,559 - src.training.trainer - INFO - 菏北夹э到A家wOs outputs\hybrid_20250407_103953\models\best_model.pt
2025-04-07 10:45:37,250 - src.training.trainer - INFO - 菏北夹э到A家wOs outputs\hybrid_20250407_103953\models\best_model.pt
2025-04-07 10:45:39,108 - src.training.trainer - INFO - 菏北夹э到A家wOs outputs\hybrid_20250407_103953\models\best_model.pt
2025-04-07 10:45:41,220 - src.training.trainer - INFO - 菏北夹э到A家wOs outputs\hybrid_20250407_103953\models\best_model.pt
2025-04-07 10:45:43,237 - src.training.trainer - INFO - 近Ω 181/200 - Vmlア: 0.603741 - 喷靡lア: 3.943105 - rmse: 1291.116958 - r2: -2.019093 - mae: 1034.023804 - 厩策v: 0.000905 - 啥: 2.02
2025-04-07 10:45:43,260 - src.training.callbacks - INFO - 家浪dIwOs outputs\hybrid_20250407_103953\HybridPINNLSTMModel_20250407_103955\checkpoints\HybridPINNLSTMModel_epoch_181.pt
2025-04-07 10:45:43,276 - src.training.trainer - INFO - 菏北夹э到A家wOs outputs\hybrid_20250407_103953\models\best_model.pt
2025-04-07 10:45:45,360 - src.training.trainer - INFO - 菏北夹э到A家wOs outputs\hybrid_20250407_103953\models\best_model.pt
2025-04-07 10:45:47,519 - src.training.trainer - INFO - 菏北夹э到A家wOs outputs\hybrid_20250407_103953\models\best_model.pt
2025-04-07 10:45:49,606 - src.training.trainer - INFO - 菏北夹э到A家wOs outputs\hybrid_20250407_103953\models\best_model.pt
2025-04-07 10:45:51,831 - src.training.trainer - INFO - 菏北夹э到A家wOs outputs\hybrid_20250407_103953\models\best_model.pt
2025-04-07 10:45:54,174 - src.training.callbacks - INFO - 家浪dIwOs outputs\hybrid_20250407_103953\HybridPINNLSTMModel_20250407_103955\checkpoints\HybridPINNLSTMModel_epoch_186.pt
2025-04-07 10:45:54,183 - src.training.trainer - INFO - 菏北夹э到A家wOs outputs\hybrid_20250407_103953\models\best_model.pt
2025-04-07 10:45:56,270 - src.training.trainer - INFO - 菏北夹э到A家wOs outputs\hybrid_20250407_103953\models\best_model.pt
2025-04-07 10:45:58,623 - src.training.trainer - INFO - 菏北夹э到A家wOs outputs\hybrid_20250407_103953\models\best_model.pt
2025-04-07 10:46:00,776 - src.training.trainer - INFO - 菏北夹э到A家wOs outputs\hybrid_20250407_103953\models\best_model.pt
2025-04-07 10:46:02,778 - src.training.trainer - INFO - 菏北夹э到A家wOs outputs\hybrid_20250407_103953\models\best_model.pt
2025-04-07 10:46:04,547 - src.training.trainer - INFO - 近Ω 191/200 - Vmlア: 0.589500 - 喷靡lア: 4.190681 - rmse: 1306.529946 - r2: -2.091606 - mae: 1063.240479 - 厩策v: 0.000976 - 啥: 1.77
2025-04-07 10:46:04,569 - src.training.callbacks - INFO - 家浪dIwOs outputs\hybrid_20250407_103953\HybridPINNLSTMModel_20250407_103955\checkpoints\HybridPINNLSTMModel_epoch_191.pt
2025-04-07 10:46:04,586 - src.training.trainer - INFO - 菏北夹э到A家wOs outputs\hybrid_20250407_103953\models\best_model.pt
2025-04-07 10:46:06,525 - src.training.trainer - INFO - 菏北夹э到A家wOs outputs\hybrid_20250407_103953\models\best_model.pt
2025-04-07 10:46:08,359 - src.training.trainer - INFO - 菏北夹э到A家wOs outputs\hybrid_20250407_103953\models\best_model.pt
2025-04-07 10:46:10,344 - src.training.trainer - INFO - 菏北夹э到A家wOs outputs\hybrid_20250407_103953\models\best_model.pt
2025-04-07 10:46:12,402 - src.training.trainer - INFO - 菏北夹э到A家wOs outputs\hybrid_20250407_103953\models\best_model.pt
2025-04-07 10:46:14,667 - src.training.callbacks - INFO - 家浪dIwOs outputs\hybrid_20250407_103953\HybridPINNLSTMModel_20250407_103955\checkpoints\HybridPINNLSTMModel_epoch_196.pt
2025-04-07 10:46:14,683 - src.training.trainer - INFO - 菏北夹э到A家wOs outputs\hybrid_20250407_103953\models\best_model.pt
2025-04-07 10:46:18,035 - src.training.trainer - INFO - 菏北夹э到A家wOs outputs\hybrid_20250407_103953\models\best_model.pt
2025-04-07 10:46:21,251 - src.training.trainer - INFO - 菏北夹э到A家wOs outputs\hybrid_20250407_103953\models\best_model.pt
2025-04-07 10:46:23,494 - src.training.trainer - INFO - 菏北夹э到A家wOs outputs\hybrid_20250407_103953\models\best_model.pt
2025-04-07 10:46:25,456 - src.training.trainer - INFO - 近Ω 200/200 - Vmlア: 0.590853 - 喷靡lア: 4.028683 - rmse: 1295.788756 - r2: -2.040981 - mae: 1042.238892 - 厩策v: 0.001000 - 啥: 1.96
2025-04-07 10:46:25,473 - src.training.trainer - INFO - 菏北夹э到A家wOs outputs\hybrid_20250407_103953\models\best_model.pt
2025-04-07 10:46:25,473 - src.training.trainer - INFO - VmЧΘA`啥: 390.24
2025-04-07 10:46:25,490 - __main__ - INFO - VmЧΘA程沧家wOs: outputs\hybrid_20250407_103953\models\final_model.pt
2025-04-07 10:46:25,504 - __main__ - WARNING - Xㄖ块X l2_penalty 丧X岿: zero-dimensional arrays cannot be concatenated
2025-04-07 10:46:25,518 - __main__ - INFO - 蝶臬夹wOs: outputs\hybrid_20250407_103953\evaluation\metrics.csv
2025-04-07 10:46:25,518 - __main__ - INFO - ネΘ跌谋て挡G...
2025-04-07 10:46:26,316 - src.utils.visualization - INFO - 瓜钩wOs: outputs\hybrid_20250407_103953\evaluation\visualizations\pred_vs_true.png
2025-04-07 10:46:26,819 - src.utils.visualization - INFO - 瓜钩wOs: outputs\hybrid_20250407_103953\evaluation\visualizations\pred_vs_true.png
2025-04-07 10:46:28,331 - src.utils.visualization - INFO - 瓜钩wOs: outputs\hybrid_20250407_103953\evaluation\visualizations\error_analysis.png
2025-04-07 10:46:29,679 - src.utils.visualization - INFO - 瓜钩wOs: outputs\hybrid_20250407_103953\evaluation\visualizations\physics_validation.png
2025-04-07 10:46:30,685 - src.utils.visualization - INFO - 瓜钩wOs: outputs\hybrid_20250407_103953\evaluation\visualizations\attention_weights.png
2025-04-07 10:46:31,123 - src.utils.visualization - INFO - wネΘ 6 拥谋て瓜愆 outputs\hybrid_20250407_103953\evaluation\visualizations
2025-04-07 10:46:31,123 - __main__ - INFO - 蝶臾功āA挡GwOs: outputs\hybrid_20250407_103953\evaluation
2025-04-07 10:46:31,124 - __main__ - INFO - ヴ叭ЧΘ
