2025-04-11 09:48:00,151 - __main__ - DEBUG - 埃岿家Αw币ノ
2025-04-11 09:48:00,228 - __main__ - INFO - Θ\更Jtmゅン: configs/model_config.yaml
2025-04-11 09:48:00,316 - __main__ - INFO - Θ\更Jtmゅン: configs/train_config.yaml
2025-04-11 09:48:00,324 - __main__ - INFO - w]wH诀贺l: 42
2025-04-11 09:48:00,324 - __main__ - INFO - ㄏノp衡]称: cpu
2025-04-11 09:48:00,326 - __main__ - INFO - 块Xヘ魁: outputs\hybrid_20250411_094800
2025-04-11 09:48:00,328 - __main__ - INFO - 更J戈: data/raw/Training_data_warpage_final_20250321_v1.2.csv
2025-04-11 09:48:00,366 - src.data.preprocess - INFO - Θ\更J戈评僧: data/raw/Training_data_warpage_final_20250321_v1.2.csvA@ 81 掸戈啤A18 幽姒
2025-04-11 09:48:00,378 - src.data.preprocess - INFO - 夹非てЧΘASx计q: 5
2025-04-11 09:48:00,382 - src.data.preprocess - INFO - 啥¨铅C戈品浅僻功āA为: (81, 4, 2)
2025-04-11 09:48:00,386 - src.data.preprocess - INFO - 戈皮莱围功 - Vm栋: 56 妓セ, 喷靡栋: 12 妓セ, 代刚栋: 13 妓セ
2025-04-11 09:48:00,386 - src.data.preprocess - INFO - Ч俱戈瞥Bzy{ЧΘ
2025-04-11 09:48:00,386 - __main__ - INFO - 戈皮莱围功, Vm栋: 56 妓セ, 喷靡栋: 12 妓セ, 代刚栋: 13 妓セ
2025-04-11 09:48:00,386 - __main__ - INFO - 莱ノ戈萍Wj...
2025-04-11 09:48:00,386 - src.data.dataset - INFO - i娓戤萍WjA飑lVm栋jp: 56 妓セ
2025-04-11 09:48:00,889 - src.data.dataset - INFO - 戈萍WjЧΘAWj岐喊Vm栋jp: 626 妓セ
2025-04-11 09:48:00,889 - __main__ - INFO - 戈萍WjЧΘAWj岐喊Vm栋jp: 626 妓セ
2025-04-11 09:48:01,264 - __main__ - INFO - 承夭VXPINN-LSTM家Aㄏノz: TrueA磕Xよk: weighted
2025-04-11 09:48:01,268 - src.data.dataset - INFO - w承馗戤聘J竟 - Vm: 626 妓セ, 喷靡: 12 妓セ, 代刚: 13 妓セ, уΩjp: 8
2025-04-11 09:48:04,120 - src.training.trainer - INFO - 承adamwuて竟A厩策v: 0.002AvI搭: 0.0005
2025-04-11 09:48:04,120 - src.training.losses - INFO - 飑lてHybridLoss: lambda_physics=0.1, lambda_consistency=0.1, a=55.83, b=-2.259, log_space=True, l1_reg=0.0, l2_reg=0.001
2025-04-11 09:48:04,120 - src.training.losses - INFO - 飑lてAdaptiveHybridLoss: physicsvq0.1W[1.0, consistencyvq0.1W[0.5, b40咏ΩずF斐踏j, w荐近Ω: 5, 秸俱よ: linear
2025-04-11 09:48:04,120 - src.training.trainer - WARNING - ぃや穿壕遣卟v秸拙姑: one_cycleAぃㄏノ厩策v秸
2025-04-11 09:48:04,122 - src.training.callbacks - INFO - 飑lてModelCheckpoint: Osヘ魁=outputs\hybrid_20250411_094800\HybridPINNLSTMModel_20250411_094804\checkpoints, OsWv=5, uOs程ㄎ=False, 菏北夹=val_loss, 家Α=min
2025-04-11 09:48:04,122 - src.training.callbacks - INFO - 飑lてLossHistory: Os隔|=outputs\hybrid_20250411_094800\HybridPINNLSTMModel_20250411_094804\history.json, OsWv=1
2025-04-11 09:48:04,126 - src.training.trainer - INFO - 飑lてVm竟ЧΘA家: HybridPINNLSTMModel, uて竟: AdamW, ]称: cpu
2025-04-11 09:48:04,126 - __main__ - INFO - }lVmA`近计: 250
2025-04-11 09:48:04,126 - src.training.trainer - INFO - }lVmA`近计: 250
2025-04-11 09:48:07,316 - src.training.trainer - INFO - 近Ω 1/250 - Vmlア: 4.387773 - 喷靡lア: 5.394916 - rmse: 1273.058276 - r2: -1.935228 - mae: 1004.460999 - 厩策v: 0.002000 - 啥: 3.19
2025-04-11 09:48:07,399 - src.training.callbacks - INFO - 家浪dIwOs outputs\hybrid_20250411_094800\HybridPINNLSTMModel_20250411_094804\checkpoints\HybridPINNLSTMModel_epoch_001.pt
2025-04-11 09:48:07,413 - src.training.trainer - INFO - 菏北夹э到A家wOs outputs\hybrid_20250411_094800\models\best_model.pt
2025-04-11 09:48:10,551 - src.training.trainer - INFO - 菏北夹э到A家wOs outputs\hybrid_20250411_094800\models\best_model.pt
2025-04-11 09:48:13,776 - src.training.trainer - INFO - 近Ω 3/250 - Vmlア: 2.331068 - 喷靡lア: 5.124002 - rmse: 1287.967148 - r2: -2.004380 - mae: 1032.620972 - 厩策v: 0.002000 - 啥: 3.22
2025-04-11 09:48:13,788 - src.training.trainer - INFO - 菏北夹э到A家wOs outputs\hybrid_20250411_094800\models\best_model.pt
2025-04-11 09:48:16,946 - src.training.trainer - INFO - 菏北夹э到A家wOs outputs\hybrid_20250411_094800\models\best_model.pt
2025-04-11 09:48:20,027 - src.training.trainer - INFO - 近Ω 5/250 - Vmlア: 1.741241 - 喷靡lア: 4.925013 - rmse: 1290.905835 - r2: -2.018106 - mae: 1036.529175 - 厩策v: 0.002000 - 啥: 3.08
2025-04-11 09:48:20,039 - src.training.trainer - INFO - 菏北夹э到A家wOs outputs\hybrid_20250411_094800\models\best_model.pt
2025-04-11 09:48:22,830 - src.training.callbacks - INFO - 家浪dIwOs outputs\hybrid_20250411_094800\HybridPINNLSTMModel_20250411_094804\checkpoints\HybridPINNLSTMModel_epoch_006.pt
2025-04-11 09:48:22,840 - src.training.trainer - INFO - 菏北夹э到A家wOs outputs\hybrid_20250411_094800\models\best_model.pt
2025-04-11 09:48:26,330 - src.training.trainer - INFO - 近Ω 7/250 - Vmlア: 1.535993 - 喷靡lア: 4.038461 - rmse: 1258.709458 - r2: -1.869435 - mae: 994.251038 - 厩策v: 0.002000 - 啥: 3.49
2025-04-11 09:48:26,344 - src.training.trainer - INFO - 菏北夹э到A家wOs outputs\hybrid_20250411_094800\models\best_model.pt
2025-04-11 09:48:29,380 - src.training.trainer - INFO - 菏北夹э到A家wOs outputs\hybrid_20250411_094800\models\best_model.pt
2025-04-11 09:48:33,436 - src.training.trainer - INFO - 近Ω 9/250 - Vmlア: 1.398495 - 喷靡lア: 4.568671 - rmse: 1299.338678 - r2: -2.057666 - mae: 1054.556274 - 厩策v: 0.002000 - 啥: 4.06
2025-04-11 09:48:33,450 - src.training.trainer - INFO - 菏北夹э到A家wOs outputs\hybrid_20250411_094800\models\best_model.pt
2025-04-11 09:48:38,264 - src.training.trainer - INFO - 菏北夹э到A家wOs outputs\hybrid_20250411_094800\models\best_model.pt
2025-04-11 09:48:41,239 - src.training.trainer - INFO - 近Ω 11/250 - Vmlア: 1.230794 - 喷靡lア: 4.887609 - rmse: 1309.209685 - r2: -2.104300 - mae: 1064.793457 - 厩策v: 0.002000 - 啥: 2.98
2025-04-11 09:48:41,265 - src.training.callbacks - INFO - 家浪dIwOs outputs\hybrid_20250411_094800\HybridPINNLSTMModel_20250411_094804\checkpoints\HybridPINNLSTMModel_epoch_011.pt
2025-04-11 09:48:41,277 - src.training.trainer - INFO - 菏北夹э到A家wOs outputs\hybrid_20250411_094800\models\best_model.pt
2025-04-11 09:48:44,323 - src.training.trainer - INFO - 菏北夹э到A家wOs outputs\hybrid_20250411_094800\models\best_model.pt
2025-04-11 09:48:46,868 - src.training.trainer - INFO - 近Ω 13/250 - Vmlア: 1.108848 - 喷靡lア: 4.602630 - rmse: 1302.604314 - r2: -2.073055 - mae: 1054.554321 - 厩策v: 0.002000 - 啥: 2.55
2025-04-11 09:48:46,880 - src.training.trainer - INFO - 菏北夹э到A家wOs outputs\hybrid_20250411_094800\models\best_model.pt
2025-04-11 09:48:49,457 - src.training.trainer - INFO - 菏北夹э到A家wOs outputs\hybrid_20250411_094800\models\best_model.pt
2025-04-11 09:48:52,146 - src.training.trainer - INFO - 近Ω 15/250 - Vmlア: 1.024351 - 喷靡lア: 4.105655 - rmse: 1287.407472 - r2: -2.001770 - mae: 1036.248901 - 厩策v: 0.002000 - 啥: 2.69
2025-04-11 09:48:52,158 - src.training.trainer - INFO - 菏北夹э到A家wOs outputs\hybrid_20250411_094800\models\best_model.pt
2025-04-11 09:48:54,899 - src.training.callbacks - INFO - 家浪dIwOs outputs\hybrid_20250411_094800\HybridPINNLSTMModel_20250411_094804\checkpoints\HybridPINNLSTMModel_epoch_016.pt
2025-04-11 09:48:54,911 - src.training.trainer - INFO - 菏北夹э到A家wOs outputs\hybrid_20250411_094800\models\best_model.pt
2025-04-11 09:48:57,711 - src.training.trainer - INFO - 近Ω 17/250 - Vmlア: 0.954168 - 喷靡lア: 4.512708 - rmse: 1306.588832 - r2: -2.091884 - mae: 1066.661743 - 厩策v: 0.002000 - 啥: 2.80
2025-04-11 09:48:57,721 - src.training.trainer - INFO - 菏北夹э到A家wOs outputs\hybrid_20250411_094800\models\best_model.pt
2025-04-11 09:49:00,446 - src.training.trainer - INFO - 菏北夹э到A家wOs outputs\hybrid_20250411_094800\models\best_model.pt
2025-04-11 09:49:03,336 - src.training.trainer - INFO - 近Ω 19/250 - Vmlア: 0.879552 - 喷靡lア: 4.709224 - rmse: 1313.138749 - r2: -2.122961 - mae: 1065.732788 - 厩策v: 0.002000 - 啥: 2.89
2025-04-11 09:49:03,344 - src.training.trainer - INFO - 菏北夹э到A家wOs outputs\hybrid_20250411_094800\models\best_model.pt
2025-04-11 09:49:05,937 - src.training.trainer - INFO - 菏北夹э到A家wOs outputs\hybrid_20250411_094800\models\best_model.pt
2025-04-11 09:49:08,558 - src.training.trainer - INFO - 近Ω 21/250 - Vmlア: 0.846291 - 喷靡lア: 4.522572 - rmse: 1305.086060 - r2: -2.084776 - mae: 1058.311279 - 厩策v: 0.002000 - 啥: 2.62
2025-04-11 09:49:08,586 - src.training.callbacks - INFO - 家浪dIwOs outputs\hybrid_20250411_094800\HybridPINNLSTMModel_20250411_094804\checkpoints\HybridPINNLSTMModel_epoch_021.pt
2025-04-11 09:49:08,598 - src.training.trainer - INFO - 菏北夹э到A家wOs outputs\hybrid_20250411_094800\models\best_model.pt
2025-04-11 09:49:11,131 - src.training.trainer - INFO - 菏北夹э到A家wOs outputs\hybrid_20250411_094800\models\best_model.pt
2025-04-11 09:49:13,776 - src.training.trainer - INFO - 近Ω 23/250 - Vmlア: 0.823249 - 喷靡lア: 4.036795 - rmse: 1297.069726 - r2: -2.046997 - mae: 1048.621582 - 厩策v: 0.002000 - 啥: 2.64
2025-04-11 09:49:13,784 - src.training.trainer - INFO - 菏北夹э到A家wOs outputs\hybrid_20250411_094800\models\best_model.pt
2025-04-11 09:49:16,310 - src.training.trainer - INFO - 菏北夹э到A家wOs outputs\hybrid_20250411_094800\models\best_model.pt
2025-04-11 09:49:18,867 - src.training.trainer - INFO - 近Ω 25/250 - Vmlア: 0.810990 - 喷靡lア: 4.292959 - rmse: 1304.387404 - r2: -2.081474 - mae: 1054.002563 - 厩策v: 0.002000 - 啥: 2.56
2025-04-11 09:49:18,881 - src.training.trainer - INFO - 菏北夹э到A家wOs outputs\hybrid_20250411_094800\models\best_model.pt
2025-04-11 09:49:21,382 - src.training.callbacks - INFO - 家浪dIwOs outputs\hybrid_20250411_094800\HybridPINNLSTMModel_20250411_094804\checkpoints\HybridPINNLSTMModel_epoch_026.pt
2025-04-11 09:49:21,396 - src.training.trainer - INFO - 菏北夹э到A家wOs outputs\hybrid_20250411_094800\models\best_model.pt
2025-04-11 09:49:23,979 - src.training.trainer - INFO - 近Ω 27/250 - Vmlア: 0.771889 - 喷靡lア: 4.308852 - rmse: 1305.396827 - r2: -2.086245 - mae: 1062.870483 - 厩策v: 0.002000 - 啥: 2.58
2025-04-11 09:49:23,989 - src.training.trainer - INFO - 菏北夹э到A家wOs outputs\hybrid_20250411_094800\models\best_model.pt
2025-04-11 09:49:26,626 - src.training.trainer - INFO - 菏北夹э到A家wOs outputs\hybrid_20250411_094800\models\best_model.pt
2025-04-11 09:49:29,339 - src.training.trainer - INFO - 近Ω 29/250 - Vmlア: 0.764220 - 喷靡lア: 4.239443 - rmse: 1304.025690 - r2: -2.079766 - mae: 1059.042969 - 厩策v: 0.002000 - 啥: 2.71
2025-04-11 09:49:29,348 - src.training.trainer - INFO - 菏北夹э到A家wOs outputs\hybrid_20250411_094800\models\best_model.pt
2025-04-11 09:49:32,511 - src.training.trainer - INFO - 菏北夹э到A家wOs outputs\hybrid_20250411_094800\models\best_model.pt
2025-04-11 09:49:36,175 - src.training.trainer - INFO - 近Ω 31/250 - Vmlア: 0.710235 - 喷靡lア: 4.394646 - rmse: 1308.031345 - r2: -2.098715 - mae: 1069.661987 - 厩策v: 0.002000 - 啥: 3.66
2025-04-11 09:49:36,197 - src.training.callbacks - INFO - 家浪dIwOs outputs\hybrid_20250411_094800\HybridPINNLSTMModel_20250411_094804\checkpoints\HybridPINNLSTMModel_epoch_031.pt
2025-04-11 09:49:36,207 - src.training.trainer - INFO - 菏北夹э到A家wOs outputs\hybrid_20250411_094800\models\best_model.pt
2025-04-11 09:49:39,606 - src.training.trainer - INFO - 菏北夹э到A家wOs outputs\hybrid_20250411_094800\models\best_model.pt
2025-04-11 09:49:43,731 - src.training.trainer - INFO - 近Ω 33/250 - Vmlア: 0.711467 - 喷靡lア: 4.309938 - rmse: 1308.625949 - r2: -2.101533 - mae: 1067.512817 - 厩策v: 0.002000 - 啥: 4.12
2025-04-11 09:49:43,742 - src.training.trainer - INFO - 菏北夹э到A家wOs outputs\hybrid_20250411_094800\models\best_model.pt
2025-04-11 09:49:47,383 - src.training.trainer - INFO - 菏北夹э到A家wOs outputs\hybrid_20250411_094800\models\best_model.pt
2025-04-11 09:49:50,660 - src.training.trainer - INFO - 近Ω 35/250 - Vmlア: 0.721093 - 喷靡lア: 3.857603 - rmse: 1287.514126 - r2: -2.002267 - mae: 1030.860596 - 厩策v: 0.002000 - 啥: 3.28
2025-04-11 09:49:50,674 - src.training.trainer - INFO - 菏北夹э到A家wOs outputs\hybrid_20250411_094800\models\best_model.pt
2025-04-11 09:49:53,419 - src.training.callbacks - INFO - 家浪dIwOs outputs\hybrid_20250411_094800\HybridPINNLSTMModel_20250411_094804\checkpoints\HybridPINNLSTMModel_epoch_036.pt
2025-04-11 09:49:53,433 - src.training.trainer - INFO - 菏北夹э到A家wOs outputs\hybrid_20250411_094800\models\best_model.pt
2025-04-11 09:49:57,332 - src.training.trainer - INFO - 近Ω 37/250 - Vmlア: 0.705830 - 喷靡lア: 4.221467 - rmse: 1302.182015 - r2: -2.071063 - mae: 1053.900635 - 厩策v: 0.002000 - 啥: 3.90
2025-04-11 09:49:57,346 - src.training.trainer - INFO - 菏北夹э到A家wOs outputs\hybrid_20250411_094800\models\best_model.pt
2025-04-11 09:50:02,672 - src.training.trainer - INFO - 菏北夹э到A家wOs outputs\hybrid_20250411_094800\models\best_model.pt
2025-04-11 09:50:07,589 - src.training.trainer - INFO - 近Ω 39/250 - Vmlア: 0.695165 - 喷靡lア: 4.292729 - rmse: 1307.518308 - r2: -2.096285 - mae: 1059.231567 - 厩策v: 0.002000 - 啥: 4.92
2025-04-11 09:50:07,604 - src.training.trainer - INFO - 菏北夹э到A家wOs outputs\hybrid_20250411_094800\models\best_model.pt
2025-04-11 09:50:12,303 - src.training.trainer - INFO - 菏北夹э到A家wOs outputs\hybrid_20250411_094800\models\best_model.pt
2025-04-11 09:50:16,621 - src.training.trainer - INFO - 近Ω 41/250 - Vmlア: 0.678991 - 喷靡lア: 4.576666 - rmse: 1307.655918 - r2: -2.096937 - mae: 1059.480835 - 厩策v: 0.002000 - 啥: 4.32
2025-04-11 09:50:16,661 - src.training.callbacks - INFO - 家浪dIwOs outputs\hybrid_20250411_094800\HybridPINNLSTMModel_20250411_094804\checkpoints\HybridPINNLSTMModel_epoch_041.pt
2025-04-11 09:50:16,679 - src.training.trainer - INFO - 菏北夹э到A家wOs outputs\hybrid_20250411_094800\models\best_model.pt
2025-04-11 09:50:20,724 - src.training.trainer - INFO - 菏北夹э到A家wOs outputs\hybrid_20250411_094800\models\best_model.pt
2025-04-11 09:50:24,894 - src.training.trainer - INFO - 近Ω 43/250 - Vmlア: 0.676254 - 喷靡lア: 4.176326 - rmse: 1302.380177 - r2: -2.071998 - mae: 1056.008179 - 厩策v: 0.002000 - 啥: 4.17
2025-04-11 09:50:24,906 - src.training.trainer - INFO - 菏北夹э到A家wOs outputs\hybrid_20250411_094800\models\best_model.pt
2025-04-11 09:50:29,076 - src.training.trainer - INFO - 菏北夹э到A家wOs outputs\hybrid_20250411_094800\models\best_model.pt
2025-04-11 09:50:37,871 - src.training.trainer - INFO - 近Ω 45/250 - Vmlア: 0.649218 - 喷靡lア: 4.176962 - rmse: 1300.336110 - r2: -2.062362 - mae: 1045.553589 - 厩策v: 0.002000 - 啥: 8.79
2025-04-11 09:50:37,883 - src.training.trainer - INFO - 菏北夹э到A家wOs outputs\hybrid_20250411_094800\models\best_model.pt
2025-04-11 09:50:43,226 - src.training.callbacks - INFO - 家浪dIwOs outputs\hybrid_20250411_094800\HybridPINNLSTMModel_20250411_094804\checkpoints\HybridPINNLSTMModel_epoch_046.pt
2025-04-11 09:50:43,240 - src.training.trainer - INFO - 菏北夹э到A家wOs outputs\hybrid_20250411_094800\models\best_model.pt
2025-04-11 09:50:48,291 - src.training.trainer - INFO - 近Ω 47/250 - Vmlア: 0.678526 - 喷靡lア: 4.187772 - rmse: 1306.047903 - r2: -2.089325 - mae: 1063.361206 - 厩策v: 0.002000 - 啥: 5.05
2025-04-11 09:50:48,304 - src.training.trainer - INFO - 菏北夹э到A家wOs outputs\hybrid_20250411_094800\models\best_model.pt
2025-04-11 09:50:51,995 - src.training.trainer - INFO - 菏北夹э到A家wOs outputs\hybrid_20250411_094800\models\best_model.pt
2025-04-11 09:50:55,242 - src.training.trainer - INFO - 近Ω 49/250 - Vmlア: 0.686165 - 喷靡lア: 4.487142 - rmse: 1310.033969 - r2: -2.108211 - mae: 1062.561890 - 厩策v: 0.002000 - 啥: 3.25
2025-04-11 09:50:55,256 - src.training.trainer - INFO - 菏北夹э到A家wOs outputs\hybrid_20250411_094800\models\best_model.pt
2025-04-11 09:50:58,307 - src.training.trainer - INFO - 菏北夹э到A家wOs outputs\hybrid_20250411_094800\models\best_model.pt
2025-04-11 09:51:01,513 - src.training.trainer - INFO - 近Ω 51/250 - Vmlア: 0.646804 - 喷靡lア: 4.090024 - rmse: 1299.506493 - r2: -2.058456 - mae: 1054.066406 - 厩策v: 0.002000 - 啥: 3.21
2025-04-11 09:51:01,544 - src.training.callbacks - INFO - 家浪dIwOs outputs\hybrid_20250411_094800\HybridPINNLSTMModel_20250411_094804\checkpoints\HybridPINNLSTMModel_epoch_051.pt
2025-04-11 09:51:01,559 - src.training.trainer - INFO - 菏北夹э到A家wOs outputs\hybrid_20250411_094800\models\best_model.pt
2025-04-11 09:51:04,633 - src.training.trainer - INFO - 菏北夹э到A家wOs outputs\hybrid_20250411_094800\models\best_model.pt
2025-04-11 09:51:07,631 - src.training.trainer - INFO - 近Ω 53/250 - Vmlア: 0.668708 - 喷靡lア: 4.470750 - rmse: 1311.140486 - r2: -2.113464 - mae: 1066.999146 - 厩策v: 0.002000 - 啥: 3.00
2025-04-11 09:51:07,640 - src.training.trainer - INFO - 菏北夹э到A家wOs outputs\hybrid_20250411_094800\models\best_model.pt
2025-04-11 09:51:10,494 - src.training.trainer - INFO - 菏北夹э到A家wOs outputs\hybrid_20250411_094800\models\best_model.pt
2025-04-11 09:51:13,404 - src.training.trainer - INFO - 近Ω 55/250 - Vmlア: 0.665214 - 喷靡lア: 4.131595 - rmse: 1302.778185 - r2: -2.073876 - mae: 1052.504639 - 厩策v: 0.002000 - 啥: 2.91
2025-04-11 09:51:13,417 - src.training.trainer - INFO - 菏北夹э到A家wOs outputs\hybrid_20250411_094800\models\best_model.pt
2025-04-11 09:51:16,394 - src.training.callbacks - INFO - 家浪dIwOs outputs\hybrid_20250411_094800\HybridPINNLSTMModel_20250411_094804\checkpoints\HybridPINNLSTMModel_epoch_056.pt
2025-04-11 09:51:16,423 - src.training.trainer - INFO - 菏北夹э到A家wOs outputs\hybrid_20250411_094800\models\best_model.pt
2025-04-11 09:51:19,381 - src.training.trainer - INFO - 近Ω 57/250 - Vmlア: 0.665923 - 喷靡lア: 4.116759 - rmse: 1302.726708 - r2: -2.073633 - mae: 1051.556274 - 厩策v: 0.002000 - 啥: 2.96
2025-04-11 09:51:19,392 - src.training.trainer - INFO - 菏北夹э到A家wOs outputs\hybrid_20250411_094800\models\best_model.pt
2025-04-11 09:51:22,401 - src.training.trainer - INFO - 菏北夹э到A家wOs outputs\hybrid_20250411_094800\models\best_model.pt
2025-04-11 09:51:25,347 - src.training.trainer - INFO - 近Ω 59/250 - Vmlア: 0.647146 - 喷靡lア: 4.030202 - rmse: 1301.040737 - r2: -2.065682 - mae: 1056.755493 - 厩策v: 0.002000 - 啥: 2.95
2025-04-11 09:51:25,362 - src.training.trainer - INFO - 菏北夹э到A家wOs outputs\hybrid_20250411_094800\models\best_model.pt
2025-04-11 09:51:28,360 - src.training.trainer - INFO - 菏北夹э到A家wOs outputs\hybrid_20250411_094800\models\best_model.pt
2025-04-11 09:51:31,318 - src.training.trainer - INFO - 近Ω 61/250 - Vmlア: 0.669492 - 喷靡lア: 3.785036 - rmse: 1287.212444 - r2: -2.000860 - mae: 1030.392700 - 厩策v: 0.002000 - 啥: 2.96
2025-04-11 09:51:31,339 - src.training.callbacks - INFO - 家浪dIwOs outputs\hybrid_20250411_094800\HybridPINNLSTMModel_20250411_094804\checkpoints\HybridPINNLSTMModel_epoch_061.pt
2025-04-11 09:51:31,349 - src.training.trainer - INFO - 菏北夹э到A家wOs outputs\hybrid_20250411_094800\models\best_model.pt
2025-04-11 09:51:34,302 - src.training.trainer - INFO - 菏北夹э到A家wOs outputs\hybrid_20250411_094800\models\best_model.pt
2025-04-11 09:51:37,336 - src.training.trainer - INFO - 近Ω 63/250 - Vmlア: 0.655956 - 喷靡lア: 3.939255 - rmse: 1291.198135 - r2: -2.019473 - mae: 1045.110229 - 厩策v: 0.002000 - 啥: 3.03
2025-04-11 09:51:37,349 - src.training.trainer - INFO - 菏北夹э到A家wOs outputs\hybrid_20250411_094800\models\best_model.pt
2025-04-11 09:51:40,317 - src.training.trainer - INFO - 菏北夹э到A家wOs outputs\hybrid_20250411_094800\models\best_model.pt
2025-04-11 09:51:43,407 - src.training.trainer - INFO - 近Ω 65/250 - Vmlア: 0.645210 - 喷靡lア: 4.112662 - rmse: 1301.139549 - r2: -2.066148 - mae: 1052.315552 - 厩策v: 0.002000 - 啥: 3.09
2025-04-11 09:51:43,420 - src.training.trainer - INFO - 菏北夹э到A家wOs outputs\hybrid_20250411_094800\models\best_model.pt
2025-04-11 09:51:46,537 - src.training.callbacks - INFO - 家浪dIwOs outputs\hybrid_20250411_094800\HybridPINNLSTMModel_20250411_094804\checkpoints\HybridPINNLSTMModel_epoch_066.pt
2025-04-11 09:51:46,546 - src.training.trainer - INFO - 菏北夹э到A家wOs outputs\hybrid_20250411_094800\models\best_model.pt
2025-04-11 09:51:49,746 - src.training.trainer - INFO - 近Ω 67/250 - Vmlア: 0.659485 - 喷靡lア: 4.264564 - rmse: 1307.221911 - r2: -2.094881 - mae: 1060.759155 - 厩策v: 0.002000 - 啥: 3.20
2025-04-11 09:51:49,760 - src.training.trainer - INFO - 菏北夹э到A家wOs outputs\hybrid_20250411_094800\models\best_model.pt
2025-04-11 09:51:53,112 - src.training.trainer - INFO - 菏北夹э到A家wOs outputs\hybrid_20250411_094800\models\best_model.pt
2025-04-11 09:51:56,410 - src.training.trainer - INFO - 近Ω 69/250 - Vmlア: 0.653697 - 喷靡lア: 4.551821 - rmse: 1315.240805 - r2: -2.132967 - mae: 1072.350464 - 厩策v: 0.002000 - 啥: 3.30
2025-04-11 09:51:56,425 - src.training.trainer - INFO - 菏北夹э到A家wOs outputs\hybrid_20250411_094800\models\best_model.pt
2025-04-11 09:51:59,808 - src.training.trainer - INFO - 菏北夹э到A家wOs outputs\hybrid_20250411_094800\models\best_model.pt
2025-04-11 09:52:03,118 - src.training.trainer - INFO - 近Ω 71/250 - Vmlア: 0.647600 - 喷靡lア: 4.353851 - rmse: 1304.136640 - r2: -2.080289 - mae: 1051.936401 - 厩策v: 0.002000 - 啥: 3.31
2025-04-11 09:52:03,138 - src.training.callbacks - INFO - 家浪dIwOs outputs\hybrid_20250411_094800\HybridPINNLSTMModel_20250411_094804\checkpoints\HybridPINNLSTMModel_epoch_071.pt
2025-04-11 09:52:03,148 - src.training.trainer - INFO - 菏北夹э到A家wOs outputs\hybrid_20250411_094800\models\best_model.pt
2025-04-11 09:52:06,306 - src.training.trainer - INFO - 菏北夹э到A家wOs outputs\hybrid_20250411_094800\models\best_model.pt
2025-04-11 09:52:09,373 - src.training.trainer - INFO - 近Ω 73/250 - Vmlア: 0.653906 - 喷靡lア: 4.114774 - rmse: 1302.678826 - r2: -2.073407 - mae: 1052.557983 - 厩策v: 0.002000 - 啥: 3.07
2025-04-11 09:52:09,387 - src.training.trainer - INFO - 菏北夹э到A家wOs outputs\hybrid_20250411_094800\models\best_model.pt
2025-04-11 09:52:12,546 - src.training.trainer - INFO - 菏北夹э到A家wOs outputs\hybrid_20250411_094800\models\best_model.pt
2025-04-11 09:52:15,808 - src.training.trainer - INFO - 近Ω 75/250 - Vmlア: 0.648624 - 喷靡lア: 4.447537 - rmse: 1311.223665 - r2: -2.113859 - mae: 1068.380493 - 厩策v: 0.002000 - 啥: 3.26
2025-04-11 09:52:15,822 - src.training.trainer - INFO - 菏北夹э到A家wOs outputs\hybrid_20250411_094800\models\best_model.pt
2025-04-11 09:52:18,964 - src.training.callbacks - INFO - 家浪dIwOs outputs\hybrid_20250411_094800\HybridPINNLSTMModel_20250411_094804\checkpoints\HybridPINNLSTMModel_epoch_076.pt
2025-04-11 09:52:18,974 - src.training.trainer - INFO - 菏北夹э到A家wOs outputs\hybrid_20250411_094800\models\best_model.pt
2025-04-11 09:52:22,139 - src.training.trainer - INFO - 近Ω 77/250 - Vmlア: 0.655970 - 喷靡lア: 4.532417 - rmse: 1312.862759 - r2: -2.121649 - mae: 1065.619507 - 厩策v: 0.002000 - 啥: 3.17
2025-04-11 09:52:22,154 - src.training.trainer - INFO - 菏北夹э到A家wOs outputs\hybrid_20250411_094800\models\best_model.pt
2025-04-11 09:52:25,298 - src.training.trainer - INFO - 菏北夹э到A家wOs outputs\hybrid_20250411_094800\models\best_model.pt
2025-04-11 09:52:28,316 - src.training.trainer - INFO - 近Ω 79/250 - Vmlア: 0.673882 - 喷靡lア: 4.245017 - rmse: 1303.460970 - r2: -2.077099 - mae: 1054.080811 - 厩策v: 0.002000 - 啥: 3.02
2025-04-11 09:52:28,327 - src.training.trainer - INFO - 菏北夹э到A家wOs outputs\hybrid_20250411_094800\models\best_model.pt
2025-04-11 09:52:31,334 - src.training.trainer - INFO - 菏北夹э到A家wOs outputs\hybrid_20250411_094800\models\best_model.pt
2025-04-11 09:52:34,313 - src.training.trainer - INFO - 近Ω 81/250 - Vmlア: 0.662706 - 喷靡lア: 4.306025 - rmse: 1305.126239 - r2: -2.084966 - mae: 1054.212769 - 厩策v: 0.002000 - 啥: 2.98
2025-04-11 09:52:34,345 - src.training.callbacks - INFO - 家浪dIwOs outputs\hybrid_20250411_094800\HybridPINNLSTMModel_20250411_094804\checkpoints\HybridPINNLSTMModel_epoch_081.pt
2025-04-11 09:52:34,363 - src.training.trainer - INFO - 菏北夹э到A家wOs outputs\hybrid_20250411_094800\models\best_model.pt
2025-04-11 09:52:38,725 - src.training.trainer - INFO - 菏北夹э到A家wOs outputs\hybrid_20250411_094800\models\best_model.pt
2025-04-11 09:52:41,918 - src.training.trainer - INFO - 近Ω 83/250 - Vmlア: 0.663885 - 喷靡lア: 4.090724 - rmse: 1298.917674 - r2: -2.055685 - mae: 1042.739624 - 厩策v: 0.002000 - 啥: 3.19
2025-04-11 09:52:41,932 - src.training.trainer - INFO - 菏北夹э到A家wOs outputs\hybrid_20250411_094800\models\best_model.pt
2025-04-11 09:52:45,275 - src.training.trainer - INFO - 菏北夹э到A家wOs outputs\hybrid_20250411_094800\models\best_model.pt
2025-04-11 09:52:48,197 - src.training.trainer - INFO - 近Ω 85/250 - Vmlア: 0.674989 - 喷靡lア: 3.575479 - rmse: 1272.668702 - r2: -1.933432 - mae: 1006.526184 - 厩策v: 0.002000 - 啥: 2.92
2025-04-11 09:52:48,211 - src.training.trainer - INFO - 菏北夹э到A家wOs outputs\hybrid_20250411_094800\models\best_model.pt
2025-04-11 09:52:51,022 - src.training.callbacks - INFO - 家浪dIwOs outputs\hybrid_20250411_094800\HybridPINNLSTMModel_20250411_094804\checkpoints\HybridPINNLSTMModel_epoch_086.pt
2025-04-11 09:52:51,038 - src.training.trainer - INFO - 菏北夹э到A家wOs outputs\hybrid_20250411_094800\models\best_model.pt
2025-04-11 09:52:53,983 - src.training.trainer - INFO - 近Ω 87/250 - Vmlア: 0.664180 - 喷靡lア: 4.441574 - rmse: 1310.709207 - r2: -2.111416 - mae: 1064.730347 - 厩策v: 0.002000 - 啥: 2.94
2025-04-11 09:52:53,997 - src.training.trainer - INFO - 菏北夹э到A家wOs outputs\hybrid_20250411_094800\models\best_model.pt
2025-04-11 09:52:56,849 - src.training.trainer - INFO - 菏北夹э到A家wOs outputs\hybrid_20250411_094800\models\best_model.pt
2025-04-11 09:52:59,680 - src.training.trainer - INFO - 近Ω 89/250 - Vmlア: 0.645088 - 喷靡lア: 4.430126 - rmse: 1308.187152 - r2: -2.099453 - mae: 1056.014648 - 厩策v: 0.002000 - 啥: 2.83
2025-04-11 09:52:59,694 - src.training.trainer - INFO - 菏北夹э到A家wOs outputs\hybrid_20250411_094800\models\best_model.pt
2025-04-11 09:53:02,636 - src.training.trainer - INFO - 菏北夹э到A家wOs outputs\hybrid_20250411_094800\models\best_model.pt
2025-04-11 09:53:05,458 - src.training.trainer - INFO - 近Ω 91/250 - Vmlア: 0.650623 - 喷靡lア: 3.985000 - rmse: 1295.697303 - r2: -2.040552 - mae: 1042.287842 - 厩策v: 0.002000 - 啥: 2.82
2025-04-11 09:53:05,489 - src.training.callbacks - INFO - 家浪dIwOs outputs\hybrid_20250411_094800\HybridPINNLSTMModel_20250411_094804\checkpoints\HybridPINNLSTMModel_epoch_091.pt
2025-04-11 09:53:05,503 - src.training.trainer - INFO - 菏北夹э到A家wOs outputs\hybrid_20250411_094800\models\best_model.pt
2025-04-11 09:53:08,436 - src.training.trainer - INFO - 菏北夹э到A家wOs outputs\hybrid_20250411_094800\models\best_model.pt
2025-04-11 09:53:11,125 - src.training.trainer - INFO - 近Ω 93/250 - Vmlア: 0.628079 - 喷靡lア: 4.634131 - rmse: 1313.501190 - r2: -2.124685 - mae: 1068.063843 - 厩策v: 0.002000 - 啥: 2.69
2025-04-11 09:53:11,138 - src.training.trainer - INFO - 菏北夹э到A家wOs outputs\hybrid_20250411_094800\models\best_model.pt
2025-04-11 09:53:14,059 - src.training.trainer - INFO - 菏北夹э到A家wOs outputs\hybrid_20250411_094800\models\best_model.pt
2025-04-11 09:53:16,914 - src.training.trainer - INFO - 近Ω 95/250 - Vmlア: 0.645317 - 喷靡lア: 4.455208 - rmse: 1311.598643 - r2: -2.115640 - mae: 1063.680542 - 厩策v: 0.002000 - 啥: 2.85
2025-04-11 09:53:16,928 - src.training.trainer - INFO - 菏北夹э到A家wOs outputs\hybrid_20250411_094800\models\best_model.pt
2025-04-11 09:53:19,846 - src.training.callbacks - INFO - 家浪dIwOs outputs\hybrid_20250411_094800\HybridPINNLSTMModel_20250411_094804\checkpoints\HybridPINNLSTMModel_epoch_096.pt
2025-04-11 09:53:19,861 - src.training.trainer - INFO - 菏北夹э到A家wOs outputs\hybrid_20250411_094800\models\best_model.pt
2025-04-11 09:53:22,736 - src.training.trainer - INFO - 近Ω 97/250 - Vmlア: 0.651117 - 喷靡lア: 4.071200 - rmse: 1298.903143 - r2: -2.055617 - mae: 1046.988159 - 厩策v: 0.002000 - 啥: 2.87
2025-04-11 09:53:22,750 - src.training.trainer - INFO - 菏北夹э到A家wOs outputs\hybrid_20250411_094800\models\best_model.pt
2025-04-11 09:53:25,561 - src.training.trainer - INFO - 菏北夹э到A家wOs outputs\hybrid_20250411_094800\models\best_model.pt
2025-04-11 09:53:28,340 - src.training.trainer - INFO - 近Ω 99/250 - Vmlア: 0.637302 - 喷靡lア: 4.508609 - rmse: 1310.030009 - r2: -2.108192 - mae: 1061.855835 - 厩策v: 0.002000 - 啥: 2.78
2025-04-11 09:53:28,353 - src.training.trainer - INFO - 菏北夹э到A家wOs outputs\hybrid_20250411_094800\models\best_model.pt
2025-04-11 09:53:31,441 - src.training.trainer - INFO - 菏北夹э到A家wOs outputs\hybrid_20250411_094800\models\best_model.pt
2025-04-11 09:53:34,523 - src.training.trainer - INFO - 近Ω 101/250 - Vmlア: 0.646243 - 喷靡lア: 4.257280 - rmse: 1305.753614 - r2: -2.087933 - mae: 1059.805298 - 厩策v: 0.002000 - 啥: 3.08
2025-04-11 09:53:34,553 - src.training.callbacks - INFO - 家浪dIwOs outputs\hybrid_20250411_094800\HybridPINNLSTMModel_20250411_094804\checkpoints\HybridPINNLSTMModel_epoch_101.pt
2025-04-11 09:53:34,567 - src.training.trainer - INFO - 菏北夹э到A家wOs outputs\hybrid_20250411_094800\models\best_model.pt
2025-04-11 09:53:38,592 - src.training.trainer - INFO - 菏北夹э到A家wOs outputs\hybrid_20250411_094800\models\best_model.pt
2025-04-11 09:53:41,400 - src.training.trainer - INFO - 近Ω 103/250 - Vmlア: 0.661030 - 喷靡lア: 4.330347 - rmse: 1307.701180 - r2: -2.097151 - mae: 1059.285156 - 厩策v: 0.002000 - 啥: 2.81
2025-04-11 09:53:41,415 - src.training.trainer - INFO - 菏北夹э到A家wOs outputs\hybrid_20250411_094800\models\best_model.pt
2025-04-11 09:53:44,159 - src.training.trainer - INFO - 菏北夹э到A家wOs outputs\hybrid_20250411_094800\models\best_model.pt
2025-04-11 09:53:46,971 - src.training.trainer - INFO - 近Ω 105/250 - Vmlア: 0.650226 - 喷靡lア: 4.280553 - rmse: 1307.977685 - r2: -2.098461 - mae: 1068.036255 - 厩策v: 0.002000 - 啥: 2.81
2025-04-11 09:53:46,986 - src.training.trainer - INFO - 菏北夹э到A家wOs outputs\hybrid_20250411_094800\models\best_model.pt
2025-04-11 09:53:49,680 - src.training.callbacks - INFO - 家浪dIwOs outputs\hybrid_20250411_094800\HybridPINNLSTMModel_20250411_094804\checkpoints\HybridPINNLSTMModel_epoch_106.pt
2025-04-11 09:53:49,691 - src.training.trainer - INFO - 菏北夹э到A家wOs outputs\hybrid_20250411_094800\models\best_model.pt
2025-04-11 09:53:52,393 - src.training.trainer - INFO - 近Ω 107/250 - Vmlア: 0.677008 - 喷靡lア: 4.423706 - rmse: 1309.393801 - r2: -2.105174 - mae: 1064.682983 - 厩策v: 0.002000 - 啥: 2.70
2025-04-11 09:53:52,404 - src.training.trainer - INFO - 菏北夹э到A家wOs outputs\hybrid_20250411_094800\models\best_model.pt
2025-04-11 09:53:55,429 - src.training.trainer - INFO - 菏北夹э到A家wOs outputs\hybrid_20250411_094800\models\best_model.pt
2025-04-11 09:53:58,460 - src.training.trainer - INFO - 近Ω 109/250 - Vmlア: 0.664488 - 喷靡lア: 4.539636 - rmse: 1310.311366 - r2: -2.109527 - mae: 1063.808960 - 厩策v: 0.002000 - 啥: 3.03
2025-04-11 09:53:58,475 - src.training.trainer - INFO - 菏北夹э到A家wOs outputs\hybrid_20250411_094800\models\best_model.pt
2025-04-11 09:54:01,794 - src.training.trainer - INFO - 菏北夹э到A家wOs outputs\hybrid_20250411_094800\models\best_model.pt
2025-04-11 09:54:04,831 - src.training.trainer - INFO - 近Ω 111/250 - Vmlア: 0.662885 - 喷靡lア: 4.267707 - rmse: 1304.752611 - r2: -2.083200 - mae: 1052.089844 - 厩策v: 0.002000 - 啥: 3.04
2025-04-11 09:54:04,856 - src.training.callbacks - INFO - 家浪dIwOs outputs\hybrid_20250411_094800\HybridPINNLSTMModel_20250411_094804\checkpoints\HybridPINNLSTMModel_epoch_111.pt
2025-04-11 09:54:04,869 - src.training.trainer - INFO - 菏北夹э到A家wOs outputs\hybrid_20250411_094800\models\best_model.pt
2025-04-11 09:54:08,055 - src.training.trainer - INFO - 菏北夹э到A家wOs outputs\hybrid_20250411_094800\models\best_model.pt
2025-04-11 09:54:11,044 - src.training.trainer - INFO - 近Ω 113/250 - Vmlア: 0.645458 - 喷靡lア: 4.524743 - rmse: 1311.204075 - r2: -2.113766 - mae: 1068.365356 - 厩策v: 0.002000 - 啥: 2.99
2025-04-11 09:54:11,055 - src.training.trainer - INFO - 菏北夹э到A家wOs outputs\hybrid_20250411_094800\models\best_model.pt
2025-04-11 09:54:14,237 - src.training.trainer - INFO - 菏北夹э到A家wOs outputs\hybrid_20250411_094800\models\best_model.pt
2025-04-11 09:54:17,364 - src.training.trainer - INFO - 近Ω 115/250 - Vmlア: 0.648351 - 喷靡lア: 3.941005 - rmse: 1293.203387 - r2: -2.028859 - mae: 1041.905273 - 厩策v: 0.002000 - 啥: 3.13
2025-04-11 09:54:17,377 - src.training.trainer - INFO - 菏北夹э到A家wOs outputs\hybrid_20250411_094800\models\best_model.pt
2025-04-11 09:54:20,504 - src.training.callbacks - INFO - 家浪dIwOs outputs\hybrid_20250411_094800\HybridPINNLSTMModel_20250411_094804\checkpoints\HybridPINNLSTMModel_epoch_116.pt
2025-04-11 09:54:20,515 - src.training.trainer - INFO - 菏北夹э到A家wOs outputs\hybrid_20250411_094800\models\best_model.pt
2025-04-11 09:54:23,636 - src.training.trainer - INFO - 近Ω 117/250 - Vmlア: 0.701111 - 喷靡lア: 3.960131 - rmse: 1301.550470 - r2: -2.068085 - mae: 1053.480835 - 厩策v: 0.002000 - 啥: 3.12
2025-04-11 09:54:23,651 - src.training.trainer - INFO - 菏北夹э到A家wOs outputs\hybrid_20250411_094800\models\best_model.pt
2025-04-11 09:54:26,729 - src.training.trainer - INFO - 菏北夹э到A家wOs outputs\hybrid_20250411_094800\models\best_model.pt
2025-04-11 09:54:29,825 - src.training.trainer - INFO - 近Ω 119/250 - Vmlア: 0.636301 - 喷靡lア: 4.036407 - rmse: 1303.459675 - r2: -2.077093 - mae: 1053.715210 - 厩策v: 0.002000 - 啥: 3.10
2025-04-11 09:54:29,842 - src.training.trainer - INFO - 菏北夹э到A家wOs outputs\hybrid_20250411_094800\models\best_model.pt
2025-04-11 09:54:32,899 - src.training.trainer - INFO - 菏北夹э到A家wOs outputs\hybrid_20250411_094800\models\best_model.pt
2025-04-11 09:54:36,043 - src.training.trainer - INFO - 近Ω 121/250 - Vmlア: 0.663959 - 喷靡lア: 4.030033 - rmse: 1287.241382 - r2: -2.000995 - mae: 1027.398193 - 厩策v: 0.002000 - 啥: 3.14
2025-04-11 09:54:36,074 - src.training.callbacks - INFO - 家浪dIwOs outputs\hybrid_20250411_094800\HybridPINNLSTMModel_20250411_094804\checkpoints\HybridPINNLSTMModel_epoch_121.pt
2025-04-11 09:54:36,088 - src.training.trainer - INFO - 菏北夹э到A家wOs outputs\hybrid_20250411_094800\models\best_model.pt
2025-04-11 09:54:39,171 - src.training.trainer - INFO - 菏北夹э到A家wOs outputs\hybrid_20250411_094800\models\best_model.pt
2025-04-11 09:54:42,212 - src.training.trainer - INFO - 近Ω 123/250 - Vmlア: 0.662311 - 喷靡lア: 4.529928 - rmse: 1311.758171 - r2: -2.116398 - mae: 1068.008789 - 厩策v: 0.002000 - 啥: 3.04
2025-04-11 09:54:42,228 - src.training.trainer - INFO - 菏北夹э到A家wOs outputs\hybrid_20250411_094800\models\best_model.pt
2025-04-11 09:54:45,211 - src.training.trainer - INFO - 菏北夹э到A家wOs outputs\hybrid_20250411_094800\models\best_model.pt
2025-04-11 09:54:48,256 - src.training.trainer - INFO - 近Ω 125/250 - Vmlア: 0.663995 - 喷靡lア: 4.122862 - rmse: 1303.838372 - r2: -2.078881 - mae: 1054.635010 - 厩策v: 0.002000 - 啥: 3.04
2025-04-11 09:54:48,266 - src.training.trainer - INFO - 菏北夹э到A家wOs outputs\hybrid_20250411_094800\models\best_model.pt
2025-04-11 09:54:51,271 - src.training.callbacks - INFO - 家浪dIwOs outputs\hybrid_20250411_094800\HybridPINNLSTMModel_20250411_094804\checkpoints\HybridPINNLSTMModel_epoch_126.pt
2025-04-11 09:54:51,289 - src.training.trainer - INFO - 菏北夹э到A家wOs outputs\hybrid_20250411_094800\models\best_model.pt
2025-04-11 09:54:54,227 - src.training.trainer - INFO - 近Ω 127/250 - Vmlア: 0.653474 - 喷靡lア: 4.263606 - rmse: 1305.602112 - r2: -2.087216 - mae: 1057.615601 - 厩策v: 0.002000 - 啥: 2.94
2025-04-11 09:54:54,245 - src.training.trainer - INFO - 菏北夹э到A家wOs outputs\hybrid_20250411_094800\models\best_model.pt
2025-04-11 09:54:57,233 - src.training.trainer - INFO - 菏北夹э到A家wOs outputs\hybrid_20250411_094800\models\best_model.pt
2025-04-11 09:55:00,216 - src.training.trainer - INFO - 近Ω 129/250 - Vmlア: 0.648360 - 喷靡lア: 4.055258 - rmse: 1299.216110 - r2: -2.057089 - mae: 1049.273804 - 厩策v: 0.002000 - 啥: 2.98
2025-04-11 09:55:00,231 - src.training.trainer - INFO - 菏北夹э到A家wOs outputs\hybrid_20250411_094800\models\best_model.pt
2025-04-11 09:55:03,123 - src.training.trainer - INFO - 菏北夹э到A家wOs outputs\hybrid_20250411_094800\models\best_model.pt
2025-04-11 09:55:06,106 - src.training.trainer - INFO - 近Ω 131/250 - Vmlア: 0.642402 - 喷靡lア: 4.294000 - rmse: 1305.954584 - r2: -2.088883 - mae: 1059.870972 - 厩策v: 0.002000 - 啥: 2.98
2025-04-11 09:55:06,133 - src.training.callbacks - INFO - 家浪dIwOs outputs\hybrid_20250411_094800\HybridPINNLSTMModel_20250411_094804\checkpoints\HybridPINNLSTMModel_epoch_131.pt
2025-04-11 09:55:06,148 - src.training.trainer - INFO - 菏北夹э到A家wOs outputs\hybrid_20250411_094800\models\best_model.pt
2025-04-11 09:55:09,124 - src.training.trainer - INFO - 菏北夹э到A家wOs outputs\hybrid_20250411_094800\models\best_model.pt
2025-04-11 09:55:12,074 - src.training.trainer - INFO - 近Ω 133/250 - Vmlア: 0.666132 - 喷靡lア: 4.128424 - rmse: 1304.237517 - r2: -2.080766 - mae: 1058.441284 - 厩策v: 0.002000 - 啥: 2.95
2025-04-11 09:55:12,086 - src.training.trainer - INFO - 菏北夹э到A家wOs outputs\hybrid_20250411_094800\models\best_model.pt
2025-04-11 09:55:14,994 - src.training.trainer - INFO - 菏北夹э到A家wOs outputs\hybrid_20250411_094800\models\best_model.pt
2025-04-11 09:55:18,041 - src.training.trainer - INFO - 近Ω 135/250 - Vmlア: 0.654963 - 喷靡lア: 4.286590 - rmse: 1304.301106 - r2: -2.081066 - mae: 1058.327271 - 厩策v: 0.002000 - 啥: 3.05
2025-04-11 09:55:18,052 - src.training.trainer - INFO - 菏北夹э到A家wOs outputs\hybrid_20250411_094800\models\best_model.pt
2025-04-11 09:55:21,020 - src.training.callbacks - INFO - 家浪dIwOs outputs\hybrid_20250411_094800\HybridPINNLSTMModel_20250411_094804\checkpoints\HybridPINNLSTMModel_epoch_136.pt
2025-04-11 09:55:21,033 - src.training.trainer - INFO - 菏北夹э到A家wOs outputs\hybrid_20250411_094800\models\best_model.pt
2025-04-11 09:55:24,077 - src.training.trainer - INFO - 近Ω 137/250 - Vmlア: 0.640586 - 喷靡lア: 3.918518 - rmse: 1291.574185 - r2: -2.021232 - mae: 1047.485474 - 厩策v: 0.002000 - 啥: 3.04
2025-04-11 09:55:24,092 - src.training.trainer - INFO - 菏北夹э到A家wOs outputs\hybrid_20250411_094800\models\best_model.pt
2025-04-11 09:55:27,162 - src.training.trainer - INFO - 菏北夹э到A家wOs outputs\hybrid_20250411_094800\models\best_model.pt
2025-04-11 09:55:30,124 - src.training.trainer - INFO - 近Ω 139/250 - Vmlア: 0.645444 - 喷靡lア: 4.365725 - rmse: 1309.494034 - r2: -2.105649 - mae: 1062.321167 - 厩策v: 0.002000 - 啥: 2.96
2025-04-11 09:55:30,139 - src.training.trainer - INFO - 菏北夹э到A家wOs outputs\hybrid_20250411_094800\models\best_model.pt
2025-04-11 09:55:33,164 - src.training.trainer - INFO - 菏北夹э到A家wOs outputs\hybrid_20250411_094800\models\best_model.pt
2025-04-11 09:55:36,051 - src.training.trainer - INFO - 近Ω 141/250 - Vmlア: 0.656454 - 喷靡lア: 4.093571 - rmse: 1299.014675 - r2: -2.056142 - mae: 1051.002441 - 厩策v: 0.002000 - 啥: 2.89
2025-04-11 09:55:36,079 - src.training.callbacks - INFO - 家浪dIwOs outputs\hybrid_20250411_094800\HybridPINNLSTMModel_20250411_094804\checkpoints\HybridPINNLSTMModel_epoch_141.pt
2025-04-11 09:55:36,096 - src.training.trainer - INFO - 菏北夹э到A家wOs outputs\hybrid_20250411_094800\models\best_model.pt
2025-04-11 09:55:39,248 - src.training.trainer - INFO - 菏北夹э到A家wOs outputs\hybrid_20250411_094800\models\best_model.pt
2025-04-11 09:55:42,211 - src.training.trainer - INFO - 近Ω 143/250 - Vmlア: 0.636658 - 喷靡lア: 4.164424 - rmse: 1303.507240 - r2: -2.077317 - mae: 1061.755859 - 厩策v: 0.002000 - 啥: 2.96
2025-04-11 09:55:42,224 - src.training.trainer - INFO - 菏北夹э到A家wOs outputs\hybrid_20250411_094800\models\best_model.pt
2025-04-11 09:55:45,199 - src.training.trainer - INFO - 菏北夹э到A家wOs outputs\hybrid_20250411_094800\models\best_model.pt
2025-04-11 09:55:48,125 - src.training.trainer - INFO - 近Ω 145/250 - Vmlア: 0.649024 - 喷靡lア: 3.964214 - rmse: 1298.441999 - r2: -2.053447 - mae: 1046.944458 - 厩策v: 0.002000 - 啥: 2.93
2025-04-11 09:55:48,143 - src.training.trainer - INFO - 菏北夹э到A家wOs outputs\hybrid_20250411_094800\models\best_model.pt
2025-04-11 09:55:51,178 - src.training.callbacks - INFO - 家浪dIwOs outputs\hybrid_20250411_094800\HybridPINNLSTMModel_20250411_094804\checkpoints\HybridPINNLSTMModel_epoch_146.pt
2025-04-11 09:55:51,193 - src.training.trainer - INFO - 菏北夹э到A家wOs outputs\hybrid_20250411_094800\models\best_model.pt
2025-04-11 09:55:54,201 - src.training.trainer - INFO - 近Ω 147/250 - Vmlア: 0.668465 - 喷靡lア: 4.082207 - rmse: 1302.201357 - r2: -2.071154 - mae: 1054.368286 - 厩策v: 0.002000 - 啥: 3.01
2025-04-11 09:55:54,216 - src.training.trainer - INFO - 菏北夹э到A家wOs outputs\hybrid_20250411_094800\models\best_model.pt
2025-04-11 09:55:57,170 - src.training.trainer - INFO - 菏北夹э到A家wOs outputs\hybrid_20250411_094800\models\best_model.pt
2025-04-11 09:56:00,160 - src.training.trainer - INFO - 近Ω 149/250 - Vmlア: 0.648787 - 喷靡lア: 4.306332 - rmse: 1308.375711 - r2: -2.100347 - mae: 1063.033936 - 厩策v: 0.002000 - 啥: 2.99
2025-04-11 09:56:00,177 - src.training.trainer - INFO - 菏北夹э到A家wOs outputs\hybrid_20250411_094800\models\best_model.pt
2025-04-11 09:56:03,150 - src.training.trainer - INFO - 菏北夹э到A家wOs outputs\hybrid_20250411_094800\models\best_model.pt
2025-04-11 09:56:05,909 - src.training.trainer - INFO - 近Ω 151/250 - Vmlア: 0.651297 - 喷靡lア: 4.218740 - rmse: 1302.612567 - r2: -2.073094 - mae: 1059.770386 - 厩策v: 0.002000 - 啥: 2.76
2025-04-11 09:56:05,935 - src.training.callbacks - INFO - 家浪dIwOs outputs\hybrid_20250411_094800\HybridPINNLSTMModel_20250411_094804\checkpoints\HybridPINNLSTMModel_epoch_151.pt
2025-04-11 09:56:05,947 - src.training.trainer - INFO - 菏北夹э到A家wOs outputs\hybrid_20250411_094800\models\best_model.pt
2025-04-11 09:56:08,628 - src.training.trainer - INFO - 菏北夹э到A家wOs outputs\hybrid_20250411_094800\models\best_model.pt
2025-04-11 09:56:11,283 - src.training.trainer - INFO - 近Ω 153/250 - Vmlア: 0.679875 - 喷靡lア: 3.989911 - rmse: 1297.716889 - r2: -2.050038 - mae: 1050.711304 - 厩策v: 0.002000 - 啥: 2.66
2025-04-11 09:56:11,300 - src.training.trainer - INFO - 菏北夹э到A家wOs outputs\hybrid_20250411_094800\models\best_model.pt
2025-04-11 09:56:13,975 - src.training.trainer - INFO - 菏北夹э到A家wOs outputs\hybrid_20250411_094800\models\best_model.pt
2025-04-11 09:56:16,623 - src.training.trainer - INFO - 近Ω 155/250 - Vmlア: 0.655292 - 喷靡lア: 4.071565 - rmse: 1298.495283 - r2: -2.053698 - mae: 1052.082642 - 厩策v: 0.002000 - 啥: 2.65
2025-04-11 09:56:16,634 - src.training.trainer - INFO - 菏北夹э到A家wOs outputs\hybrid_20250411_094800\models\best_model.pt
2025-04-11 09:56:19,196 - src.training.callbacks - INFO - 家浪dIwOs outputs\hybrid_20250411_094800\HybridPINNLSTMModel_20250411_094804\checkpoints\HybridPINNLSTMModel_epoch_156.pt
2025-04-11 09:56:19,212 - src.training.trainer - INFO - 菏北夹э到A家wOs outputs\hybrid_20250411_094800\models\best_model.pt
2025-04-11 09:56:21,919 - src.training.trainer - INFO - 近Ω 157/250 - Vmlア: 0.665616 - 喷靡lア: 4.303716 - rmse: 1308.448365 - r2: -2.100691 - mae: 1063.985352 - 厩策v: 0.002000 - 啥: 2.71
2025-04-11 09:56:21,933 - src.training.trainer - INFO - 菏北夹э到A家wOs outputs\hybrid_20250411_094800\models\best_model.pt
2025-04-11 09:56:24,572 - src.training.trainer - INFO - 菏北夹э到A家wOs outputs\hybrid_20250411_094800\models\best_model.pt
2025-04-11 09:56:27,215 - src.training.trainer - INFO - 近Ω 159/250 - Vmlア: 0.660828 - 喷靡lア: 4.609289 - rmse: 1312.410711 - r2: -2.119499 - mae: 1069.450806 - 厩策v: 0.002000 - 啥: 2.64
2025-04-11 09:56:27,232 - src.training.trainer - INFO - 菏北夹э到A家wOs outputs\hybrid_20250411_094800\models\best_model.pt
2025-04-11 09:56:29,731 - src.training.trainer - INFO - 菏北夹э到A家wOs outputs\hybrid_20250411_094800\models\best_model.pt
2025-04-11 09:56:32,344 - src.training.trainer - INFO - 近Ω 161/250 - Vmlア: 0.646596 - 喷靡lア: 4.177858 - rmse: 1300.844533 - r2: -2.064758 - mae: 1054.771118 - 厩策v: 0.002000 - 啥: 2.61
2025-04-11 09:56:32,363 - src.training.callbacks - INFO - 家浪dIwOs outputs\hybrid_20250411_094800\HybridPINNLSTMModel_20250411_094804\checkpoints\HybridPINNLSTMModel_epoch_161.pt
2025-04-11 09:56:32,376 - src.training.trainer - INFO - 菏北夹э到A家wOs outputs\hybrid_20250411_094800\models\best_model.pt
2025-04-11 09:56:35,111 - src.training.trainer - INFO - 菏北夹э到A家wOs outputs\hybrid_20250411_094800\models\best_model.pt
2025-04-11 09:56:37,894 - src.training.trainer - INFO - 近Ω 163/250 - Vmlア: 0.649226 - 喷靡lア: 4.645606 - rmse: 1314.071488 - r2: -2.127399 - mae: 1069.621704 - 厩策v: 0.002000 - 啥: 2.78
2025-04-11 09:56:37,910 - src.training.trainer - INFO - 菏北夹э到A家wOs outputs\hybrid_20250411_094800\models\best_model.pt
2025-04-11 09:56:40,584 - src.training.trainer - INFO - 菏北夹э到A家wOs outputs\hybrid_20250411_094800\models\best_model.pt
2025-04-11 09:56:43,269 - src.training.trainer - INFO - 近Ω 165/250 - Vmlア: 0.638434 - 喷靡lア: 4.276601 - rmse: 1303.795613 - r2: -2.078679 - mae: 1062.158569 - 厩策v: 0.002000 - 啥: 2.69
2025-04-11 09:56:43,282 - src.training.trainer - INFO - 菏北夹э到A家wOs outputs\hybrid_20250411_094800\models\best_model.pt
2025-04-11 09:56:45,901 - src.training.callbacks - INFO - 家浪dIwOs outputs\hybrid_20250411_094800\HybridPINNLSTMModel_20250411_094804\checkpoints\HybridPINNLSTMModel_epoch_166.pt
2025-04-11 09:56:45,918 - src.training.trainer - INFO - 菏北夹э到A家wOs outputs\hybrid_20250411_094800\models\best_model.pt
2025-04-11 09:56:48,630 - src.training.trainer - INFO - 近Ω 167/250 - Vmlア: 0.668670 - 喷靡lア: 4.206514 - rmse: 1304.545275 - r2: -2.082220 - mae: 1059.120728 - 厩策v: 0.002000 - 啥: 2.71
2025-04-11 09:56:48,643 - src.training.trainer - INFO - 菏北夹э到A家wOs outputs\hybrid_20250411_094800\models\best_model.pt
2025-04-11 09:56:51,261 - src.training.trainer - INFO - 菏北夹э到A家wOs outputs\hybrid_20250411_094800\models\best_model.pt
2025-04-11 09:56:53,980 - src.training.trainer - INFO - 近Ω 169/250 - Vmlア: 0.637368 - 喷靡lア: 4.246384 - rmse: 1305.860109 - r2: -2.088436 - mae: 1059.784302 - 厩策v: 0.002000 - 啥: 2.72
2025-04-11 09:56:53,994 - src.training.trainer - INFO - 菏北夹э到A家wOs outputs\hybrid_20250411_094800\models\best_model.pt
2025-04-11 09:56:56,495 - src.training.trainer - INFO - 菏北夹э到A家wOs outputs\hybrid_20250411_094800\models\best_model.pt
2025-04-11 09:56:59,278 - src.training.trainer - INFO - 近Ω 171/250 - Vmlア: 0.653424 - 喷靡lア: 4.279688 - rmse: 1304.110185 - r2: -2.080164 - mae: 1059.283813 - 厩策v: 0.002000 - 啥: 2.78
2025-04-11 09:56:59,307 - src.training.callbacks - INFO - 家浪dIwOs outputs\hybrid_20250411_094800\HybridPINNLSTMModel_20250411_094804\checkpoints\HybridPINNLSTMModel_epoch_171.pt
2025-04-11 09:56:59,325 - src.training.trainer - INFO - 菏北夹э到A家wOs outputs\hybrid_20250411_094800\models\best_model.pt
2025-04-11 09:57:02,026 - src.training.trainer - INFO - 菏北夹э到A家wOs outputs\hybrid_20250411_094800\models\best_model.pt
2025-04-11 09:57:04,728 - src.training.trainer - INFO - 近Ω 173/250 - Vmlア: 0.668454 - 喷靡lア: 3.891523 - rmse: 1282.448440 - r2: -1.978689 - mae: 1018.435852 - 厩策v: 0.002000 - 啥: 2.70
2025-04-11 09:57:04,743 - src.training.trainer - INFO - 菏北夹э到A家wOs outputs\hybrid_20250411_094800\models\best_model.pt
2025-04-11 09:57:07,667 - src.training.trainer - INFO - 菏北夹э到A家wOs outputs\hybrid_20250411_094800\models\best_model.pt
2025-04-11 09:57:10,325 - src.training.trainer - INFO - 近Ω 175/250 - Vmlア: 0.667012 - 喷靡lア: 3.954102 - rmse: 1294.199222 - r2: -2.033525 - mae: 1043.707764 - 厩策v: 0.002000 - 啥: 2.66
2025-04-11 09:57:10,339 - src.training.trainer - INFO - 菏北夹э到A家wOs outputs\hybrid_20250411_094800\models\best_model.pt
2025-04-11 09:57:12,932 - src.training.callbacks - INFO - 家浪dIwOs outputs\hybrid_20250411_094800\HybridPINNLSTMModel_20250411_094804\checkpoints\HybridPINNLSTMModel_epoch_176.pt
2025-04-11 09:57:12,943 - src.training.trainer - INFO - 菏北夹э到A家wOs outputs\hybrid_20250411_094800\models\best_model.pt
2025-04-11 09:57:15,536 - src.training.trainer - INFO - 近Ω 177/250 - Vmlア: 0.661844 - 喷靡lア: 4.355145 - rmse: 1309.102364 - r2: -2.103792 - mae: 1063.801270 - 厩策v: 0.002000 - 啥: 2.59
2025-04-11 09:57:15,551 - src.training.trainer - INFO - 菏北夹э到A家wOs outputs\hybrid_20250411_094800\models\best_model.pt
2025-04-11 09:57:18,170 - src.training.trainer - INFO - 菏北夹э到A家wOs outputs\hybrid_20250411_094800\models\best_model.pt
2025-04-11 09:57:20,747 - src.training.trainer - INFO - 近Ω 179/250 - Vmlア: 0.646506 - 喷靡lア: 4.365119 - rmse: 1306.917126 - r2: -2.093438 - mae: 1061.915649 - 厩策v: 0.002000 - 啥: 2.58
2025-04-11 09:57:20,759 - src.training.trainer - INFO - 菏北夹э到A家wOs outputs\hybrid_20250411_094800\models\best_model.pt
2025-04-11 09:57:23,410 - src.training.trainer - INFO - 菏北夹э到A家wOs outputs\hybrid_20250411_094800\models\best_model.pt
2025-04-11 09:57:26,074 - src.training.trainer - INFO - 近Ω 181/250 - Vmlア: 0.645706 - 喷靡lア: 4.042854 - rmse: 1300.185419 - r2: -2.061653 - mae: 1056.253052 - 厩策v: 0.002000 - 啥: 2.66
2025-04-11 09:57:26,096 - src.training.callbacks - INFO - 家浪dIwOs outputs\hybrid_20250411_094800\HybridPINNLSTMModel_20250411_094804\checkpoints\HybridPINNLSTMModel_epoch_181.pt
2025-04-11 09:57:26,114 - src.training.trainer - INFO - 菏北夹э到A家wOs outputs\hybrid_20250411_094800\models\best_model.pt
2025-04-11 09:57:28,768 - src.training.trainer - INFO - 菏北夹э到A家wOs outputs\hybrid_20250411_094800\models\best_model.pt
2025-04-11 09:57:31,498 - src.training.trainer - INFO - 近Ω 183/250 - Vmlア: 0.659742 - 喷靡lア: 3.990303 - rmse: 1296.268635 - r2: -2.043234 - mae: 1048.433838 - 厩策v: 0.002000 - 啥: 2.73
2025-04-11 09:57:31,514 - src.training.trainer - INFO - 菏北夹э到A家wOs outputs\hybrid_20250411_094800\models\best_model.pt
2025-04-11 09:57:34,090 - src.training.trainer - INFO - 菏北夹э到A家wOs outputs\hybrid_20250411_094800\models\best_model.pt
2025-04-11 09:57:36,740 - src.training.trainer - INFO - 近Ω 185/250 - Vmlア: 0.646234 - 喷靡lア: 4.098982 - rmse: 1302.988632 - r2: -2.074869 - mae: 1056.575073 - 厩策v: 0.002000 - 啥: 2.65
2025-04-11 09:57:36,752 - src.training.trainer - INFO - 菏北夹э到A家wOs outputs\hybrid_20250411_094800\models\best_model.pt
2025-04-11 09:57:39,420 - src.training.callbacks - INFO - 家浪dIwOs outputs\hybrid_20250411_094800\HybridPINNLSTMModel_20250411_094804\checkpoints\HybridPINNLSTMModel_epoch_186.pt
2025-04-11 09:57:39,432 - src.training.trainer - INFO - 菏北夹э到A家wOs outputs\hybrid_20250411_094800\models\best_model.pt
2025-04-11 09:57:42,115 - src.training.trainer - INFO - 近Ω 187/250 - Vmlア: 0.637818 - 喷靡lア: 4.461943 - rmse: 1308.209320 - r2: -2.099559 - mae: 1058.583984 - 厩策v: 0.002000 - 啥: 2.68
2025-04-11 09:57:42,131 - src.training.trainer - INFO - 菏北夹э到A家wOs outputs\hybrid_20250411_094800\models\best_model.pt
2025-04-11 09:57:44,706 - src.training.trainer - INFO - 菏北夹э到A家wOs outputs\hybrid_20250411_094800\models\best_model.pt
2025-04-11 09:57:47,425 - src.training.trainer - INFO - 近Ω 189/250 - Vmlア: 0.645420 - 喷靡lア: 4.034515 - rmse: 1298.598523 - r2: -2.054184 - mae: 1046.306030 - 厩策v: 0.002000 - 啥: 2.72
2025-04-11 09:57:47,440 - src.training.trainer - INFO - 菏北夹э到A家wOs outputs\hybrid_20250411_094800\models\best_model.pt
2025-04-11 09:57:50,096 - src.training.trainer - INFO - 菏北夹э到A家wOs outputs\hybrid_20250411_094800\models\best_model.pt
2025-04-11 09:57:52,789 - src.training.trainer - INFO - 近Ω 191/250 - Vmlア: 0.664021 - 喷靡lア: 4.289004 - rmse: 1303.214343 - r2: -2.075934 - mae: 1054.172852 - 厩策v: 0.002000 - 啥: 2.69
2025-04-11 09:57:52,808 - src.training.callbacks - INFO - 家浪dIwOs outputs\hybrid_20250411_094800\HybridPINNLSTMModel_20250411_094804\checkpoints\HybridPINNLSTMModel_epoch_191.pt
2025-04-11 09:57:52,820 - src.training.trainer - INFO - 菏北夹э到A家wOs outputs\hybrid_20250411_094800\models\best_model.pt
2025-04-11 09:57:55,414 - src.training.trainer - INFO - 菏北夹э到A家wOs outputs\hybrid_20250411_094800\models\best_model.pt
2025-04-11 09:57:58,096 - src.training.trainer - INFO - 近Ω 193/250 - Vmlア: 0.642324 - 喷靡lア: 3.979504 - rmse: 1298.788426 - r2: -2.055077 - mae: 1046.979736 - 厩策v: 0.002000 - 啥: 2.68
2025-04-11 09:57:58,107 - src.training.trainer - INFO - 菏北夹э到A家wOs outputs\hybrid_20250411_094800\models\best_model.pt
2025-04-11 09:58:00,790 - src.training.trainer - INFO - 菏北夹э到A家wOs outputs\hybrid_20250411_094800\models\best_model.pt
2025-04-11 09:58:03,489 - src.training.trainer - INFO - 近Ω 195/250 - Vmlア: 0.633633 - 喷靡lア: 4.408242 - rmse: 1307.099891 - r2: -2.094304 - mae: 1059.503784 - 厩策v: 0.002000 - 啥: 2.70
2025-04-11 09:58:03,506 - src.training.trainer - INFO - 菏北夹э到A家wOs outputs\hybrid_20250411_094800\models\best_model.pt
2025-04-11 09:58:06,040 - src.training.callbacks - INFO - 家浪dIwOs outputs\hybrid_20250411_094800\HybridPINNLSTMModel_20250411_094804\checkpoints\HybridPINNLSTMModel_epoch_196.pt
2025-04-11 09:58:06,056 - src.training.trainer - INFO - 菏北夹э到A家wOs outputs\hybrid_20250411_094800\models\best_model.pt
2025-04-11 09:58:08,737 - src.training.trainer - INFO - 近Ω 197/250 - Vmlア: 0.663696 - 喷靡lア: 4.219818 - rmse: 1305.656875 - r2: -2.087475 - mae: 1062.188599 - 厩策v: 0.002000 - 啥: 2.68
2025-04-11 09:58:08,747 - src.training.trainer - INFO - 菏北夹э到A家wOs outputs\hybrid_20250411_094800\models\best_model.pt
2025-04-11 09:58:11,347 - src.training.trainer - INFO - 菏北夹э到A家wOs outputs\hybrid_20250411_094800\models\best_model.pt
2025-04-11 09:58:14,038 - src.training.trainer - INFO - 近Ω 199/250 - Vmlア: 0.637624 - 喷靡lア: 4.276143 - rmse: 1302.856093 - r2: -2.074243 - mae: 1054.255737 - 厩策v: 0.002000 - 啥: 2.69
2025-04-11 09:58:14,050 - src.training.trainer - INFO - 菏北夹э到A家wOs outputs\hybrid_20250411_094800\models\best_model.pt
2025-04-11 09:58:16,705 - src.training.trainer - INFO - 菏北夹э到A家wOs outputs\hybrid_20250411_094800\models\best_model.pt
2025-04-11 09:58:19,342 - src.training.trainer - INFO - 近Ω 201/250 - Vmlア: 0.652270 - 喷靡lア: 4.304339 - rmse: 1306.241411 - r2: -2.090240 - mae: 1061.134888 - 厩策v: 0.002000 - 啥: 2.64
2025-04-11 09:58:19,368 - src.training.callbacks - INFO - 家浪dIwOs outputs\hybrid_20250411_094800\HybridPINNLSTMModel_20250411_094804\checkpoints\HybridPINNLSTMModel_epoch_201.pt
2025-04-11 09:58:19,384 - src.training.trainer - INFO - 菏北夹э到A家wOs outputs\hybrid_20250411_094800\models\best_model.pt
2025-04-11 09:58:21,996 - src.training.trainer - INFO - 菏北夹э到A家wOs outputs\hybrid_20250411_094800\models\best_model.pt
2025-04-11 09:58:24,645 - src.training.trainer - INFO - 近Ω 203/250 - Vmlア: 0.641670 - 喷靡lア: 4.179616 - rmse: 1301.034204 - r2: -2.065651 - mae: 1050.688354 - 厩策v: 0.002000 - 啥: 2.65
2025-04-11 09:58:24,661 - src.training.trainer - INFO - 菏北夹э到A家wOs outputs\hybrid_20250411_094800\models\best_model.pt
2025-04-11 09:58:27,261 - src.training.trainer - INFO - 菏北夹э到A家wOs outputs\hybrid_20250411_094800\models\best_model.pt
2025-04-11 09:58:30,005 - src.training.trainer - INFO - 近Ω 205/250 - Vmlア: 0.658429 - 喷靡lア: 4.193176 - rmse: 1303.728931 - r2: -2.078364 - mae: 1055.377319 - 厩策v: 0.002000 - 啥: 2.74
2025-04-11 09:58:30,022 - src.training.trainer - INFO - 菏北夹э到A家wOs outputs\hybrid_20250411_094800\models\best_model.pt
2025-04-11 09:58:32,657 - src.training.callbacks - INFO - 家浪dIwOs outputs\hybrid_20250411_094800\HybridPINNLSTMModel_20250411_094804\checkpoints\HybridPINNLSTMModel_epoch_206.pt
2025-04-11 09:58:32,668 - src.training.trainer - INFO - 菏北夹э到A家wOs outputs\hybrid_20250411_094800\models\best_model.pt
2025-04-11 09:58:35,255 - src.training.trainer - INFO - 近Ω 207/250 - Vmlア: 0.630688 - 喷靡lア: 3.983324 - rmse: 1296.504869 - r2: -2.044343 - mae: 1047.291382 - 厩策v: 0.002000 - 啥: 2.59
2025-04-11 09:58:35,271 - src.training.trainer - INFO - 菏北夹э到A家wOs outputs\hybrid_20250411_094800\models\best_model.pt
2025-04-11 09:58:37,849 - src.training.trainer - INFO - 菏北夹э到A家wOs outputs\hybrid_20250411_094800\models\best_model.pt
2025-04-11 09:58:40,539 - src.training.trainer - INFO - 近Ω 209/250 - Vmlア: 0.640743 - 喷靡lア: 4.150860 - rmse: 1302.413721 - r2: -2.072156 - mae: 1059.086914 - 厩策v: 0.002000 - 啥: 2.69
2025-04-11 09:58:40,556 - src.training.trainer - INFO - 菏北夹э到A家wOs outputs\hybrid_20250411_094800\models\best_model.pt
2025-04-11 09:58:43,236 - src.training.trainer - INFO - 菏北夹э到A家wOs outputs\hybrid_20250411_094800\models\best_model.pt
2025-04-11 09:58:45,950 - src.training.trainer - INFO - 近Ω 211/250 - Vmlア: 0.709486 - 喷靡lア: 4.324974 - rmse: 1308.056908 - r2: -2.098836 - mae: 1064.353394 - 厩策v: 0.002000 - 啥: 2.71
2025-04-11 09:58:45,968 - src.training.callbacks - INFO - 家浪dIwOs outputs\hybrid_20250411_094800\HybridPINNLSTMModel_20250411_094804\checkpoints\HybridPINNLSTMModel_epoch_211.pt
2025-04-11 09:58:45,983 - src.training.trainer - INFO - 菏北夹э到A家wOs outputs\hybrid_20250411_094800\models\best_model.pt
2025-04-11 09:58:48,559 - src.training.trainer - INFO - 菏北夹э到A家wOs outputs\hybrid_20250411_094800\models\best_model.pt
2025-04-11 09:58:51,210 - src.training.trainer - INFO - 近Ω 213/250 - Vmlア: 0.662347 - 喷靡lア: 4.282601 - rmse: 1307.300463 - r2: -2.095253 - mae: 1062.156494 - 厩策v: 0.002000 - 啥: 2.65
2025-04-11 09:58:51,222 - src.training.trainer - INFO - 菏北夹э到A家wOs outputs\hybrid_20250411_094800\models\best_model.pt
2025-04-11 09:58:53,891 - src.training.trainer - INFO - 菏北夹э到A家wOs outputs\hybrid_20250411_094800\models\best_model.pt
2025-04-11 09:58:56,600 - src.training.trainer - INFO - 近Ω 215/250 - Vmlア: 0.652273 - 喷靡lア: 4.080709 - rmse: 1300.671557 - r2: -2.063943 - mae: 1057.828613 - 厩策v: 0.002000 - 啥: 2.71
2025-04-11 09:58:56,612 - src.training.trainer - INFO - 菏北夹э到A家wOs outputs\hybrid_20250411_094800\models\best_model.pt
2025-04-11 09:58:59,312 - src.training.callbacks - INFO - 家浪dIwOs outputs\hybrid_20250411_094800\HybridPINNLSTMModel_20250411_094804\checkpoints\HybridPINNLSTMModel_epoch_216.pt
2025-04-11 09:58:59,327 - src.training.trainer - INFO - 菏北夹э到A家wOs outputs\hybrid_20250411_094800\models\best_model.pt
2025-04-11 09:59:02,050 - src.training.trainer - INFO - 近Ω 217/250 - Vmlア: 0.657437 - 喷靡lア: 4.284027 - rmse: 1306.383127 - r2: -2.090911 - mae: 1057.103149 - 厩策v: 0.002000 - 啥: 2.72
2025-04-11 09:59:02,064 - src.training.trainer - INFO - 菏北夹э到A家wOs outputs\hybrid_20250411_094800\models\best_model.pt
2025-04-11 09:59:04,704 - src.training.trainer - INFO - 菏北夹э到A家wOs outputs\hybrid_20250411_094800\models\best_model.pt
2025-04-11 09:59:07,408 - src.training.trainer - INFO - 近Ω 219/250 - Vmlア: 0.647173 - 喷靡lア: 4.093362 - rmse: 1299.200572 - r2: -2.057016 - mae: 1051.176636 - 厩策v: 0.002000 - 啥: 2.70
2025-04-11 09:59:07,426 - src.training.trainer - INFO - 菏北夹э到A家wOs outputs\hybrid_20250411_094800\models\best_model.pt
2025-04-11 09:59:10,189 - src.training.trainer - INFO - 菏北夹э到A家wOs outputs\hybrid_20250411_094800\models\best_model.pt
2025-04-11 09:59:12,888 - src.training.trainer - INFO - 近Ω 221/250 - Vmlア: 0.653451 - 喷靡lア: 4.047936 - rmse: 1297.120465 - r2: -2.047235 - mae: 1052.910278 - 厩策v: 0.002000 - 啥: 2.70
2025-04-11 09:59:12,907 - src.training.callbacks - INFO - 家浪dIwOs outputs\hybrid_20250411_094800\HybridPINNLSTMModel_20250411_094804\checkpoints\HybridPINNLSTMModel_epoch_221.pt
2025-04-11 09:59:12,921 - src.training.trainer - INFO - 菏北夹э到A家wOs outputs\hybrid_20250411_094800\models\best_model.pt
2025-04-11 09:59:15,539 - src.training.trainer - INFO - 菏北夹э到A家wOs outputs\hybrid_20250411_094800\models\best_model.pt
2025-04-11 09:59:18,182 - src.training.trainer - INFO - 近Ω 223/250 - Vmlア: 0.664198 - 喷靡lア: 3.944347 - rmse: 1294.434288 - r2: -2.034627 - mae: 1042.399658 - 厩策v: 0.002000 - 啥: 2.64
2025-04-11 09:59:18,199 - src.training.trainer - INFO - 菏北夹э到A家wOs outputs\hybrid_20250411_094800\models\best_model.pt
2025-04-11 09:59:20,779 - src.training.trainer - INFO - 菏北夹э到A家wOs outputs\hybrid_20250411_094800\models\best_model.pt
2025-04-11 09:59:23,433 - src.training.trainer - INFO - 近Ω 225/250 - Vmlア: 0.662567 - 喷靡lア: 4.400412 - rmse: 1311.425179 - r2: -2.114816 - mae: 1069.482910 - 厩策v: 0.002000 - 啥: 2.65
2025-04-11 09:59:23,453 - src.training.trainer - INFO - 菏北夹э到A家wOs outputs\hybrid_20250411_094800\models\best_model.pt
2025-04-11 09:59:26,041 - src.training.callbacks - INFO - 家浪dIwOs outputs\hybrid_20250411_094800\HybridPINNLSTMModel_20250411_094804\checkpoints\HybridPINNLSTMModel_epoch_226.pt
2025-04-11 09:59:26,059 - src.training.trainer - INFO - 菏北夹э到A家wOs outputs\hybrid_20250411_094800\models\best_model.pt
2025-04-11 09:59:28,717 - src.training.trainer - INFO - 近Ω 227/250 - Vmlア: 0.639771 - 喷靡lア: 3.750787 - rmse: 1284.655207 - r2: -1.988949 - mae: 1029.484741 - 厩策v: 0.002000 - 啥: 2.66
2025-04-11 09:59:28,733 - src.training.trainer - INFO - 菏北夹э到A家wOs outputs\hybrid_20250411_094800\models\best_model.pt
2025-04-11 09:59:31,384 - src.training.trainer - INFO - 菏北夹э到A家wOs outputs\hybrid_20250411_094800\models\best_model.pt
2025-04-11 09:59:34,069 - src.training.trainer - INFO - 近Ω 229/250 - Vmlア: 0.646084 - 喷靡lア: 4.274210 - rmse: 1307.800443 - r2: -2.097621 - mae: 1063.716553 - 厩策v: 0.002000 - 啥: 2.69
2025-04-11 09:59:34,080 - src.training.trainer - INFO - 菏北夹э到A家wOs outputs\hybrid_20250411_094800\models\best_model.pt
2025-04-11 09:59:36,753 - src.training.trainer - INFO - 菏北夹э到A家wOs outputs\hybrid_20250411_094800\models\best_model.pt
2025-04-11 09:59:39,385 - src.training.trainer - INFO - 近Ω 231/250 - Vmlア: 0.661394 - 喷靡lア: 4.143072 - rmse: 1299.302938 - r2: -2.057498 - mae: 1060.097778 - 厩策v: 0.002000 - 啥: 2.63
2025-04-11 09:59:39,409 - src.training.callbacks - INFO - 家浪dIwOs outputs\hybrid_20250411_094800\HybridPINNLSTMModel_20250411_094804\checkpoints\HybridPINNLSTMModel_epoch_231.pt
2025-04-11 09:59:39,421 - src.training.trainer - INFO - 菏北夹э到A家wOs outputs\hybrid_20250411_094800\models\best_model.pt
2025-04-11 09:59:42,077 - src.training.trainer - INFO - 菏北夹э到A家wOs outputs\hybrid_20250411_094800\models\best_model.pt
2025-04-11 09:59:44,743 - src.training.trainer - INFO - 近Ω 233/250 - Vmlア: 0.661576 - 喷靡lア: 4.010803 - rmse: 1299.307652 - r2: -2.057520 - mae: 1052.756470 - 厩策v: 0.002000 - 啥: 2.66
2025-04-11 09:59:44,754 - src.training.trainer - INFO - 菏北夹э到A家wOs outputs\hybrid_20250411_094800\models\best_model.pt
2025-04-11 09:59:47,329 - src.training.trainer - INFO - 菏北夹э到A家wOs outputs\hybrid_20250411_094800\models\best_model.pt
2025-04-11 09:59:49,919 - src.training.trainer - INFO - 近Ω 235/250 - Vmlア: 0.650832 - 喷靡lア: 4.220686 - rmse: 1307.194085 - r2: -2.094749 - mae: 1062.417114 - 厩策v: 0.002000 - 啥: 2.59
2025-04-11 09:59:49,934 - src.training.trainer - INFO - 菏北夹э到A家wOs outputs\hybrid_20250411_094800\models\best_model.pt
2025-04-11 09:59:52,601 - src.training.callbacks - INFO - 家浪dIwOs outputs\hybrid_20250411_094800\HybridPINNLSTMModel_20250411_094804\checkpoints\HybridPINNLSTMModel_epoch_236.pt
2025-04-11 09:59:52,617 - src.training.trainer - INFO - 菏北夹э到A家wOs outputs\hybrid_20250411_094800\models\best_model.pt
2025-04-11 09:59:55,338 - src.training.trainer - INFO - 近Ω 237/250 - Vmlア: 0.640613 - 喷靡lア: 4.049720 - rmse: 1294.583138 - r2: -2.035325 - mae: 1034.193970 - 厩策v: 0.002000 - 啥: 2.72
2025-04-11 09:59:55,348 - src.training.trainer - INFO - 菏北夹э到A家wOs outputs\hybrid_20250411_094800\models\best_model.pt
2025-04-11 09:59:57,926 - src.training.trainer - INFO - 菏北夹э到A家wOs outputs\hybrid_20250411_094800\models\best_model.pt
2025-04-11 10:00:00,622 - src.training.trainer - INFO - 近Ω 239/250 - Vmlア: 0.634801 - 喷靡lア: 4.115182 - rmse: 1295.455760 - r2: -2.039419 - mae: 1050.899902 - 厩策v: 0.002000 - 啥: 2.70
2025-04-11 10:00:00,635 - src.training.trainer - INFO - 菏北夹э到A家wOs outputs\hybrid_20250411_094800\models\best_model.pt
2025-04-11 10:00:03,382 - src.training.trainer - INFO - 菏北夹э到A家wOs outputs\hybrid_20250411_094800\models\best_model.pt
2025-04-11 10:00:06,087 - src.training.trainer - INFO - 近Ω 241/250 - Vmlア: 0.645662 - 喷靡lア: 4.296838 - rmse: 1301.532942 - r2: -2.068002 - mae: 1050.398071 - 厩策v: 0.002000 - 啥: 2.70
2025-04-11 10:00:06,109 - src.training.callbacks - INFO - 家浪dIwOs outputs\hybrid_20250411_094800\HybridPINNLSTMModel_20250411_094804\checkpoints\HybridPINNLSTMModel_epoch_241.pt
2025-04-11 10:00:06,122 - src.training.trainer - INFO - 菏北夹э到A家wOs outputs\hybrid_20250411_094800\models\best_model.pt
2025-04-11 10:00:08,680 - src.training.trainer - INFO - 菏北夹э到A家wOs outputs\hybrid_20250411_094800\models\best_model.pt
2025-04-11 10:00:11,299 - src.training.trainer - INFO - 近Ω 243/250 - Vmlア: 0.677671 - 喷靡lア: 4.184459 - rmse: 1301.332010 - r2: -2.067055 - mae: 1060.239136 - 厩策v: 0.002000 - 啥: 2.62
2025-04-11 10:00:11,316 - src.training.trainer - INFO - 菏北夹э到A家wOs outputs\hybrid_20250411_094800\models\best_model.pt
2025-04-11 10:00:14,022 - src.training.trainer - INFO - 菏北夹э到A家wOs outputs\hybrid_20250411_094800\models\best_model.pt
2025-04-11 10:00:16,610 - src.training.trainer - INFO - 近Ω 245/250 - Vmlア: 0.648133 - 喷靡lア: 4.661562 - rmse: 1313.079586 - r2: -2.122680 - mae: 1070.474243 - 厩策v: 0.002000 - 啥: 2.59
2025-04-11 10:00:16,628 - src.training.trainer - INFO - 菏北夹э到A家wOs outputs\hybrid_20250411_094800\models\best_model.pt
2025-04-11 10:00:19,252 - src.training.callbacks - INFO - 家浪dIwOs outputs\hybrid_20250411_094800\HybridPINNLSTMModel_20250411_094804\checkpoints\HybridPINNLSTMModel_epoch_246.pt
2025-04-11 10:00:19,266 - src.training.trainer - INFO - 菏北夹э到A家wOs outputs\hybrid_20250411_094800\models\best_model.pt
2025-04-11 10:00:21,886 - src.training.trainer - INFO - 近Ω 247/250 - Vmlア: 0.659084 - 喷靡lア: 4.295352 - rmse: 1306.447999 - r2: -2.091218 - mae: 1059.544312 - 厩策v: 0.002000 - 啥: 2.62
2025-04-11 10:00:21,900 - src.training.trainer - INFO - 菏北夹э到A家wOs outputs\hybrid_20250411_094800\models\best_model.pt
2025-04-11 10:00:24,439 - src.training.trainer - INFO - 菏北夹э到A家wOs outputs\hybrid_20250411_094800\models\best_model.pt
2025-04-11 10:00:27,088 - src.training.trainer - INFO - 近Ω 249/250 - Vmlア: 0.642971 - 喷靡lア: 4.208862 - rmse: 1305.500718 - r2: -2.086737 - mae: 1059.651489 - 厩策v: 0.002000 - 啥: 2.65
2025-04-11 10:00:27,103 - src.training.trainer - INFO - 菏北夹э到A家wOs outputs\hybrid_20250411_094800\models\best_model.pt
2025-04-11 10:00:29,746 - src.training.trainer - INFO - 近Ω 250/250 - Vmlア: 0.646826 - 喷靡lア: 4.559720 - rmse: 1311.738684 - r2: -2.116305 - mae: 1069.587402 - 厩策v: 0.002000 - 啥: 2.64
2025-04-11 10:00:29,763 - src.training.trainer - INFO - 菏北夹э到A家wOs outputs\hybrid_20250411_094800\models\best_model.pt
2025-04-11 10:00:29,763 - src.training.trainer - INFO - VmЧΘA`啥: 745.64
2025-04-11 10:00:29,775 - __main__ - INFO - VmЧΘA程沧家wOs: outputs\hybrid_20250411_094800\models\final_model.pt
2025-04-11 10:00:29,785 - __main__ - WARNING - Xㄖ块X l2_penalty 丧X岿: zero-dimensional arrays cannot be concatenated
2025-04-11 10:00:29,807 - __main__ - INFO - 蝶臬夹wOs: outputs\hybrid_20250411_094800\evaluation\metrics.csv
2025-04-11 10:00:29,808 - __main__ - INFO - ネΘ跌谋て挡G...
2025-04-11 10:00:30,612 - src.utils.visualization - INFO - 瓜钩wOs: outputs\hybrid_20250411_094800\evaluation\visualizations\pred_vs_true.png
2025-04-11 10:00:32,001 - src.utils.visualization - INFO - 瓜钩wOs: outputs\hybrid_20250411_094800\evaluation\visualizations\error_analysis.png
2025-04-11 10:00:32,557 - src.utils.visualization - INFO - 瓜钩wOs: outputs\hybrid_20250411_094800\evaluation\visualizations\rel_error_hist.png
2025-04-11 10:00:33,447 - src.utils.visualization - INFO - 瓜钩wOs: outputs\hybrid_20250411_094800\evaluation\visualizations\physics_validation.png
2025-04-11 10:00:34,342 - src.utils.visualization - INFO - 瓜钩wOs: outputs\hybrid_20250411_094800\evaluation\visualizations\attention_weights.png
2025-04-11 10:00:34,711 - src.utils.visualization - INFO - wネΘ 6 拥谋て瓜愆 outputs\hybrid_20250411_094800\evaluation\visualizations
2025-04-11 10:00:34,711 - __main__ - INFO - 蝶臾功āA挡GwOs: outputs\hybrid_20250411_094800\evaluation
2025-04-11 10:00:34,711 - __main__ - INFO - ヴ叭ЧΘ
