2025-04-06 21:33:58,405 - __main__ - DEBUG - 除錯模式已啟用
2025-04-06 21:33:58,419 - __main__ - INFO - 成功載入配置文件: configs/model_config.yaml
2025-04-06 21:33:58,448 - __main__ - INFO - 成功載入配置文件: configs/train_config.yaml
2025-04-06 21:33:58,451 - __main__ - INFO - 已設定隨機種子: 42
2025-04-06 21:33:58,452 - __main__ - INFO - 使用計算設備: cpu
2025-04-06 21:33:58,452 - __main__ - INFO - 輸出目錄: outputs\hybrid_20250406_213358
2025-04-06 21:33:58,455 - __main__ - INFO - 載入資料: data/raw/Training_data_warpage_final_20250321_v1.2.csv
2025-04-06 21:33:58,459 - src.data.preprocess - INFO - 成功載入資料檔案: data/raw/Training_data_warpage_final_20250321_v1.2.csv，共 81 筆資料，18 個欄位
2025-04-06 21:33:58,463 - src.data.preprocess - INFO - 標準化完成，特徵數量: 5
2025-04-06 21:33:58,464 - src.data.preprocess - INFO - 時間序列資料準備完成，形狀: (81, 4, 2)
2025-04-06 21:33:58,466 - src.data.preprocess - INFO - 資料分割完成 - 訓練集: 56 樣本, 驗證集: 12 樣本, 測試集: 13 樣本
2025-04-06 21:33:58,466 - src.data.preprocess - INFO - 完整資料處理流程完成
2025-04-06 21:33:58,466 - __main__ - INFO - 資料分割完成, 訓練集: 56 樣本, 驗證集: 12 樣本, 測試集: 13 樣本
2025-04-06 21:33:58,467 - __main__ - INFO - 應用資料增強...
2025-04-06 21:33:58,467 - src.data.dataset - INFO - 進行資料增強，原始訓練集大小: 56 樣本
2025-04-06 21:33:58,652 - src.data.dataset - INFO - 資料增強完成，增強後的訓練集大小: 626 樣本
2025-04-06 21:33:58,652 - __main__ - INFO - 資料增強完成，增強後的訓練集大小: 626 樣本
2025-04-06 21:33:58,666 - __main__ - INFO - 創建混合PINN-LSTM模型，使用物理約束: True，融合方法: weighted
2025-04-06 21:33:58,669 - src.data.dataset - INFO - 已創建資料載入器 - 訓練: 626 樣本, 驗證: 12 樣本, 測試: 13 樣本, 批次大小: 8
2025-04-06 21:34:01,759 - src.training.trainer - INFO - 創建adam優化器，學習率: 0.001，權重衰減: 0.0001
2025-04-06 21:34:01,760 - src.training.losses - INFO - 初始化HybridLoss: lambda_physics=0.01, lambda_consistency=0.01, a=55.83, b=-2.259, log_space=True, l1_reg=0.0, l2_reg=0.001
2025-04-06 21:34:01,760 - src.training.losses - INFO - 初始化AdaptiveHybridLoss: physics權重從0.01增加到0.5, consistency權重從0.01增加到0.3, 在50個輪次內達到最大值, 預熱輪次: 5, 調整方案: linear
2025-04-06 21:34:01,760 - src.training.trainer - INFO - 創建餘弦退火學習率調度器，週期: 100，最小學習率: 1e-05
2025-04-06 21:34:01,764 - src.training.callbacks - INFO - 初始化ModelCheckpoint: 保存目錄=outputs\hybrid_20250406_213358\HybridPINNLSTMModel_20250406_213401\checkpoints, 保存頻率=5, 只保存最佳=False, 監控指標=val_loss, 模式=min
2025-04-06 21:34:01,765 - src.training.callbacks - INFO - 初始化LossHistory: 保存路徑=outputs\hybrid_20250406_213358\HybridPINNLSTMModel_20250406_213401\history.json, 保存頻率=1
2025-04-06 21:34:01,771 - src.training.trainer - INFO - 初始化訓練器完成，模型: HybridPINNLSTMModel, 優化器: Adam, 設備: cpu
2025-04-06 21:34:01,771 - __main__ - INFO - 開始訓練，總輪數: 200
2025-04-06 21:34:01,771 - src.training.trainer - INFO - 開始訓練，總輪數: 200
2025-04-06 21:34:04,355 - src.training.trainer - WARNING - 合併輸出 l2_penalty 時出錯: zero-dimensional arrays cannot be concatenated
2025-04-06 21:34:04,381 - src.training.trainer - INFO - 輪次 1/200 - 訓練損失: 13.983747 - 驗證損失: 16.597233 - rmse: 1378.511516 - r2: -2.441646 - mae: 1155.661743 - 學習率: 0.001000 - 時間: 2.61秒
2025-04-06 21:34:04,400 - src.training.callbacks - INFO - 模型檢查點已保存至 outputs\hybrid_20250406_213358\HybridPINNLSTMModel_20250406_213401\checkpoints\HybridPINNLSTMModel_epoch_001.pt
2025-04-06 21:34:04,409 - src.training.trainer - INFO - 監控指標改善，模型已保存至 outputs\hybrid_20250406_213358\models\best_model.pt
2025-04-06 21:34:08,003 - src.training.trainer - WARNING - 合併輸出 l2_penalty 時出錯: zero-dimensional arrays cannot be concatenated
2025-04-06 21:34:08,031 - src.training.trainer - INFO - 監控指標改善，模型已保存至 outputs\hybrid_20250406_213358\models\best_model.pt
2025-04-06 21:34:10,194 - src.training.trainer - WARNING - 合併輸出 l2_penalty 時出錯: zero-dimensional arrays cannot be concatenated
2025-04-06 21:34:10,215 - src.training.trainer - INFO - 監控指標改善，模型已保存至 outputs\hybrid_20250406_213358\models\best_model.pt
2025-04-06 21:34:12,882 - src.training.trainer - WARNING - 合併輸出 l2_penalty 時出錯: zero-dimensional arrays cannot be concatenated
2025-04-06 21:34:12,913 - src.training.trainer - INFO - 監控指標改善，模型已保存至 outputs\hybrid_20250406_213358\models\best_model.pt
2025-04-06 21:34:15,420 - src.training.trainer - WARNING - 合併輸出 l2_penalty 時出錯: zero-dimensional arrays cannot be concatenated
2025-04-06 21:34:15,444 - src.training.trainer - INFO - 監控指標改善，模型已保存至 outputs\hybrid_20250406_213358\models\best_model.pt
2025-04-06 21:34:17,568 - src.training.trainer - WARNING - 合併輸出 l2_penalty 時出錯: zero-dimensional arrays cannot be concatenated
2025-04-06 21:34:17,600 - src.training.callbacks - INFO - 模型檢查點已保存至 outputs\hybrid_20250406_213358\HybridPINNLSTMModel_20250406_213401\checkpoints\HybridPINNLSTMModel_epoch_006.pt
2025-04-06 21:34:17,608 - src.training.trainer - INFO - 監控指標改善，模型已保存至 outputs\hybrid_20250406_213358\models\best_model.pt
2025-04-06 21:34:19,543 - src.training.trainer - WARNING - 合併輸出 l2_penalty 時出錯: zero-dimensional arrays cannot be concatenated
2025-04-06 21:34:19,573 - src.training.trainer - INFO - 監控指標改善，模型已保存至 outputs\hybrid_20250406_213358\models\best_model.pt
2025-04-06 21:34:21,931 - src.training.trainer - WARNING - 合併輸出 l2_penalty 時出錯: zero-dimensional arrays cannot be concatenated
2025-04-06 21:34:21,958 - src.training.trainer - INFO - 監控指標改善，模型已保存至 outputs\hybrid_20250406_213358\models\best_model.pt
2025-04-06 21:34:23,946 - src.training.trainer - WARNING - 合併輸出 l2_penalty 時出錯: zero-dimensional arrays cannot be concatenated
2025-04-06 21:34:23,975 - src.training.trainer - INFO - 監控指標改善，模型已保存至 outputs\hybrid_20250406_213358\models\best_model.pt
2025-04-06 21:34:26,100 - src.training.trainer - WARNING - 合併輸出 l2_penalty 時出錯: zero-dimensional arrays cannot be concatenated
2025-04-06 21:34:26,126 - src.training.trainer - INFO - 監控指標改善，模型已保存至 outputs\hybrid_20250406_213358\models\best_model.pt
2025-04-06 21:34:28,106 - src.training.trainer - WARNING - 合併輸出 l2_penalty 時出錯: zero-dimensional arrays cannot be concatenated
2025-04-06 21:34:28,124 - src.training.trainer - INFO - 輪次 11/200 - 訓練損失: 1.263768 - 驗證損失: 5.530506 - rmse: 1322.869561 - r2: -2.169417 - mae: 1084.616333 - 學習率: 0.000976 - 時間: 2.00秒
2025-04-06 21:34:28,143 - src.training.callbacks - INFO - 模型檢查點已保存至 outputs\hybrid_20250406_213358\HybridPINNLSTMModel_20250406_213401\checkpoints\HybridPINNLSTMModel_epoch_011.pt
2025-04-06 21:34:28,154 - src.training.trainer - INFO - 監控指標改善，模型已保存至 outputs\hybrid_20250406_213358\models\best_model.pt
2025-04-06 21:34:30,289 - src.training.trainer - WARNING - 合併輸出 l2_penalty 時出錯: zero-dimensional arrays cannot be concatenated
2025-04-06 21:34:30,310 - src.training.trainer - INFO - 監控指標改善，模型已保存至 outputs\hybrid_20250406_213358\models\best_model.pt
2025-04-06 21:34:32,507 - src.training.trainer - WARNING - 合併輸出 l2_penalty 時出錯: zero-dimensional arrays cannot be concatenated
2025-04-06 21:34:32,541 - src.training.trainer - INFO - 監控指標改善，模型已保存至 outputs\hybrid_20250406_213358\models\best_model.pt
2025-04-06 21:34:35,436 - src.training.trainer - WARNING - 合併輸出 l2_penalty 時出錯: zero-dimensional arrays cannot be concatenated
2025-04-06 21:34:35,486 - src.training.trainer - INFO - 監控指標改善，模型已保存至 outputs\hybrid_20250406_213358\models\best_model.pt
2025-04-06 21:34:37,952 - src.training.trainer - WARNING - 合併輸出 l2_penalty 時出錯: zero-dimensional arrays cannot be concatenated
2025-04-06 21:34:37,974 - src.training.trainer - INFO - 監控指標改善，模型已保存至 outputs\hybrid_20250406_213358\models\best_model.pt
2025-04-06 21:34:39,834 - src.training.trainer - WARNING - 合併輸出 l2_penalty 時出錯: zero-dimensional arrays cannot be concatenated
2025-04-06 21:34:39,869 - src.training.callbacks - INFO - 模型檢查點已保存至 outputs\hybrid_20250406_213358\HybridPINNLSTMModel_20250406_213401\checkpoints\HybridPINNLSTMModel_epoch_016.pt
2025-04-06 21:34:39,879 - src.training.trainer - INFO - 監控指標改善，模型已保存至 outputs\hybrid_20250406_213358\models\best_model.pt
2025-04-06 21:34:41,782 - src.training.trainer - WARNING - 合併輸出 l2_penalty 時出錯: zero-dimensional arrays cannot be concatenated
2025-04-06 21:34:41,805 - src.training.trainer - INFO - 監控指標改善，模型已保存至 outputs\hybrid_20250406_213358\models\best_model.pt
2025-04-06 21:34:43,645 - src.training.trainer - WARNING - 合併輸出 l2_penalty 時出錯: zero-dimensional arrays cannot be concatenated
2025-04-06 21:34:43,669 - src.training.trainer - INFO - 監控指標改善，模型已保存至 outputs\hybrid_20250406_213358\models\best_model.pt
2025-04-06 21:34:45,537 - src.training.trainer - WARNING - 合併輸出 l2_penalty 時出錯: zero-dimensional arrays cannot be concatenated
2025-04-06 21:34:45,558 - src.training.trainer - INFO - 監控指標改善，模型已保存至 outputs\hybrid_20250406_213358\models\best_model.pt
2025-04-06 21:34:47,578 - src.training.trainer - WARNING - 合併輸出 l2_penalty 時出錯: zero-dimensional arrays cannot be concatenated
2025-04-06 21:34:47,599 - src.training.trainer - INFO - 監控指標改善，模型已保存至 outputs\hybrid_20250406_213358\models\best_model.pt
2025-04-06 21:34:49,291 - src.training.trainer - WARNING - 合併輸出 l2_penalty 時出錯: zero-dimensional arrays cannot be concatenated
2025-04-06 21:34:49,307 - src.training.trainer - INFO - 輪次 21/200 - 訓練損失: 1.085351 - 驗證損失: 5.277408 - rmse: 1324.503492 - r2: -2.177251 - mae: 1086.448364 - 學習率: 0.000905 - 時間: 1.71秒
2025-04-06 21:34:49,326 - src.training.callbacks - INFO - 模型檢查點已保存至 outputs\hybrid_20250406_213358\HybridPINNLSTMModel_20250406_213401\checkpoints\HybridPINNLSTMModel_epoch_021.pt
2025-04-06 21:34:49,336 - src.training.trainer - INFO - 監控指標改善，模型已保存至 outputs\hybrid_20250406_213358\models\best_model.pt
2025-04-06 21:34:51,946 - src.training.trainer - WARNING - 合併輸出 l2_penalty 時出錯: zero-dimensional arrays cannot be concatenated
2025-04-06 21:34:51,984 - src.training.trainer - INFO - 監控指標改善，模型已保存至 outputs\hybrid_20250406_213358\models\best_model.pt
2025-04-06 21:34:54,893 - src.training.trainer - WARNING - 合併輸出 l2_penalty 時出錯: zero-dimensional arrays cannot be concatenated
2025-04-06 21:34:54,927 - src.training.trainer - INFO - 監控指標改善，模型已保存至 outputs\hybrid_20250406_213358\models\best_model.pt
2025-04-06 21:34:57,230 - src.training.trainer - WARNING - 合併輸出 l2_penalty 時出錯: zero-dimensional arrays cannot be concatenated
2025-04-06 21:34:57,257 - src.training.trainer - INFO - 監控指標改善，模型已保存至 outputs\hybrid_20250406_213358\models\best_model.pt
2025-04-06 21:34:59,780 - src.training.trainer - WARNING - 合併輸出 l2_penalty 時出錯: zero-dimensional arrays cannot be concatenated
2025-04-06 21:34:59,816 - src.training.trainer - INFO - 監控指標改善，模型已保存至 outputs\hybrid_20250406_213358\models\best_model.pt
2025-04-06 21:35:03,790 - src.training.trainer - WARNING - 合併輸出 l2_penalty 時出錯: zero-dimensional arrays cannot be concatenated
2025-04-06 21:35:03,842 - src.training.callbacks - INFO - 模型檢查點已保存至 outputs\hybrid_20250406_213358\HybridPINNLSTMModel_20250406_213401\checkpoints\HybridPINNLSTMModel_epoch_026.pt
2025-04-06 21:35:03,858 - src.training.trainer - INFO - 監控指標改善，模型已保存至 outputs\hybrid_20250406_213358\models\best_model.pt
2025-04-06 21:35:06,229 - src.training.trainer - WARNING - 合併輸出 l2_penalty 時出錯: zero-dimensional arrays cannot be concatenated
2025-04-06 21:35:06,261 - src.training.trainer - INFO - 監控指標改善，模型已保存至 outputs\hybrid_20250406_213358\models\best_model.pt
2025-04-06 21:35:09,149 - src.training.trainer - WARNING - 合併輸出 l2_penalty 時出錯: zero-dimensional arrays cannot be concatenated
2025-04-06 21:35:09,177 - src.training.trainer - INFO - 監控指標改善，模型已保存至 outputs\hybrid_20250406_213358\models\best_model.pt
2025-04-06 21:35:11,451 - src.training.trainer - WARNING - 合併輸出 l2_penalty 時出錯: zero-dimensional arrays cannot be concatenated
2025-04-06 21:35:11,478 - src.training.trainer - INFO - 監控指標改善，模型已保存至 outputs\hybrid_20250406_213358\models\best_model.pt
2025-04-06 21:35:13,591 - src.training.trainer - WARNING - 合併輸出 l2_penalty 時出錯: zero-dimensional arrays cannot be concatenated
2025-04-06 21:35:13,616 - src.training.trainer - INFO - 監控指標改善，模型已保存至 outputs\hybrid_20250406_213358\models\best_model.pt
2025-04-06 21:35:15,483 - src.training.trainer - WARNING - 合併輸出 l2_penalty 時出錯: zero-dimensional arrays cannot be concatenated
2025-04-06 21:35:15,495 - src.training.trainer - INFO - 輪次 31/200 - 訓練損失: 0.890902 - 驗證損失: 2.713515 - rmse: 1238.669902 - r2: -1.778795 - mae: 977.564453 - 學習率: 0.000796 - 時間: 1.88秒
2025-04-06 21:35:15,510 - src.training.callbacks - INFO - 模型檢查點已保存至 outputs\hybrid_20250406_213358\HybridPINNLSTMModel_20250406_213401\checkpoints\HybridPINNLSTMModel_epoch_031.pt
2025-04-06 21:35:15,519 - src.training.trainer - INFO - 監控指標改善，模型已保存至 outputs\hybrid_20250406_213358\models\best_model.pt
2025-04-06 21:35:17,346 - src.training.trainer - WARNING - 合併輸出 l2_penalty 時出錯: zero-dimensional arrays cannot be concatenated
2025-04-06 21:35:17,381 - src.training.trainer - INFO - 監控指標改善，模型已保存至 outputs\hybrid_20250406_213358\models\best_model.pt
2025-04-06 21:35:19,323 - src.training.trainer - WARNING - 合併輸出 l2_penalty 時出錯: zero-dimensional arrays cannot be concatenated
2025-04-06 21:35:19,379 - src.training.trainer - INFO - 監控指標改善，模型已保存至 outputs\hybrid_20250406_213358\models\best_model.pt
2025-04-06 21:35:21,684 - src.training.trainer - WARNING - 合併輸出 l2_penalty 時出錯: zero-dimensional arrays cannot be concatenated
2025-04-06 21:35:21,717 - src.training.trainer - INFO - 監控指標改善，模型已保存至 outputs\hybrid_20250406_213358\models\best_model.pt
2025-04-06 21:35:23,572 - src.training.trainer - WARNING - 合併輸出 l2_penalty 時出錯: zero-dimensional arrays cannot be concatenated
2025-04-06 21:35:23,599 - src.training.trainer - INFO - 監控指標改善，模型已保存至 outputs\hybrid_20250406_213358\models\best_model.pt
2025-04-06 21:35:25,591 - src.training.trainer - WARNING - 合併輸出 l2_penalty 時出錯: zero-dimensional arrays cannot be concatenated
2025-04-06 21:35:25,642 - src.training.callbacks - INFO - 模型檢查點已保存至 outputs\hybrid_20250406_213358\HybridPINNLSTMModel_20250406_213401\checkpoints\HybridPINNLSTMModel_epoch_036.pt
2025-04-06 21:35:25,655 - src.training.trainer - INFO - 監控指標改善，模型已保存至 outputs\hybrid_20250406_213358\models\best_model.pt
2025-04-06 21:35:27,798 - src.training.trainer - WARNING - 合併輸出 l2_penalty 時出錯: zero-dimensional arrays cannot be concatenated
2025-04-06 21:35:27,831 - src.training.trainer - INFO - 監控指標改善，模型已保存至 outputs\hybrid_20250406_213358\models\best_model.pt
2025-04-06 21:35:30,015 - src.training.trainer - WARNING - 合併輸出 l2_penalty 時出錯: zero-dimensional arrays cannot be concatenated
2025-04-06 21:35:30,041 - src.training.trainer - INFO - 監控指標改善，模型已保存至 outputs\hybrid_20250406_213358\models\best_model.pt
2025-04-06 21:35:32,096 - src.training.trainer - WARNING - 合併輸出 l2_penalty 時出錯: zero-dimensional arrays cannot be concatenated
2025-04-06 21:35:32,117 - src.training.trainer - INFO - 監控指標改善，模型已保存至 outputs\hybrid_20250406_213358\models\best_model.pt
2025-04-06 21:35:33,870 - src.training.trainer - WARNING - 合併輸出 l2_penalty 時出錯: zero-dimensional arrays cannot be concatenated
2025-04-06 21:35:33,891 - src.training.trainer - INFO - 監控指標改善，模型已保存至 outputs\hybrid_20250406_213358\models\best_model.pt
2025-04-06 21:35:35,842 - src.training.trainer - WARNING - 合併輸出 l2_penalty 時出錯: zero-dimensional arrays cannot be concatenated
2025-04-06 21:35:35,856 - src.training.trainer - INFO - 輪次 41/200 - 訓練損失: 0.797500 - 驗證損失: 4.994486 - rmse: 1320.384934 - r2: -2.157522 - mae: 1079.822876 - 學習率: 0.000658 - 時間: 1.96秒
2025-04-06 21:35:35,872 - src.training.callbacks - INFO - 模型檢查點已保存至 outputs\hybrid_20250406_213358\HybridPINNLSTMModel_20250406_213401\checkpoints\HybridPINNLSTMModel_epoch_041.pt
2025-04-06 21:35:35,882 - src.training.trainer - INFO - 監控指標改善，模型已保存至 outputs\hybrid_20250406_213358\models\best_model.pt
2025-04-06 21:35:37,665 - src.training.trainer - WARNING - 合併輸出 l2_penalty 時出錯: zero-dimensional arrays cannot be concatenated
2025-04-06 21:35:37,689 - src.training.trainer - INFO - 監控指標改善，模型已保存至 outputs\hybrid_20250406_213358\models\best_model.pt
2025-04-06 21:35:39,407 - src.training.trainer - WARNING - 合併輸出 l2_penalty 時出錯: zero-dimensional arrays cannot be concatenated
2025-04-06 21:35:39,430 - src.training.trainer - INFO - 監控指標改善，模型已保存至 outputs\hybrid_20250406_213358\models\best_model.pt
2025-04-06 21:35:41,321 - src.training.trainer - WARNING - 合併輸出 l2_penalty 時出錯: zero-dimensional arrays cannot be concatenated
2025-04-06 21:35:41,350 - src.training.trainer - INFO - 監控指標改善，模型已保存至 outputs\hybrid_20250406_213358\models\best_model.pt
2025-04-06 21:35:43,365 - src.training.trainer - WARNING - 合併輸出 l2_penalty 時出錯: zero-dimensional arrays cannot be concatenated
2025-04-06 21:35:43,379 - __main__ - ERROR - 執行過程中發生錯誤: [Errno 2] No such file or directory: 'outputs\\hybrid_20250406_213358\\HybridPINNLSTMModel_20250406_213401\\history.json'
Traceback (most recent call last):
  File "C:\Users\a\Desktop\畢業論文\CAE\code\pinnlstm_code_sacq_5\scripts\train.py", line 657, in <module>
    main()
  File "C:\Users\a\Desktop\畢業論文\CAE\code\pinnlstm_code_sacq_5\scripts\train.py", line 647, in main
    train_model(model, data_dict, config, train_config, args, device, output_dir)
  File "C:\Users\a\Desktop\畢業論文\CAE\code\pinnlstm_code_sacq_5\scripts\train.py", line 402, in train_model
    history = trainer.train(
  File "C:\Users\a\Desktop\畢業論文\CAE\code\pinnlstm_code_sacq_5\src\training\trainer.py", line 850, in train
    callback(epoch, {
  File "C:\Users\a\Desktop\畢業論文\CAE\code\pinnlstm_code_sacq_5\src\training\callbacks.py", line 365, in __call__
    self.save()
  File "C:\Users\a\Desktop\畢業論文\CAE\code\pinnlstm_code_sacq_5\src\training\callbacks.py", line 383, in save
    with open(self.save_path, 'w', encoding='utf-8') as f:
FileNotFoundError: [Errno 2] No such file or directory: 'outputs\\hybrid_20250406_213358\\HybridPINNLSTMModel_20250406_213401\\history.json'
2025-04-06 21:35:43,381 - __main__ - ERROR - 詳細錯誤追蹤: Traceback (most recent call last):
  File "C:\Users\a\Desktop\畢業論文\CAE\code\pinnlstm_code_sacq_5\scripts\train.py", line 657, in <module>
    main()
  File "C:\Users\a\Desktop\畢業論文\CAE\code\pinnlstm_code_sacq_5\scripts\train.py", line 647, in main
    train_model(model, data_dict, config, train_config, args, device, output_dir)
  File "C:\Users\a\Desktop\畢業論文\CAE\code\pinnlstm_code_sacq_5\scripts\train.py", line 402, in train_model
    history = trainer.train(
  File "C:\Users\a\Desktop\畢業論文\CAE\code\pinnlstm_code_sacq_5\src\training\trainer.py", line 850, in train
    callback(epoch, {
  File "C:\Users\a\Desktop\畢業論文\CAE\code\pinnlstm_code_sacq_5\src\training\callbacks.py", line 365, in __call__
    self.save()
  File "C:\Users\a\Desktop\畢業論文\CAE\code\pinnlstm_code_sacq_5\src\training\callbacks.py", line 383, in save
    with open(self.save_path, 'w', encoding='utf-8') as f:
FileNotFoundError: [Errno 2] No such file or directory: 'outputs\\hybrid_20250406_213358\\HybridPINNLSTMModel_20250406_213401\\history.json'

