2025-04-05 16:20:40,166 - __main__ - DEBUG - 除錯模式已啟用
2025-04-05 16:20:40,188 - __main__ - INFO - 成功載入配置文件: configs/model_config.yaml
2025-04-05 16:20:40,215 - __main__ - INFO - 成功載入配置文件: configs/train_config.yaml
2025-04-05 16:20:40,218 - __main__ - INFO - 已設定隨機種子: 42
2025-04-05 16:20:40,218 - __main__ - INFO - 使用計算設備: cpu
2025-04-05 16:20:40,220 - __main__ - INFO - 輸出目錄: outputs\hybrid_20250405_162040
2025-04-05 16:20:40,222 - __main__ - INFO - 載入資料: data/raw/Training_data_warpage_final_20250321_v1.2.csv
2025-04-05 16:20:40,243 - src.data.preprocess - INFO - 成功載入資料檔案: data/raw/Training_data_warpage_final_20250321_v1.2.csv，共 81 筆資料，18 個欄位
2025-04-05 16:20:40,247 - src.data.preprocess - INFO - 標準化完成，特徵數量: 5
2025-04-05 16:20:40,247 - src.data.preprocess - WARNING - 時間序列欄位 'NLPLWK_up3600' 不存在，將使用零填充
2025-04-05 16:20:40,247 - src.data.preprocess - WARNING - 時間序列欄位 'NLPLWK_up7200' 不存在，將使用零填充
2025-04-05 16:20:40,247 - src.data.preprocess - WARNING - 時間序列欄位 'NLPLWK_up10800' 不存在，將使用零填充
2025-04-05 16:20:40,247 - src.data.preprocess - WARNING - 時間序列欄位 'NLPLWK_up14400' 不存在，將使用零填充
2025-04-05 16:20:40,249 - src.data.preprocess - WARNING - 時間序列欄位 'NLPLWK_down3600' 不存在，將使用零填充
2025-04-05 16:20:40,249 - src.data.preprocess - WARNING - 時間序列欄位 'NLPLWK_down7200' 不存在，將使用零填充
2025-04-05 16:20:40,249 - src.data.preprocess - WARNING - 時間序列欄位 'NLPLWK_down10800' 不存在，將使用零填充
2025-04-05 16:20:40,249 - src.data.preprocess - WARNING - 時間序列欄位 'NLPLWK_down14400' 不存在，將使用零填充
2025-04-05 16:20:40,249 - src.data.preprocess - INFO - 時間序列資料準備完成，形狀: (81, 4, 2)
2025-04-05 16:20:40,251 - src.data.preprocess - INFO - 資料分割完成 - 訓練集: 56 樣本, 驗證集: 12 樣本, 測試集: 13 樣本
2025-04-05 16:20:40,252 - src.data.preprocess - INFO - 完整資料處理流程完成
2025-04-05 16:20:40,252 - __main__ - INFO - 資料分割完成, 訓練集: 56 樣本, 驗證集: 12 樣本, 測試集: 13 樣本
2025-04-05 16:20:40,252 - __main__ - INFO - 應用資料增強...
2025-04-05 16:20:40,252 - __main__ - ERROR - 資料增強時發生錯誤: 'time_series_train'
2025-04-05 16:20:40,252 - __main__ - WARNING - 使用原始資料繼續訓練
2025-04-05 16:20:40,264 - __main__ - INFO - 創建混合PINN-LSTM模型，使用物理約束: True，融合方法: weighted
2025-04-05 16:20:40,266 - __main__ - ERROR - 執行過程中發生錯誤: 'time_series_train'
Traceback (most recent call last):
  File "C:\Users\a\Desktop\畢業論文\CAE\code\pinnlstm_code_sacq_5\scripts\train.py", line 612, in <module>
    main()
  File "C:\Users\a\Desktop\畢業論文\CAE\code\pinnlstm_code_sacq_5\scripts\train.py", line 602, in main
    train_model(model, data_dict, config, train_config, args, device, output_dir)
  File "C:\Users\a\Desktop\畢業論文\CAE\code\pinnlstm_code_sacq_5\scripts\train.py", line 280, in train_model
    time_series_train=data_dict["time_series_train"],
KeyError: 'time_series_train'
2025-04-05 16:20:40,266 - __main__ - ERROR - 詳細錯誤追蹤: Traceback (most recent call last):
  File "C:\Users\a\Desktop\畢業論文\CAE\code\pinnlstm_code_sacq_5\scripts\train.py", line 612, in <module>
    main()
  File "C:\Users\a\Desktop\畢業論文\CAE\code\pinnlstm_code_sacq_5\scripts\train.py", line 602, in main
    train_model(model, data_dict, config, train_config, args, device, output_dir)
  File "C:\Users\a\Desktop\畢業論文\CAE\code\pinnlstm_code_sacq_5\scripts\train.py", line 280, in train_model
    time_series_train=data_dict["time_series_train"],
KeyError: 'time_series_train'

