2025-04-10 22:20:15,399 - __main__ - DEBUG - 埃岿家Αw币ノ
2025-04-10 22:20:15,427 - __main__ - INFO - Θ\更Jtmゅン: configs/model_config.yaml
2025-04-10 22:20:15,457 - __main__ - INFO - Θ\更Jtmゅン: configs/train_config.yaml
2025-04-10 22:20:15,461 - __main__ - INFO - w]wH诀贺l: 42
2025-04-10 22:20:15,461 - __main__ - INFO - ㄏノp衡]称: cpu
2025-04-10 22:20:15,462 - __main__ - INFO - 块Xヘ魁: outputs\hybrid_20250410_222015
2025-04-10 22:20:15,463 - __main__ - INFO - 更J戈: data/raw/Training_data_warpage_final_20250321_v1.2.csv
2025-04-10 22:20:15,492 - src.data.preprocess - INFO - Θ\更J戈评僧: data/raw/Training_data_warpage_final_20250321_v1.2.csvA@ 81 掸戈啤A18 幽姒
2025-04-10 22:20:15,496 - src.data.preprocess - INFO - 夹非てЧΘASx计q: 5
2025-04-10 22:20:15,497 - src.data.preprocess - INFO - 啥¨铅C戈品浅僻功āA为: (81, 4, 2)
2025-04-10 22:20:15,498 - src.data.preprocess - INFO - 戈皮莱围功 - Vm栋: 56 妓セ, 喷靡栋: 12 妓セ, 代刚栋: 13 妓セ
2025-04-10 22:20:15,498 - src.data.preprocess - INFO - Ч俱戈瞥Bzy{ЧΘ
2025-04-10 22:20:15,499 - __main__ - INFO - 戈皮莱围功, Vm栋: 56 妓セ, 喷靡栋: 12 妓セ, 代刚栋: 13 妓セ
2025-04-10 22:20:15,499 - __main__ - INFO - 莱ノ戈萍Wj...
2025-04-10 22:20:15,499 - src.data.dataset - INFO - i娓戤萍WjA飑lVm栋jp: 56 妓セ
2025-04-10 22:20:15,650 - src.data.dataset - INFO - 戈萍WjЧΘAWj岐喊Vm栋jp: 626 妓セ
2025-04-10 22:20:15,650 - __main__ - INFO - 戈萍WjЧΘAWj岐喊Vm栋jp: 626 妓セ
2025-04-10 22:20:15,675 - __main__ - INFO - 承夭VXPINN-LSTM家Aㄏノz: TrueA磕Xよk: weighted
2025-04-10 22:20:15,677 - src.data.dataset - INFO - w承馗戤聘J竟 - Vm: 626 妓セ, 喷靡: 12 妓セ, 代刚: 13 妓セ, уΩjp: 8
2025-04-10 22:20:17,996 - src.training.trainer - INFO - 承adamwuて竟A厩策v: 0.002AvI搭: 0.0005
2025-04-10 22:20:17,996 - src.training.losses - INFO - 飑lてHybridLoss: lambda_physics=0.1, lambda_consistency=0.1, a=55.83, b=-2.259, log_space=True, l1_reg=0.0, l2_reg=0.001
2025-04-10 22:20:17,996 - src.training.losses - INFO - 飑lてAdaptiveHybridLoss: physicsvq0.1W[1.0, consistencyvq0.1W[0.5, b40咏ΩずF斐踏j, w荐近Ω: 5, 秸俱よ: linear
2025-04-10 22:20:17,998 - src.training.trainer - WARNING - ぃや穿壕遣卟v秸拙姑: one_cycleAぃㄏノ厩策v秸
2025-04-10 22:20:18,000 - src.training.callbacks - INFO - 飑lてModelCheckpoint: Osヘ魁=outputs\hybrid_20250410_222015\HybridPINNLSTMModel_20250410_222017\checkpoints, OsWv=5, uOs程ㄎ=False, 菏北夹=val_loss, 家Α=min
2025-04-10 22:20:18,002 - src.training.callbacks - INFO - 飑lてLossHistory: Os隔|=outputs\hybrid_20250410_222015\HybridPINNLSTMModel_20250410_222017\history.json, OsWv=1
2025-04-10 22:20:18,012 - src.training.trainer - INFO - 飑lてVm竟ЧΘA家: HybridPINNLSTMModel, uて竟: AdamW, ]称: cpu
2025-04-10 22:20:18,012 - __main__ - INFO - }lVmA`近计: 250
2025-04-10 22:20:18,014 - src.training.trainer - INFO - }lVmA`近计: 250
2025-04-10 22:20:20,806 - src.training.trainer - INFO - 近Ω 1/250 - Vmlア: 4.387773 - 喷靡lア: 5.394916 - rmse: 1273.058276 - r2: -1.935228 - mae: 1004.460999 - 厩策v: 0.002000 - 啥: 2.79
2025-04-10 22:20:20,836 - src.training.callbacks - INFO - 家浪dIwOs outputs\hybrid_20250410_222015\HybridPINNLSTMModel_20250410_222017\checkpoints\HybridPINNLSTMModel_epoch_001.pt
2025-04-10 22:20:20,850 - src.training.trainer - INFO - 菏北夹э到A家wOs outputs\hybrid_20250410_222015\models\best_model.pt
2025-04-10 22:20:23,602 - src.training.trainer - INFO - 菏北夹э到A家wOs outputs\hybrid_20250410_222015\models\best_model.pt
2025-04-10 22:20:26,294 - src.training.trainer - INFO - 近Ω 3/250 - Vmlア: 2.331068 - 喷靡lア: 5.124002 - rmse: 1287.967148 - r2: -2.004380 - mae: 1032.620972 - 厩策v: 0.002000 - 啥: 2.69
2025-04-10 22:20:26,304 - src.training.trainer - INFO - 菏北夹э到A家wOs outputs\hybrid_20250410_222015\models\best_model.pt
2025-04-10 22:20:29,007 - src.training.trainer - INFO - 菏北夹э到A家wOs outputs\hybrid_20250410_222015\models\best_model.pt
2025-04-10 22:20:31,586 - src.training.trainer - INFO - 近Ω 5/250 - Vmlア: 1.741241 - 喷靡lア: 4.925013 - rmse: 1290.905835 - r2: -2.018106 - mae: 1036.529175 - 厩策v: 0.002000 - 啥: 2.58
2025-04-10 22:20:31,594 - src.training.trainer - INFO - 菏北夹э到A家wOs outputs\hybrid_20250410_222015\models\best_model.pt
2025-04-10 22:20:34,260 - src.training.callbacks - INFO - 家浪dIwOs outputs\hybrid_20250410_222015\HybridPINNLSTMModel_20250410_222017\checkpoints\HybridPINNLSTMModel_epoch_006.pt
2025-04-10 22:20:34,270 - src.training.trainer - INFO - 菏北夹э到A家wOs outputs\hybrid_20250410_222015\models\best_model.pt
2025-04-10 22:20:36,936 - src.training.trainer - INFO - 近Ω 7/250 - Vmlア: 1.535993 - 喷靡lア: 4.038461 - rmse: 1258.709458 - r2: -1.869435 - mae: 994.251038 - 厩策v: 0.002000 - 啥: 2.67
2025-04-10 22:20:36,950 - src.training.trainer - INFO - 菏北夹э到A家wOs outputs\hybrid_20250410_222015\models\best_model.pt
2025-04-10 22:20:39,692 - src.training.trainer - INFO - 菏北夹э到A家wOs outputs\hybrid_20250410_222015\models\best_model.pt
2025-04-10 22:20:42,315 - src.training.trainer - INFO - 近Ω 9/250 - Vmlア: 1.398495 - 喷靡lア: 4.568671 - rmse: 1299.338678 - r2: -2.057666 - mae: 1054.556274 - 厩策v: 0.002000 - 啥: 2.62
2025-04-10 22:20:42,327 - src.training.trainer - INFO - 菏北夹э到A家wOs outputs\hybrid_20250410_222015\models\best_model.pt
2025-04-10 22:20:44,979 - src.training.trainer - INFO - 菏北夹э到A家wOs outputs\hybrid_20250410_222015\models\best_model.pt
2025-04-10 22:20:47,644 - src.training.trainer - INFO - 近Ω 11/250 - Vmlア: 1.230794 - 喷靡lア: 4.887609 - rmse: 1309.209685 - r2: -2.104300 - mae: 1064.793457 - 厩策v: 0.002000 - 啥: 2.66
2025-04-10 22:20:47,669 - src.training.callbacks - INFO - 家浪dIwOs outputs\hybrid_20250410_222015\HybridPINNLSTMModel_20250410_222017\checkpoints\HybridPINNLSTMModel_epoch_011.pt
2025-04-10 22:20:47,683 - src.training.trainer - INFO - 菏北夹э到A家wOs outputs\hybrid_20250410_222015\models\best_model.pt
2025-04-10 22:20:50,341 - src.training.trainer - INFO - 菏北夹э到A家wOs outputs\hybrid_20250410_222015\models\best_model.pt
2025-04-10 22:20:52,916 - src.training.trainer - INFO - 近Ω 13/250 - Vmlア: 1.108848 - 喷靡lア: 4.602630 - rmse: 1302.604314 - r2: -2.073055 - mae: 1054.554321 - 厩策v: 0.002000 - 啥: 2.57
2025-04-10 22:20:52,926 - src.training.trainer - INFO - 菏北夹э到A家wOs outputs\hybrid_20250410_222015\models\best_model.pt
2025-04-10 22:20:55,559 - src.training.trainer - INFO - 菏北夹э到A家wOs outputs\hybrid_20250410_222015\models\best_model.pt
2025-04-10 22:20:58,228 - src.training.trainer - INFO - 近Ω 15/250 - Vmlア: 1.024351 - 喷靡lア: 4.105655 - rmse: 1287.407472 - r2: -2.001770 - mae: 1036.248901 - 厩策v: 0.002000 - 啥: 2.67
2025-04-10 22:20:58,238 - src.training.trainer - INFO - 菏北夹э到A家wOs outputs\hybrid_20250410_222015\models\best_model.pt
2025-04-10 22:21:00,957 - src.training.callbacks - INFO - 家浪dIwOs outputs\hybrid_20250410_222015\HybridPINNLSTMModel_20250410_222017\checkpoints\HybridPINNLSTMModel_epoch_016.pt
2025-04-10 22:21:00,972 - src.training.trainer - INFO - 菏北夹э到A家wOs outputs\hybrid_20250410_222015\models\best_model.pt
2025-04-10 22:21:03,653 - src.training.trainer - INFO - 近Ω 17/250 - Vmlア: 0.954168 - 喷靡lア: 4.512708 - rmse: 1306.588832 - r2: -2.091884 - mae: 1066.661743 - 厩策v: 0.002000 - 啥: 2.68
2025-04-10 22:21:03,666 - src.training.trainer - INFO - 菏北夹э到A家wOs outputs\hybrid_20250410_222015\models\best_model.pt
2025-04-10 22:21:06,283 - src.training.trainer - INFO - 菏北夹э到A家wOs outputs\hybrid_20250410_222015\models\best_model.pt
2025-04-10 22:21:09,441 - src.training.trainer - INFO - 近Ω 19/250 - Vmlア: 0.879552 - 喷靡lア: 4.709224 - rmse: 1313.138749 - r2: -2.122961 - mae: 1065.732788 - 厩策v: 0.002000 - 啥: 3.16
2025-04-10 22:21:09,458 - src.training.trainer - INFO - 菏北夹э到A家wOs outputs\hybrid_20250410_222015\models\best_model.pt
2025-04-10 22:21:12,226 - src.training.trainer - INFO - 菏北夹э到A家wOs outputs\hybrid_20250410_222015\models\best_model.pt
2025-04-10 22:21:14,789 - src.training.trainer - INFO - 近Ω 21/250 - Vmlア: 0.846291 - 喷靡lア: 4.522572 - rmse: 1305.086060 - r2: -2.084776 - mae: 1058.311279 - 厩策v: 0.002000 - 啥: 2.56
2025-04-10 22:21:14,811 - src.training.callbacks - INFO - 家浪dIwOs outputs\hybrid_20250410_222015\HybridPINNLSTMModel_20250410_222017\checkpoints\HybridPINNLSTMModel_epoch_021.pt
2025-04-10 22:21:14,825 - src.training.trainer - INFO - 菏北夹э到A家wOs outputs\hybrid_20250410_222015\models\best_model.pt
2025-04-10 22:21:17,471 - src.training.trainer - INFO - 菏北夹э到A家wOs outputs\hybrid_20250410_222015\models\best_model.pt
2025-04-10 22:21:20,086 - src.training.trainer - INFO - 近Ω 23/250 - Vmlア: 0.823249 - 喷靡lア: 4.036795 - rmse: 1297.069726 - r2: -2.046997 - mae: 1048.621582 - 厩策v: 0.002000 - 啥: 2.61
2025-04-10 22:21:20,098 - src.training.trainer - INFO - 菏北夹э到A家wOs outputs\hybrid_20250410_222015\models\best_model.pt
2025-04-10 22:21:22,838 - src.training.trainer - INFO - 菏北夹э到A家wOs outputs\hybrid_20250410_222015\models\best_model.pt
2025-04-10 22:21:25,468 - src.training.trainer - INFO - 近Ω 25/250 - Vmlア: 0.810990 - 喷靡lア: 4.292959 - rmse: 1304.387404 - r2: -2.081474 - mae: 1054.002563 - 厩策v: 0.002000 - 啥: 2.63
2025-04-10 22:21:25,478 - src.training.trainer - INFO - 菏北夹э到A家wOs outputs\hybrid_20250410_222015\models\best_model.pt
2025-04-10 22:21:28,104 - src.training.callbacks - INFO - 家浪dIwOs outputs\hybrid_20250410_222015\HybridPINNLSTMModel_20250410_222017\checkpoints\HybridPINNLSTMModel_epoch_026.pt
2025-04-10 22:21:28,118 - src.training.trainer - INFO - 菏北夹э到A家wOs outputs\hybrid_20250410_222015\models\best_model.pt
2025-04-10 22:21:30,682 - src.training.trainer - INFO - 近Ω 27/250 - Vmlア: 0.771889 - 喷靡lア: 4.308852 - rmse: 1305.396827 - r2: -2.086245 - mae: 1062.870483 - 厩策v: 0.002000 - 啥: 2.56
2025-04-10 22:21:30,696 - src.training.trainer - INFO - 菏北夹э到A家wOs outputs\hybrid_20250410_222015\models\best_model.pt
2025-04-10 22:21:33,208 - src.training.trainer - INFO - 菏北夹э到A家wOs outputs\hybrid_20250410_222015\models\best_model.pt
2025-04-10 22:21:35,759 - src.training.trainer - INFO - 近Ω 29/250 - Vmlア: 0.764220 - 喷靡lア: 4.239443 - rmse: 1304.025690 - r2: -2.079766 - mae: 1059.042969 - 厩策v: 0.002000 - 啥: 2.55
2025-04-10 22:21:35,773 - src.training.trainer - INFO - 菏北夹э到A家wOs outputs\hybrid_20250410_222015\models\best_model.pt
2025-04-10 22:21:38,450 - src.training.trainer - INFO - 菏北夹э到A家wOs outputs\hybrid_20250410_222015\models\best_model.pt
2025-04-10 22:21:41,044 - src.training.trainer - INFO - 近Ω 31/250 - Vmlア: 0.710235 - 喷靡lア: 4.394646 - rmse: 1308.031345 - r2: -2.098715 - mae: 1069.661987 - 厩策v: 0.002000 - 啥: 2.59
2025-04-10 22:21:41,076 - src.training.callbacks - INFO - 家浪dIwOs outputs\hybrid_20250410_222015\HybridPINNLSTMModel_20250410_222017\checkpoints\HybridPINNLSTMModel_epoch_031.pt
2025-04-10 22:21:41,088 - src.training.trainer - INFO - 菏北夹э到A家wOs outputs\hybrid_20250410_222015\models\best_model.pt
2025-04-10 22:21:43,883 - src.training.trainer - INFO - 菏北夹э到A家wOs outputs\hybrid_20250410_222015\models\best_model.pt
2025-04-10 22:21:46,464 - src.training.trainer - INFO - 近Ω 33/250 - Vmlア: 0.711467 - 喷靡lア: 4.309938 - rmse: 1308.625949 - r2: -2.101533 - mae: 1067.512817 - 厩策v: 0.002000 - 啥: 2.58
2025-04-10 22:21:46,478 - src.training.trainer - INFO - 菏北夹э到A家wOs outputs\hybrid_20250410_222015\models\best_model.pt
2025-04-10 22:21:49,226 - src.training.trainer - INFO - 菏北夹э到A家wOs outputs\hybrid_20250410_222015\models\best_model.pt
2025-04-10 22:21:51,874 - src.training.trainer - INFO - 近Ω 35/250 - Vmlア: 0.721093 - 喷靡lア: 3.857603 - rmse: 1287.514126 - r2: -2.002267 - mae: 1030.860596 - 厩策v: 0.002000 - 啥: 2.65
2025-04-10 22:21:51,886 - src.training.trainer - INFO - 菏北夹э到A家wOs outputs\hybrid_20250410_222015\models\best_model.pt
2025-04-10 22:21:54,720 - src.training.callbacks - INFO - 家浪dIwOs outputs\hybrid_20250410_222015\HybridPINNLSTMModel_20250410_222017\checkpoints\HybridPINNLSTMModel_epoch_036.pt
2025-04-10 22:21:54,732 - src.training.trainer - INFO - 菏北夹э到A家wOs outputs\hybrid_20250410_222015\models\best_model.pt
2025-04-10 22:21:57,533 - src.training.trainer - INFO - 近Ω 37/250 - Vmlア: 0.705830 - 喷靡lア: 4.221467 - rmse: 1302.182015 - r2: -2.071063 - mae: 1053.900635 - 厩策v: 0.002000 - 啥: 2.80
2025-04-10 22:21:57,545 - src.training.trainer - INFO - 菏北夹э到A家wOs outputs\hybrid_20250410_222015\models\best_model.pt
2025-04-10 22:22:00,410 - src.training.trainer - INFO - 菏北夹э到A家wOs outputs\hybrid_20250410_222015\models\best_model.pt
2025-04-10 22:22:03,046 - src.training.trainer - INFO - 近Ω 39/250 - Vmlア: 0.695165 - 喷靡lア: 4.292729 - rmse: 1307.518308 - r2: -2.096285 - mae: 1059.231567 - 厩策v: 0.002000 - 啥: 2.64
2025-04-10 22:22:03,060 - src.training.trainer - INFO - 菏北夹э到A家wOs outputs\hybrid_20250410_222015\models\best_model.pt
2025-04-10 22:22:05,878 - src.training.trainer - INFO - 菏北夹э到A家wOs outputs\hybrid_20250410_222015\models\best_model.pt
2025-04-10 22:22:08,666 - src.training.trainer - INFO - 近Ω 41/250 - Vmlア: 0.678991 - 喷靡lア: 4.576666 - rmse: 1307.655918 - r2: -2.096937 - mae: 1059.480835 - 厩策v: 0.002000 - 啥: 2.79
2025-04-10 22:22:08,698 - src.training.callbacks - INFO - 家浪dIwOs outputs\hybrid_20250410_222015\HybridPINNLSTMModel_20250410_222017\checkpoints\HybridPINNLSTMModel_epoch_041.pt
2025-04-10 22:22:08,718 - src.training.trainer - INFO - 菏北夹э到A家wOs outputs\hybrid_20250410_222015\models\best_model.pt
2025-04-10 22:22:11,594 - src.training.trainer - INFO - 菏北夹э到A家wOs outputs\hybrid_20250410_222015\models\best_model.pt
2025-04-10 22:22:14,256 - src.training.trainer - INFO - 近Ω 43/250 - Vmlア: 0.676254 - 喷靡lア: 4.176326 - rmse: 1302.380177 - r2: -2.071998 - mae: 1056.008179 - 厩策v: 0.002000 - 啥: 2.66
2025-04-10 22:22:14,266 - src.training.trainer - INFO - 菏北夹э到A家wOs outputs\hybrid_20250410_222015\models\best_model.pt
2025-04-10 22:22:17,118 - src.training.trainer - INFO - 菏北夹э到A家wOs outputs\hybrid_20250410_222015\models\best_model.pt
2025-04-10 22:22:20,051 - src.training.trainer - INFO - 近Ω 45/250 - Vmlア: 0.649218 - 喷靡lア: 4.176962 - rmse: 1300.336110 - r2: -2.062362 - mae: 1045.553589 - 厩策v: 0.002000 - 啥: 2.93
2025-04-10 22:22:20,063 - src.training.trainer - INFO - 菏北夹э到A家wOs outputs\hybrid_20250410_222015\models\best_model.pt
2025-04-10 22:22:23,870 - src.training.callbacks - INFO - 家浪dIwOs outputs\hybrid_20250410_222015\HybridPINNLSTMModel_20250410_222017\checkpoints\HybridPINNLSTMModel_epoch_046.pt
2025-04-10 22:22:23,885 - src.training.trainer - INFO - 菏北夹э到A家wOs outputs\hybrid_20250410_222015\models\best_model.pt
2025-04-10 22:22:26,848 - src.training.trainer - INFO - 近Ω 47/250 - Vmlア: 0.678526 - 喷靡lア: 4.187772 - rmse: 1306.047903 - r2: -2.089325 - mae: 1063.361206 - 厩策v: 0.002000 - 啥: 2.96
2025-04-10 22:22:26,857 - src.training.trainer - INFO - 菏北夹э到A家wOs outputs\hybrid_20250410_222015\models\best_model.pt
2025-04-10 22:22:29,968 - src.training.trainer - INFO - 菏北夹э到A家wOs outputs\hybrid_20250410_222015\models\best_model.pt
2025-04-10 22:22:32,993 - src.training.trainer - INFO - 近Ω 49/250 - Vmlア: 0.686165 - 喷靡lア: 4.487142 - rmse: 1310.033969 - r2: -2.108211 - mae: 1062.561890 - 厩策v: 0.002000 - 啥: 3.02
2025-04-10 22:22:33,002 - src.training.trainer - INFO - 菏北夹э到A家wOs outputs\hybrid_20250410_222015\models\best_model.pt
2025-04-10 22:22:36,026 - src.training.trainer - INFO - 菏北夹э到A家wOs outputs\hybrid_20250410_222015\models\best_model.pt
2025-04-10 22:22:39,308 - src.training.trainer - INFO - 近Ω 51/250 - Vmlア: 0.646804 - 喷靡lア: 4.090024 - rmse: 1299.506493 - r2: -2.058456 - mae: 1054.066406 - 厩策v: 0.002000 - 啥: 3.28
2025-04-10 22:22:39,335 - src.training.callbacks - INFO - 家浪dIwOs outputs\hybrid_20250410_222015\HybridPINNLSTMModel_20250410_222017\checkpoints\HybridPINNLSTMModel_epoch_051.pt
2025-04-10 22:22:39,349 - src.training.trainer - INFO - 菏北夹э到A家wOs outputs\hybrid_20250410_222015\models\best_model.pt
2025-04-10 22:22:42,872 - src.training.trainer - INFO - 菏北夹э到A家wOs outputs\hybrid_20250410_222015\models\best_model.pt
2025-04-10 22:22:46,119 - src.training.trainer - INFO - 近Ω 53/250 - Vmlア: 0.668708 - 喷靡lア: 4.470750 - rmse: 1311.140486 - r2: -2.113464 - mae: 1066.999146 - 厩策v: 0.002000 - 啥: 3.25
2025-04-10 22:22:46,129 - src.training.trainer - INFO - 菏北夹э到A家wOs outputs\hybrid_20250410_222015\models\best_model.pt
2025-04-10 22:22:49,298 - src.training.trainer - INFO - 菏北夹э到A家wOs outputs\hybrid_20250410_222015\models\best_model.pt
2025-04-10 22:22:52,541 - src.training.trainer - INFO - 近Ω 55/250 - Vmlア: 0.665214 - 喷靡lア: 4.131595 - rmse: 1302.778185 - r2: -2.073876 - mae: 1052.504639 - 厩策v: 0.002000 - 啥: 3.24
2025-04-10 22:22:52,551 - src.training.trainer - INFO - 菏北夹э到A家wOs outputs\hybrid_20250410_222015\models\best_model.pt
2025-04-10 22:22:55,691 - src.training.callbacks - INFO - 家浪dIwOs outputs\hybrid_20250410_222015\HybridPINNLSTMModel_20250410_222017\checkpoints\HybridPINNLSTMModel_epoch_056.pt
2025-04-10 22:22:55,709 - src.training.trainer - INFO - 菏北夹э到A家wOs outputs\hybrid_20250410_222015\models\best_model.pt
2025-04-10 22:22:59,123 - src.training.trainer - INFO - 近Ω 57/250 - Vmlア: 0.665923 - 喷靡lア: 4.116759 - rmse: 1302.726708 - r2: -2.073633 - mae: 1051.556274 - 厩策v: 0.002000 - 啥: 3.41
2025-04-10 22:22:59,134 - src.training.trainer - INFO - 菏北夹э到A家wOs outputs\hybrid_20250410_222015\models\best_model.pt
2025-04-10 22:23:02,310 - src.training.trainer - INFO - 菏北夹э到A家wOs outputs\hybrid_20250410_222015\models\best_model.pt
2025-04-10 22:23:05,594 - src.training.trainer - INFO - 近Ω 59/250 - Vmlア: 0.647146 - 喷靡lア: 4.030202 - rmse: 1301.040737 - r2: -2.065682 - mae: 1056.755493 - 厩策v: 0.002000 - 啥: 3.28
2025-04-10 22:23:05,604 - src.training.trainer - INFO - 菏北夹э到A家wOs outputs\hybrid_20250410_222015\models\best_model.pt
2025-04-10 22:23:08,884 - src.training.trainer - INFO - 菏北夹э到A家wOs outputs\hybrid_20250410_222015\models\best_model.pt
2025-04-10 22:23:12,131 - src.training.trainer - INFO - 近Ω 61/250 - Vmlア: 0.669492 - 喷靡lア: 3.785036 - rmse: 1287.212444 - r2: -2.000860 - mae: 1030.392700 - 厩策v: 0.002000 - 啥: 3.25
2025-04-10 22:23:12,152 - src.training.callbacks - INFO - 家浪dIwOs outputs\hybrid_20250410_222015\HybridPINNLSTMModel_20250410_222017\checkpoints\HybridPINNLSTMModel_epoch_061.pt
2025-04-10 22:23:12,166 - src.training.trainer - INFO - 菏北夹э到A家wOs outputs\hybrid_20250410_222015\models\best_model.pt
2025-04-10 22:23:15,499 - src.training.trainer - INFO - 菏北夹э到A家wOs outputs\hybrid_20250410_222015\models\best_model.pt
2025-04-10 22:23:18,773 - src.training.trainer - INFO - 近Ω 63/250 - Vmlア: 0.655956 - 喷靡lア: 3.939255 - rmse: 1291.198135 - r2: -2.019473 - mae: 1045.110229 - 厩策v: 0.002000 - 啥: 3.27
2025-04-10 22:23:18,789 - src.training.trainer - INFO - 菏北夹э到A家wOs outputs\hybrid_20250410_222015\models\best_model.pt
2025-04-10 22:23:22,195 - src.training.trainer - INFO - 菏北夹э到A家wOs outputs\hybrid_20250410_222015\models\best_model.pt
2025-04-10 22:23:25,643 - src.training.trainer - INFO - 近Ω 65/250 - Vmlア: 0.645210 - 喷靡lア: 4.112662 - rmse: 1301.139549 - r2: -2.066148 - mae: 1052.315552 - 厩策v: 0.002000 - 啥: 3.45
2025-04-10 22:23:25,660 - src.training.trainer - INFO - 菏北夹э到A家wOs outputs\hybrid_20250410_222015\models\best_model.pt
2025-04-10 22:23:29,163 - src.training.callbacks - INFO - 家浪dIwOs outputs\hybrid_20250410_222015\HybridPINNLSTMModel_20250410_222017\checkpoints\HybridPINNLSTMModel_epoch_066.pt
2025-04-10 22:23:29,178 - src.training.trainer - INFO - 菏北夹э到A家wOs outputs\hybrid_20250410_222015\models\best_model.pt
2025-04-10 22:23:32,789 - src.training.trainer - INFO - 近Ω 67/250 - Vmlア: 0.659485 - 喷靡lア: 4.264564 - rmse: 1307.221911 - r2: -2.094881 - mae: 1060.759155 - 厩策v: 0.002000 - 啥: 3.61
2025-04-10 22:23:32,802 - src.training.trainer - INFO - 菏北夹э到A家wOs outputs\hybrid_20250410_222015\models\best_model.pt
2025-04-10 22:23:36,734 - src.training.trainer - INFO - 菏北夹э到A家wOs outputs\hybrid_20250410_222015\models\best_model.pt
2025-04-10 22:23:40,766 - src.training.trainer - INFO - 近Ω 69/250 - Vmlア: 0.653697 - 喷靡lア: 4.551821 - rmse: 1315.240805 - r2: -2.132967 - mae: 1072.350464 - 厩策v: 0.002000 - 啥: 4.03
2025-04-10 22:23:40,798 - src.training.trainer - INFO - 菏北夹э到A家wOs outputs\hybrid_20250410_222015\models\best_model.pt
2025-04-10 22:23:46,219 - src.training.trainer - INFO - 菏北夹э到A家wOs outputs\hybrid_20250410_222015\models\best_model.pt
2025-04-10 22:23:49,910 - src.training.trainer - INFO - 近Ω 71/250 - Vmlア: 0.647600 - 喷靡lア: 4.353851 - rmse: 1304.136640 - r2: -2.080289 - mae: 1051.936401 - 厩策v: 0.002000 - 啥: 3.69
2025-04-10 22:23:49,938 - src.training.callbacks - INFO - 家浪dIwOs outputs\hybrid_20250410_222015\HybridPINNLSTMModel_20250410_222017\checkpoints\HybridPINNLSTMModel_epoch_071.pt
2025-04-10 22:23:49,952 - src.training.trainer - INFO - 菏北夹э到A家wOs outputs\hybrid_20250410_222015\models\best_model.pt
2025-04-10 22:23:54,120 - src.training.trainer - INFO - 菏北夹э到A家wOs outputs\hybrid_20250410_222015\models\best_model.pt
2025-04-10 22:23:57,872 - src.training.trainer - INFO - 近Ω 73/250 - Vmlア: 0.653906 - 喷靡lア: 4.114774 - rmse: 1302.678826 - r2: -2.073407 - mae: 1052.557983 - 厩策v: 0.002000 - 啥: 3.75
2025-04-10 22:23:57,883 - src.training.trainer - INFO - 菏北夹э到A家wOs outputs\hybrid_20250410_222015\models\best_model.pt
2025-04-10 22:24:01,731 - src.training.trainer - INFO - 菏北夹э到A家wOs outputs\hybrid_20250410_222015\models\best_model.pt
2025-04-10 22:24:06,322 - src.training.trainer - INFO - 近Ω 75/250 - Vmlア: 0.648624 - 喷靡lア: 4.447537 - rmse: 1311.223665 - r2: -2.113859 - mae: 1068.380493 - 厩策v: 0.002000 - 啥: 4.59
2025-04-10 22:24:06,341 - src.training.trainer - INFO - 菏北夹э到A家wOs outputs\hybrid_20250410_222015\models\best_model.pt
2025-04-10 22:24:10,222 - src.training.callbacks - INFO - 家浪dIwOs outputs\hybrid_20250410_222015\HybridPINNLSTMModel_20250410_222017\checkpoints\HybridPINNLSTMModel_epoch_076.pt
2025-04-10 22:24:10,238 - src.training.trainer - INFO - 菏北夹э到A家wOs outputs\hybrid_20250410_222015\models\best_model.pt
2025-04-10 22:24:13,634 - src.training.trainer - INFO - 近Ω 77/250 - Vmlア: 0.655970 - 喷靡lア: 4.532417 - rmse: 1312.862759 - r2: -2.121649 - mae: 1065.619507 - 厩策v: 0.002000 - 啥: 3.40
2025-04-10 22:24:13,648 - src.training.trainer - INFO - 菏北夹э到A家wOs outputs\hybrid_20250410_222015\models\best_model.pt
2025-04-10 22:24:17,266 - src.training.trainer - INFO - 菏北夹э到A家wOs outputs\hybrid_20250410_222015\models\best_model.pt
2025-04-10 22:24:20,495 - src.training.trainer - INFO - 近Ω 79/250 - Vmlア: 0.673882 - 喷靡lア: 4.245017 - rmse: 1303.460970 - r2: -2.077099 - mae: 1054.080811 - 厩策v: 0.002000 - 啥: 3.23
2025-04-10 22:24:20,511 - src.training.trainer - INFO - 菏北夹э到A家wOs outputs\hybrid_20250410_222015\models\best_model.pt
2025-04-10 22:24:23,680 - src.training.trainer - INFO - 菏北夹э到A家wOs outputs\hybrid_20250410_222015\models\best_model.pt
2025-04-10 22:24:26,811 - src.training.trainer - INFO - 近Ω 81/250 - Vmlア: 0.662706 - 喷靡lア: 4.306025 - rmse: 1305.126239 - r2: -2.084966 - mae: 1054.212769 - 厩策v: 0.002000 - 啥: 3.13
2025-04-10 22:24:26,835 - src.training.callbacks - INFO - 家浪dIwOs outputs\hybrid_20250410_222015\HybridPINNLSTMModel_20250410_222017\checkpoints\HybridPINNLSTMModel_epoch_081.pt
2025-04-10 22:24:26,852 - src.training.trainer - INFO - 菏北夹э到A家wOs outputs\hybrid_20250410_222015\models\best_model.pt
2025-04-10 22:24:29,837 - src.training.trainer - INFO - 菏北夹э到A家wOs outputs\hybrid_20250410_222015\models\best_model.pt
2025-04-10 22:24:32,697 - src.training.trainer - INFO - 近Ω 83/250 - Vmlア: 0.663885 - 喷靡lア: 4.090724 - rmse: 1298.917674 - r2: -2.055685 - mae: 1042.739624 - 厩策v: 0.002000 - 啥: 2.86
2025-04-10 22:24:32,712 - src.training.trainer - INFO - 菏北夹э到A家wOs outputs\hybrid_20250410_222015\models\best_model.pt
2025-04-10 22:24:35,643 - src.training.trainer - INFO - 菏北夹э到A家wOs outputs\hybrid_20250410_222015\models\best_model.pt
2025-04-10 22:24:38,448 - src.training.trainer - INFO - 近Ω 85/250 - Vmlア: 0.674989 - 喷靡lア: 3.575479 - rmse: 1272.668702 - r2: -1.933432 - mae: 1006.526184 - 厩策v: 0.002000 - 啥: 2.81
2025-04-10 22:24:38,459 - src.training.trainer - INFO - 菏北夹э到A家wOs outputs\hybrid_20250410_222015\models\best_model.pt
2025-04-10 22:24:41,328 - src.training.callbacks - INFO - 家浪dIwOs outputs\hybrid_20250410_222015\HybridPINNLSTMModel_20250410_222017\checkpoints\HybridPINNLSTMModel_epoch_086.pt
2025-04-10 22:24:41,340 - src.training.trainer - INFO - 菏北夹э到A家wOs outputs\hybrid_20250410_222015\models\best_model.pt
2025-04-10 22:24:44,240 - src.training.trainer - INFO - 近Ω 87/250 - Vmlア: 0.664180 - 喷靡lア: 4.441574 - rmse: 1310.709207 - r2: -2.111416 - mae: 1064.730347 - 厩策v: 0.002000 - 啥: 2.90
2025-04-10 22:24:44,253 - src.training.trainer - INFO - 菏北夹э到A家wOs outputs\hybrid_20250410_222015\models\best_model.pt
2025-04-10 22:24:47,094 - src.training.trainer - INFO - 菏北夹э到A家wOs outputs\hybrid_20250410_222015\models\best_model.pt
2025-04-10 22:24:50,231 - src.training.trainer - INFO - 近Ω 89/250 - Vmlア: 0.645088 - 喷靡lア: 4.430126 - rmse: 1308.187152 - r2: -2.099453 - mae: 1056.014648 - 厩策v: 0.002000 - 啥: 3.14
2025-04-10 22:24:50,251 - src.training.trainer - INFO - 菏北夹э到A家wOs outputs\hybrid_20250410_222015\models\best_model.pt
2025-04-10 22:24:53,250 - src.training.trainer - INFO - 菏北夹э到A家wOs outputs\hybrid_20250410_222015\models\best_model.pt
2025-04-10 22:24:56,147 - src.training.trainer - INFO - 近Ω 91/250 - Vmlア: 0.650623 - 喷靡lア: 3.985000 - rmse: 1295.697303 - r2: -2.040552 - mae: 1042.287842 - 厩策v: 0.002000 - 啥: 2.90
2025-04-10 22:24:56,174 - src.training.callbacks - INFO - 家浪dIwOs outputs\hybrid_20250410_222015\HybridPINNLSTMModel_20250410_222017\checkpoints\HybridPINNLSTMModel_epoch_091.pt
2025-04-10 22:24:56,190 - src.training.trainer - INFO - 菏北夹э到A家wOs outputs\hybrid_20250410_222015\models\best_model.pt
2025-04-10 22:24:59,036 - src.training.trainer - INFO - 菏北夹э到A家wOs outputs\hybrid_20250410_222015\models\best_model.pt
2025-04-10 22:25:01,894 - src.training.trainer - INFO - 近Ω 93/250 - Vmlア: 0.628079 - 喷靡lア: 4.634131 - rmse: 1313.501190 - r2: -2.124685 - mae: 1068.063843 - 厩策v: 0.002000 - 啥: 2.86
2025-04-10 22:25:01,904 - src.training.trainer - INFO - 菏北夹э到A家wOs outputs\hybrid_20250410_222015\models\best_model.pt
2025-04-10 22:25:04,797 - src.training.trainer - INFO - 菏北夹э到A家wOs outputs\hybrid_20250410_222015\models\best_model.pt
2025-04-10 22:25:07,676 - src.training.trainer - INFO - 近Ω 95/250 - Vmlア: 0.645317 - 喷靡lア: 4.455208 - rmse: 1311.598643 - r2: -2.115640 - mae: 1063.680542 - 厩策v: 0.002000 - 啥: 2.88
2025-04-10 22:25:07,695 - src.training.trainer - INFO - 菏北夹э到A家wOs outputs\hybrid_20250410_222015\models\best_model.pt
2025-04-10 22:25:11,014 - src.training.callbacks - INFO - 家浪dIwOs outputs\hybrid_20250410_222015\HybridPINNLSTMModel_20250410_222017\checkpoints\HybridPINNLSTMModel_epoch_096.pt
2025-04-10 22:25:11,033 - src.training.trainer - INFO - 菏北夹э到A家wOs outputs\hybrid_20250410_222015\models\best_model.pt
2025-04-10 22:25:14,301 - src.training.trainer - INFO - 近Ω 97/250 - Vmlア: 0.651117 - 喷靡lア: 4.071200 - rmse: 1298.903143 - r2: -2.055617 - mae: 1046.988159 - 厩策v: 0.002000 - 啥: 3.27
2025-04-10 22:25:14,312 - src.training.trainer - INFO - 菏北夹э到A家wOs outputs\hybrid_20250410_222015\models\best_model.pt
2025-04-10 22:25:17,126 - src.training.trainer - INFO - 菏北夹э到A家wOs outputs\hybrid_20250410_222015\models\best_model.pt
2025-04-10 22:25:19,978 - src.training.trainer - INFO - 近Ω 99/250 - Vmlア: 0.637302 - 喷靡lア: 4.508609 - rmse: 1310.030009 - r2: -2.108192 - mae: 1061.855835 - 厩策v: 0.002000 - 啥: 2.85
2025-04-10 22:25:19,996 - src.training.trainer - INFO - 菏北夹э到A家wOs outputs\hybrid_20250410_222015\models\best_model.pt
2025-04-10 22:25:22,924 - src.training.trainer - INFO - 菏北夹э到A家wOs outputs\hybrid_20250410_222015\models\best_model.pt
2025-04-10 22:25:25,728 - src.training.trainer - INFO - 近Ω 101/250 - Vmlア: 0.646243 - 喷靡lア: 4.257280 - rmse: 1305.753614 - r2: -2.087933 - mae: 1059.805298 - 厩策v: 0.002000 - 啥: 2.80
2025-04-10 22:25:25,760 - src.training.callbacks - INFO - 家浪dIwOs outputs\hybrid_20250410_222015\HybridPINNLSTMModel_20250410_222017\checkpoints\HybridPINNLSTMModel_epoch_101.pt
2025-04-10 22:25:25,773 - src.training.trainer - INFO - 菏北夹э到A家wOs outputs\hybrid_20250410_222015\models\best_model.pt
2025-04-10 22:25:28,799 - src.training.trainer - INFO - 菏北夹э到A家wOs outputs\hybrid_20250410_222015\models\best_model.pt
2025-04-10 22:25:31,592 - src.training.trainer - INFO - 近Ω 103/250 - Vmlア: 0.661030 - 喷靡lア: 4.330347 - rmse: 1307.701180 - r2: -2.097151 - mae: 1059.285156 - 厩策v: 0.002000 - 啥: 2.79
2025-04-10 22:25:31,604 - src.training.trainer - INFO - 菏北夹э到A家wOs outputs\hybrid_20250410_222015\models\best_model.pt
2025-04-10 22:25:34,445 - src.training.trainer - INFO - 菏北夹э到A家wOs outputs\hybrid_20250410_222015\models\best_model.pt
2025-04-10 22:25:37,294 - src.training.trainer - INFO - 近Ω 105/250 - Vmlア: 0.650226 - 喷靡lア: 4.280553 - rmse: 1307.977685 - r2: -2.098461 - mae: 1068.036255 - 厩策v: 0.002000 - 啥: 2.85
2025-04-10 22:25:37,310 - src.training.trainer - INFO - 菏北夹э到A家wOs outputs\hybrid_20250410_222015\models\best_model.pt
2025-04-10 22:25:40,802 - src.training.callbacks - INFO - 家浪dIwOs outputs\hybrid_20250410_222015\HybridPINNLSTMModel_20250410_222017\checkpoints\HybridPINNLSTMModel_epoch_106.pt
2025-04-10 22:25:40,818 - src.training.trainer - INFO - 菏北夹э到A家wOs outputs\hybrid_20250410_222015\models\best_model.pt
2025-04-10 22:25:43,626 - src.training.trainer - INFO - 近Ω 107/250 - Vmlア: 0.677008 - 喷靡lア: 4.423706 - rmse: 1309.393801 - r2: -2.105174 - mae: 1064.682983 - 厩策v: 0.002000 - 啥: 2.81
2025-04-10 22:25:43,639 - src.training.trainer - INFO - 菏北夹э到A家wOs outputs\hybrid_20250410_222015\models\best_model.pt
2025-04-10 22:25:46,775 - src.training.trainer - INFO - 菏北夹э到A家wOs outputs\hybrid_20250410_222015\models\best_model.pt
2025-04-10 22:25:49,807 - src.training.trainer - INFO - 近Ω 109/250 - Vmlア: 0.664488 - 喷靡lア: 4.539636 - rmse: 1310.311366 - r2: -2.109527 - mae: 1063.808960 - 厩策v: 0.002000 - 啥: 3.03
2025-04-10 22:25:49,828 - src.training.trainer - INFO - 菏北夹э到A家wOs outputs\hybrid_20250410_222015\models\best_model.pt
2025-04-10 22:25:54,006 - src.training.trainer - INFO - 菏北夹э到A家wOs outputs\hybrid_20250410_222015\models\best_model.pt
2025-04-10 22:25:57,022 - src.training.trainer - INFO - 近Ω 111/250 - Vmlア: 0.662885 - 喷靡lア: 4.267707 - rmse: 1304.752611 - r2: -2.083200 - mae: 1052.089844 - 厩策v: 0.002000 - 啥: 3.01
2025-04-10 22:25:57,049 - src.training.callbacks - INFO - 家浪dIwOs outputs\hybrid_20250410_222015\HybridPINNLSTMModel_20250410_222017\checkpoints\HybridPINNLSTMModel_epoch_111.pt
2025-04-10 22:25:57,061 - src.training.trainer - INFO - 菏北夹э到A家wOs outputs\hybrid_20250410_222015\models\best_model.pt
2025-04-10 22:26:00,125 - src.training.trainer - INFO - 菏北夹э到A家wOs outputs\hybrid_20250410_222015\models\best_model.pt
2025-04-10 22:26:02,995 - src.training.trainer - INFO - 近Ω 113/250 - Vmlア: 0.645458 - 喷靡lア: 4.524743 - rmse: 1311.204075 - r2: -2.113766 - mae: 1068.365356 - 厩策v: 0.002000 - 啥: 2.87
2025-04-10 22:26:03,013 - src.training.trainer - INFO - 菏北夹э到A家wOs outputs\hybrid_20250410_222015\models\best_model.pt
2025-04-10 22:26:07,001 - src.training.trainer - INFO - 菏北夹э到A家wOs outputs\hybrid_20250410_222015\models\best_model.pt
2025-04-10 22:26:11,941 - src.training.trainer - INFO - 近Ω 115/250 - Vmlア: 0.648351 - 喷靡lア: 3.941005 - rmse: 1293.203387 - r2: -2.028859 - mae: 1041.905273 - 厩策v: 0.002000 - 啥: 4.94
2025-04-10 22:26:11,960 - src.training.trainer - INFO - 菏北夹э到A家wOs outputs\hybrid_20250410_222015\models\best_model.pt
2025-04-10 22:26:16,495 - src.training.callbacks - INFO - 家浪dIwOs outputs\hybrid_20250410_222015\HybridPINNLSTMModel_20250410_222017\checkpoints\HybridPINNLSTMModel_epoch_116.pt
2025-04-10 22:26:16,516 - src.training.trainer - INFO - 菏北夹э到A家wOs outputs\hybrid_20250410_222015\models\best_model.pt
2025-04-10 22:26:19,575 - src.training.trainer - INFO - 近Ω 117/250 - Vmlア: 0.701111 - 喷靡lア: 3.960131 - rmse: 1301.550470 - r2: -2.068085 - mae: 1053.480835 - 厩策v: 0.002000 - 啥: 3.06
2025-04-10 22:26:19,585 - src.training.trainer - INFO - 菏北夹э到A家wOs outputs\hybrid_20250410_222015\models\best_model.pt
2025-04-10 22:26:22,528 - src.training.trainer - INFO - 菏北夹э到A家wOs outputs\hybrid_20250410_222015\models\best_model.pt
2025-04-10 22:26:25,287 - src.training.trainer - INFO - 近Ω 119/250 - Vmlア: 0.636301 - 喷靡lア: 4.036407 - rmse: 1303.459675 - r2: -2.077093 - mae: 1053.715210 - 厩策v: 0.002000 - 啥: 2.76
2025-04-10 22:26:25,298 - src.training.trainer - INFO - 菏北夹э到A家wOs outputs\hybrid_20250410_222015\models\best_model.pt
2025-04-10 22:26:28,180 - src.training.trainer - INFO - 菏北夹э到A家wOs outputs\hybrid_20250410_222015\models\best_model.pt
2025-04-10 22:26:31,075 - src.training.trainer - INFO - 近Ω 121/250 - Vmlア: 0.663959 - 喷靡lア: 4.030033 - rmse: 1287.241382 - r2: -2.000995 - mae: 1027.398193 - 厩策v: 0.002000 - 啥: 2.90
2025-04-10 22:26:31,097 - src.training.callbacks - INFO - 家浪dIwOs outputs\hybrid_20250410_222015\HybridPINNLSTMModel_20250410_222017\checkpoints\HybridPINNLSTMModel_epoch_121.pt
2025-04-10 22:26:31,108 - src.training.trainer - INFO - 菏北夹э到A家wOs outputs\hybrid_20250410_222015\models\best_model.pt
2025-04-10 22:26:34,112 - src.training.trainer - INFO - 菏北夹э到A家wOs outputs\hybrid_20250410_222015\models\best_model.pt
2025-04-10 22:26:37,002 - src.training.trainer - INFO - 近Ω 123/250 - Vmlア: 0.662311 - 喷靡lア: 4.529928 - rmse: 1311.758171 - r2: -2.116398 - mae: 1068.008789 - 厩策v: 0.002000 - 啥: 2.89
2025-04-10 22:26:37,012 - src.training.trainer - INFO - 菏北夹э到A家wOs outputs\hybrid_20250410_222015\models\best_model.pt
2025-04-10 22:26:39,658 - src.training.trainer - INFO - 菏北夹э到A家wOs outputs\hybrid_20250410_222015\models\best_model.pt
2025-04-10 22:26:42,274 - src.training.trainer - INFO - 近Ω 125/250 - Vmlア: 0.663995 - 喷靡lア: 4.122862 - rmse: 1303.838372 - r2: -2.078881 - mae: 1054.635010 - 厩策v: 0.002000 - 啥: 2.62
2025-04-10 22:26:42,290 - src.training.trainer - INFO - 菏北夹э到A家wOs outputs\hybrid_20250410_222015\models\best_model.pt
2025-04-10 22:26:45,542 - src.training.callbacks - INFO - 家浪dIwOs outputs\hybrid_20250410_222015\HybridPINNLSTMModel_20250410_222017\checkpoints\HybridPINNLSTMModel_epoch_126.pt
2025-04-10 22:26:45,559 - src.training.trainer - INFO - 菏北夹э到A家wOs outputs\hybrid_20250410_222015\models\best_model.pt
2025-04-10 22:26:48,332 - src.training.trainer - INFO - 近Ω 127/250 - Vmlア: 0.653474 - 喷靡lア: 4.263606 - rmse: 1305.602112 - r2: -2.087216 - mae: 1057.615601 - 厩策v: 0.002000 - 啥: 2.77
2025-04-10 22:26:48,349 - src.training.trainer - INFO - 菏北夹э到A家wOs outputs\hybrid_20250410_222015\models\best_model.pt
2025-04-10 22:26:51,424 - src.training.trainer - INFO - 菏北夹э到A家wOs outputs\hybrid_20250410_222015\models\best_model.pt
2025-04-10 22:26:54,273 - src.training.trainer - INFO - 近Ω 129/250 - Vmlア: 0.648360 - 喷靡lア: 4.055258 - rmse: 1299.216110 - r2: -2.057089 - mae: 1049.273804 - 厩策v: 0.002000 - 啥: 2.85
2025-04-10 22:26:54,286 - src.training.trainer - INFO - 菏北夹э到A家wOs outputs\hybrid_20250410_222015\models\best_model.pt
2025-04-10 22:26:57,222 - src.training.trainer - INFO - 菏北夹э到A家wOs outputs\hybrid_20250410_222015\models\best_model.pt
2025-04-10 22:26:59,760 - src.training.trainer - INFO - 近Ω 131/250 - Vmlア: 0.642402 - 喷靡lア: 4.294000 - rmse: 1305.954584 - r2: -2.088883 - mae: 1059.870972 - 厩策v: 0.002000 - 啥: 2.54
2025-04-10 22:26:59,792 - src.training.callbacks - INFO - 家浪dIwOs outputs\hybrid_20250410_222015\HybridPINNLSTMModel_20250410_222017\checkpoints\HybridPINNLSTMModel_epoch_131.pt
2025-04-10 22:26:59,809 - src.training.trainer - INFO - 菏北夹э到A家wOs outputs\hybrid_20250410_222015\models\best_model.pt
2025-04-10 22:27:02,473 - src.training.trainer - INFO - 菏北夹э到A家wOs outputs\hybrid_20250410_222015\models\best_model.pt
2025-04-10 22:27:04,994 - src.training.trainer - INFO - 近Ω 133/250 - Vmlア: 0.666132 - 喷靡lア: 4.128424 - rmse: 1304.237517 - r2: -2.080766 - mae: 1058.441284 - 厩策v: 0.002000 - 啥: 2.52
2025-04-10 22:27:05,007 - src.training.trainer - INFO - 菏北夹э到A家wOs outputs\hybrid_20250410_222015\models\best_model.pt
2025-04-10 22:27:07,711 - src.training.trainer - INFO - 菏北夹э到A家wOs outputs\hybrid_20250410_222015\models\best_model.pt
2025-04-10 22:27:10,279 - src.training.trainer - INFO - 近Ω 135/250 - Vmlア: 0.654963 - 喷靡lア: 4.286590 - rmse: 1304.301106 - r2: -2.081066 - mae: 1058.327271 - 厩策v: 0.002000 - 啥: 2.57
2025-04-10 22:27:10,291 - src.training.trainer - INFO - 菏北夹э到A家wOs outputs\hybrid_20250410_222015\models\best_model.pt
2025-04-10 22:27:13,082 - src.training.callbacks - INFO - 家浪dIwOs outputs\hybrid_20250410_222015\HybridPINNLSTMModel_20250410_222017\checkpoints\HybridPINNLSTMModel_epoch_136.pt
2025-04-10 22:27:13,095 - src.training.trainer - INFO - 菏北夹э到A家wOs outputs\hybrid_20250410_222015\models\best_model.pt
2025-04-10 22:27:15,811 - src.training.trainer - INFO - 近Ω 137/250 - Vmlア: 0.640586 - 喷靡lア: 3.918518 - rmse: 1291.574185 - r2: -2.021232 - mae: 1047.485474 - 厩策v: 0.002000 - 啥: 2.72
2025-04-10 22:27:15,826 - src.training.trainer - INFO - 菏北夹э到A家wOs outputs\hybrid_20250410_222015\models\best_model.pt
2025-04-10 22:27:18,524 - src.training.trainer - INFO - 菏北夹э到A家wOs outputs\hybrid_20250410_222015\models\best_model.pt
2025-04-10 22:27:21,210 - src.training.trainer - INFO - 近Ω 139/250 - Vmlア: 0.645444 - 喷靡lア: 4.365725 - rmse: 1309.494034 - r2: -2.105649 - mae: 1062.321167 - 厩策v: 0.002000 - 啥: 2.69
2025-04-10 22:27:21,227 - src.training.trainer - INFO - 菏北夹э到A家wOs outputs\hybrid_20250410_222015\models\best_model.pt
2025-04-10 22:27:24,097 - src.training.trainer - INFO - 菏北夹э到A家wOs outputs\hybrid_20250410_222015\models\best_model.pt
2025-04-10 22:27:26,538 - src.training.trainer - INFO - 近Ω 141/250 - Vmlア: 0.656454 - 喷靡lア: 4.093571 - rmse: 1299.014675 - r2: -2.056142 - mae: 1051.002441 - 厩策v: 0.002000 - 啥: 2.44
2025-04-10 22:27:26,566 - src.training.callbacks - INFO - 家浪dIwOs outputs\hybrid_20250410_222015\HybridPINNLSTMModel_20250410_222017\checkpoints\HybridPINNLSTMModel_epoch_141.pt
2025-04-10 22:27:26,581 - src.training.trainer - INFO - 菏北夹э到A家wOs outputs\hybrid_20250410_222015\models\best_model.pt
2025-04-10 22:27:29,188 - src.training.trainer - INFO - 菏北夹э到A家wOs outputs\hybrid_20250410_222015\models\best_model.pt
2025-04-10 22:27:31,612 - src.training.trainer - INFO - 近Ω 143/250 - Vmlア: 0.636658 - 喷靡lア: 4.164424 - rmse: 1303.507240 - r2: -2.077317 - mae: 1061.755859 - 厩策v: 0.002000 - 啥: 2.42
2025-04-10 22:27:31,622 - src.training.trainer - INFO - 菏北夹э到A家wOs outputs\hybrid_20250410_222015\models\best_model.pt
2025-04-10 22:27:34,362 - src.training.trainer - INFO - 菏北夹э到A家wOs outputs\hybrid_20250410_222015\models\best_model.pt
2025-04-10 22:27:36,998 - src.training.trainer - INFO - 近Ω 145/250 - Vmlア: 0.649024 - 喷靡lア: 3.964214 - rmse: 1298.441999 - r2: -2.053447 - mae: 1046.944458 - 厩策v: 0.002000 - 啥: 2.64
2025-04-10 22:27:37,012 - src.training.trainer - INFO - 菏北夹э到A家wOs outputs\hybrid_20250410_222015\models\best_model.pt
2025-04-10 22:27:39,746 - src.training.callbacks - INFO - 家浪dIwOs outputs\hybrid_20250410_222015\HybridPINNLSTMModel_20250410_222017\checkpoints\HybridPINNLSTMModel_epoch_146.pt
2025-04-10 22:27:39,759 - src.training.trainer - INFO - 菏北夹э到A家wOs outputs\hybrid_20250410_222015\models\best_model.pt
2025-04-10 22:27:42,208 - src.training.trainer - INFO - 近Ω 147/250 - Vmlア: 0.668465 - 喷靡lア: 4.082207 - rmse: 1302.201357 - r2: -2.071154 - mae: 1054.368286 - 厩策v: 0.002000 - 啥: 2.45
2025-04-10 22:27:42,218 - src.training.trainer - INFO - 菏北夹э到A家wOs outputs\hybrid_20250410_222015\models\best_model.pt
2025-04-10 22:27:44,935 - src.training.trainer - INFO - 菏北夹э到A家wOs outputs\hybrid_20250410_222015\models\best_model.pt
2025-04-10 22:27:47,705 - src.training.trainer - INFO - 近Ω 149/250 - Vmlア: 0.648787 - 喷靡lア: 4.306332 - rmse: 1308.375711 - r2: -2.100347 - mae: 1063.033936 - 厩策v: 0.002000 - 啥: 2.77
2025-04-10 22:27:47,722 - src.training.trainer - INFO - 菏北夹э到A家wOs outputs\hybrid_20250410_222015\models\best_model.pt
2025-04-10 22:27:50,885 - src.training.trainer - INFO - 菏北夹э到A家wOs outputs\hybrid_20250410_222015\models\best_model.pt
2025-04-10 22:27:53,497 - src.training.trainer - INFO - 近Ω 151/250 - Vmlア: 0.651297 - 喷靡lア: 4.218740 - rmse: 1302.612567 - r2: -2.073094 - mae: 1059.770386 - 厩策v: 0.002000 - 啥: 2.61
2025-04-10 22:27:53,530 - src.training.callbacks - INFO - 家浪dIwOs outputs\hybrid_20250410_222015\HybridPINNLSTMModel_20250410_222017\checkpoints\HybridPINNLSTMModel_epoch_151.pt
2025-04-10 22:27:53,547 - src.training.trainer - INFO - 菏北夹э到A家wOs outputs\hybrid_20250410_222015\models\best_model.pt
2025-04-10 22:27:56,319 - src.training.trainer - INFO - 菏北夹э到A家wOs outputs\hybrid_20250410_222015\models\best_model.pt
2025-04-10 22:27:59,095 - src.training.trainer - INFO - 近Ω 153/250 - Vmlア: 0.679875 - 喷靡lア: 3.989911 - rmse: 1297.716889 - r2: -2.050038 - mae: 1050.711304 - 厩策v: 0.002000 - 啥: 2.78
2025-04-10 22:27:59,106 - src.training.trainer - INFO - 菏北夹э到A家wOs outputs\hybrid_20250410_222015\models\best_model.pt
2025-04-10 22:28:01,865 - src.training.trainer - INFO - 菏北夹э到A家wOs outputs\hybrid_20250410_222015\models\best_model.pt
2025-04-10 22:28:04,530 - src.training.trainer - INFO - 近Ω 155/250 - Vmlア: 0.655292 - 喷靡lア: 4.071565 - rmse: 1298.495283 - r2: -2.053698 - mae: 1052.082642 - 厩策v: 0.002000 - 啥: 2.67
2025-04-10 22:28:04,541 - src.training.trainer - INFO - 菏北夹э到A家wOs outputs\hybrid_20250410_222015\models\best_model.pt
2025-04-10 22:28:07,127 - src.training.callbacks - INFO - 家浪dIwOs outputs\hybrid_20250410_222015\HybridPINNLSTMModel_20250410_222017\checkpoints\HybridPINNLSTMModel_epoch_156.pt
2025-04-10 22:28:07,138 - src.training.trainer - INFO - 菏北夹э到A家wOs outputs\hybrid_20250410_222015\models\best_model.pt
2025-04-10 22:28:09,847 - src.training.trainer - INFO - 近Ω 157/250 - Vmlア: 0.665616 - 喷靡lア: 4.303716 - rmse: 1308.448365 - r2: -2.100691 - mae: 1063.985352 - 厩策v: 0.002000 - 啥: 2.71
2025-04-10 22:28:09,861 - src.training.trainer - INFO - 菏北夹э到A家wOs outputs\hybrid_20250410_222015\models\best_model.pt
2025-04-10 22:28:13,780 - src.training.trainer - INFO - 菏北夹э到A家wOs outputs\hybrid_20250410_222015\models\best_model.pt
2025-04-10 22:28:16,374 - src.training.trainer - INFO - 近Ω 159/250 - Vmlア: 0.660828 - 喷靡lア: 4.609289 - rmse: 1312.410711 - r2: -2.119499 - mae: 1069.450806 - 厩策v: 0.002000 - 啥: 2.59
2025-04-10 22:28:16,385 - src.training.trainer - INFO - 菏北夹э到A家wOs outputs\hybrid_20250410_222015\models\best_model.pt
2025-04-10 22:28:18,869 - src.training.trainer - INFO - 菏北夹э到A家wOs outputs\hybrid_20250410_222015\models\best_model.pt
2025-04-10 22:28:21,626 - src.training.trainer - INFO - 近Ω 161/250 - Vmlア: 0.646596 - 喷靡lア: 4.177858 - rmse: 1300.844533 - r2: -2.064758 - mae: 1054.771118 - 厩策v: 0.002000 - 啥: 2.76
2025-04-10 22:28:21,654 - src.training.callbacks - INFO - 家浪dIwOs outputs\hybrid_20250410_222015\HybridPINNLSTMModel_20250410_222017\checkpoints\HybridPINNLSTMModel_epoch_161.pt
2025-04-10 22:28:21,671 - src.training.trainer - INFO - 菏北夹э到A家wOs outputs\hybrid_20250410_222015\models\best_model.pt
2025-04-10 22:28:24,164 - src.training.trainer - INFO - 菏北夹э到A家wOs outputs\hybrid_20250410_222015\models\best_model.pt
2025-04-10 22:28:26,886 - src.training.trainer - INFO - 近Ω 163/250 - Vmlア: 0.649226 - 喷靡lア: 4.645606 - rmse: 1314.071488 - r2: -2.127399 - mae: 1069.621704 - 厩策v: 0.002000 - 啥: 2.72
2025-04-10 22:28:26,904 - src.training.trainer - INFO - 菏北夹э到A家wOs outputs\hybrid_20250410_222015\models\best_model.pt
2025-04-10 22:28:29,343 - src.training.trainer - INFO - 菏北夹э到A家wOs outputs\hybrid_20250410_222015\models\best_model.pt
2025-04-10 22:28:31,977 - src.training.trainer - INFO - 近Ω 165/250 - Vmlア: 0.638434 - 喷靡lア: 4.276601 - rmse: 1303.795613 - r2: -2.078679 - mae: 1062.158569 - 厩策v: 0.002000 - 啥: 2.63
2025-04-10 22:28:31,989 - src.training.trainer - INFO - 菏北夹э到A家wOs outputs\hybrid_20250410_222015\models\best_model.pt
2025-04-10 22:28:34,392 - src.training.callbacks - INFO - 家浪dIwOs outputs\hybrid_20250410_222015\HybridPINNLSTMModel_20250410_222017\checkpoints\HybridPINNLSTMModel_epoch_166.pt
2025-04-10 22:28:34,405 - src.training.trainer - INFO - 菏北夹э到A家wOs outputs\hybrid_20250410_222015\models\best_model.pt
2025-04-10 22:28:37,085 - src.training.trainer - INFO - 近Ω 167/250 - Vmlア: 0.668670 - 喷靡lア: 4.206514 - rmse: 1304.545275 - r2: -2.082220 - mae: 1059.120728 - 厩策v: 0.002000 - 啥: 2.68
2025-04-10 22:28:37,099 - src.training.trainer - INFO - 菏北夹э到A家wOs outputs\hybrid_20250410_222015\models\best_model.pt
2025-04-10 22:28:39,770 - src.training.trainer - INFO - 菏北夹э到A家wOs outputs\hybrid_20250410_222015\models\best_model.pt
2025-04-10 22:28:42,498 - src.training.trainer - INFO - 近Ω 169/250 - Vmlア: 0.637368 - 喷靡lア: 4.246384 - rmse: 1305.860109 - r2: -2.088436 - mae: 1059.784302 - 厩策v: 0.002000 - 啥: 2.73
2025-04-10 22:28:42,514 - src.training.trainer - INFO - 菏北夹э到A家wOs outputs\hybrid_20250410_222015\models\best_model.pt
2025-04-10 22:28:45,010 - src.training.trainer - INFO - 菏北夹э到A家wOs outputs\hybrid_20250410_222015\models\best_model.pt
2025-04-10 22:28:47,603 - src.training.trainer - INFO - 近Ω 171/250 - Vmlア: 0.653424 - 喷靡lア: 4.279688 - rmse: 1304.110185 - r2: -2.080164 - mae: 1059.283813 - 厩策v: 0.002000 - 啥: 2.59
2025-04-10 22:28:47,623 - src.training.callbacks - INFO - 家浪dIwOs outputs\hybrid_20250410_222015\HybridPINNLSTMModel_20250410_222017\checkpoints\HybridPINNLSTMModel_epoch_171.pt
2025-04-10 22:28:47,635 - src.training.trainer - INFO - 菏北夹э到A家wOs outputs\hybrid_20250410_222015\models\best_model.pt
2025-04-10 22:28:50,135 - src.training.trainer - INFO - 菏北夹э到A家wOs outputs\hybrid_20250410_222015\models\best_model.pt
2025-04-10 22:28:52,949 - src.training.trainer - INFO - 近Ω 173/250 - Vmlア: 0.668454 - 喷靡lア: 3.891523 - rmse: 1282.448440 - r2: -1.978689 - mae: 1018.435852 - 厩策v: 0.002000 - 啥: 2.81
2025-04-10 22:28:52,965 - src.training.trainer - INFO - 菏北夹э到A家wOs outputs\hybrid_20250410_222015\models\best_model.pt
2025-04-10 22:28:55,528 - src.training.trainer - INFO - 菏北夹э到A家wOs outputs\hybrid_20250410_222015\models\best_model.pt
2025-04-10 22:28:58,210 - src.training.trainer - INFO - 近Ω 175/250 - Vmlア: 0.667012 - 喷靡lア: 3.954102 - rmse: 1294.199222 - r2: -2.033525 - mae: 1043.707764 - 厩策v: 0.002000 - 啥: 2.68
2025-04-10 22:28:58,222 - src.training.trainer - INFO - 菏北夹э到A家wOs outputs\hybrid_20250410_222015\models\best_model.pt
2025-04-10 22:29:00,879 - src.training.callbacks - INFO - 家浪dIwOs outputs\hybrid_20250410_222015\HybridPINNLSTMModel_20250410_222017\checkpoints\HybridPINNLSTMModel_epoch_176.pt
2025-04-10 22:29:00,896 - src.training.trainer - INFO - 菏北夹э到A家wOs outputs\hybrid_20250410_222015\models\best_model.pt
2025-04-10 22:29:03,620 - src.training.trainer - INFO - 近Ω 177/250 - Vmlア: 0.661844 - 喷靡lア: 4.355145 - rmse: 1309.102364 - r2: -2.103792 - mae: 1063.801270 - 厩策v: 0.002000 - 啥: 2.72
2025-04-10 22:29:03,632 - src.training.trainer - INFO - 菏北夹э到A家wOs outputs\hybrid_20250410_222015\models\best_model.pt
2025-04-10 22:29:06,385 - src.training.trainer - INFO - 菏北夹э到A家wOs outputs\hybrid_20250410_222015\models\best_model.pt
2025-04-10 22:29:09,080 - src.training.trainer - INFO - 近Ω 179/250 - Vmlア: 0.646506 - 喷靡lア: 4.365119 - rmse: 1306.917126 - r2: -2.093438 - mae: 1061.915649 - 厩策v: 0.002000 - 啥: 2.70
2025-04-10 22:29:09,095 - src.training.trainer - INFO - 菏北夹э到A家wOs outputs\hybrid_20250410_222015\models\best_model.pt
2025-04-10 22:29:11,891 - src.training.trainer - INFO - 菏北夹э到A家wOs outputs\hybrid_20250410_222015\models\best_model.pt
2025-04-10 22:29:14,755 - src.training.trainer - INFO - 近Ω 181/250 - Vmlア: 0.645706 - 喷靡lア: 4.042854 - rmse: 1300.185419 - r2: -2.061653 - mae: 1056.253052 - 厩策v: 0.002000 - 啥: 2.86
2025-04-10 22:29:14,784 - src.training.callbacks - INFO - 家浪dIwOs outputs\hybrid_20250410_222015\HybridPINNLSTMModel_20250410_222017\checkpoints\HybridPINNLSTMModel_epoch_181.pt
2025-04-10 22:29:14,801 - src.training.trainer - INFO - 菏北夹э到A家wOs outputs\hybrid_20250410_222015\models\best_model.pt
2025-04-10 22:29:17,800 - src.training.trainer - INFO - 菏北夹э到A家wOs outputs\hybrid_20250410_222015\models\best_model.pt
2025-04-10 22:29:20,721 - src.training.trainer - INFO - 近Ω 183/250 - Vmlア: 0.659742 - 喷靡lア: 3.990303 - rmse: 1296.268635 - r2: -2.043234 - mae: 1048.433838 - 厩策v: 0.002000 - 啥: 2.92
2025-04-10 22:29:20,737 - src.training.trainer - INFO - 菏北夹э到A家wOs outputs\hybrid_20250410_222015\models\best_model.pt
2025-04-10 22:29:23,671 - src.training.trainer - INFO - 菏北夹э到A家wOs outputs\hybrid_20250410_222015\models\best_model.pt
2025-04-10 22:29:26,919 - src.training.trainer - INFO - 近Ω 185/250 - Vmlア: 0.646234 - 喷靡lア: 4.098982 - rmse: 1302.988632 - r2: -2.074869 - mae: 1056.575073 - 厩策v: 0.002000 - 啥: 3.25
2025-04-10 22:29:26,934 - src.training.trainer - INFO - 菏北夹э到A家wOs outputs\hybrid_20250410_222015\models\best_model.pt
2025-04-10 22:29:29,728 - src.training.callbacks - INFO - 家浪dIwOs outputs\hybrid_20250410_222015\HybridPINNLSTMModel_20250410_222017\checkpoints\HybridPINNLSTMModel_epoch_186.pt
2025-04-10 22:29:29,751 - src.training.trainer - INFO - 菏北夹э到A家wOs outputs\hybrid_20250410_222015\models\best_model.pt
2025-04-10 22:29:33,100 - src.training.trainer - INFO - 近Ω 187/250 - Vmlア: 0.637818 - 喷靡lア: 4.461943 - rmse: 1308.209320 - r2: -2.099559 - mae: 1058.583984 - 厩策v: 0.002000 - 啥: 3.35
2025-04-10 22:29:33,113 - src.training.trainer - INFO - 菏北夹э到A家wOs outputs\hybrid_20250410_222015\models\best_model.pt
2025-04-10 22:29:35,965 - src.training.trainer - INFO - 菏北夹э到A家wOs outputs\hybrid_20250410_222015\models\best_model.pt
2025-04-10 22:29:38,630 - src.training.trainer - INFO - 近Ω 189/250 - Vmlア: 0.645420 - 喷靡lア: 4.034515 - rmse: 1298.598523 - r2: -2.054184 - mae: 1046.306030 - 厩策v: 0.002000 - 啥: 2.67
2025-04-10 22:29:38,644 - src.training.trainer - INFO - 菏北夹э到A家wOs outputs\hybrid_20250410_222015\models\best_model.pt
2025-04-10 22:29:41,555 - src.training.trainer - INFO - 菏北夹э到A家wOs outputs\hybrid_20250410_222015\models\best_model.pt
2025-04-10 22:29:44,203 - src.training.trainer - INFO - 近Ω 191/250 - Vmlア: 0.664021 - 喷靡lア: 4.289004 - rmse: 1303.214343 - r2: -2.075934 - mae: 1054.172852 - 厩策v: 0.002000 - 啥: 2.65
2025-04-10 22:29:44,233 - src.training.callbacks - INFO - 家浪dIwOs outputs\hybrid_20250410_222015\HybridPINNLSTMModel_20250410_222017\checkpoints\HybridPINNLSTMModel_epoch_191.pt
2025-04-10 22:29:44,252 - src.training.trainer - INFO - 菏北夹э到A家wOs outputs\hybrid_20250410_222015\models\best_model.pt
2025-04-10 22:29:47,020 - src.training.trainer - INFO - 菏北夹э到A家wOs outputs\hybrid_20250410_222015\models\best_model.pt
2025-04-10 22:29:49,700 - src.training.trainer - INFO - 近Ω 193/250 - Vmlア: 0.642324 - 喷靡lア: 3.979504 - rmse: 1298.788426 - r2: -2.055077 - mae: 1046.979736 - 厩策v: 0.002000 - 啥: 2.68
2025-04-10 22:29:49,715 - src.training.trainer - INFO - 菏北夹э到A家wOs outputs\hybrid_20250410_222015\models\best_model.pt
2025-04-10 22:29:52,483 - src.training.trainer - INFO - 菏北夹э到A家wOs outputs\hybrid_20250410_222015\models\best_model.pt
2025-04-10 22:29:55,188 - src.training.trainer - INFO - 近Ω 195/250 - Vmlア: 0.633633 - 喷靡lア: 4.408242 - rmse: 1307.099891 - r2: -2.094304 - mae: 1059.503784 - 厩策v: 0.002000 - 啥: 2.70
2025-04-10 22:29:55,201 - src.training.trainer - INFO - 菏北夹э到A家wOs outputs\hybrid_20250410_222015\models\best_model.pt
2025-04-10 22:29:57,889 - src.training.callbacks - INFO - 家浪dIwOs outputs\hybrid_20250410_222015\HybridPINNLSTMModel_20250410_222017\checkpoints\HybridPINNLSTMModel_epoch_196.pt
2025-04-10 22:29:57,901 - src.training.trainer - INFO - 菏北夹э到A家wOs outputs\hybrid_20250410_222015\models\best_model.pt
2025-04-10 22:30:00,470 - src.training.trainer - INFO - 近Ω 197/250 - Vmlア: 0.663696 - 喷靡lア: 4.219818 - rmse: 1305.656875 - r2: -2.087475 - mae: 1062.188599 - 厩策v: 0.002000 - 啥: 2.57
2025-04-10 22:30:00,486 - src.training.trainer - INFO - 菏北夹э到A家wOs outputs\hybrid_20250410_222015\models\best_model.pt
2025-04-10 22:30:03,249 - src.training.trainer - INFO - 菏北夹э到A家wOs outputs\hybrid_20250410_222015\models\best_model.pt
2025-04-10 22:30:06,076 - src.training.trainer - INFO - 近Ω 199/250 - Vmlア: 0.637624 - 喷靡lア: 4.276143 - rmse: 1302.856093 - r2: -2.074243 - mae: 1054.255737 - 厩策v: 0.002000 - 啥: 2.83
2025-04-10 22:30:06,094 - src.training.trainer - INFO - 菏北夹э到A家wOs outputs\hybrid_20250410_222015\models\best_model.pt
2025-04-10 22:30:10,044 - src.training.trainer - INFO - 菏北夹э到A家wOs outputs\hybrid_20250410_222015\models\best_model.pt
2025-04-10 22:30:13,252 - src.training.trainer - INFO - 近Ω 201/250 - Vmlア: 0.652270 - 喷靡lア: 4.304339 - rmse: 1306.241411 - r2: -2.090240 - mae: 1061.134888 - 厩策v: 0.002000 - 啥: 3.21
2025-04-10 22:30:13,277 - src.training.callbacks - INFO - 家浪dIwOs outputs\hybrid_20250410_222015\HybridPINNLSTMModel_20250410_222017\checkpoints\HybridPINNLSTMModel_epoch_201.pt
2025-04-10 22:30:13,290 - src.training.trainer - INFO - 菏北夹э到A家wOs outputs\hybrid_20250410_222015\models\best_model.pt
2025-04-10 22:30:16,857 - src.training.trainer - INFO - 菏北夹э到A家wOs outputs\hybrid_20250410_222015\models\best_model.pt
2025-04-10 22:30:20,301 - src.training.trainer - INFO - 近Ω 203/250 - Vmlア: 0.641670 - 喷靡lア: 4.179616 - rmse: 1301.034204 - r2: -2.065651 - mae: 1050.688354 - 厩策v: 0.002000 - 啥: 3.44
2025-04-10 22:30:20,321 - src.training.trainer - INFO - 菏北夹э到A家wOs outputs\hybrid_20250410_222015\models\best_model.pt
2025-04-10 22:30:23,498 - src.training.trainer - INFO - 菏北夹э到A家wOs outputs\hybrid_20250410_222015\models\best_model.pt
2025-04-10 22:30:26,878 - src.training.trainer - INFO - 近Ω 205/250 - Vmlア: 0.658429 - 喷靡lア: 4.193176 - rmse: 1303.728931 - r2: -2.078364 - mae: 1055.377319 - 厩策v: 0.002000 - 啥: 3.38
2025-04-10 22:30:26,922 - src.training.trainer - INFO - 菏北夹э到A家wOs outputs\hybrid_20250410_222015\models\best_model.pt
2025-04-10 22:30:30,237 - src.training.callbacks - INFO - 家浪dIwOs outputs\hybrid_20250410_222015\HybridPINNLSTMModel_20250410_222017\checkpoints\HybridPINNLSTMModel_epoch_206.pt
2025-04-10 22:30:30,258 - src.training.trainer - INFO - 菏北夹э到A家wOs outputs\hybrid_20250410_222015\models\best_model.pt
2025-04-10 22:30:32,994 - src.training.trainer - INFO - 近Ω 207/250 - Vmlア: 0.630688 - 喷靡lア: 3.983324 - rmse: 1296.504869 - r2: -2.044343 - mae: 1047.291382 - 厩策v: 0.002000 - 啥: 2.74
2025-04-10 22:30:33,012 - src.training.trainer - INFO - 菏北夹э到A家wOs outputs\hybrid_20250410_222015\models\best_model.pt
2025-04-10 22:30:36,039 - src.training.trainer - INFO - 菏北夹э到A家wOs outputs\hybrid_20250410_222015\models\best_model.pt
2025-04-10 22:30:39,335 - src.training.trainer - INFO - 近Ω 209/250 - Vmlア: 0.640743 - 喷靡lア: 4.150860 - rmse: 1302.413721 - r2: -2.072156 - mae: 1059.086914 - 厩策v: 0.002000 - 啥: 3.30
2025-04-10 22:30:39,348 - src.training.trainer - INFO - 菏北夹э到A家wOs outputs\hybrid_20250410_222015\models\best_model.pt
2025-04-10 22:30:42,232 - src.training.trainer - INFO - 菏北夹э到A家wOs outputs\hybrid_20250410_222015\models\best_model.pt
2025-04-10 22:30:44,532 - src.training.trainer - INFO - 近Ω 211/250 - Vmlア: 0.709486 - 喷靡lア: 4.324974 - rmse: 1308.056908 - r2: -2.098836 - mae: 1064.353394 - 厩策v: 0.002000 - 啥: 2.30
2025-04-10 22:30:44,562 - src.training.callbacks - INFO - 家浪dIwOs outputs\hybrid_20250410_222015\HybridPINNLSTMModel_20250410_222017\checkpoints\HybridPINNLSTMModel_epoch_211.pt
2025-04-10 22:30:44,575 - src.training.trainer - INFO - 菏北夹э到A家wOs outputs\hybrid_20250410_222015\models\best_model.pt
2025-04-10 22:30:47,567 - src.training.trainer - INFO - 菏北夹э到A家wOs outputs\hybrid_20250410_222015\models\best_model.pt
2025-04-10 22:30:51,819 - src.training.trainer - INFO - 近Ω 213/250 - Vmlア: 0.662347 - 喷靡lア: 4.282601 - rmse: 1307.300463 - r2: -2.095253 - mae: 1062.156494 - 厩策v: 0.002000 - 啥: 4.25
2025-04-10 22:30:51,837 - src.training.trainer - INFO - 菏北夹э到A家wOs outputs\hybrid_20250410_222015\models\best_model.pt
2025-04-10 22:30:55,290 - src.training.trainer - INFO - 菏北夹э到A家wOs outputs\hybrid_20250410_222015\models\best_model.pt
2025-04-10 22:30:58,532 - src.training.trainer - INFO - 近Ω 215/250 - Vmlア: 0.652273 - 喷靡lア: 4.080709 - rmse: 1300.671557 - r2: -2.063943 - mae: 1057.828613 - 厩策v: 0.002000 - 啥: 3.24
2025-04-10 22:30:58,545 - src.training.trainer - INFO - 菏北夹э到A家wOs outputs\hybrid_20250410_222015\models\best_model.pt
2025-04-10 22:31:01,587 - src.training.callbacks - INFO - 家浪dIwOs outputs\hybrid_20250410_222015\HybridPINNLSTMModel_20250410_222017\checkpoints\HybridPINNLSTMModel_epoch_216.pt
2025-04-10 22:31:01,609 - src.training.trainer - INFO - 菏北夹э到A家wOs outputs\hybrid_20250410_222015\models\best_model.pt
2025-04-10 22:31:05,775 - src.training.trainer - INFO - 近Ω 217/250 - Vmlア: 0.657437 - 喷靡lア: 4.284027 - rmse: 1306.383127 - r2: -2.090911 - mae: 1057.103149 - 厩策v: 0.002000 - 啥: 4.17
2025-04-10 22:31:05,791 - src.training.trainer - INFO - 菏北夹э到A家wOs outputs\hybrid_20250410_222015\models\best_model.pt
2025-04-10 22:31:09,905 - src.training.trainer - INFO - 菏北夹э到A家wOs outputs\hybrid_20250410_222015\models\best_model.pt
2025-04-10 22:31:14,396 - src.training.trainer - INFO - 近Ω 219/250 - Vmlア: 0.647173 - 喷靡lア: 4.093362 - rmse: 1299.200572 - r2: -2.057016 - mae: 1051.176636 - 厩策v: 0.002000 - 啥: 4.49
2025-04-10 22:31:14,416 - src.training.trainer - INFO - 菏北夹э到A家wOs outputs\hybrid_20250410_222015\models\best_model.pt
2025-04-10 22:31:17,216 - src.training.trainer - INFO - 菏北夹э到A家wOs outputs\hybrid_20250410_222015\models\best_model.pt
2025-04-10 22:31:20,044 - src.training.trainer - INFO - 近Ω 221/250 - Vmlア: 0.653451 - 喷靡lア: 4.047936 - rmse: 1297.120465 - r2: -2.047235 - mae: 1052.910278 - 厩策v: 0.002000 - 啥: 2.83
2025-04-10 22:31:20,075 - src.training.callbacks - INFO - 家浪dIwOs outputs\hybrid_20250410_222015\HybridPINNLSTMModel_20250410_222017\checkpoints\HybridPINNLSTMModel_epoch_221.pt
2025-04-10 22:31:20,093 - src.training.trainer - INFO - 菏北夹э到A家wOs outputs\hybrid_20250410_222015\models\best_model.pt
2025-04-10 22:31:22,955 - src.training.trainer - INFO - 菏北夹э到A家wOs outputs\hybrid_20250410_222015\models\best_model.pt
2025-04-10 22:31:25,954 - src.training.trainer - INFO - 近Ω 223/250 - Vmlア: 0.664198 - 喷靡lア: 3.944347 - rmse: 1294.434288 - r2: -2.034627 - mae: 1042.399658 - 厩策v: 0.002000 - 啥: 3.00
2025-04-10 22:31:25,974 - src.training.trainer - INFO - 菏北夹э到A家wOs outputs\hybrid_20250410_222015\models\best_model.pt
2025-04-10 22:31:28,803 - src.training.trainer - INFO - 菏北夹э到A家wOs outputs\hybrid_20250410_222015\models\best_model.pt
2025-04-10 22:31:31,640 - src.training.trainer - INFO - 近Ω 225/250 - Vmlア: 0.662567 - 喷靡lア: 4.400412 - rmse: 1311.425179 - r2: -2.114816 - mae: 1069.482910 - 厩策v: 0.002000 - 啥: 2.84
2025-04-10 22:31:31,660 - src.training.trainer - INFO - 菏北夹э到A家wOs outputs\hybrid_20250410_222015\models\best_model.pt
2025-04-10 22:31:35,657 - src.training.callbacks - INFO - 家浪dIwOs outputs\hybrid_20250410_222015\HybridPINNLSTMModel_20250410_222017\checkpoints\HybridPINNLSTMModel_epoch_226.pt
2025-04-10 22:31:35,685 - src.training.trainer - INFO - 菏北夹э到A家wOs outputs\hybrid_20250410_222015\models\best_model.pt
2025-04-10 22:31:38,922 - src.training.trainer - INFO - 近Ω 227/250 - Vmlア: 0.639771 - 喷靡lア: 3.750787 - rmse: 1284.655207 - r2: -1.988949 - mae: 1029.484741 - 厩策v: 0.002000 - 啥: 3.24
2025-04-10 22:31:38,935 - src.training.trainer - INFO - 菏北夹э到A家wOs outputs\hybrid_20250410_222015\models\best_model.pt
2025-04-10 22:31:41,865 - src.training.trainer - INFO - 菏北夹э到A家wOs outputs\hybrid_20250410_222015\models\best_model.pt
2025-04-10 22:31:44,782 - src.training.trainer - INFO - 近Ω 229/250 - Vmlア: 0.646084 - 喷靡lア: 4.274210 - rmse: 1307.800443 - r2: -2.097621 - mae: 1063.716553 - 厩策v: 0.002000 - 啥: 2.92
2025-04-10 22:31:44,798 - src.training.trainer - INFO - 菏北夹э到A家wOs outputs\hybrid_20250410_222015\models\best_model.pt
2025-04-10 22:31:47,404 - src.training.trainer - INFO - 菏北夹э到A家wOs outputs\hybrid_20250410_222015\models\best_model.pt
2025-04-10 22:31:49,899 - src.training.trainer - INFO - 近Ω 231/250 - Vmlア: 0.661394 - 喷靡lア: 4.143072 - rmse: 1299.302938 - r2: -2.057498 - mae: 1060.097778 - 厩策v: 0.002000 - 啥: 2.49
2025-04-10 22:31:49,929 - src.training.callbacks - INFO - 家浪dIwOs outputs\hybrid_20250410_222015\HybridPINNLSTMModel_20250410_222017\checkpoints\HybridPINNLSTMModel_epoch_231.pt
2025-04-10 22:31:49,954 - src.training.trainer - INFO - 菏北夹э到A家wOs outputs\hybrid_20250410_222015\models\best_model.pt
2025-04-10 22:31:52,997 - src.training.trainer - INFO - 菏北夹э到A家wOs outputs\hybrid_20250410_222015\models\best_model.pt
2025-04-10 22:31:55,874 - src.training.trainer - INFO - 近Ω 233/250 - Vmlア: 0.661576 - 喷靡lア: 4.010803 - rmse: 1299.307652 - r2: -2.057520 - mae: 1052.756470 - 厩策v: 0.002000 - 啥: 2.88
2025-04-10 22:31:55,892 - src.training.trainer - INFO - 菏北夹э到A家wOs outputs\hybrid_20250410_222015\models\best_model.pt
2025-04-10 22:31:59,041 - src.training.trainer - INFO - 菏北夹э到A家wOs outputs\hybrid_20250410_222015\models\best_model.pt
2025-04-10 22:32:02,133 - src.training.trainer - INFO - 近Ω 235/250 - Vmlア: 0.650832 - 喷靡lア: 4.220686 - rmse: 1307.194085 - r2: -2.094749 - mae: 1062.417114 - 厩策v: 0.002000 - 啥: 3.09
2025-04-10 22:32:02,150 - src.training.trainer - INFO - 菏北夹э到A家wOs outputs\hybrid_20250410_222015\models\best_model.pt
2025-04-10 22:32:05,082 - src.training.callbacks - INFO - 家浪dIwOs outputs\hybrid_20250410_222015\HybridPINNLSTMModel_20250410_222017\checkpoints\HybridPINNLSTMModel_epoch_236.pt
2025-04-10 22:32:05,102 - src.training.trainer - INFO - 菏北夹э到A家wOs outputs\hybrid_20250410_222015\models\best_model.pt
2025-04-10 22:32:08,196 - src.training.trainer - INFO - 近Ω 237/250 - Vmlア: 0.640613 - 喷靡lア: 4.049720 - rmse: 1294.583138 - r2: -2.035325 - mae: 1034.193970 - 厩策v: 0.002000 - 啥: 3.09
2025-04-10 22:32:08,213 - src.training.trainer - INFO - 菏北夹э到A家wOs outputs\hybrid_20250410_222015\models\best_model.pt
2025-04-10 22:32:11,074 - src.training.trainer - INFO - 菏北夹э到A家wOs outputs\hybrid_20250410_222015\models\best_model.pt
2025-04-10 22:32:14,299 - src.training.trainer - INFO - 近Ω 239/250 - Vmlア: 0.634801 - 喷靡lア: 4.115182 - rmse: 1295.455760 - r2: -2.039419 - mae: 1050.899902 - 厩策v: 0.002000 - 啥: 3.22
2025-04-10 22:32:14,316 - src.training.trainer - INFO - 菏北夹э到A家wOs outputs\hybrid_20250410_222015\models\best_model.pt
2025-04-10 22:32:17,061 - src.training.trainer - INFO - 菏北夹э到A家wOs outputs\hybrid_20250410_222015\models\best_model.pt
2025-04-10 22:32:20,199 - src.training.trainer - INFO - 近Ω 241/250 - Vmlア: 0.645662 - 喷靡lア: 4.296838 - rmse: 1301.532942 - r2: -2.068002 - mae: 1050.398071 - 厩策v: 0.002000 - 啥: 3.14
2025-04-10 22:32:20,231 - src.training.callbacks - INFO - 家浪dIwOs outputs\hybrid_20250410_222015\HybridPINNLSTMModel_20250410_222017\checkpoints\HybridPINNLSTMModel_epoch_241.pt
2025-04-10 22:32:20,252 - src.training.trainer - INFO - 菏北夹э到A家wOs outputs\hybrid_20250410_222015\models\best_model.pt
2025-04-10 22:32:23,936 - src.training.trainer - INFO - 菏北夹э到A家wOs outputs\hybrid_20250410_222015\models\best_model.pt
2025-04-10 22:32:27,135 - src.training.trainer - INFO - 近Ω 243/250 - Vmlア: 0.677671 - 喷靡lア: 4.184459 - rmse: 1301.332010 - r2: -2.067055 - mae: 1060.239136 - 厩策v: 0.002000 - 啥: 3.20
2025-04-10 22:32:27,151 - src.training.trainer - INFO - 菏北夹э到A家wOs outputs\hybrid_20250410_222015\models\best_model.pt
2025-04-10 22:32:30,828 - src.training.trainer - INFO - 菏北夹э到A家wOs outputs\hybrid_20250410_222015\models\best_model.pt
2025-04-10 22:32:33,959 - src.training.trainer - INFO - 近Ω 245/250 - Vmlア: 0.648133 - 喷靡lア: 4.661562 - rmse: 1313.079586 - r2: -2.122680 - mae: 1070.474243 - 厩策v: 0.002000 - 啥: 3.13
2025-04-10 22:32:33,974 - src.training.trainer - INFO - 菏北夹э到A家wOs outputs\hybrid_20250410_222015\models\best_model.pt
2025-04-10 22:32:36,769 - src.training.callbacks - INFO - 家浪dIwOs outputs\hybrid_20250410_222015\HybridPINNLSTMModel_20250410_222017\checkpoints\HybridPINNLSTMModel_epoch_246.pt
2025-04-10 22:32:36,787 - src.training.trainer - INFO - 菏北夹э到A家wOs outputs\hybrid_20250410_222015\models\best_model.pt
2025-04-10 22:32:40,214 - src.training.trainer - INFO - 近Ω 247/250 - Vmlア: 0.659084 - 喷靡lア: 4.295352 - rmse: 1306.447999 - r2: -2.091218 - mae: 1059.544312 - 厩策v: 0.002000 - 啥: 3.43
2025-04-10 22:32:40,229 - src.training.trainer - INFO - 菏北夹э到A家wOs outputs\hybrid_20250410_222015\models\best_model.pt
2025-04-10 22:32:43,148 - src.training.trainer - INFO - 菏北夹э到A家wOs outputs\hybrid_20250410_222015\models\best_model.pt
2025-04-10 22:32:46,093 - src.training.trainer - INFO - 近Ω 249/250 - Vmlア: 0.642971 - 喷靡lア: 4.208862 - rmse: 1305.500718 - r2: -2.086737 - mae: 1059.651489 - 厩策v: 0.002000 - 啥: 2.94
2025-04-10 22:32:46,109 - src.training.trainer - INFO - 菏北夹э到A家wOs outputs\hybrid_20250410_222015\models\best_model.pt
2025-04-10 22:32:50,176 - src.training.trainer - INFO - 近Ω 250/250 - Vmlア: 0.646826 - 喷靡lア: 4.559720 - rmse: 1311.738684 - r2: -2.116305 - mae: 1069.587402 - 厩策v: 0.002000 - 啥: 4.06
2025-04-10 22:32:50,196 - src.training.trainer - INFO - 菏北夹э到A家wOs outputs\hybrid_20250410_222015\models\best_model.pt
2025-04-10 22:32:50,196 - src.training.trainer - INFO - VmЧΘA`啥: 752.18
2025-04-10 22:32:50,218 - __main__ - INFO - VmЧΘA程沧家wOs: outputs\hybrid_20250410_222015\models\final_model.pt
2025-04-10 22:32:50,230 - __main__ - WARNING - Xㄖ块X l2_penalty 丧X岿: zero-dimensional arrays cannot be concatenated
2025-04-10 22:32:50,248 - __main__ - INFO - 蝶臬夹wOs: outputs\hybrid_20250410_222015\evaluation\metrics.csv
2025-04-10 22:32:50,249 - __main__ - INFO - ネΘ跌谋て挡G...
2025-04-10 22:32:51,181 - src.utils.visualization - INFO - 瓜钩wOs: outputs\hybrid_20250410_222015\evaluation\visualizations\pred_vs_true.png
2025-04-10 22:32:51,709 - src.utils.visualization - INFO - 瓜钩wOs: outputs\hybrid_20250410_222015\evaluation\visualizations\pred_vs_true.png
2025-04-10 22:32:53,493 - src.utils.visualization - INFO - 瓜钩wOs: outputs\hybrid_20250410_222015\evaluation\visualizations\error_analysis.png
2025-04-10 22:32:54,829 - src.utils.visualization - INFO - 瓜钩wOs: outputs\hybrid_20250410_222015\evaluation\visualizations\physics_validation.png
2025-04-10 22:32:55,735 - src.utils.visualization - INFO - 瓜钩wOs: outputs\hybrid_20250410_222015\evaluation\visualizations\attention_weights.png
2025-04-10 22:32:56,150 - src.utils.visualization - INFO - wネΘ 6 拥谋て瓜愆 outputs\hybrid_20250410_222015\evaluation\visualizations
2025-04-10 22:32:56,150 - __main__ - INFO - 蝶臾功āA挡GwOs: outputs\hybrid_20250410_222015\evaluation
2025-04-10 22:32:56,150 - __main__ - INFO - ヴ叭ЧΘ
