2025-04-05 08:27:18,858 - __main__ - DEBUG - 除錯模式已啟用
2025-04-05 08:27:18,870 - __main__ - INFO - 成功載入配置文件: configs/model_config.yaml
2025-04-05 08:27:18,899 - __main__ - INFO - 成功載入配置文件: configs/train_config.yaml
2025-04-05 08:27:18,904 - __main__ - INFO - 已設定隨機種子: 42
2025-04-05 08:27:18,904 - __main__ - INFO - 使用計算設備: cpu
2025-04-05 08:27:18,906 - __main__ - INFO - 輸出目錄: outputs\hybrid_20250405_082718
2025-04-05 08:27:18,906 - __main__ - INFO - 載入資料: data/raw/Training_data_warpage_final_20250321_v1.2.csv
2025-04-05 08:27:18,927 - src.data.preprocess - INFO - 成功載入資料檔案: data/raw/Training_data_warpage_final_20250321_v1.2.csv，共 81 筆資料，18 個欄位
2025-04-05 08:27:18,929 - src.data.preprocess - INFO - 標準化完成，特徵數量: 5
2025-04-05 08:27:18,931 - src.data.preprocess - ERROR - 準備時間序列資料時發生錯誤: 無法偵測到時間點，請手動指定 time_points 參數
2025-04-05 08:27:18,931 - src.data.preprocess - ERROR - 執行資料處理流程時發生錯誤: 無法偵測到時間點，請手動指定 time_points 參數
2025-04-05 08:27:18,931 - __main__ - ERROR - 執行過程中發生錯誤: 無法偵測到時間點，請手動指定 time_points 參數
Traceback (most recent call last):
  File "C:\Users\a\Desktop\畢業論文\CAE\code\pinnlstm_code_sacq_5\scripts\train.py", line 604, in <module>
    main()
  File "C:\Users\a\Desktop\畢業論文\CAE\code\pinnlstm_code_sacq_5\scripts\train.py", line 544, in main
    data_dict = process_pipeline(
  File "C:\Users\a\Desktop\畢業論文\CAE\code\pinnlstm_code_sacq_5\src\data\preprocess.py", line 251, in process_pipeline
    time_series = prepare_time_series(df, time_series_prefix, time_points)
  File "C:\Users\a\Desktop\畢業論文\CAE\code\pinnlstm_code_sacq_5\src\data\preprocess.py", line 141, in prepare_time_series
    raise ValueError("無法偵測到時間點，請手動指定 time_points 參數")
ValueError: 無法偵測到時間點，請手動指定 time_points 參數
