2025-04-07 09:33:16,492 - __main__ - DEBUG - 除錯模式已啟用
2025-04-07 09:33:16,512 - __main__ - INFO - 成功載入配置文件: configs/model_config.yaml
2025-04-07 09:33:16,537 - __main__ - INFO - 成功載入配置文件: configs/train_config.yaml
2025-04-07 09:33:16,543 - __main__ - INFO - 已設定隨機種子: 42
2025-04-07 09:33:16,543 - __main__ - INFO - 使用計算設備: cpu
2025-04-07 09:33:16,544 - __main__ - INFO - 輸出目錄: outputs\hybrid_20250407_093316
2025-04-07 09:33:16,545 - __main__ - INFO - 載入資料: data/raw/Training_data_warpage_final_20250321_v1.2.csv
2025-04-07 09:33:16,565 - src.data.preprocess - INFO - 成功載入資料檔案: data/raw/Training_data_warpage_final_20250321_v1.2.csv，共 81 筆資料，18 個欄位
2025-04-07 09:33:16,571 - src.data.preprocess - INFO - 標準化完成，特徵數量: 5
2025-04-07 09:33:16,572 - src.data.preprocess - INFO - 時間序列資料準備完成，形狀: (81, 4, 2)
2025-04-07 09:33:16,575 - src.data.preprocess - INFO - 資料分割完成 - 訓練集: 56 樣本, 驗證集: 12 樣本, 測試集: 13 樣本
2025-04-07 09:33:16,575 - src.data.preprocess - INFO - 完整資料處理流程完成
2025-04-07 09:33:16,575 - __main__ - INFO - 資料分割完成, 訓練集: 56 樣本, 驗證集: 12 樣本, 測試集: 13 樣本
2025-04-07 09:33:16,575 - __main__ - INFO - 應用資料增強...
2025-04-07 09:33:16,576 - src.data.dataset - INFO - 進行資料增強，原始訓練集大小: 56 樣本
2025-04-07 09:33:16,733 - src.data.dataset - INFO - 資料增強完成，增強後的訓練集大小: 626 樣本
2025-04-07 09:33:16,734 - __main__ - INFO - 資料增強完成，增強後的訓練集大小: 626 樣本
2025-04-07 09:33:16,785 - __main__ - INFO - 創建混合PINN-LSTM模型，使用物理約束: True，融合方法: weighted
2025-04-07 09:33:16,789 - src.data.dataset - INFO - 已創建資料載入器 - 訓練: 626 樣本, 驗證: 12 樣本, 測試: 13 樣本, 批次大小: 8
2025-04-07 09:33:18,969 - src.training.trainer - INFO - 創建adam優化器，學習率: 0.001，權重衰減: 0.0001
2025-04-07 09:33:18,970 - src.training.losses - INFO - 初始化HybridLoss: lambda_physics=0.01, lambda_consistency=0.01, a=55.83, b=-2.259, log_space=True, l1_reg=0.0, l2_reg=0.001
2025-04-07 09:33:18,970 - src.training.losses - INFO - 初始化AdaptiveHybridLoss: physics權重從0.01增加到0.5, consistency權重從0.01增加到0.3, 在50個輪次內達到最大值, 預熱輪次: 5, 調整方案: linear
2025-04-07 09:33:18,970 - src.training.trainer - INFO - 創建餘弦退火學習率調度器，週期: 100，最小學習率: 1e-05
2025-04-07 09:33:18,972 - src.training.callbacks - INFO - 初始化ModelCheckpoint: 保存目錄=outputs\hybrid_20250407_093316\HybridPINNLSTMModel_20250407_093318\checkpoints, 保存頻率=5, 只保存最佳=False, 監控指標=val_loss, 模式=min
2025-04-07 09:33:18,973 - src.training.callbacks - INFO - 初始化LossHistory: 保存路徑=outputs\hybrid_20250407_093316\HybridPINNLSTMModel_20250407_093318\history.json, 保存頻率=1
2025-04-07 09:33:18,975 - src.training.trainer - INFO - 初始化訓練器完成，模型: HybridPINNLSTMModel, 優化器: Adam, 設備: cpu
2025-04-07 09:33:18,975 - __main__ - INFO - 開始訓練，總輪數: 200
2025-04-07 09:33:18,976 - src.training.trainer - INFO - 開始訓練，總輪數: 200
2025-04-07 09:33:21,363 - src.training.trainer - WARNING - 合併輸出 l2_penalty 時出錯: zero-dimensional arrays cannot be concatenated
2025-04-07 09:33:21,397 - src.training.trainer - INFO - 輪次 1/200 - 訓練損失: 13.983747 - 驗證損失: 16.597233 - rmse: 1378.511516 - r2: -2.441646 - mae: 1155.661743 - 學習率: 0.001000 - 時間: 2.42秒
2025-04-07 09:33:21,423 - src.training.callbacks - INFO - 模型檢查點已保存至 outputs\hybrid_20250407_093316\HybridPINNLSTMModel_20250407_093318\checkpoints\HybridPINNLSTMModel_epoch_001.pt
2025-04-07 09:33:21,434 - src.training.trainer - INFO - 監控指標改善，模型已保存至 outputs\hybrid_20250407_093316\models\best_model.pt
2025-04-07 09:33:23,450 - src.training.trainer - WARNING - 合併輸出 l2_penalty 時出錯: zero-dimensional arrays cannot be concatenated
2025-04-07 09:33:23,470 - src.training.trainer - INFO - 監控指標改善，模型已保存至 outputs\hybrid_20250407_093316\models\best_model.pt
2025-04-07 09:33:25,331 - src.training.trainer - WARNING - 合併輸出 l2_penalty 時出錯: zero-dimensional arrays cannot be concatenated
2025-04-07 09:33:25,350 - src.training.trainer - INFO - 監控指標改善，模型已保存至 outputs\hybrid_20250407_093316\models\best_model.pt
2025-04-07 09:33:27,127 - src.training.trainer - WARNING - 合併輸出 l2_penalty 時出錯: zero-dimensional arrays cannot be concatenated
2025-04-07 09:33:27,149 - src.training.trainer - INFO - 監控指標改善，模型已保存至 outputs\hybrid_20250407_093316\models\best_model.pt
2025-04-07 09:33:29,051 - src.training.trainer - WARNING - 合併輸出 l2_penalty 時出錯: zero-dimensional arrays cannot be concatenated
2025-04-07 09:33:29,081 - src.training.trainer - INFO - 監控指標改善，模型已保存至 outputs\hybrid_20250407_093316\models\best_model.pt
2025-04-07 09:33:30,862 - src.training.trainer - WARNING - 合併輸出 l2_penalty 時出錯: zero-dimensional arrays cannot be concatenated
2025-04-07 09:33:30,903 - src.training.callbacks - INFO - 模型檢查點已保存至 outputs\hybrid_20250407_093316\HybridPINNLSTMModel_20250407_093318\checkpoints\HybridPINNLSTMModel_epoch_006.pt
2025-04-07 09:33:30,913 - src.training.trainer - INFO - 監控指標改善，模型已保存至 outputs\hybrid_20250407_093316\models\best_model.pt
2025-04-07 09:33:32,796 - src.training.trainer - WARNING - 合併輸出 l2_penalty 時出錯: zero-dimensional arrays cannot be concatenated
2025-04-07 09:33:32,815 - src.training.trainer - INFO - 監控指標改善，模型已保存至 outputs\hybrid_20250407_093316\models\best_model.pt
2025-04-07 09:33:34,712 - src.training.trainer - WARNING - 合併輸出 l2_penalty 時出錯: zero-dimensional arrays cannot be concatenated
2025-04-07 09:33:34,733 - src.training.trainer - INFO - 監控指標改善，模型已保存至 outputs\hybrid_20250407_093316\models\best_model.pt
2025-04-07 09:33:36,610 - src.training.trainer - WARNING - 合併輸出 l2_penalty 時出錯: zero-dimensional arrays cannot be concatenated
2025-04-07 09:33:36,631 - src.training.trainer - INFO - 監控指標改善，模型已保存至 outputs\hybrid_20250407_093316\models\best_model.pt
2025-04-07 09:33:38,343 - src.training.trainer - WARNING - 合併輸出 l2_penalty 時出錯: zero-dimensional arrays cannot be concatenated
2025-04-07 09:33:38,380 - src.training.trainer - INFO - 監控指標改善，模型已保存至 outputs\hybrid_20250407_093316\models\best_model.pt
2025-04-07 09:33:40,242 - src.training.trainer - WARNING - 合併輸出 l2_penalty 時出錯: zero-dimensional arrays cannot be concatenated
2025-04-07 09:33:40,261 - src.training.trainer - INFO - 輪次 11/200 - 訓練損失: 1.263768 - 驗證損失: 5.530506 - rmse: 1322.869561 - r2: -2.169417 - mae: 1084.616333 - 學習率: 0.000976 - 時間: 1.88秒
2025-04-07 09:33:40,275 - src.training.callbacks - INFO - 模型檢查點已保存至 outputs\hybrid_20250407_093316\HybridPINNLSTMModel_20250407_093318\checkpoints\HybridPINNLSTMModel_epoch_011.pt
2025-04-07 09:33:40,284 - src.training.trainer - INFO - 監控指標改善，模型已保存至 outputs\hybrid_20250407_093316\models\best_model.pt
2025-04-07 09:33:42,130 - src.training.trainer - WARNING - 合併輸出 l2_penalty 時出錯: zero-dimensional arrays cannot be concatenated
2025-04-07 09:33:42,149 - src.training.trainer - INFO - 監控指標改善，模型已保存至 outputs\hybrid_20250407_093316\models\best_model.pt
2025-04-07 09:33:44,241 - src.training.trainer - WARNING - 合併輸出 l2_penalty 時出錯: zero-dimensional arrays cannot be concatenated
2025-04-07 09:33:44,270 - src.training.trainer - INFO - 監控指標改善，模型已保存至 outputs\hybrid_20250407_093316\models\best_model.pt
2025-04-07 09:33:46,011 - src.training.trainer - WARNING - 合併輸出 l2_penalty 時出錯: zero-dimensional arrays cannot be concatenated
2025-04-07 09:33:46,032 - src.training.trainer - INFO - 監控指標改善，模型已保存至 outputs\hybrid_20250407_093316\models\best_model.pt
2025-04-07 09:33:47,794 - src.training.trainer - WARNING - 合併輸出 l2_penalty 時出錯: zero-dimensional arrays cannot be concatenated
2025-04-07 09:33:47,822 - src.training.trainer - INFO - 監控指標改善，模型已保存至 outputs\hybrid_20250407_093316\models\best_model.pt
2025-04-07 09:33:49,605 - src.training.trainer - WARNING - 合併輸出 l2_penalty 時出錯: zero-dimensional arrays cannot be concatenated
2025-04-07 09:33:49,637 - src.training.callbacks - INFO - 模型檢查點已保存至 outputs\hybrid_20250407_093316\HybridPINNLSTMModel_20250407_093318\checkpoints\HybridPINNLSTMModel_epoch_016.pt
2025-04-07 09:33:49,645 - src.training.trainer - INFO - 監控指標改善，模型已保存至 outputs\hybrid_20250407_093316\models\best_model.pt
2025-04-07 09:33:51,480 - src.training.trainer - WARNING - 合併輸出 l2_penalty 時出錯: zero-dimensional arrays cannot be concatenated
2025-04-07 09:33:51,508 - src.training.trainer - INFO - 監控指標改善，模型已保存至 outputs\hybrid_20250407_093316\models\best_model.pt
2025-04-07 09:33:53,312 - src.training.trainer - WARNING - 合併輸出 l2_penalty 時出錯: zero-dimensional arrays cannot be concatenated
2025-04-07 09:33:53,343 - src.training.trainer - INFO - 監控指標改善，模型已保存至 outputs\hybrid_20250407_093316\models\best_model.pt
2025-04-07 09:33:55,207 - src.training.trainer - WARNING - 合併輸出 l2_penalty 時出錯: zero-dimensional arrays cannot be concatenated
2025-04-07 09:33:55,225 - src.training.trainer - INFO - 監控指標改善，模型已保存至 outputs\hybrid_20250407_093316\models\best_model.pt
2025-04-07 09:33:56,955 - src.training.trainer - WARNING - 合併輸出 l2_penalty 時出錯: zero-dimensional arrays cannot be concatenated
2025-04-07 09:33:56,983 - src.training.trainer - INFO - 監控指標改善，模型已保存至 outputs\hybrid_20250407_093316\models\best_model.pt
2025-04-07 09:33:58,917 - src.training.trainer - WARNING - 合併輸出 l2_penalty 時出錯: zero-dimensional arrays cannot be concatenated
2025-04-07 09:33:58,937 - src.training.trainer - INFO - 輪次 21/200 - 訓練損失: 1.085351 - 驗證損失: 5.277408 - rmse: 1324.503492 - r2: -2.177251 - mae: 1086.448364 - 學習率: 0.000905 - 時間: 1.95秒
2025-04-07 09:33:58,960 - src.training.callbacks - INFO - 模型檢查點已保存至 outputs\hybrid_20250407_093316\HybridPINNLSTMModel_20250407_093318\checkpoints\HybridPINNLSTMModel_epoch_021.pt
2025-04-07 09:33:58,970 - src.training.trainer - INFO - 監控指標改善，模型已保存至 outputs\hybrid_20250407_093316\models\best_model.pt
2025-04-07 09:34:00,793 - src.training.trainer - WARNING - 合併輸出 l2_penalty 時出錯: zero-dimensional arrays cannot be concatenated
2025-04-07 09:34:00,823 - src.training.trainer - INFO - 監控指標改善，模型已保存至 outputs\hybrid_20250407_093316\models\best_model.pt
2025-04-07 09:34:02,610 - src.training.trainer - WARNING - 合併輸出 l2_penalty 時出錯: zero-dimensional arrays cannot be concatenated
2025-04-07 09:34:02,637 - src.training.trainer - INFO - 監控指標改善，模型已保存至 outputs\hybrid_20250407_093316\models\best_model.pt
2025-04-07 09:34:04,371 - src.training.trainer - WARNING - 合併輸出 l2_penalty 時出錯: zero-dimensional arrays cannot be concatenated
2025-04-07 09:34:04,392 - src.training.trainer - INFO - 監控指標改善，模型已保存至 outputs\hybrid_20250407_093316\models\best_model.pt
2025-04-07 09:34:06,149 - src.training.trainer - WARNING - 合併輸出 l2_penalty 時出錯: zero-dimensional arrays cannot be concatenated
2025-04-07 09:34:06,175 - src.training.trainer - INFO - 監控指標改善，模型已保存至 outputs\hybrid_20250407_093316\models\best_model.pt
2025-04-07 09:34:07,912 - src.training.trainer - WARNING - 合併輸出 l2_penalty 時出錯: zero-dimensional arrays cannot be concatenated
2025-04-07 09:34:07,942 - src.training.callbacks - INFO - 模型檢查點已保存至 outputs\hybrid_20250407_093316\HybridPINNLSTMModel_20250407_093318\checkpoints\HybridPINNLSTMModel_epoch_026.pt
2025-04-07 09:34:07,949 - src.training.trainer - INFO - 監控指標改善，模型已保存至 outputs\hybrid_20250407_093316\models\best_model.pt
2025-04-07 09:34:09,775 - src.training.trainer - WARNING - 合併輸出 l2_penalty 時出錯: zero-dimensional arrays cannot be concatenated
2025-04-07 09:34:09,801 - src.training.trainer - INFO - 監控指標改善，模型已保存至 outputs\hybrid_20250407_093316\models\best_model.pt
2025-04-07 09:34:11,655 - src.training.trainer - WARNING - 合併輸出 l2_penalty 時出錯: zero-dimensional arrays cannot be concatenated
2025-04-07 09:34:11,673 - src.training.trainer - INFO - 監控指標改善，模型已保存至 outputs\hybrid_20250407_093316\models\best_model.pt
2025-04-07 09:34:13,489 - src.training.trainer - WARNING - 合併輸出 l2_penalty 時出錯: zero-dimensional arrays cannot be concatenated
2025-04-07 09:34:13,510 - src.training.trainer - INFO - 監控指標改善，模型已保存至 outputs\hybrid_20250407_093316\models\best_model.pt
2025-04-07 09:34:15,261 - src.training.trainer - WARNING - 合併輸出 l2_penalty 時出錯: zero-dimensional arrays cannot be concatenated
2025-04-07 09:34:15,282 - src.training.trainer - INFO - 監控指標改善，模型已保存至 outputs\hybrid_20250407_093316\models\best_model.pt
2025-04-07 09:34:17,062 - src.training.trainer - WARNING - 合併輸出 l2_penalty 時出錯: zero-dimensional arrays cannot be concatenated
2025-04-07 09:34:17,076 - src.training.trainer - INFO - 輪次 31/200 - 訓練損失: 0.890902 - 驗證損失: 2.713515 - rmse: 1238.669902 - r2: -1.778795 - mae: 977.564453 - 學習率: 0.000796 - 時間: 1.79秒
2025-04-07 09:34:17,089 - src.training.callbacks - INFO - 模型檢查點已保存至 outputs\hybrid_20250407_093316\HybridPINNLSTMModel_20250407_093318\checkpoints\HybridPINNLSTMModel_epoch_031.pt
2025-04-07 09:34:17,099 - src.training.trainer - INFO - 監控指標改善，模型已保存至 outputs\hybrid_20250407_093316\models\best_model.pt
2025-04-07 09:34:18,964 - src.training.trainer - WARNING - 合併輸出 l2_penalty 時出錯: zero-dimensional arrays cannot be concatenated
2025-04-07 09:34:18,992 - src.training.trainer - INFO - 監控指標改善，模型已保存至 outputs\hybrid_20250407_093316\models\best_model.pt
2025-04-07 09:34:20,800 - src.training.trainer - WARNING - 合併輸出 l2_penalty 時出錯: zero-dimensional arrays cannot be concatenated
2025-04-07 09:34:20,830 - src.training.trainer - INFO - 監控指標改善，模型已保存至 outputs\hybrid_20250407_093316\models\best_model.pt
2025-04-07 09:34:22,853 - src.training.trainer - WARNING - 合併輸出 l2_penalty 時出錯: zero-dimensional arrays cannot be concatenated
2025-04-07 09:34:22,877 - src.training.trainer - INFO - 監控指標改善，模型已保存至 outputs\hybrid_20250407_093316\models\best_model.pt
2025-04-07 09:34:24,932 - src.training.trainer - WARNING - 合併輸出 l2_penalty 時出錯: zero-dimensional arrays cannot be concatenated
2025-04-07 09:34:24,959 - src.training.trainer - INFO - 監控指標改善，模型已保存至 outputs\hybrid_20250407_093316\models\best_model.pt
2025-04-07 09:34:26,873 - src.training.trainer - WARNING - 合併輸出 l2_penalty 時出錯: zero-dimensional arrays cannot be concatenated
2025-04-07 09:34:26,903 - src.training.callbacks - INFO - 模型檢查點已保存至 outputs\hybrid_20250407_093316\HybridPINNLSTMModel_20250407_093318\checkpoints\HybridPINNLSTMModel_epoch_036.pt
2025-04-07 09:34:26,914 - src.training.trainer - INFO - 監控指標改善，模型已保存至 outputs\hybrid_20250407_093316\models\best_model.pt
2025-04-07 09:34:28,900 - src.training.trainer - WARNING - 合併輸出 l2_penalty 時出錯: zero-dimensional arrays cannot be concatenated
2025-04-07 09:34:28,924 - src.training.trainer - INFO - 監控指標改善，模型已保存至 outputs\hybrid_20250407_093316\models\best_model.pt
2025-04-07 09:34:30,782 - src.training.trainer - WARNING - 合併輸出 l2_penalty 時出錯: zero-dimensional arrays cannot be concatenated
2025-04-07 09:34:30,801 - src.training.trainer - INFO - 監控指標改善，模型已保存至 outputs\hybrid_20250407_093316\models\best_model.pt
2025-04-07 09:34:32,789 - src.training.trainer - WARNING - 合併輸出 l2_penalty 時出錯: zero-dimensional arrays cannot be concatenated
2025-04-07 09:34:32,821 - src.training.trainer - INFO - 監控指標改善，模型已保存至 outputs\hybrid_20250407_093316\models\best_model.pt
2025-04-07 09:34:34,747 - src.training.trainer - WARNING - 合併輸出 l2_penalty 時出錯: zero-dimensional arrays cannot be concatenated
2025-04-07 09:34:34,777 - src.training.trainer - INFO - 監控指標改善，模型已保存至 outputs\hybrid_20250407_093316\models\best_model.pt
2025-04-07 09:34:36,564 - src.training.trainer - WARNING - 合併輸出 l2_penalty 時出錯: zero-dimensional arrays cannot be concatenated
2025-04-07 09:34:36,577 - src.training.trainer - INFO - 輪次 41/200 - 訓練損失: 0.797500 - 驗證損失: 4.994486 - rmse: 1320.384934 - r2: -2.157522 - mae: 1079.822876 - 學習率: 0.000658 - 時間: 1.80秒
2025-04-07 09:34:36,590 - src.training.callbacks - INFO - 模型檢查點已保存至 outputs\hybrid_20250407_093316\HybridPINNLSTMModel_20250407_093318\checkpoints\HybridPINNLSTMModel_epoch_041.pt
2025-04-07 09:34:36,599 - src.training.trainer - INFO - 監控指標改善，模型已保存至 outputs\hybrid_20250407_093316\models\best_model.pt
2025-04-07 09:34:38,575 - src.training.trainer - WARNING - 合併輸出 l2_penalty 時出錯: zero-dimensional arrays cannot be concatenated
2025-04-07 09:34:38,598 - src.training.trainer - INFO - 監控指標改善，模型已保存至 outputs\hybrid_20250407_093316\models\best_model.pt
2025-04-07 09:34:40,536 - src.training.trainer - WARNING - 合併輸出 l2_penalty 時出錯: zero-dimensional arrays cannot be concatenated
2025-04-07 09:34:40,563 - src.training.trainer - INFO - 監控指標改善，模型已保存至 outputs\hybrid_20250407_093316\models\best_model.pt
2025-04-07 09:34:42,659 - src.training.trainer - WARNING - 合併輸出 l2_penalty 時出錯: zero-dimensional arrays cannot be concatenated
2025-04-07 09:34:42,679 - src.training.trainer - INFO - 監控指標改善，模型已保存至 outputs\hybrid_20250407_093316\models\best_model.pt
2025-04-07 09:34:44,720 - src.training.trainer - WARNING - 合併輸出 l2_penalty 時出錯: zero-dimensional arrays cannot be concatenated
2025-04-07 09:34:44,745 - src.training.trainer - INFO - 監控指標改善，模型已保存至 outputs\hybrid_20250407_093316\models\best_model.pt
2025-04-07 09:34:46,830 - src.training.trainer - WARNING - 合併輸出 l2_penalty 時出錯: zero-dimensional arrays cannot be concatenated
2025-04-07 09:34:46,869 - src.training.callbacks - INFO - 模型檢查點已保存至 outputs\hybrid_20250407_093316\HybridPINNLSTMModel_20250407_093318\checkpoints\HybridPINNLSTMModel_epoch_046.pt
2025-04-07 09:34:46,880 - src.training.trainer - INFO - 監控指標改善，模型已保存至 outputs\hybrid_20250407_093316\models\best_model.pt
2025-04-07 09:34:48,917 - src.training.trainer - WARNING - 合併輸出 l2_penalty 時出錯: zero-dimensional arrays cannot be concatenated
2025-04-07 09:34:48,944 - src.training.trainer - INFO - 監控指標改善，模型已保存至 outputs\hybrid_20250407_093316\models\best_model.pt
2025-04-07 09:34:50,833 - src.training.trainer - WARNING - 合併輸出 l2_penalty 時出錯: zero-dimensional arrays cannot be concatenated
2025-04-07 09:34:50,859 - src.training.trainer - INFO - 監控指標改善，模型已保存至 outputs\hybrid_20250407_093316\models\best_model.pt
2025-04-07 09:34:52,900 - src.training.trainer - WARNING - 合併輸出 l2_penalty 時出錯: zero-dimensional arrays cannot be concatenated
2025-04-07 09:34:52,924 - src.training.trainer - INFO - 監控指標改善，模型已保存至 outputs\hybrid_20250407_093316\models\best_model.pt
2025-04-07 09:34:54,850 - src.training.trainer - WARNING - 合併輸出 l2_penalty 時出錯: zero-dimensional arrays cannot be concatenated
2025-04-07 09:34:54,879 - src.training.trainer - INFO - 監控指標改善，模型已保存至 outputs\hybrid_20250407_093316\models\best_model.pt
2025-04-07 09:34:56,792 - src.training.trainer - WARNING - 合併輸出 l2_penalty 時出錯: zero-dimensional arrays cannot be concatenated
2025-04-07 09:34:56,808 - src.training.trainer - INFO - 輪次 51/200 - 訓練損失: 0.744222 - 驗證損失: 4.983957 - rmse: 1319.384752 - r2: -2.152741 - mae: 1076.359863 - 學習率: 0.000505 - 時間: 1.93秒
2025-04-07 09:34:56,830 - src.training.callbacks - INFO - 模型檢查點已保存至 outputs\hybrid_20250407_093316\HybridPINNLSTMModel_20250407_093318\checkpoints\HybridPINNLSTMModel_epoch_051.pt
2025-04-07 09:34:56,841 - src.training.trainer - INFO - 監控指標改善，模型已保存至 outputs\hybrid_20250407_093316\models\best_model.pt
2025-04-07 09:34:59,005 - src.training.trainer - WARNING - 合併輸出 l2_penalty 時出錯: zero-dimensional arrays cannot be concatenated
2025-04-07 09:34:59,026 - src.training.trainer - INFO - 監控指標改善，模型已保存至 outputs\hybrid_20250407_093316\models\best_model.pt
2025-04-07 09:35:00,930 - src.training.trainer - WARNING - 合併輸出 l2_penalty 時出錯: zero-dimensional arrays cannot be concatenated
2025-04-07 09:35:00,955 - src.training.trainer - INFO - 監控指標改善，模型已保存至 outputs\hybrid_20250407_093316\models\best_model.pt
2025-04-07 09:35:02,857 - src.training.trainer - WARNING - 合併輸出 l2_penalty 時出錯: zero-dimensional arrays cannot be concatenated
2025-04-07 09:35:02,887 - src.training.trainer - INFO - 監控指標改善，模型已保存至 outputs\hybrid_20250407_093316\models\best_model.pt
2025-04-07 09:35:04,900 - src.training.trainer - WARNING - 合併輸出 l2_penalty 時出錯: zero-dimensional arrays cannot be concatenated
2025-04-07 09:35:04,927 - src.training.trainer - INFO - 監控指標改善，模型已保存至 outputs\hybrid_20250407_093316\models\best_model.pt
2025-04-07 09:35:06,838 - src.training.trainer - WARNING - 合併輸出 l2_penalty 時出錯: zero-dimensional arrays cannot be concatenated
2025-04-07 09:35:06,877 - src.training.callbacks - INFO - 模型檢查點已保存至 outputs\hybrid_20250407_093316\HybridPINNLSTMModel_20250407_093318\checkpoints\HybridPINNLSTMModel_epoch_056.pt
2025-04-07 09:35:06,889 - src.training.trainer - INFO - 監控指標改善，模型已保存至 outputs\hybrid_20250407_093316\models\best_model.pt
2025-04-07 09:35:08,914 - src.training.trainer - WARNING - 合併輸出 l2_penalty 時出錯: zero-dimensional arrays cannot be concatenated
2025-04-07 09:35:08,943 - src.training.trainer - INFO - 監控指標改善，模型已保存至 outputs\hybrid_20250407_093316\models\best_model.pt
2025-04-07 09:35:10,987 - src.training.trainer - WARNING - 合併輸出 l2_penalty 時出錯: zero-dimensional arrays cannot be concatenated
2025-04-07 09:35:11,019 - src.training.trainer - INFO - 監控指標改善，模型已保存至 outputs\hybrid_20250407_093316\models\best_model.pt
2025-04-07 09:35:13,000 - src.training.trainer - WARNING - 合併輸出 l2_penalty 時出錯: zero-dimensional arrays cannot be concatenated
2025-04-07 09:35:13,038 - src.training.trainer - INFO - 監控指標改善，模型已保存至 outputs\hybrid_20250407_093316\models\best_model.pt
2025-04-07 09:35:15,253 - src.training.trainer - WARNING - 合併輸出 l2_penalty 時出錯: zero-dimensional arrays cannot be concatenated
2025-04-07 09:35:15,285 - src.training.trainer - INFO - 監控指標改善，模型已保存至 outputs\hybrid_20250407_093316\models\best_model.pt
2025-04-07 09:35:17,483 - src.training.trainer - WARNING - 合併輸出 l2_penalty 時出錯: zero-dimensional arrays cannot be concatenated
2025-04-07 09:35:17,504 - src.training.trainer - INFO - 輪次 61/200 - 訓練損失: 0.706393 - 驗證損失: 4.588671 - rmse: 1312.578236 - r2: -2.120296 - mae: 1070.076660 - 學習率: 0.000352 - 時間: 2.22秒
2025-04-07 09:35:17,521 - src.training.callbacks - INFO - 模型檢查點已保存至 outputs\hybrid_20250407_093316\HybridPINNLSTMModel_20250407_093318\checkpoints\HybridPINNLSTMModel_epoch_061.pt
2025-04-07 09:35:17,531 - src.training.trainer - INFO - 監控指標改善，模型已保存至 outputs\hybrid_20250407_093316\models\best_model.pt
2025-04-07 09:35:19,379 - src.training.trainer - WARNING - 合併輸出 l2_penalty 時出錯: zero-dimensional arrays cannot be concatenated
2025-04-07 09:35:19,404 - src.training.trainer - INFO - 監控指標改善，模型已保存至 outputs\hybrid_20250407_093316\models\best_model.pt
2025-04-07 09:35:21,294 - src.training.trainer - WARNING - 合併輸出 l2_penalty 時出錯: zero-dimensional arrays cannot be concatenated
2025-04-07 09:35:21,328 - src.training.trainer - INFO - 監控指標改善，模型已保存至 outputs\hybrid_20250407_093316\models\best_model.pt
2025-04-07 09:35:23,275 - src.training.trainer - WARNING - 合併輸出 l2_penalty 時出錯: zero-dimensional arrays cannot be concatenated
2025-04-07 09:35:23,295 - src.training.trainer - INFO - 監控指標改善，模型已保存至 outputs\hybrid_20250407_093316\models\best_model.pt
2025-04-07 09:35:25,467 - src.training.trainer - WARNING - 合併輸出 l2_penalty 時出錯: zero-dimensional arrays cannot be concatenated
2025-04-07 09:35:25,491 - src.training.trainer - INFO - 監控指標改善，模型已保存至 outputs\hybrid_20250407_093316\models\best_model.pt
2025-04-07 09:35:27,473 - src.training.trainer - WARNING - 合併輸出 l2_penalty 時出錯: zero-dimensional arrays cannot be concatenated
2025-04-07 09:35:27,506 - src.training.callbacks - INFO - 模型檢查點已保存至 outputs\hybrid_20250407_093316\HybridPINNLSTMModel_20250407_093318\checkpoints\HybridPINNLSTMModel_epoch_066.pt
2025-04-07 09:35:27,515 - src.training.trainer - INFO - 監控指標改善，模型已保存至 outputs\hybrid_20250407_093316\models\best_model.pt
2025-04-07 09:35:29,644 - src.training.trainer - WARNING - 合併輸出 l2_penalty 時出錯: zero-dimensional arrays cannot be concatenated
2025-04-07 09:35:29,669 - src.training.trainer - INFO - 監控指標改善，模型已保存至 outputs\hybrid_20250407_093316\models\best_model.pt
2025-04-07 09:35:31,706 - src.training.trainer - WARNING - 合併輸出 l2_penalty 時出錯: zero-dimensional arrays cannot be concatenated
2025-04-07 09:35:31,734 - src.training.trainer - INFO - 監控指標改善，模型已保存至 outputs\hybrid_20250407_093316\models\best_model.pt
2025-04-07 09:35:33,721 - src.training.trainer - WARNING - 合併輸出 l2_penalty 時出錯: zero-dimensional arrays cannot be concatenated
2025-04-07 09:35:33,742 - src.training.trainer - INFO - 監控指標改善，模型已保存至 outputs\hybrid_20250407_093316\models\best_model.pt
2025-04-07 09:35:35,728 - src.training.trainer - WARNING - 合併輸出 l2_penalty 時出錯: zero-dimensional arrays cannot be concatenated
2025-04-07 09:35:35,753 - src.training.trainer - INFO - 監控指標改善，模型已保存至 outputs\hybrid_20250407_093316\models\best_model.pt
2025-04-07 09:35:37,785 - src.training.trainer - WARNING - 合併輸出 l2_penalty 時出錯: zero-dimensional arrays cannot be concatenated
2025-04-07 09:35:37,802 - src.training.trainer - INFO - 輪次 71/200 - 訓練損失: 0.685055 - 驗證損失: 4.519617 - rmse: 1307.802881 - r2: -2.097633 - mae: 1060.171265 - 學習率: 0.000214 - 時間: 2.05秒
2025-04-07 09:35:37,818 - src.training.callbacks - INFO - 模型檢查點已保存至 outputs\hybrid_20250407_093316\HybridPINNLSTMModel_20250407_093318\checkpoints\HybridPINNLSTMModel_epoch_071.pt
2025-04-07 09:35:37,830 - src.training.trainer - INFO - 監控指標改善，模型已保存至 outputs\hybrid_20250407_093316\models\best_model.pt
2025-04-07 09:35:39,887 - src.training.trainer - WARNING - 合併輸出 l2_penalty 時出錯: zero-dimensional arrays cannot be concatenated
2025-04-07 09:35:39,910 - src.training.trainer - INFO - 監控指標改善，模型已保存至 outputs\hybrid_20250407_093316\models\best_model.pt
2025-04-07 09:35:41,987 - src.training.trainer - WARNING - 合併輸出 l2_penalty 時出錯: zero-dimensional arrays cannot be concatenated
2025-04-07 09:35:42,008 - src.training.trainer - INFO - 監控指標改善，模型已保存至 outputs\hybrid_20250407_093316\models\best_model.pt
2025-04-07 09:35:43,875 - src.training.trainer - WARNING - 合併輸出 l2_penalty 時出錯: zero-dimensional arrays cannot be concatenated
2025-04-07 09:35:43,902 - src.training.trainer - INFO - 監控指標改善，模型已保存至 outputs\hybrid_20250407_093316\models\best_model.pt
2025-04-07 09:35:45,971 - src.training.trainer - WARNING - 合併輸出 l2_penalty 時出錯: zero-dimensional arrays cannot be concatenated
2025-04-07 09:35:46,006 - src.training.trainer - INFO - 監控指標改善，模型已保存至 outputs\hybrid_20250407_093316\models\best_model.pt
2025-04-07 09:35:47,966 - src.training.trainer - WARNING - 合併輸出 l2_penalty 時出錯: zero-dimensional arrays cannot be concatenated
2025-04-07 09:35:48,007 - src.training.callbacks - INFO - 模型檢查點已保存至 outputs\hybrid_20250407_093316\HybridPINNLSTMModel_20250407_093318\checkpoints\HybridPINNLSTMModel_epoch_076.pt
2025-04-07 09:35:48,019 - src.training.trainer - INFO - 監控指標改善，模型已保存至 outputs\hybrid_20250407_093316\models\best_model.pt
2025-04-07 09:35:49,958 - src.training.trainer - WARNING - 合併輸出 l2_penalty 時出錯: zero-dimensional arrays cannot be concatenated
2025-04-07 09:35:49,988 - src.training.trainer - INFO - 監控指標改善，模型已保存至 outputs\hybrid_20250407_093316\models\best_model.pt
2025-04-07 09:35:51,976 - src.training.trainer - WARNING - 合併輸出 l2_penalty 時出錯: zero-dimensional arrays cannot be concatenated
2025-04-07 09:35:52,010 - src.training.trainer - INFO - 監控指標改善，模型已保存至 outputs\hybrid_20250407_093316\models\best_model.pt
2025-04-07 09:35:53,911 - src.training.trainer - WARNING - 合併輸出 l2_penalty 時出錯: zero-dimensional arrays cannot be concatenated
2025-04-07 09:35:53,934 - src.training.trainer - INFO - 監控指標改善，模型已保存至 outputs\hybrid_20250407_093316\models\best_model.pt
2025-04-07 09:35:56,009 - src.training.trainer - WARNING - 合併輸出 l2_penalty 時出錯: zero-dimensional arrays cannot be concatenated
2025-04-07 09:35:56,040 - src.training.trainer - INFO - 監控指標改善，模型已保存至 outputs\hybrid_20250407_093316\models\best_model.pt
2025-04-07 09:35:57,966 - src.training.trainer - WARNING - 合併輸出 l2_penalty 時出錯: zero-dimensional arrays cannot be concatenated
2025-04-07 09:35:57,984 - src.training.trainer - INFO - 輪次 81/200 - 訓練損失: 0.679567 - 驗證損失: 4.714979 - rmse: 1311.486561 - r2: -2.115108 - mae: 1064.333130 - 學習率: 0.000105 - 時間: 1.94秒
2025-04-07 09:35:58,003 - src.training.callbacks - INFO - 模型檢查點已保存至 outputs\hybrid_20250407_093316\HybridPINNLSTMModel_20250407_093318\checkpoints\HybridPINNLSTMModel_epoch_081.pt
2025-04-07 09:35:58,011 - src.training.trainer - INFO - 監控指標改善，模型已保存至 outputs\hybrid_20250407_093316\models\best_model.pt
2025-04-07 09:35:59,855 - src.training.trainer - WARNING - 合併輸出 l2_penalty 時出錯: zero-dimensional arrays cannot be concatenated
2025-04-07 09:35:59,882 - src.training.trainer - INFO - 監控指標改善，模型已保存至 outputs\hybrid_20250407_093316\models\best_model.pt
2025-04-07 09:36:01,716 - src.training.trainer - WARNING - 合併輸出 l2_penalty 時出錯: zero-dimensional arrays cannot be concatenated
2025-04-07 09:36:01,746 - src.training.trainer - INFO - 監控指標改善，模型已保存至 outputs\hybrid_20250407_093316\models\best_model.pt
2025-04-07 09:36:03,703 - src.training.trainer - WARNING - 合併輸出 l2_penalty 時出錯: zero-dimensional arrays cannot be concatenated
2025-04-07 09:36:03,736 - src.training.trainer - INFO - 監控指標改善，模型已保存至 outputs\hybrid_20250407_093316\models\best_model.pt
2025-04-07 09:36:05,637 - src.training.trainer - WARNING - 合併輸出 l2_penalty 時出錯: zero-dimensional arrays cannot be concatenated
2025-04-07 09:36:05,662 - src.training.trainer - INFO - 監控指標改善，模型已保存至 outputs\hybrid_20250407_093316\models\best_model.pt
2025-04-07 09:36:07,659 - src.training.trainer - WARNING - 合併輸出 l2_penalty 時出錯: zero-dimensional arrays cannot be concatenated
2025-04-07 09:36:07,691 - src.training.callbacks - INFO - 模型檢查點已保存至 outputs\hybrid_20250407_093316\HybridPINNLSTMModel_20250407_093318\checkpoints\HybridPINNLSTMModel_epoch_086.pt
2025-04-07 09:36:07,703 - src.training.trainer - INFO - 監控指標改善，模型已保存至 outputs\hybrid_20250407_093316\models\best_model.pt
2025-04-07 09:36:09,562 - src.training.trainer - WARNING - 合併輸出 l2_penalty 時出錯: zero-dimensional arrays cannot be concatenated
2025-04-07 09:36:09,588 - src.training.trainer - INFO - 監控指標改善，模型已保存至 outputs\hybrid_20250407_093316\models\best_model.pt
2025-04-07 09:36:11,615 - src.training.trainer - WARNING - 合併輸出 l2_penalty 時出錯: zero-dimensional arrays cannot be concatenated
2025-04-07 09:36:11,648 - src.training.trainer - INFO - 監控指標改善，模型已保存至 outputs\hybrid_20250407_093316\models\best_model.pt
2025-04-07 09:36:13,623 - src.training.trainer - WARNING - 合併輸出 l2_penalty 時出錯: zero-dimensional arrays cannot be concatenated
2025-04-07 09:36:13,647 - src.training.trainer - INFO - 監控指標改善，模型已保存至 outputs\hybrid_20250407_093316\models\best_model.pt
2025-04-07 09:36:15,516 - src.training.trainer - WARNING - 合併輸出 l2_penalty 時出錯: zero-dimensional arrays cannot be concatenated
2025-04-07 09:36:15,545 - src.training.trainer - INFO - 監控指標改善，模型已保存至 outputs\hybrid_20250407_093316\models\best_model.pt
2025-04-07 09:36:17,483 - src.training.trainer - WARNING - 合併輸出 l2_penalty 時出錯: zero-dimensional arrays cannot be concatenated
2025-04-07 09:36:17,501 - src.training.trainer - INFO - 輪次 91/200 - 訓練損失: 0.680221 - 驗證損失: 4.249758 - rmse: 1299.795946 - r2: -2.059819 - mae: 1047.691406 - 學習率: 0.000034 - 時間: 1.96秒
2025-04-07 09:36:17,523 - src.training.callbacks - INFO - 模型檢查點已保存至 outputs\hybrid_20250407_093316\HybridPINNLSTMModel_20250407_093318\checkpoints\HybridPINNLSTMModel_epoch_091.pt
2025-04-07 09:36:17,531 - src.training.trainer - INFO - 監控指標改善，模型已保存至 outputs\hybrid_20250407_093316\models\best_model.pt
2025-04-07 09:36:19,746 - src.training.trainer - WARNING - 合併輸出 l2_penalty 時出錯: zero-dimensional arrays cannot be concatenated
2025-04-07 09:36:19,781 - src.training.trainer - INFO - 監控指標改善，模型已保存至 outputs\hybrid_20250407_093316\models\best_model.pt
2025-04-07 09:36:21,915 - src.training.trainer - WARNING - 合併輸出 l2_penalty 時出錯: zero-dimensional arrays cannot be concatenated
2025-04-07 09:36:21,940 - src.training.trainer - INFO - 監控指標改善，模型已保存至 outputs\hybrid_20250407_093316\models\best_model.pt
2025-04-07 09:36:23,917 - src.training.trainer - WARNING - 合併輸出 l2_penalty 時出錯: zero-dimensional arrays cannot be concatenated
2025-04-07 09:36:23,948 - src.training.trainer - INFO - 監控指標改善，模型已保存至 outputs\hybrid_20250407_093316\models\best_model.pt
2025-04-07 09:36:25,973 - src.training.trainer - WARNING - 合併輸出 l2_penalty 時出錯: zero-dimensional arrays cannot be concatenated
2025-04-07 09:36:25,997 - src.training.trainer - INFO - 監控指標改善，模型已保存至 outputs\hybrid_20250407_093316\models\best_model.pt
2025-04-07 09:36:28,137 - src.training.trainer - WARNING - 合併輸出 l2_penalty 時出錯: zero-dimensional arrays cannot be concatenated
2025-04-07 09:36:28,178 - src.training.callbacks - INFO - 模型檢查點已保存至 outputs\hybrid_20250407_093316\HybridPINNLSTMModel_20250407_093318\checkpoints\HybridPINNLSTMModel_epoch_096.pt
2025-04-07 09:36:28,188 - src.training.trainer - INFO - 監控指標改善，模型已保存至 outputs\hybrid_20250407_093316\models\best_model.pt
2025-04-07 09:36:30,221 - src.training.trainer - WARNING - 合併輸出 l2_penalty 時出錯: zero-dimensional arrays cannot be concatenated
2025-04-07 09:36:30,245 - src.training.trainer - INFO - 監控指標改善，模型已保存至 outputs\hybrid_20250407_093316\models\best_model.pt
2025-04-07 09:36:32,017 - src.training.trainer - WARNING - 合併輸出 l2_penalty 時出錯: zero-dimensional arrays cannot be concatenated
2025-04-07 09:36:32,042 - src.training.trainer - INFO - 監控指標改善，模型已保存至 outputs\hybrid_20250407_093316\models\best_model.pt
2025-04-07 09:36:33,933 - src.training.trainer - WARNING - 合併輸出 l2_penalty 時出錯: zero-dimensional arrays cannot be concatenated
2025-04-07 09:36:33,967 - src.training.trainer - INFO - 監控指標改善，模型已保存至 outputs\hybrid_20250407_093316\models\best_model.pt
2025-04-07 09:36:36,017 - src.training.trainer - WARNING - 合併輸出 l2_penalty 時出錯: zero-dimensional arrays cannot be concatenated
2025-04-07 09:36:36,050 - src.training.trainer - INFO - 監控指標改善，模型已保存至 outputs\hybrid_20250407_093316\models\best_model.pt
2025-04-07 09:36:37,972 - src.training.trainer - WARNING - 合併輸出 l2_penalty 時出錯: zero-dimensional arrays cannot be concatenated
2025-04-07 09:36:37,990 - src.training.trainer - INFO - 輪次 101/200 - 訓練損失: 0.670412 - 驗證損失: 4.386134 - rmse: 1305.189258 - r2: -2.085264 - mae: 1056.785156 - 學習率: 0.000010 - 時間: 1.94秒
2025-04-07 09:36:38,007 - src.training.callbacks - INFO - 模型檢查點已保存至 outputs\hybrid_20250407_093316\HybridPINNLSTMModel_20250407_093318\checkpoints\HybridPINNLSTMModel_epoch_101.pt
2025-04-07 09:36:38,017 - src.training.trainer - INFO - 監控指標改善，模型已保存至 outputs\hybrid_20250407_093316\models\best_model.pt
2025-04-07 09:36:39,869 - src.training.trainer - WARNING - 合併輸出 l2_penalty 時出錯: zero-dimensional arrays cannot be concatenated
2025-04-07 09:36:39,888 - src.training.trainer - INFO - 監控指標改善，模型已保存至 outputs\hybrid_20250407_093316\models\best_model.pt
2025-04-07 09:36:41,832 - src.training.trainer - WARNING - 合併輸出 l2_penalty 時出錯: zero-dimensional arrays cannot be concatenated
2025-04-07 09:36:41,854 - src.training.trainer - INFO - 監控指標改善，模型已保存至 outputs\hybrid_20250407_093316\models\best_model.pt
2025-04-07 09:36:43,954 - src.training.trainer - WARNING - 合併輸出 l2_penalty 時出錯: zero-dimensional arrays cannot be concatenated
2025-04-07 09:36:43,986 - src.training.trainer - INFO - 監控指標改善，模型已保存至 outputs\hybrid_20250407_093316\models\best_model.pt
2025-04-07 09:36:46,268 - src.training.trainer - WARNING - 合併輸出 l2_penalty 時出錯: zero-dimensional arrays cannot be concatenated
2025-04-07 09:36:46,295 - src.training.trainer - INFO - 監控指標改善，模型已保存至 outputs\hybrid_20250407_093316\models\best_model.pt
2025-04-07 09:36:48,284 - src.training.trainer - WARNING - 合併輸出 l2_penalty 時出錯: zero-dimensional arrays cannot be concatenated
2025-04-07 09:36:48,322 - src.training.callbacks - INFO - 模型檢查點已保存至 outputs\hybrid_20250407_093316\HybridPINNLSTMModel_20250407_093318\checkpoints\HybridPINNLSTMModel_epoch_106.pt
2025-04-07 09:36:48,335 - src.training.trainer - INFO - 監控指標改善，模型已保存至 outputs\hybrid_20250407_093316\models\best_model.pt
2025-04-07 09:36:50,380 - src.training.trainer - WARNING - 合併輸出 l2_penalty 時出錯: zero-dimensional arrays cannot be concatenated
2025-04-07 09:36:50,405 - src.training.trainer - INFO - 監控指標改善，模型已保存至 outputs\hybrid_20250407_093316\models\best_model.pt
2025-04-07 09:36:52,378 - src.training.trainer - WARNING - 合併輸出 l2_penalty 時出錯: zero-dimensional arrays cannot be concatenated
2025-04-07 09:36:52,399 - src.training.trainer - INFO - 監控指標改善，模型已保存至 outputs\hybrid_20250407_093316\models\best_model.pt
2025-04-07 09:36:54,344 - src.training.trainer - WARNING - 合併輸出 l2_penalty 時出錯: zero-dimensional arrays cannot be concatenated
2025-04-07 09:36:54,368 - src.training.trainer - INFO - 監控指標改善，模型已保存至 outputs\hybrid_20250407_093316\models\best_model.pt
2025-04-07 09:36:56,286 - src.training.trainer - WARNING - 合併輸出 l2_penalty 時出錯: zero-dimensional arrays cannot be concatenated
2025-04-07 09:36:56,312 - src.training.trainer - INFO - 監控指標改善，模型已保存至 outputs\hybrid_20250407_093316\models\best_model.pt
2025-04-07 09:36:58,213 - src.training.trainer - WARNING - 合併輸出 l2_penalty 時出錯: zero-dimensional arrays cannot be concatenated
2025-04-07 09:36:58,227 - src.training.trainer - INFO - 輪次 111/200 - 訓練損失: 0.658861 - 驗證損失: 4.202169 - rmse: 1299.906199 - r2: -2.060338 - mae: 1049.685547 - 學習率: 0.000034 - 時間: 1.91秒
2025-04-07 09:36:58,244 - src.training.callbacks - INFO - 模型檢查點已保存至 outputs\hybrid_20250407_093316\HybridPINNLSTMModel_20250407_093318\checkpoints\HybridPINNLSTMModel_epoch_111.pt
2025-04-07 09:36:58,256 - src.training.trainer - INFO - 監控指標改善，模型已保存至 outputs\hybrid_20250407_093316\models\best_model.pt
2025-04-07 09:37:00,097 - src.training.trainer - WARNING - 合併輸出 l2_penalty 時出錯: zero-dimensional arrays cannot be concatenated
2025-04-07 09:37:00,126 - src.training.trainer - INFO - 監控指標改善，模型已保存至 outputs\hybrid_20250407_093316\models\best_model.pt
2025-04-07 09:37:01,985 - src.training.trainer - WARNING - 合併輸出 l2_penalty 時出錯: zero-dimensional arrays cannot be concatenated
2025-04-07 09:37:02,016 - src.training.trainer - INFO - 監控指標改善，模型已保存至 outputs\hybrid_20250407_093316\models\best_model.pt
2025-04-07 09:37:03,913 - src.training.trainer - WARNING - 合併輸出 l2_penalty 時出錯: zero-dimensional arrays cannot be concatenated
2025-04-07 09:37:03,943 - src.training.trainer - INFO - 監控指標改善，模型已保存至 outputs\hybrid_20250407_093316\models\best_model.pt
2025-04-07 09:37:06,013 - src.training.trainer - WARNING - 合併輸出 l2_penalty 時出錯: zero-dimensional arrays cannot be concatenated
2025-04-07 09:37:06,039 - src.training.trainer - INFO - 監控指標改善，模型已保存至 outputs\hybrid_20250407_093316\models\best_model.pt
2025-04-07 09:37:08,228 - src.training.trainer - WARNING - 合併輸出 l2_penalty 時出錯: zero-dimensional arrays cannot be concatenated
2025-04-07 09:37:08,269 - src.training.callbacks - INFO - 模型檢查點已保存至 outputs\hybrid_20250407_093316\HybridPINNLSTMModel_20250407_093318\checkpoints\HybridPINNLSTMModel_epoch_116.pt
2025-04-07 09:37:08,277 - src.training.trainer - INFO - 監控指標改善，模型已保存至 outputs\hybrid_20250407_093316\models\best_model.pt
2025-04-07 09:37:10,169 - src.training.trainer - WARNING - 合併輸出 l2_penalty 時出錯: zero-dimensional arrays cannot be concatenated
2025-04-07 09:37:10,193 - src.training.trainer - INFO - 監控指標改善，模型已保存至 outputs\hybrid_20250407_093316\models\best_model.pt
2025-04-07 09:37:12,153 - src.training.trainer - WARNING - 合併輸出 l2_penalty 時出錯: zero-dimensional arrays cannot be concatenated
2025-04-07 09:37:12,174 - src.training.trainer - INFO - 監控指標改善，模型已保存至 outputs\hybrid_20250407_093316\models\best_model.pt
2025-04-07 09:37:14,085 - src.training.trainer - WARNING - 合併輸出 l2_penalty 時出錯: zero-dimensional arrays cannot be concatenated
2025-04-07 09:37:14,114 - src.training.trainer - INFO - 監控指標改善，模型已保存至 outputs\hybrid_20250407_093316\models\best_model.pt
2025-04-07 09:37:15,986 - src.training.trainer - WARNING - 合併輸出 l2_penalty 時出錯: zero-dimensional arrays cannot be concatenated
2025-04-07 09:37:16,017 - src.training.trainer - INFO - 監控指標改善，模型已保存至 outputs\hybrid_20250407_093316\models\best_model.pt
2025-04-07 09:37:17,988 - src.training.trainer - WARNING - 合併輸出 l2_penalty 時出錯: zero-dimensional arrays cannot be concatenated
2025-04-07 09:37:18,002 - src.training.trainer - INFO - 輪次 121/200 - 訓練損失: 0.681269 - 驗證損失: 4.696549 - rmse: 1314.275228 - r2: -2.128369 - mae: 1071.145752 - 學習率: 0.000105 - 時間: 1.98秒
2025-04-07 09:37:18,022 - src.training.callbacks - INFO - 模型檢查點已保存至 outputs\hybrid_20250407_093316\HybridPINNLSTMModel_20250407_093318\checkpoints\HybridPINNLSTMModel_epoch_121.pt
2025-04-07 09:37:18,031 - src.training.trainer - INFO - 監控指標改善，模型已保存至 outputs\hybrid_20250407_093316\models\best_model.pt
2025-04-07 09:37:19,936 - src.training.trainer - WARNING - 合併輸出 l2_penalty 時出錯: zero-dimensional arrays cannot be concatenated
2025-04-07 09:37:19,956 - src.training.trainer - INFO - 監控指標改善，模型已保存至 outputs\hybrid_20250407_093316\models\best_model.pt
2025-04-07 09:37:21,851 - src.training.trainer - WARNING - 合併輸出 l2_penalty 時出錯: zero-dimensional arrays cannot be concatenated
2025-04-07 09:37:21,879 - src.training.trainer - INFO - 監控指標改善，模型已保存至 outputs\hybrid_20250407_093316\models\best_model.pt
2025-04-07 09:37:23,791 - src.training.trainer - WARNING - 合併輸出 l2_penalty 時出錯: zero-dimensional arrays cannot be concatenated
2025-04-07 09:37:23,815 - src.training.trainer - INFO - 監控指標改善，模型已保存至 outputs\hybrid_20250407_093316\models\best_model.pt
2025-04-07 09:37:25,645 - src.training.trainer - WARNING - 合併輸出 l2_penalty 時出錯: zero-dimensional arrays cannot be concatenated
2025-04-07 09:37:25,677 - src.training.trainer - INFO - 監控指標改善，模型已保存至 outputs\hybrid_20250407_093316\models\best_model.pt
2025-04-07 09:37:27,557 - src.training.trainer - WARNING - 合併輸出 l2_penalty 時出錯: zero-dimensional arrays cannot be concatenated
2025-04-07 09:37:27,593 - src.training.callbacks - INFO - 模型檢查點已保存至 outputs\hybrid_20250407_093316\HybridPINNLSTMModel_20250407_093318\checkpoints\HybridPINNLSTMModel_epoch_126.pt
2025-04-07 09:37:27,602 - src.training.trainer - INFO - 監控指標改善，模型已保存至 outputs\hybrid_20250407_093316\models\best_model.pt
2025-04-07 09:37:29,382 - src.training.trainer - WARNING - 合併輸出 l2_penalty 時出錯: zero-dimensional arrays cannot be concatenated
2025-04-07 09:37:29,415 - src.training.trainer - INFO - 監控指標改善，模型已保存至 outputs\hybrid_20250407_093316\models\best_model.pt
2025-04-07 09:37:31,273 - src.training.trainer - WARNING - 合併輸出 l2_penalty 時出錯: zero-dimensional arrays cannot be concatenated
2025-04-07 09:37:31,301 - src.training.trainer - INFO - 監控指標改善，模型已保存至 outputs\hybrid_20250407_093316\models\best_model.pt
2025-04-07 09:37:33,121 - src.training.trainer - WARNING - 合併輸出 l2_penalty 時出錯: zero-dimensional arrays cannot be concatenated
2025-04-07 09:37:33,163 - src.training.trainer - INFO - 監控指標改善，模型已保存至 outputs\hybrid_20250407_093316\models\best_model.pt
2025-04-07 09:37:35,019 - src.training.trainer - WARNING - 合併輸出 l2_penalty 時出錯: zero-dimensional arrays cannot be concatenated
2025-04-07 09:37:35,049 - src.training.trainer - INFO - 監控指標改善，模型已保存至 outputs\hybrid_20250407_093316\models\best_model.pt
2025-04-07 09:37:36,856 - src.training.trainer - WARNING - 合併輸出 l2_penalty 時出錯: zero-dimensional arrays cannot be concatenated
2025-04-07 09:37:36,870 - src.training.trainer - INFO - 輪次 131/200 - 訓練損失: 0.643638 - 驗證損失: 4.265199 - rmse: 1299.550836 - r2: -2.058665 - mae: 1047.358154 - 學習率: 0.000214 - 時間: 1.82秒
2025-04-07 09:37:36,883 - src.training.callbacks - INFO - 模型檢查點已保存至 outputs\hybrid_20250407_093316\HybridPINNLSTMModel_20250407_093318\checkpoints\HybridPINNLSTMModel_epoch_131.pt
2025-04-07 09:37:36,891 - src.training.trainer - INFO - 監控指標改善，模型已保存至 outputs\hybrid_20250407_093316\models\best_model.pt
2025-04-07 09:37:38,741 - src.training.trainer - WARNING - 合併輸出 l2_penalty 時出錯: zero-dimensional arrays cannot be concatenated
2025-04-07 09:37:38,764 - src.training.trainer - INFO - 監控指標改善，模型已保存至 outputs\hybrid_20250407_093316\models\best_model.pt
2025-04-07 09:37:40,535 - src.training.trainer - WARNING - 合併輸出 l2_penalty 時出錯: zero-dimensional arrays cannot be concatenated
2025-04-07 09:37:40,568 - src.training.trainer - INFO - 監控指標改善，模型已保存至 outputs\hybrid_20250407_093316\models\best_model.pt
2025-04-07 09:37:42,430 - src.training.trainer - WARNING - 合併輸出 l2_penalty 時出錯: zero-dimensional arrays cannot be concatenated
2025-04-07 09:37:42,460 - src.training.trainer - INFO - 監控指標改善，模型已保存至 outputs\hybrid_20250407_093316\models\best_model.pt
2025-04-07 09:37:44,404 - src.training.trainer - WARNING - 合併輸出 l2_penalty 時出錯: zero-dimensional arrays cannot be concatenated
2025-04-07 09:37:44,426 - src.training.trainer - INFO - 監控指標改善，模型已保存至 outputs\hybrid_20250407_093316\models\best_model.pt
2025-04-07 09:37:46,299 - src.training.trainer - WARNING - 合併輸出 l2_penalty 時出錯: zero-dimensional arrays cannot be concatenated
2025-04-07 09:37:46,328 - src.training.callbacks - INFO - 模型檢查點已保存至 outputs\hybrid_20250407_093316\HybridPINNLSTMModel_20250407_093318\checkpoints\HybridPINNLSTMModel_epoch_136.pt
2025-04-07 09:37:46,337 - src.training.trainer - INFO - 監控指標改善，模型已保存至 outputs\hybrid_20250407_093316\models\best_model.pt
2025-04-07 09:37:48,164 - src.training.trainer - WARNING - 合併輸出 l2_penalty 時出錯: zero-dimensional arrays cannot be concatenated
2025-04-07 09:37:48,195 - src.training.trainer - INFO - 監控指標改善，模型已保存至 outputs\hybrid_20250407_093316\models\best_model.pt
2025-04-07 09:37:50,068 - src.training.trainer - WARNING - 合併輸出 l2_penalty 時出錯: zero-dimensional arrays cannot be concatenated
2025-04-07 09:37:50,092 - src.training.trainer - INFO - 監控指標改善，模型已保存至 outputs\hybrid_20250407_093316\models\best_model.pt
2025-04-07 09:37:51,892 - src.training.trainer - WARNING - 合併輸出 l2_penalty 時出錯: zero-dimensional arrays cannot be concatenated
2025-04-07 09:37:51,919 - src.training.trainer - INFO - 監控指標改善，模型已保存至 outputs\hybrid_20250407_093316\models\best_model.pt
2025-04-07 09:37:53,738 - src.training.trainer - WARNING - 合併輸出 l2_penalty 時出錯: zero-dimensional arrays cannot be concatenated
2025-04-07 09:37:53,767 - src.training.trainer - INFO - 監控指標改善，模型已保存至 outputs\hybrid_20250407_093316\models\best_model.pt
2025-04-07 09:37:55,706 - src.training.trainer - WARNING - 合併輸出 l2_penalty 時出錯: zero-dimensional arrays cannot be concatenated
2025-04-07 09:37:55,724 - src.training.trainer - INFO - 輪次 141/200 - 訓練損失: 0.645976 - 驗證損失: 4.482078 - rmse: 1309.422010 - r2: -2.105308 - mae: 1064.445190 - 學習率: 0.000352 - 時間: 1.96秒
2025-04-07 09:37:55,746 - src.training.callbacks - INFO - 模型檢查點已保存至 outputs\hybrid_20250407_093316\HybridPINNLSTMModel_20250407_093318\checkpoints\HybridPINNLSTMModel_epoch_141.pt
2025-04-07 09:37:55,755 - src.training.trainer - INFO - 監控指標改善，模型已保存至 outputs\hybrid_20250407_093316\models\best_model.pt
2025-04-07 09:37:57,647 - src.training.trainer - WARNING - 合併輸出 l2_penalty 時出錯: zero-dimensional arrays cannot be concatenated
2025-04-07 09:37:57,672 - src.training.trainer - INFO - 監控指標改善，模型已保存至 outputs\hybrid_20250407_093316\models\best_model.pt
2025-04-07 09:37:59,556 - src.training.trainer - WARNING - 合併輸出 l2_penalty 時出錯: zero-dimensional arrays cannot be concatenated
2025-04-07 09:37:59,586 - src.training.trainer - INFO - 監控指標改善，模型已保存至 outputs\hybrid_20250407_093316\models\best_model.pt
2025-04-07 09:38:01,507 - src.training.trainer - WARNING - 合併輸出 l2_penalty 時出錯: zero-dimensional arrays cannot be concatenated
2025-04-07 09:38:01,529 - src.training.trainer - INFO - 監控指標改善，模型已保存至 outputs\hybrid_20250407_093316\models\best_model.pt
2025-04-07 09:38:03,285 - src.training.trainer - WARNING - 合併輸出 l2_penalty 時出錯: zero-dimensional arrays cannot be concatenated
2025-04-07 09:38:03,312 - src.training.trainer - INFO - 監控指標改善，模型已保存至 outputs\hybrid_20250407_093316\models\best_model.pt
2025-04-07 09:38:05,404 - src.training.trainer - WARNING - 合併輸出 l2_penalty 時出錯: zero-dimensional arrays cannot be concatenated
2025-04-07 09:38:05,436 - src.training.callbacks - INFO - 模型檢查點已保存至 outputs\hybrid_20250407_093316\HybridPINNLSTMModel_20250407_093318\checkpoints\HybridPINNLSTMModel_epoch_146.pt
2025-04-07 09:38:05,451 - src.training.trainer - INFO - 監控指標改善，模型已保存至 outputs\hybrid_20250407_093316\models\best_model.pt
2025-04-07 09:38:07,383 - src.training.trainer - WARNING - 合併輸出 l2_penalty 時出錯: zero-dimensional arrays cannot be concatenated
2025-04-07 09:38:07,406 - src.training.trainer - INFO - 監控指標改善，模型已保存至 outputs\hybrid_20250407_093316\models\best_model.pt
2025-04-07 09:38:09,314 - src.training.trainer - WARNING - 合併輸出 l2_penalty 時出錯: zero-dimensional arrays cannot be concatenated
2025-04-07 09:38:09,343 - src.training.trainer - INFO - 監控指標改善，模型已保存至 outputs\hybrid_20250407_093316\models\best_model.pt
2025-04-07 09:38:11,210 - src.training.trainer - WARNING - 合併輸出 l2_penalty 時出錯: zero-dimensional arrays cannot be concatenated
2025-04-07 09:38:11,234 - src.training.trainer - INFO - 監控指標改善，模型已保存至 outputs\hybrid_20250407_093316\models\best_model.pt
2025-04-07 09:38:13,075 - src.training.trainer - WARNING - 合併輸出 l2_penalty 時出錯: zero-dimensional arrays cannot be concatenated
2025-04-07 09:38:13,105 - src.training.trainer - INFO - 監控指標改善，模型已保存至 outputs\hybrid_20250407_093316\models\best_model.pt
2025-04-07 09:38:14,982 - src.training.trainer - WARNING - 合併輸出 l2_penalty 時出錯: zero-dimensional arrays cannot be concatenated
2025-04-07 09:38:14,994 - src.training.trainer - INFO - 輪次 151/200 - 訓練損失: 0.626558 - 驗證損失: 4.031888 - rmse: 1298.554052 - r2: -2.053975 - mae: 1050.800659 - 學習率: 0.000505 - 時間: 1.89秒
2025-04-07 09:38:15,015 - src.training.callbacks - INFO - 模型檢查點已保存至 outputs\hybrid_20250407_093316\HybridPINNLSTMModel_20250407_093318\checkpoints\HybridPINNLSTMModel_epoch_151.pt
2025-04-07 09:38:15,026 - src.training.trainer - INFO - 監控指標改善，模型已保存至 outputs\hybrid_20250407_093316\models\best_model.pt
2025-04-07 09:38:17,001 - src.training.trainer - WARNING - 合併輸出 l2_penalty 時出錯: zero-dimensional arrays cannot be concatenated
2025-04-07 09:38:17,027 - src.training.trainer - INFO - 監控指標改善，模型已保存至 outputs\hybrid_20250407_093316\models\best_model.pt
2025-04-07 09:38:18,821 - src.training.trainer - WARNING - 合併輸出 l2_penalty 時出錯: zero-dimensional arrays cannot be concatenated
2025-04-07 09:38:18,852 - src.training.trainer - INFO - 監控指標改善，模型已保存至 outputs\hybrid_20250407_093316\models\best_model.pt
2025-04-07 09:38:20,735 - src.training.trainer - WARNING - 合併輸出 l2_penalty 時出錯: zero-dimensional arrays cannot be concatenated
2025-04-07 09:38:20,757 - src.training.trainer - INFO - 監控指標改善，模型已保存至 outputs\hybrid_20250407_093316\models\best_model.pt
2025-04-07 09:38:22,604 - src.training.trainer - WARNING - 合併輸出 l2_penalty 時出錯: zero-dimensional arrays cannot be concatenated
2025-04-07 09:38:22,628 - src.training.trainer - INFO - 監控指標改善，模型已保存至 outputs\hybrid_20250407_093316\models\best_model.pt
2025-04-07 09:38:24,549 - src.training.trainer - WARNING - 合併輸出 l2_penalty 時出錯: zero-dimensional arrays cannot be concatenated
2025-04-07 09:38:24,579 - src.training.callbacks - INFO - 模型檢查點已保存至 outputs\hybrid_20250407_093316\HybridPINNLSTMModel_20250407_093318\checkpoints\HybridPINNLSTMModel_epoch_156.pt
2025-04-07 09:38:24,593 - src.training.trainer - INFO - 監控指標改善，模型已保存至 outputs\hybrid_20250407_093316\models\best_model.pt
2025-04-07 09:38:26,519 - src.training.trainer - WARNING - 合併輸出 l2_penalty 時出錯: zero-dimensional arrays cannot be concatenated
2025-04-07 09:38:26,546 - src.training.trainer - INFO - 監控指標改善，模型已保存至 outputs\hybrid_20250407_093316\models\best_model.pt
2025-04-07 09:38:28,355 - src.training.trainer - WARNING - 合併輸出 l2_penalty 時出錯: zero-dimensional arrays cannot be concatenated
2025-04-07 09:38:28,376 - src.training.trainer - INFO - 監控指標改善，模型已保存至 outputs\hybrid_20250407_093316\models\best_model.pt
2025-04-07 09:38:30,220 - src.training.trainer - WARNING - 合併輸出 l2_penalty 時出錯: zero-dimensional arrays cannot be concatenated
2025-04-07 09:38:30,251 - src.training.trainer - INFO - 監控指標改善，模型已保存至 outputs\hybrid_20250407_093316\models\best_model.pt
2025-04-07 09:38:32,202 - src.training.trainer - WARNING - 合併輸出 l2_penalty 時出錯: zero-dimensional arrays cannot be concatenated
2025-04-07 09:38:32,231 - src.training.trainer - INFO - 監控指標改善，模型已保存至 outputs\hybrid_20250407_093316\models\best_model.pt
2025-04-07 09:38:33,944 - src.training.trainer - WARNING - 合併輸出 l2_penalty 時出錯: zero-dimensional arrays cannot be concatenated
2025-04-07 09:38:33,956 - src.training.trainer - INFO - 輪次 161/200 - 訓練損失: 0.617021 - 驗證損失: 4.031065 - rmse: 1293.242630 - r2: -2.029042 - mae: 1033.349609 - 學習率: 0.000658 - 時間: 1.73秒
2025-04-07 09:38:33,972 - src.training.callbacks - INFO - 模型檢查點已保存至 outputs\hybrid_20250407_093316\HybridPINNLSTMModel_20250407_093318\checkpoints\HybridPINNLSTMModel_epoch_161.pt
2025-04-07 09:38:33,982 - src.training.trainer - INFO - 監控指標改善，模型已保存至 outputs\hybrid_20250407_093316\models\best_model.pt
2025-04-07 09:38:35,781 - src.training.trainer - WARNING - 合併輸出 l2_penalty 時出錯: zero-dimensional arrays cannot be concatenated
2025-04-07 09:38:35,808 - src.training.trainer - INFO - 監控指標改善，模型已保存至 outputs\hybrid_20250407_093316\models\best_model.pt
2025-04-07 09:38:37,620 - src.training.trainer - WARNING - 合併輸出 l2_penalty 時出錯: zero-dimensional arrays cannot be concatenated
2025-04-07 09:38:37,650 - src.training.trainer - INFO - 監控指標改善，模型已保存至 outputs\hybrid_20250407_093316\models\best_model.pt
2025-04-07 09:38:39,506 - src.training.trainer - WARNING - 合併輸出 l2_penalty 時出錯: zero-dimensional arrays cannot be concatenated
2025-04-07 09:38:39,527 - src.training.trainer - INFO - 監控指標改善，模型已保存至 outputs\hybrid_20250407_093316\models\best_model.pt
2025-04-07 09:38:41,378 - src.training.trainer - WARNING - 合併輸出 l2_penalty 時出錯: zero-dimensional arrays cannot be concatenated
2025-04-07 09:38:41,409 - src.training.trainer - INFO - 監控指標改善，模型已保存至 outputs\hybrid_20250407_093316\models\best_model.pt
2025-04-07 09:38:43,331 - src.training.trainer - WARNING - 合併輸出 l2_penalty 時出錯: zero-dimensional arrays cannot be concatenated
2025-04-07 09:38:43,373 - src.training.callbacks - INFO - 模型檢查點已保存至 outputs\hybrid_20250407_093316\HybridPINNLSTMModel_20250407_093318\checkpoints\HybridPINNLSTMModel_epoch_166.pt
2025-04-07 09:38:43,385 - src.training.trainer - INFO - 監控指標改善，模型已保存至 outputs\hybrid_20250407_093316\models\best_model.pt
2025-04-07 09:38:45,231 - src.training.trainer - WARNING - 合併輸出 l2_penalty 時出錯: zero-dimensional arrays cannot be concatenated
2025-04-07 09:38:45,255 - src.training.trainer - INFO - 監控指標改善，模型已保存至 outputs\hybrid_20250407_093316\models\best_model.pt
2025-04-07 09:38:47,125 - src.training.trainer - WARNING - 合併輸出 l2_penalty 時出錯: zero-dimensional arrays cannot be concatenated
2025-04-07 09:38:47,155 - src.training.trainer - INFO - 監控指標改善，模型已保存至 outputs\hybrid_20250407_093316\models\best_model.pt
2025-04-07 09:38:48,977 - src.training.trainer - WARNING - 合併輸出 l2_penalty 時出錯: zero-dimensional arrays cannot be concatenated
2025-04-07 09:38:49,011 - src.training.trainer - INFO - 監控指標改善，模型已保存至 outputs\hybrid_20250407_093316\models\best_model.pt
2025-04-07 09:38:50,885 - src.training.trainer - WARNING - 合併輸出 l2_penalty 時出錯: zero-dimensional arrays cannot be concatenated
2025-04-07 09:38:50,909 - src.training.trainer - INFO - 監控指標改善，模型已保存至 outputs\hybrid_20250407_093316\models\best_model.pt
2025-04-07 09:38:52,868 - src.training.trainer - WARNING - 合併輸出 l2_penalty 時出錯: zero-dimensional arrays cannot be concatenated
2025-04-07 09:38:52,885 - src.training.trainer - INFO - 輪次 171/200 - 訓練損失: 0.602548 - 驗證損失: 3.955528 - rmse: 1295.641781 - r2: -2.040292 - mae: 1045.353027 - 學習率: 0.000796 - 時間: 1.98秒
2025-04-07 09:38:52,898 - src.training.callbacks - INFO - 模型檢查點已保存至 outputs\hybrid_20250407_093316\HybridPINNLSTMModel_20250407_093318\checkpoints\HybridPINNLSTMModel_epoch_171.pt
2025-04-07 09:38:52,913 - src.training.trainer - INFO - 監控指標改善，模型已保存至 outputs\hybrid_20250407_093316\models\best_model.pt
2025-04-07 09:38:54,771 - src.training.trainer - WARNING - 合併輸出 l2_penalty 時出錯: zero-dimensional arrays cannot be concatenated
2025-04-07 09:38:54,800 - src.training.trainer - INFO - 監控指標改善，模型已保存至 outputs\hybrid_20250407_093316\models\best_model.pt
2025-04-07 09:38:56,645 - src.training.trainer - WARNING - 合併輸出 l2_penalty 時出錯: zero-dimensional arrays cannot be concatenated
2025-04-07 09:38:56,673 - src.training.trainer - INFO - 監控指標改善，模型已保存至 outputs\hybrid_20250407_093316\models\best_model.pt
2025-04-07 09:38:58,521 - src.training.trainer - WARNING - 合併輸出 l2_penalty 時出錯: zero-dimensional arrays cannot be concatenated
2025-04-07 09:38:58,552 - src.training.trainer - INFO - 監控指標改善，模型已保存至 outputs\hybrid_20250407_093316\models\best_model.pt
2025-04-07 09:39:00,441 - src.training.trainer - WARNING - 合併輸出 l2_penalty 時出錯: zero-dimensional arrays cannot be concatenated
2025-04-07 09:39:00,470 - src.training.trainer - INFO - 監控指標改善，模型已保存至 outputs\hybrid_20250407_093316\models\best_model.pt
2025-04-07 09:39:02,256 - src.training.trainer - WARNING - 合併輸出 l2_penalty 時出錯: zero-dimensional arrays cannot be concatenated
2025-04-07 09:39:02,297 - src.training.callbacks - INFO - 模型檢查點已保存至 outputs\hybrid_20250407_093316\HybridPINNLSTMModel_20250407_093318\checkpoints\HybridPINNLSTMModel_epoch_176.pt
2025-04-07 09:39:02,306 - src.training.trainer - INFO - 監控指標改善，模型已保存至 outputs\hybrid_20250407_093316\models\best_model.pt
2025-04-07 09:39:04,212 - src.training.trainer - WARNING - 合併輸出 l2_penalty 時出錯: zero-dimensional arrays cannot be concatenated
2025-04-07 09:39:04,243 - src.training.trainer - INFO - 監控指標改善，模型已保存至 outputs\hybrid_20250407_093316\models\best_model.pt
2025-04-07 09:39:06,241 - src.training.trainer - WARNING - 合併輸出 l2_penalty 時出錯: zero-dimensional arrays cannot be concatenated
2025-04-07 09:39:06,267 - src.training.trainer - INFO - 監控指標改善，模型已保存至 outputs\hybrid_20250407_093316\models\best_model.pt
2025-04-07 09:39:08,458 - src.training.trainer - WARNING - 合併輸出 l2_penalty 時出錯: zero-dimensional arrays cannot be concatenated
2025-04-07 09:39:08,494 - src.training.trainer - INFO - 監控指標改善，模型已保存至 outputs\hybrid_20250407_093316\models\best_model.pt
2025-04-07 09:39:10,929 - src.training.trainer - WARNING - 合併輸出 l2_penalty 時出錯: zero-dimensional arrays cannot be concatenated
2025-04-07 09:39:10,967 - src.training.trainer - INFO - 監控指標改善，模型已保存至 outputs\hybrid_20250407_093316\models\best_model.pt
2025-04-07 09:39:13,000 - src.training.trainer - WARNING - 合併輸出 l2_penalty 時出錯: zero-dimensional arrays cannot be concatenated
2025-04-07 09:39:13,014 - src.training.trainer - INFO - 輪次 181/200 - 訓練損失: 0.603606 - 驗證損失: 3.960338 - rmse: 1290.968774 - r2: -2.018400 - mae: 1031.784302 - 學習率: 0.000905 - 時間: 2.05秒
2025-04-07 09:39:13,036 - src.training.callbacks - INFO - 模型檢查點已保存至 outputs\hybrid_20250407_093316\HybridPINNLSTMModel_20250407_093318\checkpoints\HybridPINNLSTMModel_epoch_181.pt
2025-04-07 09:39:13,045 - src.training.trainer - INFO - 監控指標改善，模型已保存至 outputs\hybrid_20250407_093316\models\best_model.pt
2025-04-07 09:39:14,790 - src.training.trainer - WARNING - 合併輸出 l2_penalty 時出錯: zero-dimensional arrays cannot be concatenated
2025-04-07 09:39:14,813 - src.training.trainer - INFO - 監控指標改善，模型已保存至 outputs\hybrid_20250407_093316\models\best_model.pt
2025-04-07 09:39:16,562 - src.training.trainer - WARNING - 合併輸出 l2_penalty 時出錯: zero-dimensional arrays cannot be concatenated
2025-04-07 09:39:16,586 - src.training.trainer - INFO - 監控指標改善，模型已保存至 outputs\hybrid_20250407_093316\models\best_model.pt
2025-04-07 09:39:18,458 - src.training.trainer - WARNING - 合併輸出 l2_penalty 時出錯: zero-dimensional arrays cannot be concatenated
2025-04-07 09:39:18,479 - src.training.trainer - INFO - 監控指標改善，模型已保存至 outputs\hybrid_20250407_093316\models\best_model.pt
2025-04-07 09:39:20,373 - src.training.trainer - WARNING - 合併輸出 l2_penalty 時出錯: zero-dimensional arrays cannot be concatenated
2025-04-07 09:39:20,404 - src.training.trainer - INFO - 監控指標改善，模型已保存至 outputs\hybrid_20250407_093316\models\best_model.pt
2025-04-07 09:39:22,345 - src.training.trainer - WARNING - 合併輸出 l2_penalty 時出錯: zero-dimensional arrays cannot be concatenated
2025-04-07 09:39:22,378 - src.training.callbacks - INFO - 模型檢查點已保存至 outputs\hybrid_20250407_093316\HybridPINNLSTMModel_20250407_093318\checkpoints\HybridPINNLSTMModel_epoch_186.pt
2025-04-07 09:39:22,388 - src.training.trainer - INFO - 監控指標改善，模型已保存至 outputs\hybrid_20250407_093316\models\best_model.pt
2025-04-07 09:39:24,213 - src.training.trainer - WARNING - 合併輸出 l2_penalty 時出錯: zero-dimensional arrays cannot be concatenated
2025-04-07 09:39:24,257 - src.training.trainer - INFO - 監控指標改善，模型已保存至 outputs\hybrid_20250407_093316\models\best_model.pt
2025-04-07 09:39:26,390 - src.training.trainer - WARNING - 合併輸出 l2_penalty 時出錯: zero-dimensional arrays cannot be concatenated
2025-04-07 09:39:26,417 - src.training.trainer - INFO - 監控指標改善，模型已保存至 outputs\hybrid_20250407_093316\models\best_model.pt
2025-04-07 09:39:28,484 - src.training.trainer - WARNING - 合併輸出 l2_penalty 時出錯: zero-dimensional arrays cannot be concatenated
2025-04-07 09:39:28,505 - src.training.trainer - INFO - 監控指標改善，模型已保存至 outputs\hybrid_20250407_093316\models\best_model.pt
2025-04-07 09:39:30,575 - src.training.trainer - WARNING - 合併輸出 l2_penalty 時出錯: zero-dimensional arrays cannot be concatenated
2025-04-07 09:39:30,600 - src.training.trainer - INFO - 監控指標改善，模型已保存至 outputs\hybrid_20250407_093316\models\best_model.pt
2025-04-07 09:39:32,468 - src.training.trainer - WARNING - 合併輸出 l2_penalty 時出錯: zero-dimensional arrays cannot be concatenated
2025-04-07 09:39:32,486 - src.training.trainer - INFO - 輪次 191/200 - 訓練損失: 0.590251 - 驗證損失: 4.167366 - rmse: 1305.856663 - r2: -2.088420 - mae: 1061.728271 - 學習率: 0.000976 - 時間: 1.89秒
2025-04-07 09:39:32,499 - src.training.callbacks - INFO - 模型檢查點已保存至 outputs\hybrid_20250407_093316\HybridPINNLSTMModel_20250407_093318\checkpoints\HybridPINNLSTMModel_epoch_191.pt
2025-04-07 09:39:32,513 - src.training.trainer - INFO - 監控指標改善，模型已保存至 outputs\hybrid_20250407_093316\models\best_model.pt
2025-04-07 09:39:34,573 - src.training.trainer - WARNING - 合併輸出 l2_penalty 時出錯: zero-dimensional arrays cannot be concatenated
2025-04-07 09:39:34,605 - src.training.trainer - INFO - 監控指標改善，模型已保存至 outputs\hybrid_20250407_093316\models\best_model.pt
2025-04-07 09:39:36,613 - src.training.trainer - WARNING - 合併輸出 l2_penalty 時出錯: zero-dimensional arrays cannot be concatenated
2025-04-07 09:39:36,634 - src.training.trainer - INFO - 監控指標改善，模型已保存至 outputs\hybrid_20250407_093316\models\best_model.pt
2025-04-07 09:39:38,643 - src.training.trainer - WARNING - 合併輸出 l2_penalty 時出錯: zero-dimensional arrays cannot be concatenated
2025-04-07 09:39:38,665 - src.training.trainer - INFO - 監控指標改善，模型已保存至 outputs\hybrid_20250407_093316\models\best_model.pt
2025-04-07 09:39:40,839 - src.training.trainer - WARNING - 合併輸出 l2_penalty 時出錯: zero-dimensional arrays cannot be concatenated
2025-04-07 09:39:40,867 - src.training.trainer - INFO - 監控指標改善，模型已保存至 outputs\hybrid_20250407_093316\models\best_model.pt
2025-04-07 09:39:42,939 - src.training.trainer - WARNING - 合併輸出 l2_penalty 時出錯: zero-dimensional arrays cannot be concatenated
2025-04-07 09:39:42,983 - src.training.callbacks - INFO - 模型檢查點已保存至 outputs\hybrid_20250407_093316\HybridPINNLSTMModel_20250407_093318\checkpoints\HybridPINNLSTMModel_epoch_196.pt
2025-04-07 09:39:42,998 - src.training.trainer - INFO - 監控指標改善，模型已保存至 outputs\hybrid_20250407_093316\models\best_model.pt
2025-04-07 09:39:45,097 - src.training.trainer - WARNING - 合併輸出 l2_penalty 時出錯: zero-dimensional arrays cannot be concatenated
2025-04-07 09:39:45,130 - src.training.trainer - INFO - 監控指標改善，模型已保存至 outputs\hybrid_20250407_093316\models\best_model.pt
2025-04-07 09:39:48,196 - src.training.trainer - WARNING - 合併輸出 l2_penalty 時出錯: zero-dimensional arrays cannot be concatenated
2025-04-07 09:39:48,222 - src.training.trainer - INFO - 監控指標改善，模型已保存至 outputs\hybrid_20250407_093316\models\best_model.pt
2025-04-07 09:39:50,074 - src.training.trainer - WARNING - 合併輸出 l2_penalty 時出錯: zero-dimensional arrays cannot be concatenated
2025-04-07 09:39:50,100 - src.training.trainer - INFO - 監控指標改善，模型已保存至 outputs\hybrid_20250407_093316\models\best_model.pt
2025-04-07 09:39:51,977 - src.training.trainer - WARNING - 合併輸出 l2_penalty 時出錯: zero-dimensional arrays cannot be concatenated
2025-04-07 09:39:51,993 - src.training.trainer - INFO - 輪次 200/200 - 訓練損失: 0.591589 - 驗證損失: 4.350919 - rmse: 1305.837327 - r2: -2.088329 - mae: 1058.280151 - 學習率: 0.001000 - 時間: 1.89秒
2025-04-07 09:39:52,007 - src.training.trainer - INFO - 監控指標改善，模型已保存至 outputs\hybrid_20250407_093316\models\best_model.pt
2025-04-07 09:39:52,007 - src.training.trainer - INFO - 訓練完成，總時間: 393.03秒
2025-04-07 09:39:52,020 - __main__ - INFO - 訓練完成，最終模型已保存至: outputs\hybrid_20250407_093316\models\final_model.pt
2025-04-07 09:39:52,033 - __main__ - WARNING - 合併輸出 l2_penalty 時出錯: zero-dimensional arrays cannot be concatenated
2025-04-07 09:39:52,057 - __main__ - INFO - 評估指標已保存至: outputs\hybrid_20250407_093316\evaluation\metrics.csv
2025-04-07 09:39:52,058 - __main__ - INFO - 生成視覺化結果...
2025-04-07 09:39:52,861 - src.utils.visualization - INFO - 圖像已保存至: outputs\hybrid_20250407_093316\evaluation\visualizations\pred_vs_true.png
2025-04-07 09:39:53,443 - src.utils.visualization - INFO - 圖像已保存至: outputs\hybrid_20250407_093316\evaluation\visualizations\pred_vs_true.png
2025-04-07 09:39:54,974 - src.utils.visualization - INFO - 圖像已保存至: outputs\hybrid_20250407_093316\evaluation\visualizations\error_analysis.png
2025-04-07 09:39:56,188 - src.utils.visualization - INFO - 圖像已保存至: outputs\hybrid_20250407_093316\evaluation\visualizations\physics_validation.png
2025-04-07 09:39:57,133 - src.utils.visualization - INFO - 圖像已保存至: outputs\hybrid_20250407_093316\evaluation\visualizations\attention_weights.png
2025-04-07 09:39:57,540 - src.utils.visualization - INFO - 已生成 6 個視覺化圖表於 outputs\hybrid_20250407_093316\evaluation\visualizations
2025-04-07 09:39:57,541 - __main__ - INFO - 評估完成，結果已保存至: outputs\hybrid_20250407_093316\evaluation
2025-04-07 09:39:57,541 - __main__ - INFO - 任務完成
