2025-04-07 10:14:49,297 - __main__ - DEBUG - 埃岿家Αw币ノ
2025-04-07 10:14:49,308 - __main__ - INFO - Θ\更Jtmゅン: configs/model_config.yaml
2025-04-07 10:14:49,326 - __main__ - INFO - Θ\更Jtmゅン: configs/train_config.yaml
2025-04-07 10:14:49,329 - __main__ - INFO - w]wH诀贺l: 42
2025-04-07 10:14:49,330 - __main__ - INFO - ㄏノp衡]称: cpu
2025-04-07 10:14:49,330 - __main__ - INFO - 块Xヘ魁: outputs\hybrid_20250407_101449
2025-04-07 10:14:49,332 - __main__ - INFO - 更J戈: data/raw/Training_data_warpage_final_20250321_v1.2.csv
2025-04-07 10:14:49,338 - src.data.preprocess - INFO - Θ\更J戈评僧: data/raw/Training_data_warpage_final_20250321_v1.2.csvA@ 81 掸戈啤A18 幽姒
2025-04-07 10:14:49,341 - src.data.preprocess - INFO - 夹非てЧΘASx计q: 5
2025-04-07 10:14:49,342 - src.data.preprocess - INFO - 啥¨铅C戈品浅僻功āA为: (81, 4, 2)
2025-04-07 10:14:49,344 - src.data.preprocess - INFO - 戈皮莱围功 - Vm栋: 56 妓セ, 喷靡栋: 12 妓セ, 代刚栋: 13 妓セ
2025-04-07 10:14:49,344 - src.data.preprocess - INFO - Ч俱戈瞥Bzy{ЧΘ
2025-04-07 10:14:49,344 - __main__ - INFO - 戈皮莱围功, Vm栋: 56 妓セ, 喷靡栋: 12 妓セ, 代刚栋: 13 妓セ
2025-04-07 10:14:49,344 - __main__ - INFO - 莱ノ戈萍Wj...
2025-04-07 10:14:49,345 - src.data.dataset - INFO - i娓戤萍WjA飑lVm栋jp: 56 妓セ
2025-04-07 10:14:49,529 - src.data.dataset - INFO - 戈萍WjЧΘAWj岐喊Vm栋jp: 626 妓セ
2025-04-07 10:14:49,529 - __main__ - INFO - 戈萍WjЧΘAWj岐喊Vm栋jp: 626 妓セ
2025-04-07 10:14:49,542 - __main__ - INFO - 承夭VXPINN-LSTM家Aㄏノz: TrueA磕Xよk: weighted
2025-04-07 10:14:49,544 - src.data.dataset - INFO - w承馗戤聘J竟 - Vm: 626 妓セ, 喷靡: 12 妓セ, 代刚: 13 妓セ, уΩjp: 8
2025-04-07 10:14:51,737 - src.training.trainer - INFO - 承adamuて竟A厩策v: 0.001AvI搭: 0.0001
2025-04-07 10:14:51,738 - src.training.losses - INFO - 飑lてHybridLoss: lambda_physics=0.01, lambda_consistency=0.01, a=55.83, b=-2.259, log_space=True, l1_reg=0.0, l2_reg=0.001
2025-04-07 10:14:51,738 - src.training.losses - INFO - 飑lてAdaptiveHybridLoss: physicsvq0.01W[0.5, consistencyvq0.01W[0.3, b50咏ΩずF斐踏j, w荐近Ω: 5, 秸俱よ: linear
2025-04-07 10:14:51,739 - src.training.trainer - INFO - 承鼐l┒h蹙遣卟v秸拙埂Ag戳: 100A程p厩策v: 1e-05
2025-04-07 10:14:51,754 - src.training.callbacks - INFO - 飑lてModelCheckpoint: Osヘ魁=outputs\hybrid_20250407_101449\HybridPINNLSTMModel_20250407_101451\checkpoints, OsWv=5, uOs程ㄎ=False, 菏北夹=val_loss, 家Α=min
2025-04-07 10:14:51,754 - src.training.callbacks - INFO - 飑lてLossHistory: Os隔|=outputs\hybrid_20250407_101449\HybridPINNLSTMModel_20250407_101451\history.json, OsWv=1
2025-04-07 10:14:51,758 - src.training.trainer - INFO - 飑lてVm竟ЧΘA家: HybridPINNLSTMModel, uて竟: Adam, ]称: cpu
2025-04-07 10:14:51,758 - __main__ - INFO - }lVmA`近计: 200
2025-04-07 10:14:51,758 - src.training.trainer - INFO - }lVmA`近计: 200
2025-04-07 10:14:53,649 - src.training.trainer - INFO - 近Ω 1/200 - Vmlア: 13.983747 - 喷靡lア: 16.597233 - rmse: 1378.511516 - r2: -2.441646 - mae: 1155.661743 - 厩策v: 0.001000 - 啥: 1.89
2025-04-07 10:14:53,673 - src.training.callbacks - INFO - 家浪dIwOs outputs\hybrid_20250407_101449\HybridPINNLSTMModel_20250407_101451\checkpoints\HybridPINNLSTMModel_epoch_001.pt
2025-04-07 10:14:53,683 - src.training.trainer - INFO - 菏北夹э到A家wOs outputs\hybrid_20250407_101449\models\best_model.pt
2025-04-07 10:14:55,699 - src.training.trainer - INFO - 菏北夹э到A家wOs outputs\hybrid_20250407_101449\models\best_model.pt
2025-04-07 10:14:57,925 - src.training.trainer - INFO - 菏北夹э到A家wOs outputs\hybrid_20250407_101449\models\best_model.pt
2025-04-07 10:15:00,093 - src.training.trainer - INFO - 菏北夹э到A家wOs outputs\hybrid_20250407_101449\models\best_model.pt
2025-04-07 10:15:02,280 - src.training.trainer - INFO - 菏北夹э到A家wOs outputs\hybrid_20250407_101449\models\best_model.pt
2025-04-07 10:15:04,513 - src.training.callbacks - INFO - 家浪dIwOs outputs\hybrid_20250407_101449\HybridPINNLSTMModel_20250407_101451\checkpoints\HybridPINNLSTMModel_epoch_006.pt
2025-04-07 10:15:04,520 - src.training.trainer - INFO - 菏北夹э到A家wOs outputs\hybrid_20250407_101449\models\best_model.pt
2025-04-07 10:15:06,671 - src.training.trainer - INFO - 菏北夹э到A家wOs outputs\hybrid_20250407_101449\models\best_model.pt
2025-04-07 10:15:08,459 - src.training.trainer - INFO - 菏北夹э到A家wOs outputs\hybrid_20250407_101449\models\best_model.pt
2025-04-07 10:15:10,433 - src.training.trainer - INFO - 菏北夹э到A家wOs outputs\hybrid_20250407_101449\models\best_model.pt
2025-04-07 10:15:12,574 - src.training.trainer - INFO - 菏北夹э到A家wOs outputs\hybrid_20250407_101449\models\best_model.pt
2025-04-07 10:15:14,416 - src.training.trainer - INFO - 近Ω 11/200 - Vmlア: 1.263768 - 喷靡lア: 5.530506 - rmse: 1322.869561 - r2: -2.169417 - mae: 1084.616333 - 厩策v: 0.000976 - 啥: 1.84
2025-04-07 10:15:14,429 - src.training.callbacks - INFO - 家浪dIwOs outputs\hybrid_20250407_101449\HybridPINNLSTMModel_20250407_101451\checkpoints\HybridPINNLSTMModel_epoch_011.pt
2025-04-07 10:15:14,436 - src.training.trainer - INFO - 菏北夹э到A家wOs outputs\hybrid_20250407_101449\models\best_model.pt
2025-04-07 10:15:16,205 - src.training.trainer - INFO - 菏北夹э到A家wOs outputs\hybrid_20250407_101449\models\best_model.pt
2025-04-07 10:15:17,943 - src.training.trainer - INFO - 菏北夹э到A家wOs outputs\hybrid_20250407_101449\models\best_model.pt
2025-04-07 10:15:19,592 - src.training.trainer - INFO - 菏北夹э到A家wOs outputs\hybrid_20250407_101449\models\best_model.pt
2025-04-07 10:15:21,347 - src.training.trainer - INFO - 菏北夹э到A家wOs outputs\hybrid_20250407_101449\models\best_model.pt
2025-04-07 10:15:23,014 - src.training.callbacks - INFO - 家浪dIwOs outputs\hybrid_20250407_101449\HybridPINNLSTMModel_20250407_101451\checkpoints\HybridPINNLSTMModel_epoch_016.pt
2025-04-07 10:15:23,023 - src.training.trainer - INFO - 菏北夹э到A家wOs outputs\hybrid_20250407_101449\models\best_model.pt
2025-04-07 10:15:24,932 - src.training.trainer - INFO - 菏北夹э到A家wOs outputs\hybrid_20250407_101449\models\best_model.pt
2025-04-07 10:15:26,806 - src.training.trainer - INFO - 菏北夹э到A家wOs outputs\hybrid_20250407_101449\models\best_model.pt
2025-04-07 10:15:28,817 - src.training.trainer - INFO - 菏北夹э到A家wOs outputs\hybrid_20250407_101449\models\best_model.pt
2025-04-07 10:15:30,746 - src.training.trainer - INFO - 菏北夹э到A家wOs outputs\hybrid_20250407_101449\models\best_model.pt
2025-04-07 10:15:32,578 - src.training.trainer - INFO - 近Ω 21/200 - Vmlア: 1.085351 - 喷靡lア: 5.277408 - rmse: 1324.503492 - r2: -2.177251 - mae: 1086.448364 - 厩策v: 0.000905 - 啥: 1.83
2025-04-07 10:15:32,596 - src.training.callbacks - INFO - 家浪dIwOs outputs\hybrid_20250407_101449\HybridPINNLSTMModel_20250407_101451\checkpoints\HybridPINNLSTMModel_epoch_021.pt
2025-04-07 10:15:32,607 - src.training.trainer - INFO - 菏北夹э到A家wOs outputs\hybrid_20250407_101449\models\best_model.pt
2025-04-07 10:15:34,515 - src.training.trainer - INFO - 菏北夹э到A家wOs outputs\hybrid_20250407_101449\models\best_model.pt
2025-04-07 10:15:36,268 - src.training.trainer - INFO - 菏北夹э到A家wOs outputs\hybrid_20250407_101449\models\best_model.pt
2025-04-07 10:15:37,883 - src.training.trainer - INFO - 菏北夹э到A家wOs outputs\hybrid_20250407_101449\models\best_model.pt
2025-04-07 10:15:39,589 - src.training.trainer - INFO - 菏北夹э到A家wOs outputs\hybrid_20250407_101449\models\best_model.pt
2025-04-07 10:15:41,347 - src.training.callbacks - INFO - 家浪dIwOs outputs\hybrid_20250407_101449\HybridPINNLSTMModel_20250407_101451\checkpoints\HybridPINNLSTMModel_epoch_026.pt
2025-04-07 10:15:41,355 - src.training.trainer - INFO - 菏北夹э到A家wOs outputs\hybrid_20250407_101449\models\best_model.pt
2025-04-07 10:15:43,093 - src.training.trainer - INFO - 菏北夹э到A家wOs outputs\hybrid_20250407_101449\models\best_model.pt
2025-04-07 10:15:44,816 - src.training.trainer - INFO - 菏北夹э到A家wOs outputs\hybrid_20250407_101449\models\best_model.pt
2025-04-07 10:15:46,527 - src.training.trainer - INFO - 菏北夹э到A家wOs outputs\hybrid_20250407_101449\models\best_model.pt
2025-04-07 10:15:48,200 - src.training.trainer - INFO - 菏北夹э到A家wOs outputs\hybrid_20250407_101449\models\best_model.pt
2025-04-07 10:15:49,918 - src.training.trainer - INFO - 近Ω 31/200 - Vmlア: 0.890902 - 喷靡lア: 2.713515 - rmse: 1238.669902 - r2: -1.778795 - mae: 977.564453 - 厩策v: 0.000796 - 啥: 1.72
2025-04-07 10:15:49,943 - src.training.callbacks - INFO - 家浪dIwOs outputs\hybrid_20250407_101449\HybridPINNLSTMModel_20250407_101451\checkpoints\HybridPINNLSTMModel_epoch_031.pt
2025-04-07 10:15:49,965 - src.training.trainer - INFO - 菏北夹э到A家wOs outputs\hybrid_20250407_101449\models\best_model.pt
2025-04-07 10:15:51,728 - src.training.trainer - INFO - 菏北夹э到A家wOs outputs\hybrid_20250407_101449\models\best_model.pt
2025-04-07 10:15:53,337 - src.training.trainer - INFO - 菏北夹э到A家wOs outputs\hybrid_20250407_101449\models\best_model.pt
2025-04-07 10:15:55,001 - src.training.trainer - INFO - 菏北夹э到A家wOs outputs\hybrid_20250407_101449\models\best_model.pt
2025-04-07 10:15:56,785 - src.training.trainer - INFO - 菏北夹э到A家wOs outputs\hybrid_20250407_101449\models\best_model.pt
2025-04-07 10:15:58,450 - src.training.callbacks - INFO - 家浪dIwOs outputs\hybrid_20250407_101449\HybridPINNLSTMModel_20250407_101451\checkpoints\HybridPINNLSTMModel_epoch_036.pt
2025-04-07 10:15:58,457 - src.training.trainer - INFO - 菏北夹э到A家wOs outputs\hybrid_20250407_101449\models\best_model.pt
2025-04-07 10:16:00,291 - src.training.trainer - INFO - 菏北夹э到A家wOs outputs\hybrid_20250407_101449\models\best_model.pt
2025-04-07 10:16:02,049 - src.training.trainer - INFO - 菏北夹э到A家wOs outputs\hybrid_20250407_101449\models\best_model.pt
2025-04-07 10:16:03,820 - src.training.trainer - INFO - 菏北夹э到A家wOs outputs\hybrid_20250407_101449\models\best_model.pt
2025-04-07 10:16:05,749 - src.training.trainer - INFO - 菏北夹э到A家wOs outputs\hybrid_20250407_101449\models\best_model.pt
2025-04-07 10:16:07,727 - src.training.trainer - INFO - 近Ω 41/200 - Vmlア: 0.797500 - 喷靡lア: 4.994486 - rmse: 1320.384934 - r2: -2.157522 - mae: 1079.822876 - 厩策v: 0.000658 - 啥: 1.98
2025-04-07 10:16:07,745 - src.training.callbacks - INFO - 家浪dIwOs outputs\hybrid_20250407_101449\HybridPINNLSTMModel_20250407_101451\checkpoints\HybridPINNLSTMModel_epoch_041.pt
2025-04-07 10:16:07,755 - src.training.trainer - INFO - 菏北夹э到A家wOs outputs\hybrid_20250407_101449\models\best_model.pt
2025-04-07 10:16:09,683 - src.training.trainer - INFO - 菏北夹э到A家wOs outputs\hybrid_20250407_101449\models\best_model.pt
2025-04-07 10:16:11,611 - src.training.trainer - INFO - 菏北夹э到A家wOs outputs\hybrid_20250407_101449\models\best_model.pt
2025-04-07 10:16:13,440 - src.training.trainer - INFO - 菏北夹э到A家wOs outputs\hybrid_20250407_101449\models\best_model.pt
2025-04-07 10:16:15,132 - src.training.trainer - INFO - 菏北夹э到A家wOs outputs\hybrid_20250407_101449\models\best_model.pt
2025-04-07 10:16:17,324 - src.training.callbacks - INFO - 家浪dIwOs outputs\hybrid_20250407_101449\HybridPINNLSTMModel_20250407_101451\checkpoints\HybridPINNLSTMModel_epoch_046.pt
2025-04-07 10:16:17,337 - src.training.trainer - INFO - 菏北夹э到A家wOs outputs\hybrid_20250407_101449\models\best_model.pt
2025-04-07 10:16:19,432 - src.training.trainer - INFO - 菏北夹э到A家wOs outputs\hybrid_20250407_101449\models\best_model.pt
2025-04-07 10:16:21,693 - src.training.trainer - INFO - 菏北夹э到A家wOs outputs\hybrid_20250407_101449\models\best_model.pt
2025-04-07 10:16:23,604 - src.training.trainer - INFO - 菏北夹э到A家wOs outputs\hybrid_20250407_101449\models\best_model.pt
2025-04-07 10:16:25,290 - src.training.trainer - INFO - 菏北夹э到A家wOs outputs\hybrid_20250407_101449\models\best_model.pt
2025-04-07 10:16:27,158 - src.training.trainer - INFO - 近Ω 51/200 - Vmlア: 0.744222 - 喷靡lア: 4.983957 - rmse: 1319.384752 - r2: -2.152741 - mae: 1076.359863 - 厩策v: 0.000505 - 啥: 1.87
2025-04-07 10:16:27,180 - src.training.callbacks - INFO - 家浪dIwOs outputs\hybrid_20250407_101449\HybridPINNLSTMModel_20250407_101451\checkpoints\HybridPINNLSTMModel_epoch_051.pt
2025-04-07 10:16:27,192 - src.training.trainer - INFO - 菏北夹э到A家wOs outputs\hybrid_20250407_101449\models\best_model.pt
2025-04-07 10:16:29,385 - src.training.trainer - INFO - 菏北夹э到A家wOs outputs\hybrid_20250407_101449\models\best_model.pt
2025-04-07 10:16:31,824 - src.training.trainer - INFO - 菏北夹э到A家wOs outputs\hybrid_20250407_101449\models\best_model.pt
2025-04-07 10:16:34,124 - src.training.trainer - INFO - 菏北夹э到A家wOs outputs\hybrid_20250407_101449\models\best_model.pt
2025-04-07 10:16:36,353 - src.training.trainer - INFO - 菏北夹э到A家wOs outputs\hybrid_20250407_101449\models\best_model.pt
2025-04-07 10:16:38,831 - src.training.callbacks - INFO - 家浪dIwOs outputs\hybrid_20250407_101449\HybridPINNLSTMModel_20250407_101451\checkpoints\HybridPINNLSTMModel_epoch_056.pt
2025-04-07 10:16:38,843 - src.training.trainer - INFO - 菏北夹э到A家wOs outputs\hybrid_20250407_101449\models\best_model.pt
2025-04-07 10:16:41,335 - src.training.trainer - INFO - 菏北夹э到A家wOs outputs\hybrid_20250407_101449\models\best_model.pt
2025-04-07 10:16:43,497 - src.training.trainer - INFO - 菏北夹э到A家wOs outputs\hybrid_20250407_101449\models\best_model.pt
2025-04-07 10:16:45,577 - src.training.trainer - INFO - 菏北夹э到A家wOs outputs\hybrid_20250407_101449\models\best_model.pt
2025-04-07 10:16:47,788 - src.training.trainer - INFO - 菏北夹э到A家wOs outputs\hybrid_20250407_101449\models\best_model.pt
2025-04-07 10:16:49,960 - src.training.trainer - INFO - 近Ω 61/200 - Vmlア: 0.706393 - 喷靡lア: 4.588671 - rmse: 1312.578236 - r2: -2.120296 - mae: 1070.076660 - 厩策v: 0.000352 - 啥: 2.17
2025-04-07 10:16:49,983 - src.training.callbacks - INFO - 家浪dIwOs outputs\hybrid_20250407_101449\HybridPINNLSTMModel_20250407_101451\checkpoints\HybridPINNLSTMModel_epoch_061.pt
2025-04-07 10:16:49,993 - src.training.trainer - INFO - 菏北夹э到A家wOs outputs\hybrid_20250407_101449\models\best_model.pt
2025-04-07 10:16:52,156 - src.training.trainer - INFO - 菏北夹э到A家wOs outputs\hybrid_20250407_101449\models\best_model.pt
2025-04-07 10:16:54,375 - src.training.trainer - INFO - 菏北夹э到A家wOs outputs\hybrid_20250407_101449\models\best_model.pt
2025-04-07 10:16:56,630 - src.training.trainer - INFO - 菏北夹э到A家wOs outputs\hybrid_20250407_101449\models\best_model.pt
2025-04-07 10:16:58,970 - src.training.trainer - INFO - 菏北夹э到A家wOs outputs\hybrid_20250407_101449\models\best_model.pt
2025-04-07 10:17:01,306 - src.training.callbacks - INFO - 家浪dIwOs outputs\hybrid_20250407_101449\HybridPINNLSTMModel_20250407_101451\checkpoints\HybridPINNLSTMModel_epoch_066.pt
2025-04-07 10:17:01,316 - src.training.trainer - INFO - 菏北夹э到A家wOs outputs\hybrid_20250407_101449\models\best_model.pt
2025-04-07 10:17:03,430 - src.training.trainer - INFO - 菏北夹э到A家wOs outputs\hybrid_20250407_101449\models\best_model.pt
2025-04-07 10:17:05,449 - src.training.trainer - INFO - 菏北夹э到A家wOs outputs\hybrid_20250407_101449\models\best_model.pt
2025-04-07 10:17:07,364 - src.training.trainer - INFO - 菏北夹э到A家wOs outputs\hybrid_20250407_101449\models\best_model.pt
2025-04-07 10:17:09,438 - src.training.trainer - INFO - 菏北夹э到A家wOs outputs\hybrid_20250407_101449\models\best_model.pt
2025-04-07 10:17:11,358 - src.training.trainer - INFO - 近Ω 71/200 - Vmlア: 0.685055 - 喷靡lア: 4.519617 - rmse: 1307.802881 - r2: -2.097633 - mae: 1060.171265 - 厩策v: 0.000214 - 啥: 1.92
2025-04-07 10:17:11,375 - src.training.callbacks - INFO - 家浪dIwOs outputs\hybrid_20250407_101449\HybridPINNLSTMModel_20250407_101451\checkpoints\HybridPINNLSTMModel_epoch_071.pt
2025-04-07 10:17:11,388 - src.training.trainer - INFO - 菏北夹э到A家wOs outputs\hybrid_20250407_101449\models\best_model.pt
2025-04-07 10:17:13,294 - src.training.trainer - INFO - 菏北夹э到A家wOs outputs\hybrid_20250407_101449\models\best_model.pt
2025-04-07 10:17:15,287 - src.training.trainer - INFO - 菏北夹э到A家wOs outputs\hybrid_20250407_101449\models\best_model.pt
2025-04-07 10:17:17,656 - src.training.trainer - INFO - 菏北夹э到A家wOs outputs\hybrid_20250407_101449\models\best_model.pt
2025-04-07 10:17:19,872 - src.training.trainer - INFO - 菏北夹э到A家wOs outputs\hybrid_20250407_101449\models\best_model.pt
2025-04-07 10:17:22,201 - src.training.callbacks - INFO - 家浪dIwOs outputs\hybrid_20250407_101449\HybridPINNLSTMModel_20250407_101451\checkpoints\HybridPINNLSTMModel_epoch_076.pt
2025-04-07 10:17:22,212 - src.training.trainer - INFO - 菏北夹э到A家wOs outputs\hybrid_20250407_101449\models\best_model.pt
2025-04-07 10:17:24,415 - src.training.trainer - INFO - 菏北夹э到A家wOs outputs\hybrid_20250407_101449\models\best_model.pt
2025-04-07 10:17:26,590 - src.training.trainer - INFO - 菏北夹э到A家wOs outputs\hybrid_20250407_101449\models\best_model.pt
2025-04-07 10:17:28,423 - src.training.trainer - INFO - 菏北夹э到A家wOs outputs\hybrid_20250407_101449\models\best_model.pt
2025-04-07 10:17:30,523 - src.training.trainer - INFO - 菏北夹э到A家wOs outputs\hybrid_20250407_101449\models\best_model.pt
2025-04-07 10:17:32,914 - src.training.trainer - INFO - 近Ω 81/200 - Vmlア: 0.679567 - 喷靡lア: 4.714979 - rmse: 1311.486561 - r2: -2.115108 - mae: 1064.333130 - 厩策v: 0.000105 - 啥: 2.39
2025-04-07 10:17:32,939 - src.training.callbacks - INFO - 家浪dIwOs outputs\hybrid_20250407_101449\HybridPINNLSTMModel_20250407_101451\checkpoints\HybridPINNLSTMModel_epoch_081.pt
2025-04-07 10:17:32,951 - src.training.trainer - INFO - 菏北夹э到A家wOs outputs\hybrid_20250407_101449\models\best_model.pt
2025-04-07 10:17:35,093 - src.training.trainer - INFO - 菏北夹э到A家wOs outputs\hybrid_20250407_101449\models\best_model.pt
2025-04-07 10:17:37,081 - src.training.trainer - INFO - 菏北夹э到A家wOs outputs\hybrid_20250407_101449\models\best_model.pt
2025-04-07 10:17:38,902 - src.training.trainer - INFO - 菏北夹э到A家wOs outputs\hybrid_20250407_101449\models\best_model.pt
2025-04-07 10:17:40,703 - src.training.trainer - INFO - 菏北夹э到A家wOs outputs\hybrid_20250407_101449\models\best_model.pt
2025-04-07 10:17:42,434 - src.training.callbacks - INFO - 家浪dIwOs outputs\hybrid_20250407_101449\HybridPINNLSTMModel_20250407_101451\checkpoints\HybridPINNLSTMModel_epoch_086.pt
2025-04-07 10:17:42,442 - src.training.trainer - INFO - 菏北夹э到A家wOs outputs\hybrid_20250407_101449\models\best_model.pt
2025-04-07 10:17:44,196 - src.training.trainer - INFO - 菏北夹э到A家wOs outputs\hybrid_20250407_101449\models\best_model.pt
2025-04-07 10:17:46,120 - src.training.trainer - INFO - 菏北夹э到A家wOs outputs\hybrid_20250407_101449\models\best_model.pt
2025-04-07 10:17:48,016 - src.training.trainer - INFO - 菏北夹э到A家wOs outputs\hybrid_20250407_101449\models\best_model.pt
2025-04-07 10:17:50,054 - src.training.trainer - INFO - 菏北夹э到A家wOs outputs\hybrid_20250407_101449\models\best_model.pt
2025-04-07 10:17:52,018 - src.training.trainer - INFO - 近Ω 91/200 - Vmlア: 0.680221 - 喷靡lア: 4.249758 - rmse: 1299.795946 - r2: -2.059819 - mae: 1047.691406 - 厩策v: 0.000034 - 啥: 1.96
2025-04-07 10:17:52,038 - src.training.callbacks - INFO - 家浪dIwOs outputs\hybrid_20250407_101449\HybridPINNLSTMModel_20250407_101451\checkpoints\HybridPINNLSTMModel_epoch_091.pt
2025-04-07 10:17:52,049 - src.training.trainer - INFO - 菏北夹э到A家wOs outputs\hybrid_20250407_101449\models\best_model.pt
2025-04-07 10:17:53,968 - src.training.trainer - INFO - 菏北夹э到A家wOs outputs\hybrid_20250407_101449\models\best_model.pt
2025-04-07 10:17:55,813 - src.training.trainer - INFO - 菏北夹э到A家wOs outputs\hybrid_20250407_101449\models\best_model.pt
2025-04-07 10:17:57,524 - src.training.trainer - INFO - 菏北夹э到A家wOs outputs\hybrid_20250407_101449\models\best_model.pt
2025-04-07 10:17:59,287 - src.training.trainer - INFO - 菏北夹э到A家wOs outputs\hybrid_20250407_101449\models\best_model.pt
2025-04-07 10:18:01,100 - src.training.callbacks - INFO - 家浪dIwOs outputs\hybrid_20250407_101449\HybridPINNLSTMModel_20250407_101451\checkpoints\HybridPINNLSTMModel_epoch_096.pt
2025-04-07 10:18:01,112 - src.training.trainer - INFO - 菏北夹э到A家wOs outputs\hybrid_20250407_101449\models\best_model.pt
2025-04-07 10:18:02,807 - src.training.trainer - INFO - 菏北夹э到A家wOs outputs\hybrid_20250407_101449\models\best_model.pt
2025-04-07 10:18:04,607 - src.training.trainer - INFO - 菏北夹э到A家wOs outputs\hybrid_20250407_101449\models\best_model.pt
2025-04-07 10:18:06,402 - src.training.trainer - INFO - 菏北夹э到A家wOs outputs\hybrid_20250407_101449\models\best_model.pt
2025-04-07 10:18:08,169 - src.training.trainer - INFO - 菏北夹э到A家wOs outputs\hybrid_20250407_101449\models\best_model.pt
2025-04-07 10:18:10,044 - src.training.trainer - INFO - 近Ω 101/200 - Vmlア: 0.670412 - 喷靡lア: 4.386134 - rmse: 1305.189258 - r2: -2.085264 - mae: 1056.785156 - 厩策v: 0.000010 - 啥: 1.87
2025-04-07 10:18:10,066 - src.training.callbacks - INFO - 家浪dIwOs outputs\hybrid_20250407_101449\HybridPINNLSTMModel_20250407_101451\checkpoints\HybridPINNLSTMModel_epoch_101.pt
2025-04-07 10:18:10,073 - src.training.trainer - INFO - 菏北夹э到A家wOs outputs\hybrid_20250407_101449\models\best_model.pt
2025-04-07 10:18:11,843 - src.training.trainer - INFO - 菏北夹э到A家wOs outputs\hybrid_20250407_101449\models\best_model.pt
2025-04-07 10:18:13,523 - src.training.trainer - INFO - 菏北夹э到A家wOs outputs\hybrid_20250407_101449\models\best_model.pt
2025-04-07 10:18:15,346 - src.training.trainer - INFO - 菏北夹э到A家wOs outputs\hybrid_20250407_101449\models\best_model.pt
2025-04-07 10:18:17,113 - src.training.trainer - INFO - 菏北夹э到A家wOs outputs\hybrid_20250407_101449\models\best_model.pt
2025-04-07 10:18:18,887 - src.training.callbacks - INFO - 家浪dIwOs outputs\hybrid_20250407_101449\HybridPINNLSTMModel_20250407_101451\checkpoints\HybridPINNLSTMModel_epoch_106.pt
2025-04-07 10:18:18,895 - src.training.trainer - INFO - 菏北夹э到A家wOs outputs\hybrid_20250407_101449\models\best_model.pt
2025-04-07 10:18:20,787 - src.training.trainer - INFO - 菏北夹э到A家wOs outputs\hybrid_20250407_101449\models\best_model.pt
2025-04-07 10:18:22,532 - src.training.trainer - INFO - 菏北夹э到A家wOs outputs\hybrid_20250407_101449\models\best_model.pt
2025-04-07 10:18:24,319 - src.training.trainer - INFO - 菏北夹э到A家wOs outputs\hybrid_20250407_101449\models\best_model.pt
2025-04-07 10:18:26,142 - src.training.trainer - INFO - 菏北夹э到A家wOs outputs\hybrid_20250407_101449\models\best_model.pt
2025-04-07 10:18:27,942 - src.training.trainer - INFO - 近Ω 111/200 - Vmlア: 0.658861 - 喷靡lア: 4.202169 - rmse: 1299.906199 - r2: -2.060338 - mae: 1049.685547 - 厩策v: 0.000034 - 啥: 1.80
2025-04-07 10:18:27,960 - src.training.callbacks - INFO - 家浪dIwOs outputs\hybrid_20250407_101449\HybridPINNLSTMModel_20250407_101451\checkpoints\HybridPINNLSTMModel_epoch_111.pt
2025-04-07 10:18:27,973 - src.training.trainer - INFO - 菏北夹э到A家wOs outputs\hybrid_20250407_101449\models\best_model.pt
2025-04-07 10:18:29,992 - src.training.trainer - INFO - 菏北夹э到A家wOs outputs\hybrid_20250407_101449\models\best_model.pt
2025-04-07 10:18:31,954 - src.training.trainer - INFO - 菏北夹э到A家wOs outputs\hybrid_20250407_101449\models\best_model.pt
2025-04-07 10:18:33,997 - src.training.trainer - INFO - 菏北夹э到A家wOs outputs\hybrid_20250407_101449\models\best_model.pt
2025-04-07 10:18:36,409 - src.training.trainer - INFO - 菏北夹э到A家wOs outputs\hybrid_20250407_101449\models\best_model.pt
2025-04-07 10:18:38,406 - src.training.callbacks - INFO - 家浪dIwOs outputs\hybrid_20250407_101449\HybridPINNLSTMModel_20250407_101451\checkpoints\HybridPINNLSTMModel_epoch_116.pt
2025-04-07 10:18:38,418 - src.training.trainer - INFO - 菏北夹э到A家wOs outputs\hybrid_20250407_101449\models\best_model.pt
2025-04-07 10:18:40,532 - src.training.trainer - INFO - 菏北夹э到A家wOs outputs\hybrid_20250407_101449\models\best_model.pt
2025-04-07 10:18:42,576 - src.training.trainer - INFO - 菏北夹э到A家wOs outputs\hybrid_20250407_101449\models\best_model.pt
2025-04-07 10:18:44,568 - src.training.trainer - INFO - 菏北夹э到A家wOs outputs\hybrid_20250407_101449\models\best_model.pt
2025-04-07 10:18:46,552 - src.training.trainer - INFO - 菏北夹э到A家wOs outputs\hybrid_20250407_101449\models\best_model.pt
2025-04-07 10:18:48,545 - src.training.trainer - INFO - 近Ω 121/200 - Vmlア: 0.681269 - 喷靡lア: 4.696549 - rmse: 1314.275228 - r2: -2.128369 - mae: 1071.145752 - 厩策v: 0.000105 - 啥: 1.99
2025-04-07 10:18:48,567 - src.training.callbacks - INFO - 家浪dIwOs outputs\hybrid_20250407_101449\HybridPINNLSTMModel_20250407_101451\checkpoints\HybridPINNLSTMModel_epoch_121.pt
2025-04-07 10:18:48,579 - src.training.trainer - INFO - 菏北夹э到A家wOs outputs\hybrid_20250407_101449\models\best_model.pt
2025-04-07 10:18:50,620 - src.training.trainer - INFO - 菏北夹э到A家wOs outputs\hybrid_20250407_101449\models\best_model.pt
2025-04-07 10:18:52,729 - src.training.trainer - INFO - 菏北夹э到A家wOs outputs\hybrid_20250407_101449\models\best_model.pt
2025-04-07 10:18:54,749 - src.training.trainer - INFO - 菏北夹э到A家wOs outputs\hybrid_20250407_101449\models\best_model.pt
2025-04-07 10:18:56,785 - src.training.trainer - INFO - 菏北夹э到A家wOs outputs\hybrid_20250407_101449\models\best_model.pt
2025-04-07 10:18:58,876 - src.training.callbacks - INFO - 家浪dIwOs outputs\hybrid_20250407_101449\HybridPINNLSTMModel_20250407_101451\checkpoints\HybridPINNLSTMModel_epoch_126.pt
2025-04-07 10:18:58,887 - src.training.trainer - INFO - 菏北夹э到A家wOs outputs\hybrid_20250407_101449\models\best_model.pt
2025-04-07 10:19:00,779 - src.training.trainer - INFO - 菏北夹э到A家wOs outputs\hybrid_20250407_101449\models\best_model.pt
2025-04-07 10:19:02,561 - src.training.trainer - INFO - 菏北夹э到A家wOs outputs\hybrid_20250407_101449\models\best_model.pt
2025-04-07 10:19:04,386 - src.training.trainer - INFO - 菏北夹э到A家wOs outputs\hybrid_20250407_101449\models\best_model.pt
2025-04-07 10:19:06,171 - src.training.trainer - INFO - 菏北夹э到A家wOs outputs\hybrid_20250407_101449\models\best_model.pt
2025-04-07 10:19:08,004 - src.training.trainer - INFO - 近Ω 131/200 - Vmlア: 0.643638 - 喷靡lア: 4.265199 - rmse: 1299.550836 - r2: -2.058665 - mae: 1047.358154 - 厩策v: 0.000214 - 啥: 1.83
2025-04-07 10:19:08,021 - src.training.callbacks - INFO - 家浪dIwOs outputs\hybrid_20250407_101449\HybridPINNLSTMModel_20250407_101451\checkpoints\HybridPINNLSTMModel_epoch_131.pt
2025-04-07 10:19:08,035 - src.training.trainer - INFO - 菏北夹э到A家wOs outputs\hybrid_20250407_101449\models\best_model.pt
2025-04-07 10:19:09,892 - src.training.trainer - INFO - 菏北夹э到A家wOs outputs\hybrid_20250407_101449\models\best_model.pt
2025-04-07 10:19:11,764 - src.training.trainer - INFO - 菏北夹э到A家wOs outputs\hybrid_20250407_101449\models\best_model.pt
2025-04-07 10:19:13,578 - src.training.trainer - INFO - 菏北夹э到A家wOs outputs\hybrid_20250407_101449\models\best_model.pt
2025-04-07 10:19:15,416 - src.training.trainer - INFO - 菏北夹э到A家wOs outputs\hybrid_20250407_101449\models\best_model.pt
2025-04-07 10:19:17,240 - src.training.callbacks - INFO - 家浪dIwOs outputs\hybrid_20250407_101449\HybridPINNLSTMModel_20250407_101451\checkpoints\HybridPINNLSTMModel_epoch_136.pt
2025-04-07 10:19:17,252 - src.training.trainer - INFO - 菏北夹э到A家wOs outputs\hybrid_20250407_101449\models\best_model.pt
2025-04-07 10:19:19,012 - src.training.trainer - INFO - 菏北夹э到A家wOs outputs\hybrid_20250407_101449\models\best_model.pt
2025-04-07 10:19:20,731 - src.training.trainer - INFO - 菏北夹э到A家wOs outputs\hybrid_20250407_101449\models\best_model.pt
2025-04-07 10:19:22,390 - src.training.trainer - INFO - 菏北夹э到A家wOs outputs\hybrid_20250407_101449\models\best_model.pt
2025-04-07 10:19:24,258 - src.training.trainer - INFO - 菏北夹э到A家wOs outputs\hybrid_20250407_101449\models\best_model.pt
2025-04-07 10:19:26,243 - src.training.trainer - INFO - 近Ω 141/200 - Vmlア: 0.645976 - 喷靡lア: 4.482078 - rmse: 1309.422010 - r2: -2.105308 - mae: 1064.445190 - 厩策v: 0.000352 - 啥: 1.99
2025-04-07 10:19:26,264 - src.training.callbacks - INFO - 家浪dIwOs outputs\hybrid_20250407_101449\HybridPINNLSTMModel_20250407_101451\checkpoints\HybridPINNLSTMModel_epoch_141.pt
2025-04-07 10:19:26,275 - src.training.trainer - INFO - 菏北夹э到A家wOs outputs\hybrid_20250407_101449\models\best_model.pt
2025-04-07 10:19:28,368 - src.training.trainer - INFO - 菏北夹э到A家wOs outputs\hybrid_20250407_101449\models\best_model.pt
2025-04-07 10:19:30,664 - src.training.trainer - INFO - 菏北夹э到A家wOs outputs\hybrid_20250407_101449\models\best_model.pt
2025-04-07 10:19:32,537 - src.training.trainer - INFO - 菏北夹э到A家wOs outputs\hybrid_20250407_101449\models\best_model.pt
2025-04-07 10:19:34,652 - src.training.trainer - INFO - 菏北夹э到A家wOs outputs\hybrid_20250407_101449\models\best_model.pt
2025-04-07 10:19:36,625 - src.training.callbacks - INFO - 家浪dIwOs outputs\hybrid_20250407_101449\HybridPINNLSTMModel_20250407_101451\checkpoints\HybridPINNLSTMModel_epoch_146.pt
2025-04-07 10:19:36,634 - src.training.trainer - INFO - 菏北夹э到A家wOs outputs\hybrid_20250407_101449\models\best_model.pt
2025-04-07 10:19:38,702 - src.training.trainer - INFO - 菏北夹э到A家wOs outputs\hybrid_20250407_101449\models\best_model.pt
2025-04-07 10:19:40,808 - src.training.trainer - INFO - 菏北夹э到A家wOs outputs\hybrid_20250407_101449\models\best_model.pt
2025-04-07 10:19:42,584 - src.training.trainer - INFO - 菏北夹э到A家wOs outputs\hybrid_20250407_101449\models\best_model.pt
2025-04-07 10:19:44,259 - src.training.trainer - INFO - 菏北夹э到A家wOs outputs\hybrid_20250407_101449\models\best_model.pt
2025-04-07 10:19:45,980 - src.training.trainer - INFO - 近Ω 151/200 - Vmlア: 0.626558 - 喷靡lア: 4.031888 - rmse: 1298.554052 - r2: -2.053975 - mae: 1050.800659 - 厩策v: 0.000505 - 啥: 1.72
2025-04-07 10:19:45,993 - src.training.callbacks - INFO - 家浪dIwOs outputs\hybrid_20250407_101449\HybridPINNLSTMModel_20250407_101451\checkpoints\HybridPINNLSTMModel_epoch_151.pt
2025-04-07 10:19:46,003 - src.training.trainer - INFO - 菏北夹э到A家wOs outputs\hybrid_20250407_101449\models\best_model.pt
2025-04-07 10:19:47,625 - src.training.trainer - INFO - 菏北夹э到A家wOs outputs\hybrid_20250407_101449\models\best_model.pt
2025-04-07 10:19:49,364 - src.training.trainer - INFO - 菏北夹э到A家wOs outputs\hybrid_20250407_101449\models\best_model.pt
2025-04-07 10:19:51,059 - src.training.trainer - INFO - 菏北夹э到A家wOs outputs\hybrid_20250407_101449\models\best_model.pt
2025-04-07 10:19:52,755 - src.training.trainer - INFO - 菏北夹э到A家wOs outputs\hybrid_20250407_101449\models\best_model.pt
2025-04-07 10:19:54,377 - src.training.callbacks - INFO - 家浪dIwOs outputs\hybrid_20250407_101449\HybridPINNLSTMModel_20250407_101451\checkpoints\HybridPINNLSTMModel_epoch_156.pt
2025-04-07 10:19:54,388 - src.training.trainer - INFO - 菏北夹э到A家wOs outputs\hybrid_20250407_101449\models\best_model.pt
2025-04-07 10:19:56,168 - src.training.trainer - INFO - 菏北夹э到A家wOs outputs\hybrid_20250407_101449\models\best_model.pt
2025-04-07 10:19:57,860 - src.training.trainer - INFO - 菏北夹э到A家wOs outputs\hybrid_20250407_101449\models\best_model.pt
2025-04-07 10:19:59,654 - src.training.trainer - INFO - 菏北夹э到A家wOs outputs\hybrid_20250407_101449\models\best_model.pt
2025-04-07 10:20:01,703 - src.training.trainer - INFO - 菏北夹э到A家wOs outputs\hybrid_20250407_101449\models\best_model.pt
2025-04-07 10:20:03,495 - src.training.trainer - INFO - 近Ω 161/200 - Vmlア: 0.617021 - 喷靡lア: 4.031065 - rmse: 1293.242630 - r2: -2.029042 - mae: 1033.349609 - 厩策v: 0.000658 - 啥: 1.79
2025-04-07 10:20:03,515 - src.training.callbacks - INFO - 家浪dIwOs outputs\hybrid_20250407_101449\HybridPINNLSTMModel_20250407_101451\checkpoints\HybridPINNLSTMModel_epoch_161.pt
2025-04-07 10:20:03,527 - src.training.trainer - INFO - 菏北夹э到A家wOs outputs\hybrid_20250407_101449\models\best_model.pt
2025-04-07 10:20:05,337 - src.training.trainer - INFO - 菏北夹э到A家wOs outputs\hybrid_20250407_101449\models\best_model.pt
2025-04-07 10:20:07,275 - src.training.trainer - INFO - 菏北夹э到A家wOs outputs\hybrid_20250407_101449\models\best_model.pt
2025-04-07 10:20:09,225 - src.training.trainer - INFO - 菏北夹э到A家wOs outputs\hybrid_20250407_101449\models\best_model.pt
2025-04-07 10:20:10,894 - src.training.trainer - INFO - 菏北夹э到A家wOs outputs\hybrid_20250407_101449\models\best_model.pt
2025-04-07 10:20:12,683 - src.training.callbacks - INFO - 家浪dIwOs outputs\hybrid_20250407_101449\HybridPINNLSTMModel_20250407_101451\checkpoints\HybridPINNLSTMModel_epoch_166.pt
2025-04-07 10:20:12,693 - src.training.trainer - INFO - 菏北夹э到A家wOs outputs\hybrid_20250407_101449\models\best_model.pt
2025-04-07 10:20:14,425 - src.training.trainer - INFO - 菏北夹э到A家wOs outputs\hybrid_20250407_101449\models\best_model.pt
2025-04-07 10:20:16,255 - src.training.trainer - INFO - 菏北夹э到A家wOs outputs\hybrid_20250407_101449\models\best_model.pt
2025-04-07 10:20:18,078 - src.training.trainer - INFO - 菏北夹э到A家wOs outputs\hybrid_20250407_101449\models\best_model.pt
2025-04-07 10:20:19,795 - src.training.trainer - INFO - 菏北夹э到A家wOs outputs\hybrid_20250407_101449\models\best_model.pt
2025-04-07 10:20:21,647 - src.training.trainer - INFO - 近Ω 171/200 - Vmlア: 0.602548 - 喷靡lア: 3.955528 - rmse: 1295.641781 - r2: -2.040292 - mae: 1045.353027 - 厩策v: 0.000796 - 啥: 1.85
2025-04-07 10:20:21,660 - src.training.callbacks - INFO - 家浪dIwOs outputs\hybrid_20250407_101449\HybridPINNLSTMModel_20250407_101451\checkpoints\HybridPINNLSTMModel_epoch_171.pt
2025-04-07 10:20:21,671 - src.training.trainer - INFO - 菏北夹э到A家wOs outputs\hybrid_20250407_101449\models\best_model.pt
2025-04-07 10:20:23,553 - src.training.trainer - INFO - 菏北夹э到A家wOs outputs\hybrid_20250407_101449\models\best_model.pt
2025-04-07 10:20:25,213 - src.training.trainer - INFO - 菏北夹э到A家wOs outputs\hybrid_20250407_101449\models\best_model.pt
2025-04-07 10:20:26,956 - src.training.trainer - INFO - 菏北夹э到A家wOs outputs\hybrid_20250407_101449\models\best_model.pt
2025-04-07 10:20:28,749 - src.training.trainer - INFO - 菏北夹э到A家wOs outputs\hybrid_20250407_101449\models\best_model.pt
2025-04-07 10:20:30,435 - src.training.callbacks - INFO - 家浪dIwOs outputs\hybrid_20250407_101449\HybridPINNLSTMModel_20250407_101451\checkpoints\HybridPINNLSTMModel_epoch_176.pt
2025-04-07 10:20:30,444 - src.training.trainer - INFO - 菏北夹э到A家wOs outputs\hybrid_20250407_101449\models\best_model.pt
2025-04-07 10:20:32,174 - src.training.trainer - INFO - 菏北夹э到A家wOs outputs\hybrid_20250407_101449\models\best_model.pt
2025-04-07 10:20:33,874 - src.training.trainer - INFO - 菏北夹э到A家wOs outputs\hybrid_20250407_101449\models\best_model.pt
2025-04-07 10:20:35,611 - src.training.trainer - INFO - 菏北夹э到A家wOs outputs\hybrid_20250407_101449\models\best_model.pt
2025-04-07 10:20:37,328 - src.training.trainer - INFO - 菏北夹э到A家wOs outputs\hybrid_20250407_101449\models\best_model.pt
2025-04-07 10:20:39,096 - src.training.trainer - INFO - 近Ω 181/200 - Vmlア: 0.603606 - 喷靡lア: 3.960338 - rmse: 1290.968774 - r2: -2.018400 - mae: 1031.784302 - 厩策v: 0.000905 - 啥: 1.77
2025-04-07 10:20:39,116 - src.training.callbacks - INFO - 家浪dIwOs outputs\hybrid_20250407_101449\HybridPINNLSTMModel_20250407_101451\checkpoints\HybridPINNLSTMModel_epoch_181.pt
2025-04-07 10:20:39,127 - src.training.trainer - INFO - 菏北夹э到A家wOs outputs\hybrid_20250407_101449\models\best_model.pt
2025-04-07 10:20:40,856 - src.training.trainer - INFO - 菏北夹э到A家wOs outputs\hybrid_20250407_101449\models\best_model.pt
2025-04-07 10:20:42,598 - src.training.trainer - INFO - 菏北夹э到A家wOs outputs\hybrid_20250407_101449\models\best_model.pt
2025-04-07 10:20:44,369 - src.training.trainer - INFO - 菏北夹э到A家wOs outputs\hybrid_20250407_101449\models\best_model.pt
2025-04-07 10:20:46,080 - src.training.trainer - INFO - 菏北夹э到A家wOs outputs\hybrid_20250407_101449\models\best_model.pt
2025-04-07 10:20:47,831 - src.training.callbacks - INFO - 家浪dIwOs outputs\hybrid_20250407_101449\HybridPINNLSTMModel_20250407_101451\checkpoints\HybridPINNLSTMModel_epoch_186.pt
2025-04-07 10:20:47,843 - src.training.trainer - INFO - 菏北夹э到A家wOs outputs\hybrid_20250407_101449\models\best_model.pt
2025-04-07 10:20:49,630 - src.training.trainer - INFO - 菏北夹э到A家wOs outputs\hybrid_20250407_101449\models\best_model.pt
2025-04-07 10:20:51,291 - src.training.trainer - INFO - 菏北夹э到A家wOs outputs\hybrid_20250407_101449\models\best_model.pt
2025-04-07 10:20:52,993 - src.training.trainer - INFO - 菏北夹э到A家wOs outputs\hybrid_20250407_101449\models\best_model.pt
2025-04-07 10:20:54,697 - src.training.trainer - INFO - 菏北夹э到A家wOs outputs\hybrid_20250407_101449\models\best_model.pt
2025-04-07 10:20:56,317 - src.training.trainer - INFO - 近Ω 191/200 - Vmlア: 0.590251 - 喷靡lア: 4.167366 - rmse: 1305.856663 - r2: -2.088420 - mae: 1061.728271 - 厩策v: 0.000976 - 啥: 1.62
2025-04-07 10:20:56,333 - src.training.callbacks - INFO - 家浪dIwOs outputs\hybrid_20250407_101449\HybridPINNLSTMModel_20250407_101451\checkpoints\HybridPINNLSTMModel_epoch_191.pt
2025-04-07 10:20:56,345 - src.training.trainer - INFO - 菏北夹э到A家wOs outputs\hybrid_20250407_101449\models\best_model.pt
2025-04-07 10:20:58,114 - src.training.trainer - INFO - 菏北夹э到A家wOs outputs\hybrid_20250407_101449\models\best_model.pt
2025-04-07 10:20:59,925 - src.training.trainer - INFO - 菏北夹э到A家wOs outputs\hybrid_20250407_101449\models\best_model.pt
2025-04-07 10:21:01,602 - src.training.trainer - INFO - 菏北夹э到A家wOs outputs\hybrid_20250407_101449\models\best_model.pt
2025-04-07 10:21:03,295 - src.training.trainer - INFO - 菏北夹э到A家wOs outputs\hybrid_20250407_101449\models\best_model.pt
2025-04-07 10:21:05,053 - src.training.callbacks - INFO - 家浪dIwOs outputs\hybrid_20250407_101449\HybridPINNLSTMModel_20250407_101451\checkpoints\HybridPINNLSTMModel_epoch_196.pt
2025-04-07 10:21:05,064 - src.training.trainer - INFO - 菏北夹э到A家wOs outputs\hybrid_20250407_101449\models\best_model.pt
2025-04-07 10:21:06,726 - src.training.trainer - INFO - 菏北夹э到A家wOs outputs\hybrid_20250407_101449\models\best_model.pt
2025-04-07 10:21:09,139 - src.training.trainer - INFO - 菏北夹э到A家wOs outputs\hybrid_20250407_101449\models\best_model.pt
2025-04-07 10:21:11,140 - src.training.trainer - INFO - 菏北夹э到A家wOs outputs\hybrid_20250407_101449\models\best_model.pt
2025-04-07 10:21:12,854 - src.training.trainer - INFO - 近Ω 200/200 - Vmlア: 0.591589 - 喷靡lア: 4.350919 - rmse: 1305.837327 - r2: -2.088329 - mae: 1058.280151 - 厩策v: 0.001000 - 啥: 1.71
2025-04-07 10:21:12,868 - src.training.trainer - INFO - 菏北夹э到A家wOs outputs\hybrid_20250407_101449\models\best_model.pt
2025-04-07 10:21:12,868 - src.training.trainer - INFO - VmЧΘA`啥: 381.11
2025-04-07 10:21:12,879 - __main__ - INFO - VmЧΘA程沧家wOs: outputs\hybrid_20250407_101449\models\final_model.pt
2025-04-07 10:21:12,890 - __main__ - WARNING - Xㄖ块X l2_penalty 丧X岿: zero-dimensional arrays cannot be concatenated
2025-04-07 10:21:12,900 - __main__ - INFO - 蝶臬夹wOs: outputs\hybrid_20250407_101449\evaluation\metrics.csv
2025-04-07 10:21:12,901 - __main__ - INFO - ネΘ跌谋て挡G...
2025-04-07 10:21:13,670 - src.utils.visualization - INFO - 瓜钩wOs: outputs\hybrid_20250407_101449\evaluation\visualizations\pred_vs_true.png
2025-04-07 10:21:14,088 - src.utils.visualization - INFO - 瓜钩wOs: outputs\hybrid_20250407_101449\evaluation\visualizations\pred_vs_true.png
2025-04-07 10:21:15,360 - src.utils.visualization - INFO - 瓜钩wOs: outputs\hybrid_20250407_101449\evaluation\visualizations\error_analysis.png
2025-04-07 10:21:16,340 - src.utils.visualization - INFO - 瓜钩wOs: outputs\hybrid_20250407_101449\evaluation\visualizations\physics_validation.png
2025-04-07 10:21:17,128 - src.utils.visualization - INFO - 瓜钩wOs: outputs\hybrid_20250407_101449\evaluation\visualizations\attention_weights.png
2025-04-07 10:21:17,493 - src.utils.visualization - INFO - wネΘ 6 拥谋て瓜愆 outputs\hybrid_20250407_101449\evaluation\visualizations
2025-04-07 10:21:17,493 - __main__ - INFO - 蝶臾功āA挡GwOs: outputs\hybrid_20250407_101449\evaluation
2025-04-07 10:21:17,493 - __main__ - INFO - ヴ叭ЧΘ
