2025-04-06 22:02:24,062 - __main__ - DEBUG - 除錯模式已啟用
2025-04-06 22:02:24,075 - __main__ - INFO - 成功載入配置文件: configs/model_config.yaml
2025-04-06 22:02:24,095 - __main__ - INFO - 成功載入配置文件: configs/train_config.yaml
2025-04-06 22:02:24,099 - __main__ - INFO - 已設定隨機種子: 42
2025-04-06 22:02:24,100 - __main__ - INFO - 使用計算設備: cpu
2025-04-06 22:02:24,101 - __main__ - INFO - 輸出目錄: outputs\hybrid_20250406_220224
2025-04-06 22:02:24,102 - __main__ - INFO - 載入資料: data/raw/Training_data_warpage_final_20250321_v1.2.csv
2025-04-06 22:02:24,106 - src.data.preprocess - INFO - 成功載入資料檔案: data/raw/Training_data_warpage_final_20250321_v1.2.csv，共 81 筆資料，18 個欄位
2025-04-06 22:02:24,110 - src.data.preprocess - INFO - 標準化完成，特徵數量: 5
2025-04-06 22:02:24,110 - src.data.preprocess - INFO - 時間序列資料準備完成，形狀: (81, 4, 2)
2025-04-06 22:02:24,113 - src.data.preprocess - INFO - 資料分割完成 - 訓練集: 56 樣本, 驗證集: 12 樣本, 測試集: 13 樣本
2025-04-06 22:02:24,113 - src.data.preprocess - INFO - 完整資料處理流程完成
2025-04-06 22:02:24,113 - __main__ - INFO - 資料分割完成, 訓練集: 56 樣本, 驗證集: 12 樣本, 測試集: 13 樣本
2025-04-06 22:02:24,113 - __main__ - INFO - 應用資料增強...
2025-04-06 22:02:24,114 - src.data.dataset - INFO - 進行資料增強，原始訓練集大小: 56 樣本
2025-04-06 22:02:24,292 - src.data.dataset - INFO - 資料增強完成，增強後的訓練集大小: 626 樣本
2025-04-06 22:02:24,292 - __main__ - INFO - 資料增強完成，增強後的訓練集大小: 626 樣本
2025-04-06 22:02:24,304 - __main__ - INFO - 創建混合PINN-LSTM模型，使用物理約束: True，融合方法: weighted
2025-04-06 22:02:24,305 - src.data.dataset - INFO - 已創建資料載入器 - 訓練: 626 樣本, 驗證: 12 樣本, 測試: 13 樣本, 批次大小: 8
2025-04-06 22:02:26,093 - src.training.trainer - INFO - 創建adam優化器，學習率: 0.001，權重衰減: 0.0001
2025-04-06 22:02:26,094 - src.training.losses - INFO - 初始化HybridLoss: lambda_physics=0.01, lambda_consistency=0.01, a=55.83, b=-2.259, log_space=True, l1_reg=0.0, l2_reg=0.001
2025-04-06 22:02:26,094 - src.training.losses - INFO - 初始化AdaptiveHybridLoss: physics權重從0.01增加到0.5, consistency權重從0.01增加到0.3, 在50個輪次內達到最大值, 預熱輪次: 5, 調整方案: linear
2025-04-06 22:02:26,094 - src.training.trainer - INFO - 創建餘弦退火學習率調度器，週期: 100，最小學習率: 1e-05
2025-04-06 22:02:26,097 - src.training.callbacks - INFO - 初始化ModelCheckpoint: 保存目錄=outputs\hybrid_20250406_220224\HybridPINNLSTMModel_20250406_220226\checkpoints, 保存頻率=5, 只保存最佳=False, 監控指標=val_loss, 模式=min
2025-04-06 22:02:26,098 - src.training.callbacks - INFO - 初始化LossHistory: 保存路徑=outputs\hybrid_20250406_220224\HybridPINNLSTMModel_20250406_220226\history.json, 保存頻率=1
2025-04-06 22:02:26,102 - src.training.trainer - INFO - 初始化訓練器完成，模型: HybridPINNLSTMModel, 優化器: Adam, 設備: cpu
2025-04-06 22:02:26,102 - __main__ - INFO - 開始訓練，總輪數: 200
2025-04-06 22:02:26,102 - src.training.trainer - INFO - 開始訓練，總輪數: 200
2025-04-06 22:02:28,454 - src.training.trainer - WARNING - 合併輸出 l2_penalty 時出錯: zero-dimensional arrays cannot be concatenated
2025-04-06 22:02:28,482 - src.training.trainer - INFO - 輪次 1/200 - 訓練損失: 13.983747 - 驗證損失: 16.597233 - rmse: 1378.511516 - r2: -2.441646 - mae: 1155.661743 - 學習率: 0.001000 - 時間: 2.38秒
2025-04-06 22:02:28,503 - src.training.callbacks - INFO - 模型檢查點已保存至 outputs\hybrid_20250406_220224\HybridPINNLSTMModel_20250406_220226\checkpoints\HybridPINNLSTMModel_epoch_001.pt
2025-04-06 22:02:28,510 - src.training.trainer - INFO - 監控指標改善，模型已保存至 outputs\hybrid_20250406_220224\models\best_model.pt
2025-04-06 22:02:30,569 - src.training.trainer - WARNING - 合併輸出 l2_penalty 時出錯: zero-dimensional arrays cannot be concatenated
2025-04-06 22:02:30,593 - src.training.trainer - INFO - 監控指標改善，模型已保存至 outputs\hybrid_20250406_220224\models\best_model.pt
2025-04-06 22:02:32,585 - src.training.trainer - WARNING - 合併輸出 l2_penalty 時出錯: zero-dimensional arrays cannot be concatenated
2025-04-06 22:02:32,615 - src.training.trainer - INFO - 監控指標改善，模型已保存至 outputs\hybrid_20250406_220224\models\best_model.pt
2025-04-06 22:02:34,440 - src.training.trainer - WARNING - 合併輸出 l2_penalty 時出錯: zero-dimensional arrays cannot be concatenated
2025-04-06 22:02:34,465 - src.training.trainer - INFO - 監控指標改善，模型已保存至 outputs\hybrid_20250406_220224\models\best_model.pt
2025-04-06 22:02:36,419 - src.training.trainer - WARNING - 合併輸出 l2_penalty 時出錯: zero-dimensional arrays cannot be concatenated
2025-04-06 22:02:36,440 - src.training.trainer - INFO - 監控指標改善，模型已保存至 outputs\hybrid_20250406_220224\models\best_model.pt
2025-04-06 22:02:38,359 - src.training.trainer - WARNING - 合併輸出 l2_penalty 時出錯: zero-dimensional arrays cannot be concatenated
2025-04-06 22:02:38,385 - src.training.callbacks - INFO - 模型檢查點已保存至 outputs\hybrid_20250406_220224\HybridPINNLSTMModel_20250406_220226\checkpoints\HybridPINNLSTMModel_epoch_006.pt
2025-04-06 22:02:38,392 - src.training.trainer - INFO - 監控指標改善，模型已保存至 outputs\hybrid_20250406_220224\models\best_model.pt
2025-04-06 22:02:40,223 - src.training.trainer - WARNING - 合併輸出 l2_penalty 時出錯: zero-dimensional arrays cannot be concatenated
2025-04-06 22:02:40,246 - src.training.trainer - INFO - 監控指標改善，模型已保存至 outputs\hybrid_20250406_220224\models\best_model.pt
2025-04-06 22:02:42,340 - src.training.trainer - WARNING - 合併輸出 l2_penalty 時出錯: zero-dimensional arrays cannot be concatenated
2025-04-06 22:02:42,361 - src.training.trainer - INFO - 監控指標改善，模型已保存至 outputs\hybrid_20250406_220224\models\best_model.pt
2025-04-06 22:02:44,383 - src.training.trainer - WARNING - 合併輸出 l2_penalty 時出錯: zero-dimensional arrays cannot be concatenated
2025-04-06 22:02:44,406 - src.training.trainer - INFO - 監控指標改善，模型已保存至 outputs\hybrid_20250406_220224\models\best_model.pt
2025-04-06 22:02:46,293 - src.training.trainer - WARNING - 合併輸出 l2_penalty 時出錯: zero-dimensional arrays cannot be concatenated
2025-04-06 22:02:46,329 - src.training.trainer - INFO - 監控指標改善，模型已保存至 outputs\hybrid_20250406_220224\models\best_model.pt
2025-04-06 22:02:48,384 - src.training.trainer - WARNING - 合併輸出 l2_penalty 時出錯: zero-dimensional arrays cannot be concatenated
2025-04-06 22:02:48,397 - src.training.trainer - INFO - 輪次 11/200 - 訓練損失: 1.263768 - 驗證損失: 5.530506 - rmse: 1322.869561 - r2: -2.169417 - mae: 1084.616333 - 學習率: 0.000976 - 時間: 2.07秒
2025-04-06 22:02:48,415 - src.training.callbacks - INFO - 模型檢查點已保存至 outputs\hybrid_20250406_220224\HybridPINNLSTMModel_20250406_220226\checkpoints\HybridPINNLSTMModel_epoch_011.pt
2025-04-06 22:02:48,422 - src.training.trainer - INFO - 監控指標改善，模型已保存至 outputs\hybrid_20250406_220224\models\best_model.pt
2025-04-06 22:02:50,914 - src.training.trainer - WARNING - 合併輸出 l2_penalty 時出錯: zero-dimensional arrays cannot be concatenated
2025-04-06 22:02:50,945 - src.training.trainer - INFO - 監控指標改善，模型已保存至 outputs\hybrid_20250406_220224\models\best_model.pt
2025-04-06 22:02:53,063 - src.training.trainer - WARNING - 合併輸出 l2_penalty 時出錯: zero-dimensional arrays cannot be concatenated
2025-04-06 22:02:53,091 - src.training.trainer - INFO - 監控指標改善，模型已保存至 outputs\hybrid_20250406_220224\models\best_model.pt
2025-04-06 22:02:55,573 - src.training.trainer - WARNING - 合併輸出 l2_penalty 時出錯: zero-dimensional arrays cannot be concatenated
2025-04-06 22:02:55,602 - src.training.trainer - INFO - 監控指標改善，模型已保存至 outputs\hybrid_20250406_220224\models\best_model.pt
2025-04-06 22:02:58,939 - src.training.trainer - WARNING - 合併輸出 l2_penalty 時出錯: zero-dimensional arrays cannot be concatenated
2025-04-06 22:02:58,980 - src.training.trainer - INFO - 監控指標改善，模型已保存至 outputs\hybrid_20250406_220224\models\best_model.pt
2025-04-06 22:03:03,009 - src.training.trainer - WARNING - 合併輸出 l2_penalty 時出錯: zero-dimensional arrays cannot be concatenated
2025-04-06 22:03:03,054 - src.training.callbacks - INFO - 模型檢查點已保存至 outputs\hybrid_20250406_220224\HybridPINNLSTMModel_20250406_220226\checkpoints\HybridPINNLSTMModel_epoch_016.pt
2025-04-06 22:03:03,064 - src.training.trainer - INFO - 監控指標改善，模型已保存至 outputs\hybrid_20250406_220224\models\best_model.pt
2025-04-06 22:03:05,739 - src.training.trainer - WARNING - 合併輸出 l2_penalty 時出錯: zero-dimensional arrays cannot be concatenated
2025-04-06 22:03:05,766 - src.training.trainer - INFO - 監控指標改善，模型已保存至 outputs\hybrid_20250406_220224\models\best_model.pt
2025-04-06 22:03:08,031 - src.training.trainer - WARNING - 合併輸出 l2_penalty 時出錯: zero-dimensional arrays cannot be concatenated
2025-04-06 22:03:08,064 - src.training.trainer - INFO - 監控指標改善，模型已保存至 outputs\hybrid_20250406_220224\models\best_model.pt
2025-04-06 22:03:11,448 - src.training.trainer - WARNING - 合併輸出 l2_penalty 時出錯: zero-dimensional arrays cannot be concatenated
2025-04-06 22:03:11,485 - src.training.trainer - INFO - 監控指標改善，模型已保存至 outputs\hybrid_20250406_220224\models\best_model.pt
2025-04-06 22:03:13,649 - src.training.trainer - WARNING - 合併輸出 l2_penalty 時出錯: zero-dimensional arrays cannot be concatenated
2025-04-06 22:03:13,678 - src.training.trainer - INFO - 監控指標改善，模型已保存至 outputs\hybrid_20250406_220224\models\best_model.pt
2025-04-06 22:03:15,856 - src.training.trainer - WARNING - 合併輸出 l2_penalty 時出錯: zero-dimensional arrays cannot be concatenated
2025-04-06 22:03:15,870 - src.training.trainer - INFO - 輪次 21/200 - 訓練損失: 1.085351 - 驗證損失: 5.277408 - rmse: 1324.503492 - r2: -2.177251 - mae: 1086.448364 - 學習率: 0.000905 - 時間: 2.19秒
2025-04-06 22:03:15,887 - src.training.callbacks - INFO - 模型檢查點已保存至 outputs\hybrid_20250406_220224\HybridPINNLSTMModel_20250406_220226\checkpoints\HybridPINNLSTMModel_epoch_021.pt
2025-04-06 22:03:15,898 - src.training.trainer - INFO - 監控指標改善，模型已保存至 outputs\hybrid_20250406_220224\models\best_model.pt
2025-04-06 22:03:17,920 - src.training.trainer - WARNING - 合併輸出 l2_penalty 時出錯: zero-dimensional arrays cannot be concatenated
2025-04-06 22:03:17,940 - src.training.trainer - INFO - 監控指標改善，模型已保存至 outputs\hybrid_20250406_220224\models\best_model.pt
2025-04-06 22:03:19,916 - src.training.trainer - WARNING - 合併輸出 l2_penalty 時出錯: zero-dimensional arrays cannot be concatenated
2025-04-06 22:03:19,939 - src.training.trainer - INFO - 監控指標改善，模型已保存至 outputs\hybrid_20250406_220224\models\best_model.pt
2025-04-06 22:03:21,948 - src.training.trainer - WARNING - 合併輸出 l2_penalty 時出錯: zero-dimensional arrays cannot be concatenated
2025-04-06 22:03:21,978 - src.training.trainer - INFO - 監控指標改善，模型已保存至 outputs\hybrid_20250406_220224\models\best_model.pt
2025-04-06 22:03:23,842 - src.training.trainer - WARNING - 合併輸出 l2_penalty 時出錯: zero-dimensional arrays cannot be concatenated
2025-04-06 22:03:23,871 - src.training.trainer - INFO - 監控指標改善，模型已保存至 outputs\hybrid_20250406_220224\models\best_model.pt
2025-04-06 22:03:25,828 - src.training.trainer - WARNING - 合併輸出 l2_penalty 時出錯: zero-dimensional arrays cannot be concatenated
2025-04-06 22:03:25,858 - src.training.callbacks - INFO - 模型檢查點已保存至 outputs\hybrid_20250406_220224\HybridPINNLSTMModel_20250406_220226\checkpoints\HybridPINNLSTMModel_epoch_026.pt
2025-04-06 22:03:25,867 - src.training.trainer - INFO - 監控指標改善，模型已保存至 outputs\hybrid_20250406_220224\models\best_model.pt
2025-04-06 22:03:27,928 - src.training.trainer - WARNING - 合併輸出 l2_penalty 時出錯: zero-dimensional arrays cannot be concatenated
2025-04-06 22:03:27,972 - src.training.trainer - INFO - 監控指標改善，模型已保存至 outputs\hybrid_20250406_220224\models\best_model.pt
2025-04-06 22:03:29,925 - src.training.trainer - WARNING - 合併輸出 l2_penalty 時出錯: zero-dimensional arrays cannot be concatenated
2025-04-06 22:03:29,959 - src.training.trainer - INFO - 監控指標改善，模型已保存至 outputs\hybrid_20250406_220224\models\best_model.pt
2025-04-06 22:03:31,880 - src.training.trainer - WARNING - 合併輸出 l2_penalty 時出錯: zero-dimensional arrays cannot be concatenated
2025-04-06 22:03:31,899 - src.training.trainer - INFO - 監控指標改善，模型已保存至 outputs\hybrid_20250406_220224\models\best_model.pt
2025-04-06 22:03:34,252 - src.training.trainer - WARNING - 合併輸出 l2_penalty 時出錯: zero-dimensional arrays cannot be concatenated
2025-04-06 22:03:34,286 - src.training.trainer - INFO - 監控指標改善，模型已保存至 outputs\hybrid_20250406_220224\models\best_model.pt
2025-04-06 22:03:36,531 - src.training.trainer - WARNING - 合併輸出 l2_penalty 時出錯: zero-dimensional arrays cannot be concatenated
2025-04-06 22:03:36,544 - src.training.trainer - INFO - 輪次 31/200 - 訓練損失: 0.890902 - 驗證損失: 2.713515 - rmse: 1238.669902 - r2: -1.778795 - mae: 977.564453 - 學習率: 0.000796 - 時間: 2.26秒
2025-04-06 22:03:36,571 - src.training.callbacks - INFO - 模型檢查點已保存至 outputs\hybrid_20250406_220224\HybridPINNLSTMModel_20250406_220226\checkpoints\HybridPINNLSTMModel_epoch_031.pt
2025-04-06 22:03:36,580 - src.training.trainer - INFO - 監控指標改善，模型已保存至 outputs\hybrid_20250406_220224\models\best_model.pt
2025-04-06 22:03:38,827 - src.training.trainer - WARNING - 合併輸出 l2_penalty 時出錯: zero-dimensional arrays cannot be concatenated
2025-04-06 22:03:38,847 - src.training.trainer - INFO - 監控指標改善，模型已保存至 outputs\hybrid_20250406_220224\models\best_model.pt
2025-04-06 22:03:41,109 - src.training.trainer - WARNING - 合併輸出 l2_penalty 時出錯: zero-dimensional arrays cannot be concatenated
2025-04-06 22:03:41,141 - src.training.trainer - INFO - 監控指標改善，模型已保存至 outputs\hybrid_20250406_220224\models\best_model.pt
2025-04-06 22:03:43,341 - src.training.trainer - WARNING - 合併輸出 l2_penalty 時出錯: zero-dimensional arrays cannot be concatenated
2025-04-06 22:03:43,382 - src.training.trainer - INFO - 監控指標改善，模型已保存至 outputs\hybrid_20250406_220224\models\best_model.pt
2025-04-06 22:03:45,126 - src.training.trainer - WARNING - 合併輸出 l2_penalty 時出錯: zero-dimensional arrays cannot be concatenated
2025-04-06 22:03:45,151 - src.training.trainer - INFO - 監控指標改善，模型已保存至 outputs\hybrid_20250406_220224\models\best_model.pt
2025-04-06 22:03:46,977 - src.training.trainer - WARNING - 合併輸出 l2_penalty 時出錯: zero-dimensional arrays cannot be concatenated
2025-04-06 22:03:47,008 - src.training.callbacks - INFO - 模型檢查點已保存至 outputs\hybrid_20250406_220224\HybridPINNLSTMModel_20250406_220226\checkpoints\HybridPINNLSTMModel_epoch_036.pt
2025-04-06 22:03:47,018 - src.training.trainer - INFO - 監控指標改善，模型已保存至 outputs\hybrid_20250406_220224\models\best_model.pt
2025-04-06 22:03:48,933 - src.training.trainer - WARNING - 合併輸出 l2_penalty 時出錯: zero-dimensional arrays cannot be concatenated
2025-04-06 22:03:48,970 - src.training.trainer - INFO - 監控指標改善，模型已保存至 outputs\hybrid_20250406_220224\models\best_model.pt
2025-04-06 22:03:51,049 - src.training.trainer - WARNING - 合併輸出 l2_penalty 時出錯: zero-dimensional arrays cannot be concatenated
2025-04-06 22:03:51,072 - src.training.trainer - INFO - 監控指標改善，模型已保存至 outputs\hybrid_20250406_220224\models\best_model.pt
2025-04-06 22:03:52,858 - src.training.trainer - WARNING - 合併輸出 l2_penalty 時出錯: zero-dimensional arrays cannot be concatenated
2025-04-06 22:03:52,880 - src.training.trainer - INFO - 監控指標改善，模型已保存至 outputs\hybrid_20250406_220224\models\best_model.pt
2025-04-06 22:03:54,746 - src.training.trainer - WARNING - 合併輸出 l2_penalty 時出錯: zero-dimensional arrays cannot be concatenated
2025-04-06 22:03:54,765 - src.training.trainer - INFO - 監控指標改善，模型已保存至 outputs\hybrid_20250406_220224\models\best_model.pt
2025-04-06 22:03:56,664 - src.training.trainer - WARNING - 合併輸出 l2_penalty 時出錯: zero-dimensional arrays cannot be concatenated
2025-04-06 22:03:56,676 - src.training.trainer - INFO - 輪次 41/200 - 訓練損失: 0.797500 - 驗證損失: 4.994486 - rmse: 1320.384934 - r2: -2.157522 - mae: 1079.822876 - 學習率: 0.000658 - 時間: 1.91秒
2025-04-06 22:03:56,690 - src.training.callbacks - INFO - 模型檢查點已保存至 outputs\hybrid_20250406_220224\HybridPINNLSTMModel_20250406_220226\checkpoints\HybridPINNLSTMModel_epoch_041.pt
2025-04-06 22:03:56,697 - src.training.trainer - INFO - 監控指標改善，模型已保存至 outputs\hybrid_20250406_220224\models\best_model.pt
2025-04-06 22:03:58,599 - src.training.trainer - WARNING - 合併輸出 l2_penalty 時出錯: zero-dimensional arrays cannot be concatenated
2025-04-06 22:03:58,628 - src.training.trainer - INFO - 監控指標改善，模型已保存至 outputs\hybrid_20250406_220224\models\best_model.pt
2025-04-06 22:04:00,648 - src.training.trainer - WARNING - 合併輸出 l2_penalty 時出錯: zero-dimensional arrays cannot be concatenated
2025-04-06 22:04:00,668 - src.training.trainer - INFO - 監控指標改善，模型已保存至 outputs\hybrid_20250406_220224\models\best_model.pt
2025-04-06 22:04:02,403 - src.training.trainer - WARNING - 合併輸出 l2_penalty 時出錯: zero-dimensional arrays cannot be concatenated
2025-04-06 22:04:02,431 - src.training.trainer - INFO - 監控指標改善，模型已保存至 outputs\hybrid_20250406_220224\models\best_model.pt
2025-04-06 22:04:04,117 - src.training.trainer - WARNING - 合併輸出 l2_penalty 時出錯: zero-dimensional arrays cannot be concatenated
2025-04-06 22:04:04,145 - src.training.trainer - INFO - 監控指標改善，模型已保存至 outputs\hybrid_20250406_220224\models\best_model.pt
2025-04-06 22:04:05,931 - src.training.trainer - WARNING - 合併輸出 l2_penalty 時出錯: zero-dimensional arrays cannot be concatenated
2025-04-06 22:04:05,956 - src.training.callbacks - INFO - 模型檢查點已保存至 outputs\hybrid_20250406_220224\HybridPINNLSTMModel_20250406_220226\checkpoints\HybridPINNLSTMModel_epoch_046.pt
2025-04-06 22:04:05,963 - src.training.trainer - INFO - 監控指標改善，模型已保存至 outputs\hybrid_20250406_220224\models\best_model.pt
2025-04-06 22:04:07,847 - src.training.trainer - WARNING - 合併輸出 l2_penalty 時出錯: zero-dimensional arrays cannot be concatenated
2025-04-06 22:04:07,866 - src.training.trainer - INFO - 監控指標改善，模型已保存至 outputs\hybrid_20250406_220224\models\best_model.pt
2025-04-06 22:04:09,728 - src.training.trainer - WARNING - 合併輸出 l2_penalty 時出錯: zero-dimensional arrays cannot be concatenated
2025-04-06 22:04:09,761 - src.training.trainer - INFO - 監控指標改善，模型已保存至 outputs\hybrid_20250406_220224\models\best_model.pt
2025-04-06 22:04:11,659 - src.training.trainer - WARNING - 合併輸出 l2_penalty 時出錯: zero-dimensional arrays cannot be concatenated
2025-04-06 22:04:11,678 - src.training.trainer - INFO - 監控指標改善，模型已保存至 outputs\hybrid_20250406_220224\models\best_model.pt
2025-04-06 22:04:13,528 - src.training.trainer - WARNING - 合併輸出 l2_penalty 時出錯: zero-dimensional arrays cannot be concatenated
2025-04-06 22:04:13,558 - src.training.trainer - INFO - 監控指標改善，模型已保存至 outputs\hybrid_20250406_220224\models\best_model.pt
2025-04-06 22:04:15,454 - src.training.trainer - WARNING - 合併輸出 l2_penalty 時出錯: zero-dimensional arrays cannot be concatenated
2025-04-06 22:04:15,468 - src.training.trainer - INFO - 輪次 51/200 - 訓練損失: 0.744222 - 驗證損失: 4.983957 - rmse: 1319.384752 - r2: -2.152741 - mae: 1076.359863 - 學習率: 0.000505 - 時間: 1.91秒
2025-04-06 22:04:15,487 - src.training.callbacks - INFO - 模型檢查點已保存至 outputs\hybrid_20250406_220224\HybridPINNLSTMModel_20250406_220226\checkpoints\HybridPINNLSTMModel_epoch_051.pt
2025-04-06 22:04:15,494 - src.training.trainer - INFO - 監控指標改善，模型已保存至 outputs\hybrid_20250406_220224\models\best_model.pt
2025-04-06 22:04:17,295 - src.training.trainer - WARNING - 合併輸出 l2_penalty 時出錯: zero-dimensional arrays cannot be concatenated
2025-04-06 22:04:17,322 - src.training.trainer - INFO - 監控指標改善，模型已保存至 outputs\hybrid_20250406_220224\models\best_model.pt
2025-04-06 22:04:19,164 - src.training.trainer - WARNING - 合併輸出 l2_penalty 時出錯: zero-dimensional arrays cannot be concatenated
2025-04-06 22:04:19,188 - src.training.trainer - INFO - 監控指標改善，模型已保存至 outputs\hybrid_20250406_220224\models\best_model.pt
2025-04-06 22:04:21,105 - src.training.trainer - WARNING - 合併輸出 l2_penalty 時出錯: zero-dimensional arrays cannot be concatenated
2025-04-06 22:04:21,143 - src.training.trainer - INFO - 監控指標改善，模型已保存至 outputs\hybrid_20250406_220224\models\best_model.pt
2025-04-06 22:04:23,126 - src.training.trainer - WARNING - 合併輸出 l2_penalty 時出錯: zero-dimensional arrays cannot be concatenated
2025-04-06 22:04:23,146 - src.training.trainer - INFO - 監控指標改善，模型已保存至 outputs\hybrid_20250406_220224\models\best_model.pt
2025-04-06 22:04:24,985 - src.training.trainer - WARNING - 合併輸出 l2_penalty 時出錯: zero-dimensional arrays cannot be concatenated
2025-04-06 22:04:25,022 - src.training.callbacks - INFO - 模型檢查點已保存至 outputs\hybrid_20250406_220224\HybridPINNLSTMModel_20250406_220226\checkpoints\HybridPINNLSTMModel_epoch_056.pt
2025-04-06 22:04:25,034 - src.training.trainer - INFO - 監控指標改善，模型已保存至 outputs\hybrid_20250406_220224\models\best_model.pt
2025-04-06 22:04:26,970 - src.training.trainer - WARNING - 合併輸出 l2_penalty 時出錯: zero-dimensional arrays cannot be concatenated
2025-04-06 22:04:26,988 - src.training.trainer - INFO - 監控指標改善，模型已保存至 outputs\hybrid_20250406_220224\models\best_model.pt
2025-04-06 22:04:28,768 - src.training.trainer - WARNING - 合併輸出 l2_penalty 時出錯: zero-dimensional arrays cannot be concatenated
2025-04-06 22:04:28,788 - src.training.trainer - INFO - 監控指標改善，模型已保存至 outputs\hybrid_20250406_220224\models\best_model.pt
2025-04-06 22:04:30,466 - src.training.trainer - WARNING - 合併輸出 l2_penalty 時出錯: zero-dimensional arrays cannot be concatenated
2025-04-06 22:04:30,497 - src.training.trainer - INFO - 監控指標改善，模型已保存至 outputs\hybrid_20250406_220224\models\best_model.pt
2025-04-06 22:04:32,337 - src.training.trainer - WARNING - 合併輸出 l2_penalty 時出錯: zero-dimensional arrays cannot be concatenated
2025-04-06 22:04:32,357 - src.training.trainer - INFO - 監控指標改善，模型已保存至 outputs\hybrid_20250406_220224\models\best_model.pt
2025-04-06 22:04:34,096 - src.training.trainer - WARNING - 合併輸出 l2_penalty 時出錯: zero-dimensional arrays cannot be concatenated
2025-04-06 22:04:34,109 - src.training.trainer - INFO - 輪次 61/200 - 訓練損失: 0.706393 - 驗證損失: 4.588671 - rmse: 1312.578236 - r2: -2.120296 - mae: 1070.076660 - 學習率: 0.000352 - 時間: 1.75秒
2025-04-06 22:04:34,121 - src.training.callbacks - INFO - 模型檢查點已保存至 outputs\hybrid_20250406_220224\HybridPINNLSTMModel_20250406_220226\checkpoints\HybridPINNLSTMModel_epoch_061.pt
2025-04-06 22:04:34,129 - src.training.trainer - INFO - 監控指標改善，模型已保存至 outputs\hybrid_20250406_220224\models\best_model.pt
2025-04-06 22:04:35,886 - src.training.trainer - WARNING - 合併輸出 l2_penalty 時出錯: zero-dimensional arrays cannot be concatenated
2025-04-06 22:04:35,916 - src.training.trainer - INFO - 監控指標改善，模型已保存至 outputs\hybrid_20250406_220224\models\best_model.pt
2025-04-06 22:04:37,752 - src.training.trainer - WARNING - 合併輸出 l2_penalty 時出錯: zero-dimensional arrays cannot be concatenated
2025-04-06 22:04:37,771 - src.training.trainer - INFO - 監控指標改善，模型已保存至 outputs\hybrid_20250406_220224\models\best_model.pt
2025-04-06 22:04:39,573 - src.training.trainer - WARNING - 合併輸出 l2_penalty 時出錯: zero-dimensional arrays cannot be concatenated
2025-04-06 22:04:39,603 - src.training.trainer - INFO - 監控指標改善，模型已保存至 outputs\hybrid_20250406_220224\models\best_model.pt
2025-04-06 22:04:41,492 - src.training.trainer - WARNING - 合併輸出 l2_penalty 時出錯: zero-dimensional arrays cannot be concatenated
2025-04-06 22:04:41,512 - src.training.trainer - INFO - 監控指標改善，模型已保存至 outputs\hybrid_20250406_220224\models\best_model.pt
2025-04-06 22:04:43,392 - src.training.trainer - WARNING - 合併輸出 l2_penalty 時出錯: zero-dimensional arrays cannot be concatenated
2025-04-06 22:04:43,433 - src.training.callbacks - INFO - 模型檢查點已保存至 outputs\hybrid_20250406_220224\HybridPINNLSTMModel_20250406_220226\checkpoints\HybridPINNLSTMModel_epoch_066.pt
2025-04-06 22:04:43,445 - src.training.trainer - INFO - 監控指標改善，模型已保存至 outputs\hybrid_20250406_220224\models\best_model.pt
2025-04-06 22:04:45,264 - src.training.trainer - WARNING - 合併輸出 l2_penalty 時出錯: zero-dimensional arrays cannot be concatenated
2025-04-06 22:04:45,291 - src.training.trainer - INFO - 監控指標改善，模型已保存至 outputs\hybrid_20250406_220224\models\best_model.pt
2025-04-06 22:04:47,281 - src.training.trainer - WARNING - 合併輸出 l2_penalty 時出錯: zero-dimensional arrays cannot be concatenated
2025-04-06 22:04:47,303 - src.training.trainer - INFO - 監控指標改善，模型已保存至 outputs\hybrid_20250406_220224\models\best_model.pt
2025-04-06 22:04:49,264 - src.training.trainer - WARNING - 合併輸出 l2_penalty 時出錯: zero-dimensional arrays cannot be concatenated
2025-04-06 22:04:49,292 - src.training.trainer - INFO - 監控指標改善，模型已保存至 outputs\hybrid_20250406_220224\models\best_model.pt
2025-04-06 22:04:51,143 - src.training.trainer - WARNING - 合併輸出 l2_penalty 時出錯: zero-dimensional arrays cannot be concatenated
2025-04-06 22:04:51,168 - src.training.trainer - INFO - 監控指標改善，模型已保存至 outputs\hybrid_20250406_220224\models\best_model.pt
2025-04-06 22:04:53,145 - src.training.trainer - WARNING - 合併輸出 l2_penalty 時出錯: zero-dimensional arrays cannot be concatenated
2025-04-06 22:04:53,165 - src.training.trainer - INFO - 輪次 71/200 - 訓練損失: 0.685055 - 驗證損失: 4.519617 - rmse: 1307.802881 - r2: -2.097633 - mae: 1060.171265 - 學習率: 0.000214 - 時間: 2.00秒
2025-04-06 22:04:53,181 - src.training.callbacks - INFO - 模型檢查點已保存至 outputs\hybrid_20250406_220224\HybridPINNLSTMModel_20250406_220226\checkpoints\HybridPINNLSTMModel_epoch_071.pt
2025-04-06 22:04:53,192 - src.training.trainer - INFO - 監控指標改善，模型已保存至 outputs\hybrid_20250406_220224\models\best_model.pt
2025-04-06 22:04:55,168 - src.training.trainer - WARNING - 合併輸出 l2_penalty 時出錯: zero-dimensional arrays cannot be concatenated
2025-04-06 22:04:55,191 - src.training.trainer - INFO - 監控指標改善，模型已保存至 outputs\hybrid_20250406_220224\models\best_model.pt
2025-04-06 22:04:57,064 - src.training.trainer - WARNING - 合併輸出 l2_penalty 時出錯: zero-dimensional arrays cannot be concatenated
2025-04-06 22:04:57,087 - src.training.trainer - INFO - 監控指標改善，模型已保存至 outputs\hybrid_20250406_220224\models\best_model.pt
2025-04-06 22:04:59,029 - src.training.trainer - WARNING - 合併輸出 l2_penalty 時出錯: zero-dimensional arrays cannot be concatenated
2025-04-06 22:04:59,058 - src.training.trainer - INFO - 監控指標改善，模型已保存至 outputs\hybrid_20250406_220224\models\best_model.pt
2025-04-06 22:05:00,991 - src.training.trainer - WARNING - 合併輸出 l2_penalty 時出錯: zero-dimensional arrays cannot be concatenated
2025-04-06 22:05:01,021 - src.training.trainer - INFO - 監控指標改善，模型已保存至 outputs\hybrid_20250406_220224\models\best_model.pt
2025-04-06 22:05:02,818 - src.training.trainer - WARNING - 合併輸出 l2_penalty 時出錯: zero-dimensional arrays cannot be concatenated
2025-04-06 22:05:02,843 - src.training.callbacks - INFO - 模型檢查點已保存至 outputs\hybrid_20250406_220224\HybridPINNLSTMModel_20250406_220226\checkpoints\HybridPINNLSTMModel_epoch_076.pt
2025-04-06 22:05:02,853 - src.training.trainer - INFO - 監控指標改善，模型已保存至 outputs\hybrid_20250406_220224\models\best_model.pt
2025-04-06 22:05:04,684 - src.training.trainer - WARNING - 合併輸出 l2_penalty 時出錯: zero-dimensional arrays cannot be concatenated
2025-04-06 22:05:04,710 - src.training.trainer - INFO - 監控指標改善，模型已保存至 outputs\hybrid_20250406_220224\models\best_model.pt
2025-04-06 22:05:06,575 - src.training.trainer - WARNING - 合併輸出 l2_penalty 時出錯: zero-dimensional arrays cannot be concatenated
2025-04-06 22:05:06,606 - src.training.trainer - INFO - 監控指標改善，模型已保存至 outputs\hybrid_20250406_220224\models\best_model.pt
2025-04-06 22:05:08,598 - src.training.trainer - WARNING - 合併輸出 l2_penalty 時出錯: zero-dimensional arrays cannot be concatenated
2025-04-06 22:05:08,622 - src.training.trainer - INFO - 監控指標改善，模型已保存至 outputs\hybrid_20250406_220224\models\best_model.pt
2025-04-06 22:05:10,379 - src.training.trainer - WARNING - 合併輸出 l2_penalty 時出錯: zero-dimensional arrays cannot be concatenated
2025-04-06 22:05:10,409 - src.training.trainer - INFO - 監控指標改善，模型已保存至 outputs\hybrid_20250406_220224\models\best_model.pt
2025-04-06 22:05:12,183 - src.training.trainer - WARNING - 合併輸出 l2_penalty 時出錯: zero-dimensional arrays cannot be concatenated
2025-04-06 22:05:12,203 - src.training.trainer - INFO - 輪次 81/200 - 訓練損失: 0.679567 - 驗證損失: 4.714979 - rmse: 1311.486561 - r2: -2.115108 - mae: 1064.333130 - 學習率: 0.000105 - 時間: 1.79秒
2025-04-06 22:05:12,224 - src.training.callbacks - INFO - 模型檢查點已保存至 outputs\hybrid_20250406_220224\HybridPINNLSTMModel_20250406_220226\checkpoints\HybridPINNLSTMModel_epoch_081.pt
2025-04-06 22:05:12,236 - src.training.trainer - INFO - 監控指標改善，模型已保存至 outputs\hybrid_20250406_220224\models\best_model.pt
2025-04-06 22:05:14,203 - src.training.trainer - WARNING - 合併輸出 l2_penalty 時出錯: zero-dimensional arrays cannot be concatenated
2025-04-06 22:05:14,226 - src.training.trainer - INFO - 監控指標改善，模型已保存至 outputs\hybrid_20250406_220224\models\best_model.pt
2025-04-06 22:05:16,013 - src.training.trainer - WARNING - 合併輸出 l2_penalty 時出錯: zero-dimensional arrays cannot be concatenated
2025-04-06 22:05:16,040 - src.training.trainer - INFO - 監控指標改善，模型已保存至 outputs\hybrid_20250406_220224\models\best_model.pt
2025-04-06 22:05:17,856 - src.training.trainer - WARNING - 合併輸出 l2_penalty 時出錯: zero-dimensional arrays cannot be concatenated
2025-04-06 22:05:17,879 - src.training.trainer - INFO - 監控指標改善，模型已保存至 outputs\hybrid_20250406_220224\models\best_model.pt
2025-04-06 22:05:19,832 - src.training.trainer - WARNING - 合併輸出 l2_penalty 時出錯: zero-dimensional arrays cannot be concatenated
2025-04-06 22:05:19,863 - src.training.trainer - INFO - 監控指標改善，模型已保存至 outputs\hybrid_20250406_220224\models\best_model.pt
2025-04-06 22:05:21,638 - src.training.trainer - WARNING - 合併輸出 l2_penalty 時出錯: zero-dimensional arrays cannot be concatenated
2025-04-06 22:05:21,664 - src.training.callbacks - INFO - 模型檢查點已保存至 outputs\hybrid_20250406_220224\HybridPINNLSTMModel_20250406_220226\checkpoints\HybridPINNLSTMModel_epoch_086.pt
2025-04-06 22:05:21,672 - src.training.trainer - INFO - 監控指標改善，模型已保存至 outputs\hybrid_20250406_220224\models\best_model.pt
2025-04-06 22:05:23,523 - src.training.trainer - WARNING - 合併輸出 l2_penalty 時出錯: zero-dimensional arrays cannot be concatenated
2025-04-06 22:05:23,552 - src.training.trainer - INFO - 監控指標改善，模型已保存至 outputs\hybrid_20250406_220224\models\best_model.pt
2025-04-06 22:05:25,577 - src.training.trainer - WARNING - 合併輸出 l2_penalty 時出錯: zero-dimensional arrays cannot be concatenated
2025-04-06 22:05:25,609 - src.training.trainer - INFO - 監控指標改善，模型已保存至 outputs\hybrid_20250406_220224\models\best_model.pt
2025-04-06 22:05:28,056 - src.training.trainer - WARNING - 合併輸出 l2_penalty 時出錯: zero-dimensional arrays cannot be concatenated
2025-04-06 22:05:28,100 - src.training.trainer - INFO - 監控指標改善，模型已保存至 outputs\hybrid_20250406_220224\models\best_model.pt
2025-04-06 22:05:30,137 - src.training.trainer - WARNING - 合併輸出 l2_penalty 時出錯: zero-dimensional arrays cannot be concatenated
2025-04-06 22:05:30,157 - src.training.trainer - INFO - 監控指標改善，模型已保存至 outputs\hybrid_20250406_220224\models\best_model.pt
2025-04-06 22:05:32,050 - src.training.trainer - WARNING - 合併輸出 l2_penalty 時出錯: zero-dimensional arrays cannot be concatenated
2025-04-06 22:05:32,064 - src.training.trainer - INFO - 輪次 91/200 - 訓練損失: 0.680221 - 驗證損失: 4.249758 - rmse: 1299.795946 - r2: -2.059819 - mae: 1047.691406 - 學習率: 0.000034 - 時間: 1.91秒
2025-04-06 22:05:32,083 - src.training.callbacks - INFO - 模型檢查點已保存至 outputs\hybrid_20250406_220224\HybridPINNLSTMModel_20250406_220226\checkpoints\HybridPINNLSTMModel_epoch_091.pt
2025-04-06 22:05:32,093 - src.training.trainer - INFO - 監控指標改善，模型已保存至 outputs\hybrid_20250406_220224\models\best_model.pt
2025-04-06 22:05:34,033 - src.training.trainer - WARNING - 合併輸出 l2_penalty 時出錯: zero-dimensional arrays cannot be concatenated
2025-04-06 22:05:34,056 - src.training.trainer - INFO - 監控指標改善，模型已保存至 outputs\hybrid_20250406_220224\models\best_model.pt
2025-04-06 22:05:35,954 - src.training.trainer - WARNING - 合併輸出 l2_penalty 時出錯: zero-dimensional arrays cannot be concatenated
2025-04-06 22:05:35,973 - src.training.trainer - INFO - 監控指標改善，模型已保存至 outputs\hybrid_20250406_220224\models\best_model.pt
2025-04-06 22:05:37,874 - src.training.trainer - WARNING - 合併輸出 l2_penalty 時出錯: zero-dimensional arrays cannot be concatenated
2025-04-06 22:05:37,905 - src.training.trainer - INFO - 監控指標改善，模型已保存至 outputs\hybrid_20250406_220224\models\best_model.pt
2025-04-06 22:05:39,702 - src.training.trainer - WARNING - 合併輸出 l2_penalty 時出錯: zero-dimensional arrays cannot be concatenated
2025-04-06 22:05:39,730 - src.training.trainer - INFO - 監控指標改善，模型已保存至 outputs\hybrid_20250406_220224\models\best_model.pt
2025-04-06 22:05:41,631 - src.training.trainer - WARNING - 合併輸出 l2_penalty 時出錯: zero-dimensional arrays cannot be concatenated
2025-04-06 22:05:41,658 - src.training.callbacks - INFO - 模型檢查點已保存至 outputs\hybrid_20250406_220224\HybridPINNLSTMModel_20250406_220226\checkpoints\HybridPINNLSTMModel_epoch_096.pt
2025-04-06 22:05:41,666 - src.training.trainer - INFO - 監控指標改善，模型已保存至 outputs\hybrid_20250406_220224\models\best_model.pt
2025-04-06 22:05:43,596 - src.training.trainer - WARNING - 合併輸出 l2_penalty 時出錯: zero-dimensional arrays cannot be concatenated
2025-04-06 22:05:43,617 - src.training.trainer - INFO - 監控指標改善，模型已保存至 outputs\hybrid_20250406_220224\models\best_model.pt
2025-04-06 22:05:45,421 - src.training.trainer - WARNING - 合併輸出 l2_penalty 時出錯: zero-dimensional arrays cannot be concatenated
2025-04-06 22:05:45,441 - src.training.trainer - INFO - 監控指標改善，模型已保存至 outputs\hybrid_20250406_220224\models\best_model.pt
2025-04-06 22:05:47,427 - src.training.trainer - WARNING - 合併輸出 l2_penalty 時出錯: zero-dimensional arrays cannot be concatenated
2025-04-06 22:05:47,448 - src.training.trainer - INFO - 監控指標改善，模型已保存至 outputs\hybrid_20250406_220224\models\best_model.pt
2025-04-06 22:05:49,277 - src.training.trainer - WARNING - 合併輸出 l2_penalty 時出錯: zero-dimensional arrays cannot be concatenated
2025-04-06 22:05:49,296 - src.training.trainer - INFO - 監控指標改善，模型已保存至 outputs\hybrid_20250406_220224\models\best_model.pt
2025-04-06 22:05:51,235 - src.training.trainer - WARNING - 合併輸出 l2_penalty 時出錯: zero-dimensional arrays cannot be concatenated
2025-04-06 22:05:51,263 - src.training.trainer - INFO - 輪次 101/200 - 訓練損失: 0.670412 - 驗證損失: 4.386134 - rmse: 1305.189258 - r2: -2.085264 - mae: 1056.785156 - 學習率: 0.000010 - 時間: 1.97秒
2025-04-06 22:05:51,291 - src.training.callbacks - INFO - 模型檢查點已保存至 outputs\hybrid_20250406_220224\HybridPINNLSTMModel_20250406_220226\checkpoints\HybridPINNLSTMModel_epoch_101.pt
2025-04-06 22:05:51,302 - src.training.trainer - INFO - 監控指標改善，模型已保存至 outputs\hybrid_20250406_220224\models\best_model.pt
2025-04-06 22:05:53,207 - src.training.trainer - WARNING - 合併輸出 l2_penalty 時出錯: zero-dimensional arrays cannot be concatenated
2025-04-06 22:05:53,237 - src.training.trainer - INFO - 監控指標改善，模型已保存至 outputs\hybrid_20250406_220224\models\best_model.pt
2025-04-06 22:05:55,014 - src.training.trainer - WARNING - 合併輸出 l2_penalty 時出錯: zero-dimensional arrays cannot be concatenated
2025-04-06 22:05:55,046 - src.training.trainer - INFO - 監控指標改善，模型已保存至 outputs\hybrid_20250406_220224\models\best_model.pt
2025-04-06 22:05:57,004 - src.training.trainer - WARNING - 合併輸出 l2_penalty 時出錯: zero-dimensional arrays cannot be concatenated
2025-04-06 22:05:57,033 - src.training.trainer - INFO - 監控指標改善，模型已保存至 outputs\hybrid_20250406_220224\models\best_model.pt
2025-04-06 22:05:58,893 - src.training.trainer - WARNING - 合併輸出 l2_penalty 時出錯: zero-dimensional arrays cannot be concatenated
2025-04-06 22:05:58,916 - src.training.trainer - INFO - 監控指標改善，模型已保存至 outputs\hybrid_20250406_220224\models\best_model.pt
2025-04-06 22:06:00,876 - src.training.trainer - WARNING - 合併輸出 l2_penalty 時出錯: zero-dimensional arrays cannot be concatenated
2025-04-06 22:06:00,902 - src.training.callbacks - INFO - 模型檢查點已保存至 outputs\hybrid_20250406_220224\HybridPINNLSTMModel_20250406_220226\checkpoints\HybridPINNLSTMModel_epoch_106.pt
2025-04-06 22:06:00,910 - src.training.trainer - INFO - 監控指標改善，模型已保存至 outputs\hybrid_20250406_220224\models\best_model.pt
2025-04-06 22:06:02,851 - src.training.trainer - WARNING - 合併輸出 l2_penalty 時出錯: zero-dimensional arrays cannot be concatenated
2025-04-06 22:06:02,871 - src.training.trainer - INFO - 監控指標改善，模型已保存至 outputs\hybrid_20250406_220224\models\best_model.pt
2025-04-06 22:06:04,641 - src.training.trainer - WARNING - 合併輸出 l2_penalty 時出錯: zero-dimensional arrays cannot be concatenated
2025-04-06 22:06:04,666 - src.training.trainer - INFO - 監控指標改善，模型已保存至 outputs\hybrid_20250406_220224\models\best_model.pt
2025-04-06 22:06:06,561 - src.training.trainer - WARNING - 合併輸出 l2_penalty 時出錯: zero-dimensional arrays cannot be concatenated
2025-04-06 22:06:06,586 - src.training.trainer - INFO - 監控指標改善，模型已保存至 outputs\hybrid_20250406_220224\models\best_model.pt
2025-04-06 22:06:08,366 - src.training.trainer - WARNING - 合併輸出 l2_penalty 時出錯: zero-dimensional arrays cannot be concatenated
2025-04-06 22:06:08,386 - src.training.trainer - INFO - 監控指標改善，模型已保存至 outputs\hybrid_20250406_220224\models\best_model.pt
2025-04-06 22:06:10,149 - src.training.trainer - WARNING - 合併輸出 l2_penalty 時出錯: zero-dimensional arrays cannot be concatenated
2025-04-06 22:06:10,162 - src.training.trainer - INFO - 輪次 111/200 - 訓練損失: 0.658861 - 驗證損失: 4.202169 - rmse: 1299.906199 - r2: -2.060338 - mae: 1049.685547 - 學習率: 0.000034 - 時間: 1.78秒
2025-04-06 22:06:10,179 - src.training.callbacks - INFO - 模型檢查點已保存至 outputs\hybrid_20250406_220224\HybridPINNLSTMModel_20250406_220226\checkpoints\HybridPINNLSTMModel_epoch_111.pt
2025-04-06 22:06:10,189 - src.training.trainer - INFO - 監控指標改善，模型已保存至 outputs\hybrid_20250406_220224\models\best_model.pt
2025-04-06 22:06:11,999 - src.training.trainer - WARNING - 合併輸出 l2_penalty 時出錯: zero-dimensional arrays cannot be concatenated
2025-04-06 22:06:12,018 - src.training.trainer - INFO - 監控指標改善，模型已保存至 outputs\hybrid_20250406_220224\models\best_model.pt
2025-04-06 22:06:13,976 - src.training.trainer - WARNING - 合併輸出 l2_penalty 時出錯: zero-dimensional arrays cannot be concatenated
2025-04-06 22:06:14,001 - src.training.trainer - INFO - 監控指標改善，模型已保存至 outputs\hybrid_20250406_220224\models\best_model.pt
2025-04-06 22:06:15,942 - src.training.trainer - WARNING - 合併輸出 l2_penalty 時出錯: zero-dimensional arrays cannot be concatenated
2025-04-06 22:06:15,965 - src.training.trainer - INFO - 監控指標改善，模型已保存至 outputs\hybrid_20250406_220224\models\best_model.pt
2025-04-06 22:06:17,854 - src.training.trainer - WARNING - 合併輸出 l2_penalty 時出錯: zero-dimensional arrays cannot be concatenated
2025-04-06 22:06:17,880 - src.training.trainer - INFO - 監控指標改善，模型已保存至 outputs\hybrid_20250406_220224\models\best_model.pt
2025-04-06 22:06:19,787 - src.training.trainer - WARNING - 合併輸出 l2_penalty 時出錯: zero-dimensional arrays cannot be concatenated
2025-04-06 22:06:19,813 - src.training.callbacks - INFO - 模型檢查點已保存至 outputs\hybrid_20250406_220224\HybridPINNLSTMModel_20250406_220226\checkpoints\HybridPINNLSTMModel_epoch_116.pt
2025-04-06 22:06:19,822 - src.training.trainer - INFO - 監控指標改善，模型已保存至 outputs\hybrid_20250406_220224\models\best_model.pt
2025-04-06 22:06:21,731 - src.training.trainer - WARNING - 合併輸出 l2_penalty 時出錯: zero-dimensional arrays cannot be concatenated
2025-04-06 22:06:21,759 - src.training.trainer - INFO - 監控指標改善，模型已保存至 outputs\hybrid_20250406_220224\models\best_model.pt
2025-04-06 22:06:23,725 - src.training.trainer - WARNING - 合併輸出 l2_penalty 時出錯: zero-dimensional arrays cannot be concatenated
2025-04-06 22:06:23,750 - src.training.trainer - INFO - 監控指標改善，模型已保存至 outputs\hybrid_20250406_220224\models\best_model.pt
2025-04-06 22:06:25,563 - src.training.trainer - WARNING - 合併輸出 l2_penalty 時出錯: zero-dimensional arrays cannot be concatenated
2025-04-06 22:06:25,594 - src.training.trainer - INFO - 監控指標改善，模型已保存至 outputs\hybrid_20250406_220224\models\best_model.pt
2025-04-06 22:06:27,543 - src.training.trainer - WARNING - 合併輸出 l2_penalty 時出錯: zero-dimensional arrays cannot be concatenated
2025-04-06 22:06:27,563 - src.training.trainer - INFO - 監控指標改善，模型已保存至 outputs\hybrid_20250406_220224\models\best_model.pt
2025-04-06 22:06:29,707 - src.training.trainer - WARNING - 合併輸出 l2_penalty 時出錯: zero-dimensional arrays cannot be concatenated
2025-04-06 22:06:29,731 - src.training.trainer - INFO - 輪次 121/200 - 訓練損失: 0.681269 - 驗證損失: 4.696549 - rmse: 1314.275228 - r2: -2.128369 - mae: 1071.145752 - 學習率: 0.000105 - 時間: 2.17秒
2025-04-06 22:06:29,756 - src.training.callbacks - INFO - 模型檢查點已保存至 outputs\hybrid_20250406_220224\HybridPINNLSTMModel_20250406_220226\checkpoints\HybridPINNLSTMModel_epoch_121.pt
2025-04-06 22:06:29,768 - src.training.trainer - INFO - 監控指標改善，模型已保存至 outputs\hybrid_20250406_220224\models\best_model.pt
2025-04-06 22:06:31,772 - src.training.trainer - WARNING - 合併輸出 l2_penalty 時出錯: zero-dimensional arrays cannot be concatenated
2025-04-06 22:06:31,804 - src.training.trainer - INFO - 監控指標改善，模型已保存至 outputs\hybrid_20250406_220224\models\best_model.pt
2025-04-06 22:06:33,870 - src.training.trainer - WARNING - 合併輸出 l2_penalty 時出錯: zero-dimensional arrays cannot be concatenated
2025-04-06 22:06:33,903 - src.training.trainer - INFO - 監控指標改善，模型已保存至 outputs\hybrid_20250406_220224\models\best_model.pt
2025-04-06 22:06:35,725 - src.training.trainer - WARNING - 合併輸出 l2_penalty 時出錯: zero-dimensional arrays cannot be concatenated
2025-04-06 22:06:35,751 - src.training.trainer - INFO - 監控指標改善，模型已保存至 outputs\hybrid_20250406_220224\models\best_model.pt
2025-04-06 22:06:37,698 - src.training.trainer - WARNING - 合併輸出 l2_penalty 時出錯: zero-dimensional arrays cannot be concatenated
2025-04-06 22:06:37,723 - src.training.trainer - INFO - 監控指標改善，模型已保存至 outputs\hybrid_20250406_220224\models\best_model.pt
2025-04-06 22:06:39,773 - src.training.trainer - WARNING - 合併輸出 l2_penalty 時出錯: zero-dimensional arrays cannot be concatenated
2025-04-06 22:06:39,818 - src.training.callbacks - INFO - 模型檢查點已保存至 outputs\hybrid_20250406_220224\HybridPINNLSTMModel_20250406_220226\checkpoints\HybridPINNLSTMModel_epoch_126.pt
2025-04-06 22:06:39,831 - src.training.trainer - INFO - 監控指標改善，模型已保存至 outputs\hybrid_20250406_220224\models\best_model.pt
2025-04-06 22:06:41,929 - src.training.trainer - WARNING - 合併輸出 l2_penalty 時出錯: zero-dimensional arrays cannot be concatenated
2025-04-06 22:06:41,953 - src.training.trainer - INFO - 監控指標改善，模型已保存至 outputs\hybrid_20250406_220224\models\best_model.pt
2025-04-06 22:06:44,692 - src.training.trainer - WARNING - 合併輸出 l2_penalty 時出錯: zero-dimensional arrays cannot be concatenated
2025-04-06 22:06:44,723 - src.training.trainer - INFO - 監控指標改善，模型已保存至 outputs\hybrid_20250406_220224\models\best_model.pt
2025-04-06 22:06:46,777 - src.training.trainer - WARNING - 合併輸出 l2_penalty 時出錯: zero-dimensional arrays cannot be concatenated
2025-04-06 22:06:46,802 - src.training.trainer - INFO - 監控指標改善，模型已保存至 outputs\hybrid_20250406_220224\models\best_model.pt
2025-04-06 22:06:48,685 - src.training.trainer - WARNING - 合併輸出 l2_penalty 時出錯: zero-dimensional arrays cannot be concatenated
2025-04-06 22:06:48,709 - src.training.trainer - INFO - 監控指標改善，模型已保存至 outputs\hybrid_20250406_220224\models\best_model.pt
2025-04-06 22:06:50,747 - src.training.trainer - WARNING - 合併輸出 l2_penalty 時出錯: zero-dimensional arrays cannot be concatenated
2025-04-06 22:06:50,762 - src.training.trainer - INFO - 輪次 131/200 - 訓練損失: 0.643638 - 驗證損失: 4.265199 - rmse: 1299.550836 - r2: -2.058665 - mae: 1047.358154 - 學習率: 0.000214 - 時間: 2.05秒
2025-04-06 22:06:50,777 - src.training.callbacks - INFO - 模型檢查點已保存至 outputs\hybrid_20250406_220224\HybridPINNLSTMModel_20250406_220226\checkpoints\HybridPINNLSTMModel_epoch_131.pt
2025-04-06 22:06:50,790 - src.training.trainer - INFO - 監控指標改善，模型已保存至 outputs\hybrid_20250406_220224\models\best_model.pt
2025-04-06 22:06:52,856 - src.training.trainer - WARNING - 合併輸出 l2_penalty 時出錯: zero-dimensional arrays cannot be concatenated
2025-04-06 22:06:52,878 - src.training.trainer - INFO - 監控指標改善，模型已保存至 outputs\hybrid_20250406_220224\models\best_model.pt
2025-04-06 22:06:54,942 - src.training.trainer - WARNING - 合併輸出 l2_penalty 時出錯: zero-dimensional arrays cannot be concatenated
2025-04-06 22:06:54,975 - src.training.trainer - INFO - 監控指標改善，模型已保存至 outputs\hybrid_20250406_220224\models\best_model.pt
2025-04-06 22:06:57,011 - src.training.trainer - WARNING - 合併輸出 l2_penalty 時出錯: zero-dimensional arrays cannot be concatenated
2025-04-06 22:06:57,033 - src.training.trainer - INFO - 監控指標改善，模型已保存至 outputs\hybrid_20250406_220224\models\best_model.pt
2025-04-06 22:06:58,789 - src.training.trainer - WARNING - 合併輸出 l2_penalty 時出錯: zero-dimensional arrays cannot be concatenated
2025-04-06 22:06:58,811 - src.training.trainer - INFO - 監控指標改善，模型已保存至 outputs\hybrid_20250406_220224\models\best_model.pt
2025-04-06 22:07:00,667 - src.training.trainer - WARNING - 合併輸出 l2_penalty 時出錯: zero-dimensional arrays cannot be concatenated
2025-04-06 22:07:00,697 - src.training.callbacks - INFO - 模型檢查點已保存至 outputs\hybrid_20250406_220224\HybridPINNLSTMModel_20250406_220226\checkpoints\HybridPINNLSTMModel_epoch_136.pt
2025-04-06 22:07:00,707 - src.training.trainer - INFO - 監控指標改善，模型已保存至 outputs\hybrid_20250406_220224\models\best_model.pt
2025-04-06 22:07:03,107 - src.training.trainer - WARNING - 合併輸出 l2_penalty 時出錯: zero-dimensional arrays cannot be concatenated
2025-04-06 22:07:03,137 - src.training.trainer - INFO - 監控指標改善，模型已保存至 outputs\hybrid_20250406_220224\models\best_model.pt
2025-04-06 22:07:05,207 - src.training.trainer - WARNING - 合併輸出 l2_penalty 時出錯: zero-dimensional arrays cannot be concatenated
2025-04-06 22:07:05,240 - src.training.trainer - INFO - 監控指標改善，模型已保存至 outputs\hybrid_20250406_220224\models\best_model.pt
2025-04-06 22:07:07,335 - src.training.trainer - WARNING - 合併輸出 l2_penalty 時出錯: zero-dimensional arrays cannot be concatenated
2025-04-06 22:07:07,367 - src.training.trainer - INFO - 監控指標改善，模型已保存至 outputs\hybrid_20250406_220224\models\best_model.pt
2025-04-06 22:07:09,214 - src.training.trainer - WARNING - 合併輸出 l2_penalty 時出錯: zero-dimensional arrays cannot be concatenated
2025-04-06 22:07:09,238 - src.training.trainer - INFO - 監控指標改善，模型已保存至 outputs\hybrid_20250406_220224\models\best_model.pt
2025-04-06 22:07:11,271 - src.training.trainer - WARNING - 合併輸出 l2_penalty 時出錯: zero-dimensional arrays cannot be concatenated
2025-04-06 22:07:11,292 - src.training.trainer - INFO - 輪次 141/200 - 訓練損失: 0.645976 - 驗證損失: 4.482078 - rmse: 1309.422010 - r2: -2.105308 - mae: 1064.445190 - 學習率: 0.000352 - 時間: 2.05秒
2025-04-06 22:07:11,316 - src.training.callbacks - INFO - 模型檢查點已保存至 outputs\hybrid_20250406_220224\HybridPINNLSTMModel_20250406_220226\checkpoints\HybridPINNLSTMModel_epoch_141.pt
2025-04-06 22:07:11,328 - src.training.trainer - INFO - 監控指標改善，模型已保存至 outputs\hybrid_20250406_220224\models\best_model.pt
2025-04-06 22:07:13,413 - src.training.trainer - WARNING - 合併輸出 l2_penalty 時出錯: zero-dimensional arrays cannot be concatenated
2025-04-06 22:07:13,448 - src.training.trainer - INFO - 監控指標改善，模型已保存至 outputs\hybrid_20250406_220224\models\best_model.pt
2025-04-06 22:07:15,441 - src.training.trainer - WARNING - 合併輸出 l2_penalty 時出錯: zero-dimensional arrays cannot be concatenated
2025-04-06 22:07:15,469 - src.training.trainer - INFO - 監控指標改善，模型已保存至 outputs\hybrid_20250406_220224\models\best_model.pt
2025-04-06 22:07:17,505 - src.training.trainer - WARNING - 合併輸出 l2_penalty 時出錯: zero-dimensional arrays cannot be concatenated
2025-04-06 22:07:17,529 - src.training.trainer - INFO - 監控指標改善，模型已保存至 outputs\hybrid_20250406_220224\models\best_model.pt
2025-04-06 22:07:19,517 - src.training.trainer - WARNING - 合併輸出 l2_penalty 時出錯: zero-dimensional arrays cannot be concatenated
2025-04-06 22:07:19,556 - src.training.trainer - INFO - 監控指標改善，模型已保存至 outputs\hybrid_20250406_220224\models\best_model.pt
2025-04-06 22:07:21,714 - src.training.trainer - WARNING - 合併輸出 l2_penalty 時出錯: zero-dimensional arrays cannot be concatenated
2025-04-06 22:07:21,753 - src.training.callbacks - INFO - 模型檢查點已保存至 outputs\hybrid_20250406_220224\HybridPINNLSTMModel_20250406_220226\checkpoints\HybridPINNLSTMModel_epoch_146.pt
2025-04-06 22:07:21,766 - src.training.trainer - INFO - 監控指標改善，模型已保存至 outputs\hybrid_20250406_220224\models\best_model.pt
2025-04-06 22:07:24,035 - src.training.trainer - WARNING - 合併輸出 l2_penalty 時出錯: zero-dimensional arrays cannot be concatenated
2025-04-06 22:07:24,067 - src.training.trainer - INFO - 監控指標改善，模型已保存至 outputs\hybrid_20250406_220224\models\best_model.pt
2025-04-06 22:07:26,687 - src.training.trainer - WARNING - 合併輸出 l2_penalty 時出錯: zero-dimensional arrays cannot be concatenated
2025-04-06 22:07:26,720 - src.training.trainer - INFO - 監控指標改善，模型已保存至 outputs\hybrid_20250406_220224\models\best_model.pt
2025-04-06 22:07:28,754 - src.training.trainer - WARNING - 合併輸出 l2_penalty 時出錯: zero-dimensional arrays cannot be concatenated
2025-04-06 22:07:28,778 - src.training.trainer - INFO - 監控指標改善，模型已保存至 outputs\hybrid_20250406_220224\models\best_model.pt
2025-04-06 22:07:31,063 - src.training.trainer - WARNING - 合併輸出 l2_penalty 時出錯: zero-dimensional arrays cannot be concatenated
2025-04-06 22:07:31,100 - src.training.trainer - INFO - 監控指標改善，模型已保存至 outputs\hybrid_20250406_220224\models\best_model.pt
2025-04-06 22:07:33,172 - src.training.trainer - WARNING - 合併輸出 l2_penalty 時出錯: zero-dimensional arrays cannot be concatenated
2025-04-06 22:07:33,186 - src.training.trainer - INFO - 輪次 151/200 - 訓練損失: 0.626558 - 驗證損失: 4.031888 - rmse: 1298.554052 - r2: -2.053975 - mae: 1050.800659 - 學習率: 0.000505 - 時間: 2.09秒
2025-04-06 22:07:33,206 - src.training.callbacks - INFO - 模型檢查點已保存至 outputs\hybrid_20250406_220224\HybridPINNLSTMModel_20250406_220226\checkpoints\HybridPINNLSTMModel_epoch_151.pt
2025-04-06 22:07:33,215 - src.training.trainer - INFO - 監控指標改善，模型已保存至 outputs\hybrid_20250406_220224\models\best_model.pt
2025-04-06 22:07:35,431 - src.training.trainer - WARNING - 合併輸出 l2_penalty 時出錯: zero-dimensional arrays cannot be concatenated
2025-04-06 22:07:35,466 - src.training.trainer - INFO - 監控指標改善，模型已保存至 outputs\hybrid_20250406_220224\models\best_model.pt
2025-04-06 22:07:37,329 - src.training.trainer - WARNING - 合併輸出 l2_penalty 時出錯: zero-dimensional arrays cannot be concatenated
2025-04-06 22:07:37,353 - src.training.trainer - INFO - 監控指標改善，模型已保存至 outputs\hybrid_20250406_220224\models\best_model.pt
2025-04-06 22:07:39,353 - src.training.trainer - WARNING - 合併輸出 l2_penalty 時出錯: zero-dimensional arrays cannot be concatenated
2025-04-06 22:07:39,378 - src.training.trainer - INFO - 監控指標改善，模型已保存至 outputs\hybrid_20250406_220224\models\best_model.pt
2025-04-06 22:07:41,466 - src.training.trainer - WARNING - 合併輸出 l2_penalty 時出錯: zero-dimensional arrays cannot be concatenated
2025-04-06 22:07:41,500 - src.training.trainer - INFO - 監控指標改善，模型已保存至 outputs\hybrid_20250406_220224\models\best_model.pt
2025-04-06 22:07:43,665 - src.training.trainer - WARNING - 合併輸出 l2_penalty 時出錯: zero-dimensional arrays cannot be concatenated
2025-04-06 22:07:43,699 - src.training.callbacks - INFO - 模型檢查點已保存至 outputs\hybrid_20250406_220224\HybridPINNLSTMModel_20250406_220226\checkpoints\HybridPINNLSTMModel_epoch_156.pt
2025-04-06 22:07:43,710 - src.training.trainer - INFO - 監控指標改善，模型已保存至 outputs\hybrid_20250406_220224\models\best_model.pt
2025-04-06 22:07:45,712 - src.training.trainer - WARNING - 合併輸出 l2_penalty 時出錯: zero-dimensional arrays cannot be concatenated
2025-04-06 22:07:45,743 - src.training.trainer - INFO - 監控指標改善，模型已保存至 outputs\hybrid_20250406_220224\models\best_model.pt
2025-04-06 22:07:47,984 - src.training.trainer - WARNING - 合併輸出 l2_penalty 時出錯: zero-dimensional arrays cannot be concatenated
2025-04-06 22:07:48,011 - src.training.trainer - INFO - 監控指標改善，模型已保存至 outputs\hybrid_20250406_220224\models\best_model.pt
2025-04-06 22:07:50,197 - src.training.trainer - WARNING - 合併輸出 l2_penalty 時出錯: zero-dimensional arrays cannot be concatenated
2025-04-06 22:07:50,223 - src.training.trainer - INFO - 監控指標改善，模型已保存至 outputs\hybrid_20250406_220224\models\best_model.pt
2025-04-06 22:07:52,456 - src.training.trainer - WARNING - 合併輸出 l2_penalty 時出錯: zero-dimensional arrays cannot be concatenated
2025-04-06 22:07:52,493 - src.training.trainer - INFO - 監控指標改善，模型已保存至 outputs\hybrid_20250406_220224\models\best_model.pt
2025-04-06 22:07:54,843 - src.training.trainer - WARNING - 合併輸出 l2_penalty 時出錯: zero-dimensional arrays cannot be concatenated
2025-04-06 22:07:54,862 - src.training.trainer - INFO - 輪次 161/200 - 訓練損失: 0.617021 - 驗證損失: 4.031065 - rmse: 1293.242630 - r2: -2.029042 - mae: 1033.349609 - 學習率: 0.000658 - 時間: 2.37秒
2025-04-06 22:07:54,882 - src.training.callbacks - INFO - 模型檢查點已保存至 outputs\hybrid_20250406_220224\HybridPINNLSTMModel_20250406_220226\checkpoints\HybridPINNLSTMModel_epoch_161.pt
2025-04-06 22:07:54,893 - src.training.trainer - INFO - 監控指標改善，模型已保存至 outputs\hybrid_20250406_220224\models\best_model.pt
2025-04-06 22:07:57,138 - src.training.trainer - WARNING - 合併輸出 l2_penalty 時出錯: zero-dimensional arrays cannot be concatenated
2025-04-06 22:07:57,172 - src.training.trainer - INFO - 監控指標改善，模型已保存至 outputs\hybrid_20250406_220224\models\best_model.pt
2025-04-06 22:07:59,492 - src.training.trainer - WARNING - 合併輸出 l2_penalty 時出錯: zero-dimensional arrays cannot be concatenated
2025-04-06 22:07:59,529 - src.training.trainer - INFO - 監控指標改善，模型已保存至 outputs\hybrid_20250406_220224\models\best_model.pt
2025-04-06 22:08:01,765 - src.training.trainer - WARNING - 合併輸出 l2_penalty 時出錯: zero-dimensional arrays cannot be concatenated
2025-04-06 22:08:01,789 - src.training.trainer - INFO - 監控指標改善，模型已保存至 outputs\hybrid_20250406_220224\models\best_model.pt
2025-04-06 22:08:03,755 - src.training.trainer - WARNING - 合併輸出 l2_penalty 時出錯: zero-dimensional arrays cannot be concatenated
2025-04-06 22:08:03,782 - src.training.trainer - INFO - 監控指標改善，模型已保存至 outputs\hybrid_20250406_220224\models\best_model.pt
2025-04-06 22:08:06,036 - src.training.trainer - WARNING - 合併輸出 l2_penalty 時出錯: zero-dimensional arrays cannot be concatenated
2025-04-06 22:08:06,078 - src.training.callbacks - INFO - 模型檢查點已保存至 outputs\hybrid_20250406_220224\HybridPINNLSTMModel_20250406_220226\checkpoints\HybridPINNLSTMModel_epoch_166.pt
2025-04-06 22:08:06,087 - src.training.trainer - INFO - 監控指標改善，模型已保存至 outputs\hybrid_20250406_220224\models\best_model.pt
2025-04-06 22:08:08,389 - src.training.trainer - WARNING - 合併輸出 l2_penalty 時出錯: zero-dimensional arrays cannot be concatenated
2025-04-06 22:08:08,418 - src.training.trainer - INFO - 監控指標改善，模型已保存至 outputs\hybrid_20250406_220224\models\best_model.pt
2025-04-06 22:08:10,457 - src.training.trainer - WARNING - 合併輸出 l2_penalty 時出錯: zero-dimensional arrays cannot be concatenated
2025-04-06 22:08:10,488 - src.training.trainer - INFO - 監控指標改善，模型已保存至 outputs\hybrid_20250406_220224\models\best_model.pt
2025-04-06 22:08:12,506 - src.training.trainer - WARNING - 合併輸出 l2_penalty 時出錯: zero-dimensional arrays cannot be concatenated
2025-04-06 22:08:12,528 - src.training.trainer - INFO - 監控指標改善，模型已保存至 outputs\hybrid_20250406_220224\models\best_model.pt
2025-04-06 22:08:14,437 - src.training.trainer - WARNING - 合併輸出 l2_penalty 時出錯: zero-dimensional arrays cannot be concatenated
2025-04-06 22:08:14,467 - src.training.trainer - INFO - 監控指標改善，模型已保存至 outputs\hybrid_20250406_220224\models\best_model.pt
2025-04-06 22:08:16,417 - src.training.trainer - WARNING - 合併輸出 l2_penalty 時出錯: zero-dimensional arrays cannot be concatenated
2025-04-06 22:08:16,431 - src.training.trainer - INFO - 輪次 171/200 - 訓練損失: 0.602548 - 驗證損失: 3.955528 - rmse: 1295.641781 - r2: -2.040292 - mae: 1045.353027 - 學習率: 0.000796 - 時間: 1.96秒
2025-04-06 22:08:16,446 - src.training.callbacks - INFO - 模型檢查點已保存至 outputs\hybrid_20250406_220224\HybridPINNLSTMModel_20250406_220226\checkpoints\HybridPINNLSTMModel_epoch_171.pt
2025-04-06 22:08:16,461 - src.training.trainer - INFO - 監控指標改善，模型已保存至 outputs\hybrid_20250406_220224\models\best_model.pt
2025-04-06 22:08:20,204 - src.training.trainer - WARNING - 合併輸出 l2_penalty 時出錯: zero-dimensional arrays cannot be concatenated
2025-04-06 22:08:20,250 - src.training.trainer - INFO - 監控指標改善，模型已保存至 outputs\hybrid_20250406_220224\models\best_model.pt
2025-04-06 22:08:22,834 - src.training.trainer - WARNING - 合併輸出 l2_penalty 時出錯: zero-dimensional arrays cannot be concatenated
2025-04-06 22:08:22,870 - src.training.trainer - INFO - 監控指標改善，模型已保存至 outputs\hybrid_20250406_220224\models\best_model.pt
2025-04-06 22:08:25,189 - src.training.trainer - WARNING - 合併輸出 l2_penalty 時出錯: zero-dimensional arrays cannot be concatenated
2025-04-06 22:08:25,228 - src.training.trainer - INFO - 監控指標改善，模型已保存至 outputs\hybrid_20250406_220224\models\best_model.pt
2025-04-06 22:08:28,252 - src.training.trainer - WARNING - 合併輸出 l2_penalty 時出錯: zero-dimensional arrays cannot be concatenated
2025-04-06 22:08:28,276 - src.training.trainer - INFO - 監控指標改善，模型已保存至 outputs\hybrid_20250406_220224\models\best_model.pt
2025-04-06 22:08:30,342 - src.training.trainer - WARNING - 合併輸出 l2_penalty 時出錯: zero-dimensional arrays cannot be concatenated
2025-04-06 22:08:30,379 - src.training.callbacks - INFO - 模型檢查點已保存至 outputs\hybrid_20250406_220224\HybridPINNLSTMModel_20250406_220226\checkpoints\HybridPINNLSTMModel_epoch_176.pt
2025-04-06 22:08:30,389 - src.training.trainer - INFO - 監控指標改善，模型已保存至 outputs\hybrid_20250406_220224\models\best_model.pt
2025-04-06 22:08:32,616 - src.training.trainer - WARNING - 合併輸出 l2_penalty 時出錯: zero-dimensional arrays cannot be concatenated
2025-04-06 22:08:32,643 - src.training.trainer - INFO - 監控指標改善，模型已保存至 outputs\hybrid_20250406_220224\models\best_model.pt
2025-04-06 22:08:34,694 - src.training.trainer - WARNING - 合併輸出 l2_penalty 時出錯: zero-dimensional arrays cannot be concatenated
2025-04-06 22:08:34,728 - src.training.trainer - INFO - 監控指標改善，模型已保存至 outputs\hybrid_20250406_220224\models\best_model.pt
2025-04-06 22:08:36,927 - src.training.trainer - WARNING - 合併輸出 l2_penalty 時出錯: zero-dimensional arrays cannot be concatenated
2025-04-06 22:08:36,955 - src.training.trainer - INFO - 監控指標改善，模型已保存至 outputs\hybrid_20250406_220224\models\best_model.pt
2025-04-06 22:08:39,064 - src.training.trainer - WARNING - 合併輸出 l2_penalty 時出錯: zero-dimensional arrays cannot be concatenated
2025-04-06 22:08:39,086 - src.training.trainer - INFO - 監控指標改善，模型已保存至 outputs\hybrid_20250406_220224\models\best_model.pt
2025-04-06 22:08:41,188 - src.training.trainer - WARNING - 合併輸出 l2_penalty 時出錯: zero-dimensional arrays cannot be concatenated
2025-04-06 22:08:41,208 - src.training.trainer - INFO - 輪次 181/200 - 訓練損失: 0.603606 - 驗證損失: 3.960338 - rmse: 1290.968774 - r2: -2.018400 - mae: 1031.784302 - 學習率: 0.000905 - 時間: 2.12秒
2025-04-06 22:08:41,223 - src.training.callbacks - INFO - 模型檢查點已保存至 outputs\hybrid_20250406_220224\HybridPINNLSTMModel_20250406_220226\checkpoints\HybridPINNLSTMModel_epoch_181.pt
2025-04-06 22:08:41,238 - src.training.trainer - INFO - 監控指標改善，模型已保存至 outputs\hybrid_20250406_220224\models\best_model.pt
2025-04-06 22:08:43,351 - src.training.trainer - WARNING - 合併輸出 l2_penalty 時出錯: zero-dimensional arrays cannot be concatenated
2025-04-06 22:08:43,372 - src.training.trainer - INFO - 監控指標改善，模型已保存至 outputs\hybrid_20250406_220224\models\best_model.pt
2025-04-06 22:08:45,415 - src.training.trainer - WARNING - 合併輸出 l2_penalty 時出錯: zero-dimensional arrays cannot be concatenated
2025-04-06 22:08:45,435 - src.training.trainer - INFO - 監控指標改善，模型已保存至 outputs\hybrid_20250406_220224\models\best_model.pt
2025-04-06 22:08:47,641 - src.training.trainer - WARNING - 合併輸出 l2_penalty 時出錯: zero-dimensional arrays cannot be concatenated
2025-04-06 22:08:47,670 - src.training.trainer - INFO - 監控指標改善，模型已保存至 outputs\hybrid_20250406_220224\models\best_model.pt
2025-04-06 22:08:49,773 - src.training.trainer - WARNING - 合併輸出 l2_penalty 時出錯: zero-dimensional arrays cannot be concatenated
2025-04-06 22:08:49,808 - src.training.trainer - INFO - 監控指標改善，模型已保存至 outputs\hybrid_20250406_220224\models\best_model.pt
2025-04-06 22:08:51,754 - src.training.trainer - WARNING - 合併輸出 l2_penalty 時出錯: zero-dimensional arrays cannot be concatenated
2025-04-06 22:08:51,794 - src.training.callbacks - INFO - 模型檢查點已保存至 outputs\hybrid_20250406_220224\HybridPINNLSTMModel_20250406_220226\checkpoints\HybridPINNLSTMModel_epoch_186.pt
2025-04-06 22:08:51,804 - src.training.trainer - INFO - 監控指標改善，模型已保存至 outputs\hybrid_20250406_220224\models\best_model.pt
2025-04-06 22:08:54,144 - src.training.trainer - WARNING - 合併輸出 l2_penalty 時出錯: zero-dimensional arrays cannot be concatenated
2025-04-06 22:08:54,182 - src.training.trainer - INFO - 監控指標改善，模型已保存至 outputs\hybrid_20250406_220224\models\best_model.pt
2025-04-06 22:08:56,283 - src.training.trainer - WARNING - 合併輸出 l2_penalty 時出錯: zero-dimensional arrays cannot be concatenated
2025-04-06 22:08:56,310 - src.training.trainer - INFO - 監控指標改善，模型已保存至 outputs\hybrid_20250406_220224\models\best_model.pt
2025-04-06 22:08:58,213 - src.training.trainer - WARNING - 合併輸出 l2_penalty 時出錯: zero-dimensional arrays cannot be concatenated
2025-04-06 22:08:58,247 - src.training.trainer - INFO - 監控指標改善，模型已保存至 outputs\hybrid_20250406_220224\models\best_model.pt
2025-04-06 22:09:00,392 - src.training.trainer - WARNING - 合併輸出 l2_penalty 時出錯: zero-dimensional arrays cannot be concatenated
2025-04-06 22:09:00,416 - src.training.trainer - INFO - 監控指標改善，模型已保存至 outputs\hybrid_20250406_220224\models\best_model.pt
2025-04-06 22:09:02,469 - src.training.trainer - WARNING - 合併輸出 l2_penalty 時出錯: zero-dimensional arrays cannot be concatenated
2025-04-06 22:09:02,490 - src.training.trainer - INFO - 輪次 191/200 - 訓練損失: 0.590251 - 驗證損失: 4.167366 - rmse: 1305.856663 - r2: -2.088420 - mae: 1061.728271 - 學習率: 0.000976 - 時間: 2.07秒
2025-04-06 22:09:02,512 - src.training.callbacks - INFO - 模型檢查點已保存至 outputs\hybrid_20250406_220224\HybridPINNLSTMModel_20250406_220226\checkpoints\HybridPINNLSTMModel_epoch_191.pt
2025-04-06 22:09:02,527 - src.training.trainer - INFO - 監控指標改善，模型已保存至 outputs\hybrid_20250406_220224\models\best_model.pt
2025-04-06 22:09:04,714 - src.training.trainer - WARNING - 合併輸出 l2_penalty 時出錯: zero-dimensional arrays cannot be concatenated
2025-04-06 22:09:04,756 - src.training.trainer - INFO - 監控指標改善，模型已保存至 outputs\hybrid_20250406_220224\models\best_model.pt
2025-04-06 22:09:06,646 - src.training.trainer - WARNING - 合併輸出 l2_penalty 時出錯: zero-dimensional arrays cannot be concatenated
2025-04-06 22:09:06,673 - src.training.trainer - INFO - 監控指標改善，模型已保存至 outputs\hybrid_20250406_220224\models\best_model.pt
2025-04-06 22:09:08,587 - src.training.trainer - WARNING - 合併輸出 l2_penalty 時出錯: zero-dimensional arrays cannot be concatenated
2025-04-06 22:09:08,616 - src.training.trainer - INFO - 監控指標改善，模型已保存至 outputs\hybrid_20250406_220224\models\best_model.pt
2025-04-06 22:09:10,601 - src.training.trainer - WARNING - 合併輸出 l2_penalty 時出錯: zero-dimensional arrays cannot be concatenated
2025-04-06 22:09:10,625 - src.training.trainer - INFO - 監控指標改善，模型已保存至 outputs\hybrid_20250406_220224\models\best_model.pt
2025-04-06 22:09:12,790 - src.training.trainer - WARNING - 合併輸出 l2_penalty 時出錯: zero-dimensional arrays cannot be concatenated
2025-04-06 22:09:12,828 - src.training.callbacks - INFO - 模型檢查點已保存至 outputs\hybrid_20250406_220224\HybridPINNLSTMModel_20250406_220226\checkpoints\HybridPINNLSTMModel_epoch_196.pt
2025-04-06 22:09:12,838 - src.training.trainer - INFO - 監控指標改善，模型已保存至 outputs\hybrid_20250406_220224\models\best_model.pt
2025-04-06 22:09:14,713 - src.training.trainer - WARNING - 合併輸出 l2_penalty 時出錯: zero-dimensional arrays cannot be concatenated
2025-04-06 22:09:14,736 - src.training.trainer - INFO - 監控指標改善，模型已保存至 outputs\hybrid_20250406_220224\models\best_model.pt
2025-04-06 22:09:16,748 - src.training.trainer - WARNING - 合併輸出 l2_penalty 時出錯: zero-dimensional arrays cannot be concatenated
2025-04-06 22:09:16,777 - src.training.trainer - INFO - 監控指標改善，模型已保存至 outputs\hybrid_20250406_220224\models\best_model.pt
2025-04-06 22:09:18,746 - src.training.trainer - WARNING - 合併輸出 l2_penalty 時出錯: zero-dimensional arrays cannot be concatenated
2025-04-06 22:09:18,770 - src.training.trainer - INFO - 監控指標改善，模型已保存至 outputs\hybrid_20250406_220224\models\best_model.pt
2025-04-06 22:09:21,077 - src.training.trainer - WARNING - 合併輸出 l2_penalty 時出錯: zero-dimensional arrays cannot be concatenated
2025-04-06 22:09:21,095 - src.training.trainer - INFO - 輪次 200/200 - 訓練損失: 0.591589 - 驗證損失: 4.350919 - rmse: 1305.837327 - r2: -2.088329 - mae: 1058.280151 - 學習率: 0.001000 - 時間: 2.32秒
2025-04-06 22:09:21,111 - src.training.trainer - INFO - 監控指標改善，模型已保存至 outputs\hybrid_20250406_220224\models\best_model.pt
2025-04-06 22:09:21,112 - src.training.trainer - INFO - 訓練完成，總時間: 415.01秒
2025-04-06 22:09:21,129 - __main__ - INFO - 訓練完成，最終模型已保存至: outputs\hybrid_20250406_220224\models\final_model.pt
2025-04-06 22:09:21,138 - __main__ - WARNING - 合併輸出 l2_penalty 時出錯: zero-dimensional arrays cannot be concatenated
2025-04-06 22:09:21,153 - __main__ - INFO - 評估指標已保存至: outputs\hybrid_20250406_220224\evaluation\metrics.csv
2025-04-06 22:09:21,154 - __main__ - INFO - 生成視覺化結果...
2025-04-06 22:09:21,905 - src.utils.visualization - INFO - 圖像已保存至: outputs\hybrid_20250406_220224\evaluation\visualizations\pred_vs_true.png
2025-04-06 22:09:22,410 - src.utils.visualization - INFO - 圖像已保存至: outputs\hybrid_20250406_220224\evaluation\visualizations\pred_vs_true.png
2025-04-06 22:09:23,849 - src.utils.visualization - INFO - 圖像已保存至: outputs\hybrid_20250406_220224\evaluation\visualizations\error_analysis.png
2025-04-06 22:09:24,970 - src.utils.visualization - INFO - 圖像已保存至: outputs\hybrid_20250406_220224\evaluation\visualizations\physics_validation.png
2025-04-06 22:09:25,927 - src.utils.visualization - INFO - 圖像已保存至: outputs\hybrid_20250406_220224\evaluation\visualizations\attention_weights.png
2025-04-06 22:09:26,383 - src.utils.visualization - INFO - 已生成 6 個視覺化圖表於 outputs\hybrid_20250406_220224\evaluation\visualizations
2025-04-06 22:09:26,383 - __main__ - INFO - 評估完成，結果已保存至: outputs\hybrid_20250406_220224\evaluation
2025-04-06 22:09:26,384 - __main__ - INFO - 任務完成
