2025-04-06 15:58:37,795 - __main__ - DEBUG - 除錯模式已啟用
2025-04-06 15:58:37,808 - __main__ - INFO - 成功載入配置文件: configs/model_config.yaml
2025-04-06 15:58:37,833 - __main__ - INFO - 成功載入配置文件: configs/train_config.yaml
2025-04-06 15:58:37,837 - __main__ - INFO - 已設定隨機種子: 42
2025-04-06 15:58:37,837 - __main__ - INFO - 使用計算設備: cpu
2025-04-06 15:58:37,838 - __main__ - INFO - 輸出目錄: outputs\hybrid_20250406_155837
2025-04-06 15:58:37,839 - __main__ - INFO - 載入資料: data/raw/Training_data_warpage_final_20250321_v1.2.csv
2025-04-06 15:58:37,843 - src.data.preprocess - INFO - 成功載入資料檔案: data/raw/Training_data_warpage_final_20250321_v1.2.csv，共 81 筆資料，18 個欄位
2025-04-06 15:58:37,848 - src.data.preprocess - INFO - 標準化完成，特徵數量: 5
2025-04-06 15:58:37,849 - src.data.preprocess - INFO - 時間序列資料準備完成，形狀: (81, 4, 2)
2025-04-06 15:58:37,852 - src.data.preprocess - INFO - 資料分割完成 - 訓練集: 56 樣本, 驗證集: 12 樣本, 測試集: 13 樣本
2025-04-06 15:58:37,852 - src.data.preprocess - INFO - 完整資料處理流程完成
2025-04-06 15:58:37,853 - __main__ - INFO - 資料分割完成, 訓練集: 56 樣本, 驗證集: 12 樣本, 測試集: 13 樣本
2025-04-06 15:58:37,853 - __main__ - INFO - 應用資料增強...
2025-04-06 15:58:37,853 - src.data.dataset - INFO - 進行資料增強，原始訓練集大小: 56 樣本
2025-04-06 15:58:38,015 - src.data.dataset - INFO - 資料增強完成，增強後的訓練集大小: 626 樣本
2025-04-06 15:58:38,015 - __main__ - INFO - 資料增強完成，增強後的訓練集大小: 626 樣本
2025-04-06 15:58:38,028 - __main__ - INFO - 創建混合PINN-LSTM模型，使用物理約束: True，融合方法: weighted
2025-04-06 15:58:38,032 - src.data.dataset - INFO - 已創建資料載入器 - 訓練: 626 樣本, 驗證: 12 樣本, 測試: 13 樣本, 批次大小: 8
2025-04-06 15:58:39,997 - src.training.trainer - INFO - 創建adam優化器，學習率: 0.001，權重衰減: 0.0001
2025-04-06 15:58:39,997 - src.training.losses - INFO - 初始化HybridLoss: lambda_physics=0.01, lambda_consistency=0.01, a=55.83, b=-2.259, log_space=True, l1_reg=0.0, l2_reg=0.001
2025-04-06 15:58:39,998 - src.training.losses - INFO - 初始化AdaptiveHybridLoss: physics權重從0.01增加到0.5, consistency權重從0.01增加到0.3, 在50個輪次內達到最大值, 預熱輪次: 5, 調整方案: linear
2025-04-06 15:58:39,998 - src.training.trainer - INFO - 創建餘弦退火學習率調度器，週期=100，最小學習率=1e-05
2025-04-06 15:58:39,998 - src.training.trainer - INFO - 創建餘弦退火學習率調度器，週期: 100，最小學習率: 1e-05
2025-04-06 15:58:40,001 - src.training.callbacks - INFO - 初始化ModelCheckpoint: 保存目錄=outputs\hybrid_20250406_155837\HybridPINNLSTMModel_20250406_155839\checkpoints, 保存頻率=5, 只保存最佳=False, 監控指標=val_loss, 模式=min
2025-04-06 15:58:40,002 - src.training.callbacks - INFO - 初始化LossHistory: 保存路徑=outputs\hybrid_20250406_155837\HybridPINNLSTMModel_20250406_155839\history.json, 保存頻率=1
2025-04-06 15:58:40,005 - src.training.trainer - INFO - 初始化訓練器完成，模型: HybridPINNLSTMModel, 優化器: Adam, 設備: cpu
2025-04-06 15:58:40,005 - __main__ - INFO - 開始訓練，總輪數: 200
2025-04-06 15:58:40,005 - src.training.trainer - INFO - 開始訓練，總輪數: 200
2025-04-06 15:58:42,439 - src.training.trainer - WARNING - 合併輸出 dynamic_weights 時出錯: all the input array dimensions except for the concatenation axis must match exactly, but along dimension 1, the array at index 0 has size 8 and the array at index 1 has size 4
2025-04-06 15:58:42,439 - src.training.trainer - INFO - 輪次 1/200 - 訓練損失: 13.983750 - 驗證損失: 16.592286 - rmse: 1378.508388 - r2: -2.441630 - mae: 1155.657104 - 學習率: 0.001000 - 時間: 2.43秒
2025-04-06 15:58:42,461 - src.training.callbacks - INFO - 模型檢查點已保存至 outputs\hybrid_20250406_155837\HybridPINNLSTMModel_20250406_155839\checkpoints\HybridPINNLSTMModel_epoch_001.pt
2025-04-06 15:58:42,464 - src.training.trainer - INFO - min模式下監控指標改善
2025-04-06 15:58:42,471 - src.training.trainer - INFO - 監控指標改善，模型已保存至 outputs\hybrid_20250406_155837\models\best_model.pt
2025-04-06 15:58:44,740 - src.training.trainer - WARNING - 合併輸出 dynamic_weights 時出錯: all the input array dimensions except for the concatenation axis must match exactly, but along dimension 1, the array at index 0 has size 8 and the array at index 1 has size 4
2025-04-06 15:58:44,742 - src.training.trainer - INFO - min模式下監控指標改善, 從 16.592286 改善到 7.762540
2025-04-06 15:58:44,748 - src.training.trainer - INFO - 監控指標改善，模型已保存至 outputs\hybrid_20250406_155837\models\best_model.pt
2025-04-06 15:58:47,137 - src.training.trainer - WARNING - 合併輸出 dynamic_weights 時出錯: all the input array dimensions except for the concatenation axis must match exactly, but along dimension 1, the array at index 0 has size 8 and the array at index 1 has size 4
2025-04-06 15:58:47,139 - src.training.trainer - INFO - min模式下監控指標改善, 從 7.762540 改善到 5.865214
2025-04-06 15:58:47,145 - src.training.trainer - INFO - 監控指標改善，模型已保存至 outputs\hybrid_20250406_155837\models\best_model.pt
2025-04-06 15:58:49,239 - src.training.trainer - WARNING - 合併輸出 dynamic_weights 時出錯: all the input array dimensions except for the concatenation axis must match exactly, but along dimension 1, the array at index 0 has size 8 and the array at index 1 has size 4
2025-04-06 15:58:49,241 - src.training.trainer - INFO - min模式下監控指標改善, 從 5.865214 改善到 5.489824
2025-04-06 15:58:49,246 - src.training.trainer - INFO - 監控指標改善，模型已保存至 outputs\hybrid_20250406_155837\models\best_model.pt
2025-04-06 15:58:51,322 - src.training.trainer - WARNING - 合併輸出 dynamic_weights 時出錯: all the input array dimensions except for the concatenation axis must match exactly, but along dimension 1, the array at index 0 has size 8 and the array at index 1 has size 4
2025-04-06 15:58:51,323 - src.training.trainer - INFO - 監控指標未改善，已連續 1 輪。最佳值: 5.489824, 當前值: 6.375318
2025-04-06 15:58:53,487 - src.training.trainer - WARNING - 合併輸出 dynamic_weights 時出錯: all the input array dimensions except for the concatenation axis must match exactly, but along dimension 1, the array at index 0 has size 8 and the array at index 1 has size 4
2025-04-06 15:58:53,510 - src.training.callbacks - INFO - 模型檢查點已保存至 outputs\hybrid_20250406_155837\HybridPINNLSTMModel_20250406_155839\checkpoints\HybridPINNLSTMModel_epoch_006.pt
2025-04-06 15:58:53,512 - src.training.trainer - INFO - 監控指標未改善，已連續 2 輪。最佳值: 5.489824, 當前值: 5.909224
2025-04-06 15:58:55,452 - src.training.trainer - WARNING - 合併輸出 dynamic_weights 時出錯: all the input array dimensions except for the concatenation axis must match exactly, but along dimension 1, the array at index 0 has size 8 and the array at index 1 has size 4
2025-04-06 15:58:55,454 - src.training.trainer - INFO - 監控指標未改善，已連續 3 輪。最佳值: 5.489824, 當前值: 5.821774
2025-04-06 15:58:57,502 - src.training.trainer - WARNING - 合併輸出 dynamic_weights 時出錯: all the input array dimensions except for the concatenation axis must match exactly, but along dimension 1, the array at index 0 has size 8 and the array at index 1 has size 4
2025-04-06 15:58:57,504 - src.training.trainer - INFO - min模式下監控指標改善, 從 5.489824 改善到 5.410473
2025-04-06 15:58:57,513 - src.training.trainer - INFO - 監控指標改善，模型已保存至 outputs\hybrid_20250406_155837\models\best_model.pt
2025-04-06 15:58:59,545 - src.training.trainer - WARNING - 合併輸出 dynamic_weights 時出錯: all the input array dimensions except for the concatenation axis must match exactly, but along dimension 1, the array at index 0 has size 8 and the array at index 1 has size 4
2025-04-06 15:58:59,547 - src.training.trainer - INFO - 監控指標未改善，已連續 1 輪。最佳值: 5.410473, 當前值: 5.498435
2025-04-06 15:59:01,481 - src.training.trainer - WARNING - 合併輸出 dynamic_weights 時出錯: all the input array dimensions except for the concatenation axis must match exactly, but along dimension 1, the array at index 0 has size 8 and the array at index 1 has size 4
2025-04-06 15:59:01,483 - src.training.trainer - INFO - min模式下監控指標改善, 從 5.410473 改善到 5.389523
2025-04-06 15:59:01,492 - src.training.trainer - INFO - 監控指標改善，模型已保存至 outputs\hybrid_20250406_155837\models\best_model.pt
2025-04-06 15:59:03,459 - src.training.trainer - WARNING - 合併輸出 dynamic_weights 時出錯: all the input array dimensions except for the concatenation axis must match exactly, but along dimension 1, the array at index 0 has size 8 and the array at index 1 has size 4
2025-04-06 15:59:03,460 - src.training.trainer - INFO - 輪次 11/200 - 訓練損失: 1.238135 - 驗證損失: 5.096258 - rmse: 1316.550797 - r2: -2.139212 - mae: 1075.102661 - 學習率: 0.000976 - 時間: 1.97秒
2025-04-06 15:59:03,568 - src.training.callbacks - INFO - 模型檢查點已保存至 outputs\hybrid_20250406_155837\HybridPINNLSTMModel_20250406_155839\checkpoints\HybridPINNLSTMModel_epoch_011.pt
2025-04-06 15:59:03,570 - src.training.trainer - INFO - min模式下監控指標改善, 從 5.389523 改善到 5.096258
2025-04-06 15:59:03,575 - src.training.trainer - INFO - 監控指標改善，模型已保存至 outputs\hybrid_20250406_155837\models\best_model.pt
2025-04-06 15:59:05,607 - src.training.trainer - WARNING - 合併輸出 dynamic_weights 時出錯: all the input array dimensions except for the concatenation axis must match exactly, but along dimension 1, the array at index 0 has size 8 and the array at index 1 has size 4
2025-04-06 15:59:05,610 - src.training.trainer - INFO - min模式下監控指標改善, 從 5.096258 改善到 4.970343
2025-04-06 15:59:05,619 - src.training.trainer - INFO - 監控指標改善，模型已保存至 outputs\hybrid_20250406_155837\models\best_model.pt
2025-04-06 15:59:07,752 - src.training.trainer - WARNING - 合併輸出 dynamic_weights 時出錯: all the input array dimensions except for the concatenation axis must match exactly, but along dimension 1, the array at index 0 has size 8 and the array at index 1 has size 4
2025-04-06 15:59:07,755 - src.training.trainer - INFO - min模式下監控指標改善, 從 4.970343 改善到 4.655707
2025-04-06 15:59:07,764 - src.training.trainer - INFO - 監控指標改善，模型已保存至 outputs\hybrid_20250406_155837\models\best_model.pt
2025-04-06 15:59:09,870 - src.training.trainer - WARNING - 合併輸出 dynamic_weights 時出錯: all the input array dimensions except for the concatenation axis must match exactly, but along dimension 1, the array at index 0 has size 8 and the array at index 1 has size 4
2025-04-06 15:59:09,872 - src.training.trainer - INFO - 監控指標未改善，已連續 1 輪。最佳值: 4.655707, 當前值: 5.483603
2025-04-06 15:59:11,963 - src.training.trainer - WARNING - 合併輸出 dynamic_weights 時出錯: all the input array dimensions except for the concatenation axis must match exactly, but along dimension 1, the array at index 0 has size 8 and the array at index 1 has size 4
2025-04-06 15:59:11,965 - src.training.trainer - INFO - 監控指標未改善，已連續 2 輪。最佳值: 4.655707, 當前值: 4.865242
2025-04-06 15:59:14,094 - src.training.trainer - WARNING - 合併輸出 dynamic_weights 時出錯: all the input array dimensions except for the concatenation axis must match exactly, but along dimension 1, the array at index 0 has size 8 and the array at index 1 has size 4
2025-04-06 15:59:14,115 - src.training.callbacks - INFO - 模型檢查點已保存至 outputs\hybrid_20250406_155837\HybridPINNLSTMModel_20250406_155839\checkpoints\HybridPINNLSTMModel_epoch_016.pt
2025-04-06 15:59:14,117 - src.training.trainer - INFO - 監控指標未改善，已連續 3 輪。最佳值: 4.655707, 當前值: 5.761179
2025-04-06 15:59:16,094 - src.training.trainer - WARNING - 合併輸出 dynamic_weights 時出錯: all the input array dimensions except for the concatenation axis must match exactly, but along dimension 1, the array at index 0 has size 8 and the array at index 1 has size 4
2025-04-06 15:59:16,098 - src.training.trainer - INFO - min模式下監控指標改善, 從 4.655707 改善到 4.516993
2025-04-06 15:59:16,106 - src.training.trainer - INFO - 監控指標改善，模型已保存至 outputs\hybrid_20250406_155837\models\best_model.pt
2025-04-06 15:59:18,285 - src.training.trainer - WARNING - 合併輸出 dynamic_weights 時出錯: all the input array dimensions except for the concatenation axis must match exactly, but along dimension 1, the array at index 0 has size 8 and the array at index 1 has size 4
2025-04-06 15:59:18,288 - src.training.trainer - INFO - min模式下監控指標改善, 從 4.516993 改善到 4.274699
2025-04-06 15:59:18,296 - src.training.trainer - INFO - 監控指標改善，模型已保存至 outputs\hybrid_20250406_155837\models\best_model.pt
2025-04-06 15:59:21,488 - src.training.trainer - WARNING - 合併輸出 dynamic_weights 時出錯: all the input array dimensions except for the concatenation axis must match exactly, but along dimension 1, the array at index 0 has size 8 and the array at index 1 has size 4
2025-04-06 15:59:21,490 - src.training.trainer - INFO - 監控指標未改善，已連續 1 輪。最佳值: 4.274699, 當前值: 4.906020
2025-04-06 15:59:23,468 - src.training.trainer - WARNING - 合併輸出 dynamic_weights 時出錯: all the input array dimensions except for the concatenation axis must match exactly, but along dimension 1, the array at index 0 has size 8 and the array at index 1 has size 4
2025-04-06 15:59:23,470 - src.training.trainer - INFO - 監控指標未改善，已連續 2 輪。最佳值: 4.274699, 當前值: 5.302305
2025-04-06 15:59:25,526 - src.training.trainer - WARNING - 合併輸出 dynamic_weights 時出錯: all the input array dimensions except for the concatenation axis must match exactly, but along dimension 1, the array at index 0 has size 8 and the array at index 1 has size 4
2025-04-06 15:59:25,527 - src.training.trainer - INFO - 輪次 21/200 - 訓練損失: 1.050635 - 驗證損失: 5.274674 - rmse: 1324.436484 - r2: -2.176930 - mae: 1086.845337 - 學習率: 0.000905 - 時間: 2.06秒
2025-04-06 15:59:25,547 - src.training.callbacks - INFO - 模型檢查點已保存至 outputs\hybrid_20250406_155837\HybridPINNLSTMModel_20250406_155839\checkpoints\HybridPINNLSTMModel_epoch_021.pt
2025-04-06 15:59:25,549 - src.training.trainer - INFO - 監控指標未改善，已連續 3 輪。最佳值: 4.274699, 當前值: 5.274674
2025-04-06 15:59:27,435 - src.training.trainer - WARNING - 合併輸出 dynamic_weights 時出錯: all the input array dimensions except for the concatenation axis must match exactly, but along dimension 1, the array at index 0 has size 8 and the array at index 1 has size 4
2025-04-06 15:59:27,437 - src.training.trainer - INFO - 監控指標未改善，已連續 4 輪。最佳值: 4.274699, 當前值: 5.114242
2025-04-06 15:59:29,393 - src.training.trainer - WARNING - 合併輸出 dynamic_weights 時出錯: all the input array dimensions except for the concatenation axis must match exactly, but along dimension 1, the array at index 0 has size 8 and the array at index 1 has size 4
2025-04-06 15:59:29,396 - src.training.trainer - INFO - 監控指標未改善，已連續 5 輪。最佳值: 4.274699, 當前值: 5.016150
2025-04-06 15:59:31,456 - src.training.trainer - WARNING - 合併輸出 dynamic_weights 時出錯: all the input array dimensions except for the concatenation axis must match exactly, but along dimension 1, the array at index 0 has size 8 and the array at index 1 has size 4
2025-04-06 15:59:31,459 - src.training.trainer - INFO - 監控指標未改善，已連續 6 輪。最佳值: 4.274699, 當前值: 5.435120
2025-04-06 15:59:33,261 - src.training.trainer - WARNING - 合併輸出 dynamic_weights 時出錯: all the input array dimensions except for the concatenation axis must match exactly, but along dimension 1, the array at index 0 has size 8 and the array at index 1 has size 4
2025-04-06 15:59:33,263 - src.training.trainer - INFO - 監控指標未改善，已連續 7 輪。最佳值: 4.274699, 當前值: 5.285506
2025-04-06 15:59:35,138 - src.training.trainer - WARNING - 合併輸出 dynamic_weights 時出錯: all the input array dimensions except for the concatenation axis must match exactly, but along dimension 1, the array at index 0 has size 8 and the array at index 1 has size 4
2025-04-06 15:59:35,160 - src.training.callbacks - INFO - 模型檢查點已保存至 outputs\hybrid_20250406_155837\HybridPINNLSTMModel_20250406_155839\checkpoints\HybridPINNLSTMModel_epoch_026.pt
2025-04-06 15:59:35,162 - src.training.trainer - INFO - 監控指標未改善，已連續 8 輪。最佳值: 4.274699, 當前值: 4.851837
2025-04-06 15:59:37,100 - src.training.trainer - WARNING - 合併輸出 dynamic_weights 時出錯: all the input array dimensions except for the concatenation axis must match exactly, but along dimension 1, the array at index 0 has size 8 and the array at index 1 has size 4
2025-04-06 15:59:37,103 - src.training.trainer - INFO - 監控指標未改善，已連續 9 輪。最佳值: 4.274699, 當前值: 5.097502
2025-04-06 15:59:38,915 - src.training.trainer - WARNING - 合併輸出 dynamic_weights 時出錯: all the input array dimensions except for the concatenation axis must match exactly, but along dimension 1, the array at index 0 has size 8 and the array at index 1 has size 4
2025-04-06 15:59:38,918 - src.training.trainer - INFO - 監控指標未改善，已連續 10 輪。最佳值: 4.274699, 當前值: 4.345417
2025-04-06 15:59:40,993 - src.training.trainer - WARNING - 合併輸出 dynamic_weights 時出錯: all the input array dimensions except for the concatenation axis must match exactly, but along dimension 1, the array at index 0 has size 8 and the array at index 1 has size 4
2025-04-06 15:59:40,995 - src.training.trainer - INFO - 監控指標未改善，已連續 11 輪。最佳值: 4.274699, 當前值: 5.144458
2025-04-06 15:59:42,989 - src.training.trainer - WARNING - 合併輸出 dynamic_weights 時出錯: all the input array dimensions except for the concatenation axis must match exactly, but along dimension 1, the array at index 0 has size 8 and the array at index 1 has size 4
2025-04-06 15:59:42,992 - src.training.trainer - INFO - 監控指標未改善，已連續 12 輪。最佳值: 4.274699, 當前值: 4.473064
2025-04-06 15:59:45,118 - src.training.trainer - WARNING - 合併輸出 dynamic_weights 時出錯: all the input array dimensions except for the concatenation axis must match exactly, but along dimension 1, the array at index 0 has size 8 and the array at index 1 has size 4
2025-04-06 15:59:45,118 - src.training.trainer - INFO - 輪次 31/200 - 訓練損失: 0.908627 - 驗證損失: 3.221558 - rmse: 1266.182994 - r2: -1.903610 - mae: 1015.521057 - 學習率: 0.000796 - 時間: 2.12秒
2025-04-06 15:59:45,141 - src.training.callbacks - INFO - 模型檢查點已保存至 outputs\hybrid_20250406_155837\HybridPINNLSTMModel_20250406_155839\checkpoints\HybridPINNLSTMModel_epoch_031.pt
2025-04-06 15:59:45,144 - src.training.trainer - INFO - min模式下監控指標改善, 從 4.274699 改善到 3.221558
2025-04-06 15:59:45,151 - src.training.trainer - INFO - 監控指標改善，模型已保存至 outputs\hybrid_20250406_155837\models\best_model.pt
2025-04-06 15:59:47,273 - src.training.trainer - WARNING - 合併輸出 dynamic_weights 時出錯: all the input array dimensions except for the concatenation axis must match exactly, but along dimension 1, the array at index 0 has size 8 and the array at index 1 has size 4
2025-04-06 15:59:47,277 - src.training.trainer - INFO - 監控指標未改善，已連續 1 輪。最佳值: 3.221558, 當前值: 5.038250
2025-04-06 15:59:49,353 - src.training.trainer - WARNING - 合併輸出 dynamic_weights 時出錯: all the input array dimensions except for the concatenation axis must match exactly, but along dimension 1, the array at index 0 has size 8 and the array at index 1 has size 4
2025-04-06 15:59:49,356 - src.training.trainer - INFO - 監控指標未改善，已連續 2 輪。最佳值: 3.221558, 當前值: 5.011063
2025-04-06 15:59:51,846 - src.training.trainer - WARNING - 合併輸出 dynamic_weights 時出錯: all the input array dimensions except for the concatenation axis must match exactly, but along dimension 1, the array at index 0 has size 8 and the array at index 1 has size 4
2025-04-06 15:59:51,848 - src.training.trainer - INFO - 監控指標未改善，已連續 3 輪。最佳值: 3.221558, 當前值: 5.282975
2025-04-06 15:59:53,877 - src.training.trainer - WARNING - 合併輸出 dynamic_weights 時出錯: all the input array dimensions except for the concatenation axis must match exactly, but along dimension 1, the array at index 0 has size 8 and the array at index 1 has size 4
2025-04-06 15:59:53,879 - src.training.trainer - INFO - 監控指標未改善，已連續 4 輪。最佳值: 3.221558, 當前值: 4.801215
2025-04-06 15:59:55,973 - src.training.trainer - WARNING - 合併輸出 dynamic_weights 時出錯: all the input array dimensions except for the concatenation axis must match exactly, but along dimension 1, the array at index 0 has size 8 and the array at index 1 has size 4
2025-04-06 15:59:55,989 - src.training.callbacks - INFO - 模型檢查點已保存至 outputs\hybrid_20250406_155837\HybridPINNLSTMModel_20250406_155839\checkpoints\HybridPINNLSTMModel_epoch_036.pt
2025-04-06 15:59:55,992 - src.training.trainer - INFO - 監控指標未改善，已連續 5 輪。最佳值: 3.221558, 當前值: 5.138075
2025-04-06 15:59:57,886 - src.training.trainer - WARNING - 合併輸出 dynamic_weights 時出錯: all the input array dimensions except for the concatenation axis must match exactly, but along dimension 1, the array at index 0 has size 8 and the array at index 1 has size 4
2025-04-06 15:59:57,888 - src.training.trainer - INFO - 監控指標未改善，已連續 6 輪。最佳值: 3.221558, 當前值: 4.771948
2025-04-06 15:59:59,772 - src.training.trainer - WARNING - 合併輸出 dynamic_weights 時出錯: all the input array dimensions except for the concatenation axis must match exactly, but along dimension 1, the array at index 0 has size 8 and the array at index 1 has size 4
2025-04-06 15:59:59,775 - src.training.trainer - INFO - 監控指標未改善，已連續 7 輪。最佳值: 3.221558, 當前值: 4.785763
2025-04-06 16:00:01,802 - src.training.trainer - WARNING - 合併輸出 dynamic_weights 時出錯: all the input array dimensions except for the concatenation axis must match exactly, but along dimension 1, the array at index 0 has size 8 and the array at index 1 has size 4
2025-04-06 16:00:01,804 - src.training.trainer - INFO - 監控指標未改善，已連續 8 輪。最佳值: 3.221558, 當前值: 4.735346
2025-04-06 16:00:03,626 - src.training.trainer - WARNING - 合併輸出 dynamic_weights 時出錯: all the input array dimensions except for the concatenation axis must match exactly, but along dimension 1, the array at index 0 has size 8 and the array at index 1 has size 4
2025-04-06 16:00:03,629 - src.training.trainer - INFO - 監控指標未改善，已連續 9 輪。最佳值: 3.221558, 當前值: 4.852163
2025-04-06 16:00:05,610 - src.training.trainer - WARNING - 合併輸出 dynamic_weights 時出錯: all the input array dimensions except for the concatenation axis must match exactly, but along dimension 1, the array at index 0 has size 8 and the array at index 1 has size 4
2025-04-06 16:00:05,610 - src.training.trainer - INFO - 輪次 41/200 - 訓練損失: 0.800921 - 驗證損失: 4.730528 - rmse: 1312.748453 - r2: -2.121105 - mae: 1064.218750 - 學習率: 0.000658 - 時間: 1.98秒
2025-04-06 16:00:05,629 - src.training.callbacks - INFO - 模型檢查點已保存至 outputs\hybrid_20250406_155837\HybridPINNLSTMModel_20250406_155839\checkpoints\HybridPINNLSTMModel_epoch_041.pt
2025-04-06 16:00:05,631 - src.training.trainer - INFO - 監控指標未改善，已連續 10 輪。最佳值: 3.221558, 當前值: 4.730528
2025-04-06 16:00:07,626 - src.training.trainer - WARNING - 合併輸出 dynamic_weights 時出錯: all the input array dimensions except for the concatenation axis must match exactly, but along dimension 1, the array at index 0 has size 8 and the array at index 1 has size 4
2025-04-06 16:00:07,629 - src.training.trainer - INFO - 監控指標未改善，已連續 11 輪。最佳值: 3.221558, 當前值: 4.573383
2025-04-06 16:00:09,574 - src.training.trainer - WARNING - 合併輸出 dynamic_weights 時出錯: all the input array dimensions except for the concatenation axis must match exactly, but along dimension 1, the array at index 0 has size 8 and the array at index 1 has size 4
2025-04-06 16:00:09,576 - src.training.trainer - INFO - 監控指標未改善，已連續 12 輪。最佳值: 3.221558, 當前值: 4.859475
2025-04-06 16:00:11,433 - src.training.trainer - WARNING - 合併輸出 dynamic_weights 時出錯: all the input array dimensions except for the concatenation axis must match exactly, but along dimension 1, the array at index 0 has size 8 and the array at index 1 has size 4
2025-04-06 16:00:11,435 - src.training.trainer - INFO - 監控指標未改善，已連續 13 輪。最佳值: 3.221558, 當前值: 4.560799
2025-04-06 16:00:13,463 - src.training.trainer - WARNING - 合併輸出 dynamic_weights 時出錯: all the input array dimensions except for the concatenation axis must match exactly, but along dimension 1, the array at index 0 has size 8 and the array at index 1 has size 4
2025-04-06 16:00:13,466 - src.training.trainer - INFO - 監控指標未改善，已連續 14 輪。最佳值: 3.221558, 當前值: 4.520133
2025-04-06 16:00:15,363 - src.training.trainer - WARNING - 合併輸出 dynamic_weights 時出錯: all the input array dimensions except for the concatenation axis must match exactly, but along dimension 1, the array at index 0 has size 8 and the array at index 1 has size 4
2025-04-06 16:00:15,378 - src.training.callbacks - INFO - 模型檢查點已保存至 outputs\hybrid_20250406_155837\HybridPINNLSTMModel_20250406_155839\checkpoints\HybridPINNLSTMModel_epoch_046.pt
2025-04-06 16:00:15,381 - src.training.trainer - INFO - 監控指標未改善，已連續 15 輪。最佳值: 3.221558, 當前值: 4.629408
2025-04-06 16:00:17,356 - src.training.trainer - WARNING - 合併輸出 dynamic_weights 時出錯: all the input array dimensions except for the concatenation axis must match exactly, but along dimension 1, the array at index 0 has size 8 and the array at index 1 has size 4
2025-04-06 16:00:17,358 - src.training.trainer - INFO - 監控指標未改善，已連續 16 輪。最佳值: 3.221558, 當前值: 4.782540
2025-04-06 16:00:19,364 - src.training.trainer - WARNING - 合併輸出 dynamic_weights 時出錯: all the input array dimensions except for the concatenation axis must match exactly, but along dimension 1, the array at index 0 has size 8 and the array at index 1 has size 4
2025-04-06 16:00:19,367 - src.training.trainer - INFO - 監控指標未改善，已連續 17 輪。最佳值: 3.221558, 當前值: 4.859529
2025-04-06 16:00:21,259 - src.training.trainer - WARNING - 合併輸出 dynamic_weights 時出錯: all the input array dimensions except for the concatenation axis must match exactly, but along dimension 1, the array at index 0 has size 8 and the array at index 1 has size 4
2025-04-06 16:00:21,261 - src.training.trainer - INFO - 監控指標未改善，已連續 18 輪。最佳值: 3.221558, 當前值: 4.165054
2025-04-06 16:00:23,221 - src.training.trainer - WARNING - 合併輸出 dynamic_weights 時出錯: all the input array dimensions except for the concatenation axis must match exactly, but along dimension 1, the array at index 0 has size 8 and the array at index 1 has size 4
2025-04-06 16:00:23,223 - src.training.trainer - INFO - 監控指標未改善，已連續 19 輪。最佳值: 3.221558, 當前值: 3.934063
2025-04-06 16:00:25,115 - src.training.trainer - WARNING - 合併輸出 dynamic_weights 時出錯: all the input array dimensions except for the concatenation axis must match exactly, but along dimension 1, the array at index 0 has size 8 and the array at index 1 has size 4
2025-04-06 16:00:25,115 - src.training.trainer - INFO - 輪次 51/200 - 訓練損失: 0.728372 - 驗證損失: 4.921775 - rmse: 1317.000759 - r2: -2.141358 - mae: 1072.415649 - 學習率: 0.000505 - 時間: 1.89秒
2025-04-06 16:00:25,136 - src.training.callbacks - INFO - 模型檢查點已保存至 outputs\hybrid_20250406_155837\HybridPINNLSTMModel_20250406_155839\checkpoints\HybridPINNLSTMModel_epoch_051.pt
2025-04-06 16:00:25,139 - src.training.trainer - INFO - 監控指標未改善，已連續 20 輪。最佳值: 3.221558, 當前值: 4.921775
2025-04-06 16:00:25,139 - src.training.trainer - INFO - 早停觸發！20 輪未改善
2025-04-06 16:00:25,139 - src.training.trainer - INFO - 早停觸發，在輪次 51 停止訓練
2025-04-06 16:00:25,140 - src.training.trainer - INFO - 訓練完成，總時間: 105.14秒
2025-04-06 16:00:25,150 - __main__ - INFO - 訓練完成，最終模型已保存至: outputs\hybrid_20250406_155837\models\final_model.pt
2025-04-06 16:00:25,158 - __main__ - WARNING - 合併輸出 l2_penalty 時出錯: zero-dimensional arrays cannot be concatenated
2025-04-06 16:00:25,173 - __main__ - INFO - 評估指標已保存至: outputs\hybrid_20250406_155837\evaluation\metrics.csv
2025-04-06 16:00:25,173 - __main__ - INFO - 生成視覺化結果...
2025-04-06 16:00:25,873 - src.utils.visualization - INFO - 圖像已保存至: outputs\hybrid_20250406_155837\evaluation\visualizations\pred_vs_true.png
2025-04-06 16:00:26,303 - src.utils.visualization - INFO - 圖像已保存至: outputs\hybrid_20250406_155837\evaluation\visualizations\pred_vs_true.png
2025-04-06 16:00:27,658 - src.utils.visualization - INFO - 圖像已保存至: outputs\hybrid_20250406_155837\evaluation\visualizations\error_analysis.png
2025-04-06 16:00:28,712 - src.utils.visualization - INFO - 圖像已保存至: outputs\hybrid_20250406_155837\evaluation\visualizations\physics_validation.png
2025-04-06 16:00:29,539 - src.utils.visualization - INFO - 圖像已保存至: outputs\hybrid_20250406_155837\evaluation\visualizations\attention_weights.png
2025-04-06 16:00:29,929 - src.utils.visualization - INFO - 已生成 6 個視覺化圖表於 outputs\hybrid_20250406_155837\evaluation\visualizations
2025-04-06 16:00:29,930 - __main__ - INFO - 評估完成，結果已保存至: outputs\hybrid_20250406_155837\evaluation
2025-04-06 16:00:29,930 - __main__ - INFO - 任務完成
